Client is ready
Specification MD_traj_spec was added into OptimizationDataset(name=`MD_traj_ds`, id='44', client='https://c4-80:7777/') 
Calculations in 'MD_traj_ds' with 'MD_traj_spec' specification have been submitted. Run the QCFractal manager to carry the calculations.
Dataset Status
           MD_traj_spec
MD_traj_0      COMPLETE
MD_traj_10     COMPLETE
MD_traj_20     COMPLETE
MD_traj_21     COMPLETE
MD_traj_1      COMPLETE
MD_traj_2      COMPLETE
MD_traj_3      COMPLETE
MD_traj_4      COMPLETE
MD_traj_5      COMPLETE
MD_traj_6      COMPLETE
MD_traj_7      COMPLETE
MD_traj_8      COMPLETE
MD_traj_9      COMPLETE
MD_traj_11     COMPLETE
MD_traj_12     COMPLETE
MD_traj_13     COMPLETE
MD_traj_14     COMPLETE
MD_traj_15     COMPLETE
MD_traj_16     COMPLETE
MD_traj_17     COMPLETE
MD_traj_18     COMPLETE
MD_traj_19     COMPLETE
Optimization step is completed.
