Cnvgd (fev= 2) : LSq: 0.0000 (+0.0000) Distance: 0.0000 (+0.0000) Angle: 0.0000 (+0.0000) Dihedral: 0.0000 (+0.0000) 
Working on frame 0 / 274 
Cnvgd (fev= 7) : LSq: 0.0006 (-0.0681) Distance: 0.0006 (-0.0642) Angle: 0.0000 (-0.0012) Dihedral: 0.0000 (-0.0027) Anchor: 0.0000 (+0.0000) Morse: 0.0000 (+0.0000) 
max(dx) 0.003590 (new) 0.006941 (old) 0.517190[0m (ratio)
Cnvgd (fev= 7) : LSq: 0.0025 (-0.2718) Distance: 0.0022 (-0.2545) Angle: 0.0001 (-0.0133) Dihedral: 0.0002 (-0.0040) Anchor: 0.0000 (+0.0000) Morse: 0.0000 (+0.0000) 
max(dx) 0.003652 (new) 0.005536 (old) 0.659596[0m (ratio)
Cnvgd (fev=16) : LSq: 0.0054 (-0.4405) Distance: 0.0048 (-0.4014) Angle: 0.0001 (-0.0293) Dihedral: 0.0005 (-0.0099) Anchor: 0.0000 (+0.0000) Morse: 0.0000 (+0.0000) 
max(dx) 0.003581 (new) 0.005193 (old) 0.689693[0m (ratio)
Cnvgd (fev=17) : LSq: 0.0092 (-0.6968) Distance: 0.0081 (-0.6268) Angle: 0.0002 (-0.0397) Dihedral: 0.0009 (-0.0302) Anchor: 0.0000 (+0.0000) Morse: 0.0000 (+0.0000) 
max(dx) 0.003560 (new) 0.007775 (old) 0.457925[0m (ratio)
Cnvgd (fev=18) : LSq: 0.0139 (-0.9591) Distance: 0.0121 (-0.8251) Angle: 0.0003 (-0.0724) Dihedral: 0.0015 (-0.0616) Anchor: 0.0000 (+0.0000) Morse: 0.0000 (+0.0000) 
max(dx) 0.003582 (new) 0.007810 (old) 0.458566[0m (ratio)
Cnvgd (fev=20) : LSq: 0.0209 (-1.0369) Distance: 0.0181 (-0.8569) Angle: 0.0004 (-0.0813) Dihedral: 0.0025 (-0.0986) Anchor: 0.0000 (+0.0000) Morse: 0.0000 (+0.0000) 
max(dx) 0.003639 (new) 0.007094 (old) 0.513004[0m (ratio)
Cnvgd (fev=17) : LSq: 0.0260 (-1.5327) Distance: 0.0222 (-1.2924) Angle: 0.0004 (-0.1055) Dihedral: 0.0034 (-0.1348) Anchor: 0.0000 (+0.0000) Morse: 0.0000 (+0.0000) 
max(dx) 0.003474 (new) 0.007619 (old) 0.456024[0m (ratio)
Cnvgd (fev=17) : LSq: 0.0322 (-1.9138) Distance: 0.0271 (-1.5478) Angle: 0.0005 (-0.2408) Dihedral: 0.0047 (-0.1251) Anchor: 0.0000 (+0.0000) Morse: 0.0000 (+0.0000) 
max(dx) 0.003501 (new) 0.004118 (old) 0.850292[0m (ratio)
Cnvgd (fev=18) : LSq: 0.0376 (-2.3751) Distance: 0.0311 (-1.9830) Angle: 0.0006 (-0.2322) Dihedral: 0.0060 (-0.1599) Anchor: 0.0000 (+0.0000) Morse: 0.0000 (+0.0000) 
max(dx) 0.003430 (new) 0.008524 (old) 0.402346[0m (ratio)
Cnvgd (fev=17) : LSq: 0.0438 (-2.8793) Distance: 0.0357 (-2.4951) Angle: 0.0006 (-0.1796) Dihedral: 0.0075 (-0.2046) Anchor: 0.0000 (+0.0000) Morse: 0.0000 (+0.0000) 
Working on frame 10 / 274 
max(dx) 0.003454 (new) 0.008401 (old) 0.411197[0m (ratio)
Cnvgd (fev=16) : LSq: 0.0506 (-3.4216) Distance: 0.0407 (-3.0162) Angle: 0.0006 (-0.1368) Dihedral: 0.0092 (-0.2686) Anchor: 0.0000 (+0.0000) Morse: 0.0000 (+0.0000) 
max(dx) 0.003492 (new) 0.008634 (old) 0.404526[0m (ratio)
Cnvgd (fev=16) : LSq: 0.0582 (-4.0311) Distance: 0.0463 (-3.4499) Angle: 0.0007 (-0.2118) Dihedral: 0.0112 (-0.3694) Anchor: 0.0000 (+0.0000) Morse: 0.0000 (+0.0000) 
max(dx) 0.003521 (new) 0.009002 (old) 0.391177[0m (ratio)
Cnvgd (fev=19) : LSq: 0.0651 (-4.6717) Distance: 0.0513 (-3.8244) Angle: 0.0007 (-0.3399) Dihedral: 0.0131 (-0.5075) Anchor: 0.0000 (+0.0000) Morse: 0.0000 (+0.0000) 
max(dx) 0.003455 (new) 0.009092 (old) 0.380009[0m (ratio)
Cnvgd (fev=17) : LSq: 0.0714 (-5.3792) Distance: 0.0557 (-4.3168) Angle: 0.0007 (-0.3749) Dihedral: 0.0150 (-0.6874) Anchor: 0.0000 (+0.0000) Morse: 0.0000 (+0.0000) 
max(dx) 0.003398 (new) 0.009044 (old) 0.375676[0m (ratio)
Cnvgd (fev=18) : LSq: 0.0791 (-5.9435) Distance: 0.0613 (-4.7350) Angle: 0.0007 (-0.2192) Dihedral: 0.0171 (-0.9893) Anchor: 0.0000 (+0.0000) Morse: 0.0000 (+0.0000) 
max(dx) 0.003432 (new) 0.008140 (old) 0.421606[0m (ratio)
Cnvgd (fev=20) : LSq: 0.0935 (-5.9194) Distance: 0.0732 (-4.4832) Angle: 0.0008 (-0.2600) Dihedral: 0.0196 (-1.1762) Anchor: 0.0000 (+0.0000) Morse: 0.0000 (+0.0000) 
max(dx) 0.003548 (new) 0.008947 (old) 0.396612[0m (ratio)
Cnvgd (fev=20) : LSq: 0.1149 (-6.0711) Distance: 0.0918 (-4.5269) Angle: 0.0009 (-0.3475) Dihedral: 0.0222 (-1.1967) Anchor: 0.0000 (+0.0000) Morse: 0.0000 (+0.0000) 
max(dx) 0.003554 (new) 0.004122 (old) 0.862228[0m (ratio)
Cnvgd (fev=20) : LSq: 0.1316 (-5.9615) Distance: 0.1062 (-4.5508) Angle: 0.0009 (-0.2980) Dihedral: 0.0245 (-1.1127) Anchor: 0.0000 (+0.0000) Morse: 0.0000 (+0.0000) 
max(dx) 0.003423 (new) 0.003490 (old) 0.980792[0m (ratio)
Cnvgd (fev=22) : LSq: 0.1367 (-6.2312) Distance: 0.1095 (-4.5320) Angle: 0.0009 (-0.4688) Dihedral: 0.0263 (-1.2304) Anchor: 0.0000 (+0.0000) Morse: 0.0000 (+0.0000) 
max(dx) 0.003248 (new) 0.007323 (old) 0.443611[0m (ratio)
Cnvgd (fev=21) : LSq: 0.1542 (-6.1958) Distance: 0.1247 (-4.2568) Angle: 0.0010 (-0.7063) Dihedral: 0.0285 (-1.2326) Anchor: 0.0000 (+0.0000) Morse: 0.0000 (+0.0000) 
Working on frame 20 / 274 
max(dx) 0.003339 (new) 0.007948 (old) 0.420037[0m (ratio)
Cnvgd (fev=22) : LSq: 0.1744 (-6.2451) Distance: 0.1426 (-4.0105) Angle: 0.0011 (-1.0023) Dihedral: 0.0307 (-1.2323) Anchor: 0.0000 (+0.0000) Morse: 0.0000 (+0.0000) 
max(dx) 0.003315 (new) 0.007964 (old) 0.416268[0m (ratio)
Cnvgd (fev=21) : LSq: 0.1972 (-6.3209) Distance: 0.1631 (-3.7593) Angle: 0.0012 (-1.3380) Dihedral: 0.0329 (-1.2236) Anchor: 0.0000 (+0.0000) Morse: 0.0000 (+0.0000) 
max(dx) 0.003289 (new) 0.007768 (old) 0.423433[0m (ratio)
Cnvgd (fev=22) : LSq: 0.2224 (-6.3280) Distance: 0.1859 (-3.4693) Angle: 0.0013 (-1.6620) Dihedral: 0.0351 (-1.1966) Anchor: 0.0000 (+0.0000) Morse: 0.0000 (+0.0000) 
max(dx) 0.003257 (new) 0.007108 (old) 0.458201[0m (ratio)
Cnvgd (fev=19) : LSq: 0.2506 (-6.3198) Distance: 0.2118 (-3.1789) Angle: 0.0015 (-1.9793) Dihedral: 0.0374 (-1.1615) Anchor: 0.0000 (+0.0000) Morse: 0.0000 (+0.0000) 
max(dx) 0.003228 (new) 0.006769 (old) 0.476889[0m (ratio)
Cnvgd (fev=21) : LSq: 0.2829 (-6.3617) Distance: 0.2416 (-2.9207) Angle: 0.0016 (-2.3132) Dihedral: 0.0397 (-1.1279) Anchor: 0.0000 (+0.0000) Morse: 0.0000 (+0.0000) 
max(dx) 0.003202 (new) 0.006770 (old) 0.472962[0m (ratio)
Cnvgd (fev=23) : LSq: 0.3145 (-6.4873) Distance: 0.2707 (-2.6929) Angle: 0.0018 (-2.7040) Dihedral: 0.0420 (-1.0903) Anchor: 0.0000 (+0.0000) Morse: 0.0000 (+0.0000) 
max(dx) 0.003156 (new) 0.007319 (old) 0.431162[0m (ratio)
Cnvgd (fev=24) : LSq: 0.3449 (-6.6963) Distance: 0.2987 (-2.4934) Angle: 0.0019 (-3.1514) Dihedral: 0.0442 (-1.0515) Anchor: 0.0000 (+0.0000) Morse: 0.0000 (+0.0000) 
max(dx) 0.003112 (new) 0.007773 (old) 0.400303[0m (ratio)
Cnvgd (fev=24) : LSq: 0.3773 (-6.9655) Distance: 0.3286 (-2.3229) Angle: 0.0021 (-3.6264) Dihedral: 0.0465 (-1.0162) Anchor: 0.0000 (+0.0000) Morse: 0.0000 (+0.0000) 
max(dx) 0.003081 (new) 0.007854 (old) 0.392348[0m (ratio)
Cnvgd (fev=23) : LSq: 0.4084 (-7.1502) Distance: 0.3573 (-2.1565) Angle: 0.0023 (-4.0183) Dihedral: 0.0488 (-0.9753) Anchor: 0.0000 (+0.0000) Morse: 0.0000 (+0.0000) 
max(dx) 0.003040 (new) 0.007821 (old) 0.388737[0m (ratio)
Cnvgd (fev=23) : LSq: 0.4230 (-6.8035) Distance: 0.3702 (-1.9235) Angle: 0.0023 (-3.9842) Dihedral: 0.0505 (-0.8958) Anchor: 0.0000 (+0.0000) Morse: 0.0000 (+0.0000) 
Working on frame 30 / 274 
max(dx) 0.002954 (new) 0.007681 (old) 0.384521[0m (ratio)
Cnvgd (fev=23) : LSq: 0.4374 (-6.4588) Distance: 0.3829 (-1.7295) Angle: 0.0023 (-3.9097) Dihedral: 0.0522 (-0.8196) Anchor: 0.0000 (+0.0000) Morse: 0.0000 (+0.0000) 
max(dx) 0.002919 (new) 0.007668 (old) 0.380712[0m (ratio)
Cnvgd (fev=23) : LSq: 0.4530 (-6.1534) Distance: 0.3967 (-1.5807) Angle: 0.0024 (-3.8228) Dihedral: 0.0539 (-0.7500) Anchor: 0.0000 (+0.0000) Morse: 0.0000 (+0.0000) 
max(dx) 0.002888 (new) 0.007669 (old) 0.376641[0m (ratio)
Cnvgd (fev=22) : LSq: 0.4483 (-5.7926) Distance: 0.3912 (-1.4097) Angle: 0.0023 (-3.6680) Dihedral: 0.0547 (-0.7149) Anchor: 0.0000 (+0.0000) Morse: 0.0000 (+0.0000) 
max(dx) 0.002796 (new) 0.007640 (old) 0.365981[0m (ratio)
Cnvgd (fev=22) : LSq: 0.4403 (-5.4690) Distance: 0.3828 (-1.2803) Angle: 0.0022 (-3.5015) Dihedral: 0.0553 (-0.6872) Anchor: 0.0000 (+0.0000) Morse: 0.0000 (+0.0000) 
max(dx) 0.002750 (new) 0.007619 (old) 0.360927[0m (ratio)
Cnvgd (fev=23) : LSq: 0.4330 (-5.2005) Distance: 0.3751 (-1.2046) Angle: 0.0022 (-3.3344) Dihedral: 0.0557 (-0.6615) Anchor: 0.0000 (+0.0000) Morse: 0.0000 (+0.0000) 
max(dx) 0.002714 (new) 0.007615 (old) 0.356387[0m (ratio)
Cnvgd (fev=24) : LSq: 0.4269 (-4.9895) Distance: 0.3686 (-1.1837) Angle: 0.0021 (-3.1687) Dihedral: 0.0562 (-0.6371) Anchor: 0.0000 (+0.0000) Morse: 0.0000 (+0.0000) 
max(dx) 0.002679 (new) 0.007616 (old) 0.351817[0m (ratio)
Cnvgd (fev=24) : LSq: 0.4211 (-4.8158) Distance: 0.3626 (-1.2143) Angle: 0.0020 (-2.9918) Dihedral: 0.0565 (-0.6097) Anchor: 0.0000 (+0.0000) Morse: 0.0000 (+0.0000) 
max(dx) 0.002642 (new) 0.007725 (old) 0.342032[0m (ratio)
Cnvgd (fev=24) : LSq: 0.4146 (-4.6568) Distance: 0.3559 (-1.2956) Angle: 0.0019 (-2.7880) Dihedral: 0.0567 (-0.5732) Anchor: 0.0000 (+0.0000) Morse: 0.0000 (+0.0000) 
max(dx) 0.002601 (new) 0.007979 (old) 0.326004[0m (ratio)
Cnvgd (fev=24) : LSq: 0.4075 (-4.5272) Distance: 0.3488 (-1.4349) Angle: 0.0019 (-2.5640) Dihedral: 0.0568 (-0.5283) Anchor: 0.0000 (+0.0000) Morse: 0.0000 (+0.0000) 
max(dx) 0.002560 (new) 0.008211 (old) 0.311798[0m (ratio)
Cnvgd (fev=24) : LSq: 0.4017 (-4.4750) Distance: 0.3431 (-1.6387) Angle: 0.0018 (-2.3503) Dihedral: 0.0569 (-0.4860) Anchor: 0.0000 (+0.0000) Morse: 0.0000 (+0.0000) 
Working on frame 40 / 274 
max(dx) 0.002524 (new) 0.008212 (old) 0.307417[0m (ratio)
Cnvgd (fev=24) : LSq: 0.3973 (-4.5004) Distance: 0.3386 (-1.9065) Angle: 0.0017 (-2.1473) Dihedral: 0.0569 (-0.4466) Anchor: 0.0000 (+0.0000) Morse: 0.0000 (+0.0000) 
max(dx) 0.002488 (new) 0.008212 (old) 0.302983[0m (ratio)
Cnvgd (fev=23) : LSq: 0.3942 (-4.6032) Distance: 0.3355 (-2.2377) Angle: 0.0017 (-1.9553) Dihedral: 0.0570 (-0.4102) Anchor: 0.0000 (+0.0000) Morse: 0.0000 (+0.0000) 
max(dx) 0.002451 (new) 0.008212 (old) 0.298501[0m (ratio)
Cnvgd (fev=24) : LSq: 0.3923 (-4.7838) Distance: 0.3335 (-2.6323) Angle: 0.0016 (-1.7742) Dihedral: 0.0571 (-0.3773) Anchor: 0.0000 (+0.0000) Morse: 0.0000 (+0.0000) 
max(dx) 0.002414 (new) 0.008213 (old) 0.293946[0m (ratio)
Cnvgd (fev=24) : LSq: 0.3911 (-5.0450) Distance: 0.3323 (-3.0915) Angle: 0.0016 (-1.6059) Dihedral: 0.0572 (-0.3476) Anchor: 0.0000 (+0.0000) Morse: 0.0000 (+0.0000) 
max(dx) 0.002375 (new) 0.008172 (old) 0.290600[0m (ratio)
Cnvgd (fev=21) : LSq: 0.3884 (-5.3980) Distance: 0.3297 (-3.6204) Angle: 0.0016 (-1.4583) Dihedral: 0.0571 (-0.3193) Anchor: 0.0000 (+0.0000) Morse: 0.0000 (+0.0000) 
max(dx) 0.002328 (new) 0.007894 (old) 0.294964[0m (ratio)
Cnvgd (fev=22) : LSq: 0.3729 (-5.8551) Distance: 0.3154 (-4.1039) Angle: 0.0015 (-1.4420) Dihedral: 0.0561 (-0.3093) Anchor: 0.0000 (+0.0000) Morse: 0.0000 (+0.0000) 
max(dx) 0.002255 (new) 0.005854 (old) 0.385224[0m (ratio)
Cnvgd (fev=22) : LSq: 0.3595 (-6.0722) Distance: 0.3030 (-4.1216) Angle: 0.0013 (-1.6304) Dihedral: 0.0552 (-0.3202) Anchor: 0.0000 (+0.0000) Morse: 0.0000 (+0.0000) 
max(dx) 0.002233 (new) 0.007755 (old) 0.287944[0m (ratio)
Cnvgd (fev=22) : LSq: 0.3466 (-6.4657) Distance: 0.2912 (-4.2986) Angle: 0.0013 (-1.8269) Dihedral: 0.0542 (-0.3401) Anchor: 0.0000 (+0.0000) Morse: 0.0000 (+0.0000) 
max(dx) 0.002206 (new) 0.007751 (old) 0.284640[0m (ratio)
Cnvgd (fev=21) : LSq: 0.3343 (-7.0341) Distance: 0.2800 (-4.6320) Angle: 0.0012 (-2.0318) Dihedral: 0.0532 (-0.3703) Anchor: 0.0000 (+0.0000) Morse: 0.0000 (+0.0000) 
max(dx) 0.002179 (new) 0.007747 (old) 0.281305[0m (ratio)
Cnvgd (fev=21) : LSq: 0.3534 (-6.5418) Distance: 0.2977 (-4.3723) Angle: 0.0012 (-1.8513) Dihedral: 0.0545 (-0.3182) Anchor: 0.0000 (+0.0000) Morse: 0.0000 (+0.0000) 
Working on frame 50 / 274 
max(dx) 0.002238 (new) 0.005879 (old) 0.380655[0m (ratio)
Cnvgd (fev=22) : LSq: 0.3800 (-6.0086) Distance: 0.3223 (-4.0881) Angle: 0.0014 (-1.6486) Dihedral: 0.0563 (-0.2719) Anchor: 0.0000 (+0.0000) Morse: 0.0000 (+0.0000) 
max(dx) 0.002221 (new) 0.008057 (old) 0.275729[0m (ratio)
Cnvgd (fev=22) : LSq: 0.4087 (-5.6609) Distance: 0.3488 (-3.9545) Angle: 0.0015 (-1.4619) Dihedral: 0.0585 (-0.2445) Anchor: 0.0000 (+0.0000) Morse: 0.0000 (+0.0000) 
max(dx) 0.002188 (new) 0.008060 (old) 0.271475[0m (ratio)
Cnvgd (fev=24) : LSq: 0.4396 (-5.5045) Distance: 0.3771 (-3.9759) Angle: 0.0016 (-1.2959) Dihedral: 0.0609 (-0.2328) Anchor: 0.0000 (+0.0000) Morse: 0.0000 (+0.0000) 
max(dx) 0.002154 (new) 0.008063 (old) 0.267204[0m (ratio)
Cnvgd (fev=22) : LSq: 0.4727 (-5.5481) Distance: 0.4072 (-4.1576) Angle: 0.0017 (-1.1569) Dihedral: 0.0637 (-0.2336) Anchor: 0.0000 (+0.0000) Morse: 0.0000 (+0.0000) 
max(dx) 0.002121 (new) 0.008066 (old) 0.262901[0m (ratio)
Cnvgd (fev=25) : LSq: 0.5096 (-5.7916) Distance: 0.4408 (-4.5049) Angle: 0.0019 (-1.0441) Dihedral: 0.0670 (-0.2426) Anchor: 0.0000 (+0.0000) Morse: 0.0000 (+0.0000) 
max(dx) 0.002088 (new) 0.007022 (old) 0.297346[0m (ratio)
Cnvgd (fev=25) : LSq: 0.5554 (-6.1803) Distance: 0.4820 (-4.9997) Angle: 0.0020 (-0.9292) Dihedral: 0.0714 (-0.2515) Anchor: 0.0000 (+0.0000) Morse: 0.0000 (+0.0000) 
max(dx) 0.002189 (new) 0.008594 (old) 0.254664[0m (ratio)
Cnvgd (fev=26) : LSq: 0.6014 (-6.6600) Distance: 0.5231 (-5.5329) Angle: 0.0022 (-0.8617) Dihedral: 0.0761 (-0.2654) Anchor: 0.0000 (+0.0000) Morse: 0.0000 (+0.0000) 
max(dx) 0.002106 (new) 0.007724 (old) 0.272678[0m (ratio)
Cnvgd (fev=24) : LSq: 0.6254 (-6.6006) Distance: 0.5443 (-5.3193) Angle: 0.0022 (-0.9833) Dihedral: 0.0788 (-0.2979) Anchor: 0.0000 (+0.0000) Morse: 0.0000 (+0.0000) 
max(dx) 0.001932 (new) 0.007763 (old) 0.248830[0m (ratio)
Cnvgd (fev=23) : LSq: 0.6462 (-6.6751) Distance: 0.5627 (-5.2134) Angle: 0.0023 (-1.1274) Dihedral: 0.0813 (-0.3343) Anchor: 0.0000 (+0.0000) Morse: 0.0000 (+0.0000) 
max(dx) 0.001899 (new) 0.007766 (old) 0.244509[0m (ratio)
Cnvgd (fev=26) : LSq: 0.6678 (-6.9429) Distance: 0.5816 (-5.2825) Angle: 0.0023 (-1.2823) Dihedral: 0.0840 (-0.3781) Anchor: 0.0000 (+0.0000) Morse: 0.0000 (+0.0000) 
Working on frame 60 / 274 
max(dx) 0.001899 (new) 0.007773 (old) 0.244324[0m (ratio)
Cnvgd (fev=24) : LSq: 0.6593 (-6.6354) Distance: 0.5740 (-5.0376) Angle: 0.0022 (-1.2515) Dihedral: 0.0831 (-0.3462) Anchor: 0.0000 (+0.0000) Morse: 0.0000 (+0.0000) 
max(dx) 0.001878 (new) 0.005053 (old) 0.371660[0m (ratio)
Cnvgd (fev=25) : LSq: 0.6473 (-6.2900) Distance: 0.5633 (-4.8079) Angle: 0.0021 (-1.1861) Dihedral: 0.0819 (-0.2961) Anchor: 0.0000 (+0.0000) Morse: 0.0000 (+0.0000) 
max(dx) 0.001835 (new) 0.008597 (old) 0.213400[0m (ratio)
Cnvgd (fev=21) : LSq: 0.6358 (-6.0933) Distance: 0.5531 (-4.7127) Angle: 0.0021 (-1.1272) Dihedral: 0.0807 (-0.2534) Anchor: 0.0000 (+0.0000) Morse: 0.0000 (+0.0000) 
max(dx) 0.001788 (new) 0.008594 (old) 0.207995[0m (ratio)
Cnvgd (fev=20) : LSq: 0.6246 (-6.0499) Distance: 0.5432 (-4.7534) Angle: 0.0020 (-1.0784) Dihedral: 0.0795 (-0.2181) Anchor: 0.0000 (+0.0000) Morse: 0.0000 (+0.0000) 
max(dx) 0.001767 (new) 0.008592 (old) 0.205637[0m (ratio)
Cnvgd (fev=22) : LSq: 0.6139 (-6.1656) Distance: 0.5336 (-4.9323) Angle: 0.0019 (-1.0432) Dihedral: 0.0783 (-0.1900) Anchor: 0.0000 (+0.0000) Morse: 0.0000 (+0.0000) 
max(dx) 0.001757 (new) 0.008589 (old) 0.204589[0m (ratio)
Cnvgd (fev=21) : LSq: 0.6035 (-6.4469) Distance: 0.5244 (-5.2521) Angle: 0.0018 (-1.0253) Dihedral: 0.0772 (-0.1695) Anchor: 0.0000 (+0.0000) Morse: 0.0000 (+0.0000) 
max(dx) 0.001747 (new) 0.008586 (old) 0.203425[0m (ratio)
Cnvgd (fev=23) : LSq: 0.5935 (-6.9007) Distance: 0.5155 (-5.7163) Angle: 0.0018 (-1.0275) Dihedral: 0.0762 (-0.1569) Anchor: 0.0000 (+0.0000) Morse: 0.0000 (+0.0000) 
max(dx) 0.001735 (new) 0.008584 (old) 0.202132[0m (ratio)
Cnvgd (fev=22) : LSq: 0.5838 (-7.5301) Distance: 0.5069 (-6.3253) Angle: 0.0017 (-1.0523) Dihedral: 0.0751 (-0.1525) Anchor: 0.0000 (+0.0000) Morse: 0.0000 (+0.0000) 
max(dx) 0.001723 (new) 0.008583 (old) 0.200689[0m (ratio)
Cnvgd (fev=23) : LSq: 0.5730 (-8.0579) Distance: 0.4973 (-6.8210) Angle: 0.0017 (-1.0875) Dihedral: 0.0740 (-0.1493) Anchor: 0.0000 (+0.0000) Morse: 0.0000 (+0.0000) 
max(dx) 0.001716 (new) 0.008621 (old) 0.199024[0m (ratio)
Cnvgd (fev=23) : LSq: 0.5703 (-8.8326) Distance: 0.4948 (-7.5117) Angle: 0.0016 (-1.1608) Dihedral: 0.0738 (-0.1601) Anchor: 0.0000 (+0.0000) Morse: 0.0000 (+0.0000) 
Working on frame 70 / 274 
max(dx) 0.001718 (new) 0.008365 (old) 0.205441[0m (ratio)
Cnvgd (fev=24) : LSq: 0.6152 (-9.7170) Distance: 0.5343 (-8.2442) Angle: 0.0017 (-1.2983) Dihedral: 0.0792 (-0.1746) Anchor: 0.0000 (+0.0000) Morse: 0.0000 (+0.0000) 
max(dx) 0.001945 (new) 0.006503 (old) 0.299128[0m (ratio)
Cnvgd (fev=23) : LSq: 0.6758 (-10.5065) Distance: 0.5871 (-8.8797) Angle: 0.0018 (-1.4385) Dihedral: 0.0868 (-0.1883) Anchor: 0.0000 (+0.0000) Morse: 0.0000 (+0.0000) 
max(dx) 0.002368 (new) 0.007347 (old) 0.322341[0m (ratio)
Cnvgd (fev=25) : LSq: 0.7422 (-11.4513) Distance: 0.6445 (-9.6660) Angle: 0.0020 (-1.5824) Dihedral: 0.0958 (-0.2029) Anchor: 0.0000 (+0.0000) Morse: 0.0000 (+0.0000) 
max(dx) 0.002422 (new) 0.007332 (old) 0.330361[0m (ratio)
Cnvgd (fev=23) : LSq: 0.7663 (-11.9247) Distance: 0.6651 (-10.1745) Angle: 0.0020 (-1.5674) Dihedral: 0.0993 (-0.1828) Anchor: 0.0000 (+0.0000) Morse: 0.0000 (+0.0000) 
max(dx) 0.001647 (new) 0.007221 (old) 0.228088[0m (ratio)
Cnvgd (fev=22) : LSq: 0.7686 (-12.1579) Distance: 0.6668 (-10.5191) Angle: 0.0019 (-1.4937) Dihedral: 0.0998 (-0.1451) Anchor: 0.0000 (+0.0000) Morse: 0.0000 (+0.0000) 
max(dx) 0.001600 (new) 0.008372 (old) 0.191068[0m (ratio)
Cnvgd (fev=25) : LSq: 0.7710 (-12.4588) Distance: 0.6687 (-10.9113) Angle: 0.0019 (-1.4410) Dihedral: 0.1004 (-0.1065) Anchor: 0.0000 (+0.0000) Morse: 0.0000 (+0.0000) 
max(dx) 0.001567 (new) 0.008363 (old) 0.187382[0m (ratio)
Cnvgd (fev=23) : LSq: 0.7736 (-12.8333) Distance: 0.6707 (-11.3503) Angle: 0.0019 (-1.4115) Dihedral: 0.1010 (-0.0714) Anchor: 0.0000 (+0.0000) Morse: 0.0000 (+0.0000) 
max(dx) 0.001536 (new) 0.008354 (old) 0.183822[0m (ratio)
Cnvgd (fev=23) : LSq: 0.7764 (-13.2954) Distance: 0.6729 (-11.8361) Angle: 0.0019 (-1.4087) Dihedral: 0.1017 (-0.0506) Anchor: 0.0000 (+0.0000) Morse: 0.0000 (+0.0000) 
max(dx) 0.001504 (new) 0.008344 (old) 0.180212[0m (ratio)
Cnvgd (fev=23) : LSq: 0.7793 (-13.8732) Distance: 0.6751 (-12.3693) Angle: 0.0018 (-1.4366) Dihedral: 0.1024 (-0.0673) Anchor: 0.0000 (+0.0000) Morse: 0.0000 (+0.0000) 
max(dx) 0.001473 (new) 0.008334 (old) 0.176715[0m (ratio)
Cnvgd (fev=22) : LSq: 0.7358 (-13.0318) Distance: 0.6372 (-11.7304) Angle: 0.0018 (-1.2575) Dihedral: 0.0968 (-0.0439) Anchor: 0.0000 (+0.0000) Morse: 0.0000 (+0.0000) 
Working on frame 80 / 274 
max(dx) 0.001581 (new) 0.005492 (old) 0.287812[0m (ratio)
Cnvgd (fev=21) : LSq: 0.6923 (-12.0129) Distance: 0.5990 (-10.8540) Angle: 0.0017 (-1.1061) Dihedral: 0.0916 (-0.0528) Anchor: 0.0000 (+0.0000) Morse: 0.0000 (+0.0000) 
max(dx) 0.001606 (new) 0.007122 (old) 0.225524[0m (ratio)
Cnvgd (fev=21) : LSq: 0.6506 (-11.2437) Distance: 0.5622 (-10.1104) Angle: 0.0016 (-1.0388) Dihedral: 0.0868 (-0.0945) Anchor: 0.0000 (+0.0000) Morse: 0.0000 (+0.0000) 
max(dx) 0.001621 (new) 0.007126 (old) 0.227443[0m (ratio)
Cnvgd (fev=24) : LSq: 0.6106 (-10.7133) Distance: 0.5266 (-9.4993) Angle: 0.0015 (-1.0640) Dihedral: 0.0825 (-0.1500) Anchor: 0.0000 (+0.0000) Morse: 0.0000 (+0.0000) 
max(dx) 0.001632 (new) 0.007130 (old) 0.228909[0m (ratio)
Cnvgd (fev=24) : LSq: 0.5807 (-10.0745) Distance: 0.4997 (-8.7223) Angle: 0.0015 (-1.1651) Dihedral: 0.0795 (-0.1870) Anchor: 0.0000 (+0.0000) Morse: 0.0000 (+0.0000) 
max(dx) 0.001589 (new) 0.007062 (old) 0.225005[0m (ratio)
Cnvgd (fev=23) : LSq: 0.5779 (-9.0513) Distance: 0.4967 (-7.5742) Angle: 0.0015 (-1.3036) Dihedral: 0.0797 (-0.1734) Anchor: 0.0000 (+0.0000) Morse: 0.0000 (+0.0000) 
max(dx) 0.001434 (new) 0.008013 (old) 0.179004[0m (ratio)
Cnvgd (fev=22) : LSq: 0.5860 (-8.4631) Distance: 0.5032 (-6.7566) Angle: 0.0015 (-1.5436) Dihedral: 0.0813 (-0.1630) Anchor: 0.0000 (+0.0000) Morse: 0.0000 (+0.0000) 
max(dx) 0.001371 (new) 0.007854 (old) 0.174525[0m (ratio)
Cnvgd (fev=22) : LSq: 0.6102 (-8.3516) Distance: 0.5239 (-6.2637) Angle: 0.0015 (-1.9368) Dihedral: 0.0848 (-0.1511) Anchor: 0.0000 (+0.0000) Morse: 0.0000 (+0.0000) 
max(dx) 0.001319 (new) 0.007843 (old) 0.168158[0m (ratio)
Cnvgd (fev=24) : LSq: 0.6538 (-8.5296) Distance: 0.5614 (-6.1499) Angle: 0.0016 (-2.2470) Dihedral: 0.0907 (-0.1327) Anchor: 0.0000 (+0.0000) Morse: 0.0000 (+0.0000) 
max(dx) 0.001674 (new) 0.006063 (old) 0.276148[0m (ratio)
Cnvgd (fev=24) : LSq: 0.7019 (-8.9091) Distance: 0.6028 (-6.2525) Angle: 0.0017 (-2.5316) Dihedral: 0.0974 (-0.1250) Anchor: 0.0000 (+0.0000) Morse: 0.0000 (+0.0000) 
max(dx) 0.001764 (new) 0.006387 (old) 0.276249[0m (ratio)
Cnvgd (fev=25) : LSq: 0.7542 (-9.5306) Distance: 0.6477 (-6.5453) Angle: 0.0017 (-2.8557) Dihedral: 0.1048 (-0.1297) Anchor: 0.0000 (+0.0000) Morse: 0.0000 (+0.0000) 
Working on frame 90 / 274 
max(dx) 0.001834 (new) 0.006392 (old) 0.286888[0m (ratio)
Cnvgd (fev=24) : LSq: 0.8110 (-10.4299) Distance: 0.6962 (-7.0276) Angle: 0.0018 (-3.2559) Dihedral: 0.1130 (-0.1463) Anchor: 0.0000 (+0.0000) Morse: 0.0000 (+0.0000) 
max(dx) 0.001896 (new) 0.006397 (old) 0.296456[0m (ratio)
Cnvgd (fev=23) : LSq: 0.8701 (-11.5681) Distance: 0.7465 (-7.6197) Angle: 0.0018 (-3.7769) Dihedral: 0.1218 (-0.1715) Anchor: 0.0000 (+0.0000) Morse: 0.0000 (+0.0000) 
max(dx) 0.001892 (new) 0.006129 (old) 0.308672[0m (ratio)
Cnvgd (fev=26) : LSq: 0.8675 (-10.8798) Distance: 0.7434 (-6.4143) Angle: 0.0018 (-4.3188) Dihedral: 0.1223 (-0.1467) Anchor: 0.0000 (+0.0000) Morse: 0.0000 (+0.0000) 
max(dx) 0.001292 (new) 0.007688 (old) 0.168092[0m (ratio)
Cnvgd (fev=24) : LSq: 0.8599 (-10.2535) Distance: 0.7360 (-5.4320) Angle: 0.0018 (-4.6990) Dihedral: 0.1221 (-0.1226) Anchor: 0.0000 (+0.0000) Morse: 0.0000 (+0.0000) 
max(dx) 0.001296 (new) 0.007014 (old) 0.184830[0m (ratio)
Cnvgd (fev=22) : LSq: 0.8535 (-9.8363) Distance: 0.7295 (-4.6207) Angle: 0.0018 (-5.1131) Dihedral: 0.1222 (-0.1025) Anchor: 0.0000 (+0.0000) Morse: 0.0000 (+0.0000) 
max(dx) 0.001290 (new) 0.006991 (old) 0.184455[0m (ratio)
Cnvgd (fev=23) : LSq: 0.8482 (-9.6211) Distance: 0.7239 (-3.9753) Angle: 0.0018 (-5.5590) Dihedral: 0.1224 (-0.0867) Anchor: 0.0000 (+0.0000) Morse: 0.0000 (+0.0000) 
max(dx) 0.001281 (new) 0.006967 (old) 0.183911[0m (ratio)
Cnvgd (fev=23) : LSq: 0.8440 (-9.6002) Distance: 0.7193 (-3.4907) Angle: 0.0018 (-6.0340) Dihedral: 0.1229 (-0.0756) Anchor: 0.0000 (+0.0000) Morse: 0.0000 (+0.0000) 
max(dx) 0.001272 (new) 0.006943 (old) 0.183277[0m (ratio)
Cnvgd (fev=25) : LSq: 0.8409 (-9.7656) Distance: 0.7155 (-3.1614) Angle: 0.0018 (-6.5350) Dihedral: 0.1236 (-0.0692) Anchor: 0.0000 (+0.0000) Morse: 0.0000 (+0.0000) 
max(dx) 0.001262 (new) 0.006918 (old) 0.182470[0m (ratio)
Cnvgd (fev=24) : LSq: 0.8389 (-10.1088) Distance: 0.7126 (-2.9822) Angle: 0.0019 (-7.0588) Dihedral: 0.1245 (-0.0677) Anchor: 0.0000 (+0.0000) Morse: 0.0000 (+0.0000) 
max(dx) 0.001251 (new) 0.006892 (old) 0.181542[0m (ratio)
Cnvgd (fev=24) : LSq: 0.8380 (-10.6215) Distance: 0.7106 (-2.9481) Angle: 0.0019 (-7.6020) Dihedral: 0.1255 (-0.0714) Anchor: 0.0000 (+0.0000) Morse: 0.0000 (+0.0000) 
Working on frame 100 / 274 
max(dx) 0.001239 (new) 0.006865 (old) 0.180491[0m (ratio)
Cnvgd (fev=22) : LSq: 0.8381 (-11.2951) Distance: 0.7095 (-3.0536) Angle: 0.0019 (-8.1613) Dihedral: 0.1268 (-0.0802) Anchor: 0.0000 (+0.0000) Morse: 0.0000 (+0.0000) 
max(dx) 0.001226 (new) 0.006838 (old) 0.179317[0m (ratio)
Cnvgd (fev=22) : LSq: 0.7994 (-12.0879) Distance: 0.6744 (-3.1986) Angle: 0.0019 (-8.7937) Dihedral: 0.1231 (-0.0957) Anchor: 0.0000 (+0.0000) Morse: 0.0000 (+0.0000) 
max(dx) 0.001433 (new) 0.007054 (old) 0.203196[0m (ratio)
Cnvgd (fev=22) : LSq: 0.6378 (-12.2664) Distance: 0.5314 (-2.9163) Angle: 0.0017 (-9.2436) Dihedral: 0.1047 (-0.1065) Anchor: 0.0000 (+0.0000) Morse: 0.0000 (+0.0000) 
max(dx) 0.004362 (new) 0.005907 (old) 0.738371[0m (ratio)
Cnvgd (fev=21) : LSq: 0.4737 (-12.2828) Distance: 0.3849 (-2.5702) Angle: 0.0014 (-9.5995) Dihedral: 0.0873 (-0.1131) Anchor: 0.0000 (+0.0000) Morse: 0.0000 (+0.0000) 
max(dx) 0.005124 (new) 0.007155 (old) 0.716120[0m (ratio)
Cnvgd (fev=22) : LSq: 0.3432 (-12.4299) Distance: 0.2678 (-2.3350) Angle: 0.0011 (-9.9751) Dihedral: 0.0743 (-0.1198) Anchor: 0.0000 (+0.0000) Morse: 0.0000 (+0.0000) 
max(dx) 0.004952 (new) 0.007150 (old) 0.692670[0m (ratio)
Cnvgd (fev=21) : LSq: 0.2469 (-12.7051) Distance: 0.1813 (-2.2069) Angle: 0.0009 (-10.3706) Dihedral: 0.0648 (-0.1275) Anchor: 0.0000 (+0.0000) Morse: 0.0000 (+0.0000) 
max(dx) 0.004795 (new) 0.007144 (old) 0.671184[0m (ratio)
Cnvgd (fev=19) : LSq: 0.1852 (-13.1058) Distance: 0.1266 (-2.1824) Angle: 0.0006 (-10.7866) Dihedral: 0.0580 (-0.1369) Anchor: 0.0000 (+0.0000) Morse: 0.0000 (+0.0000) 
max(dx) 0.004653 (new) 0.007140 (old) 0.651749[0m (ratio)
Cnvgd (fev=18) : LSq: 0.1582 (-13.6298) Distance: 0.1045 (-2.2582) Angle: 0.0004 (-11.2232) Dihedral: 0.0533 (-0.1484) Anchor: 0.0000 (+0.0000) Morse: 0.0000 (+0.0000) 
max(dx) 0.004526 (new) 0.007136 (old) 0.634324[0m (ratio)
Cnvgd (fev=10) : LSq: 0.1573 (-14.2834) Distance: 0.1038 (-2.4429) Angle: 0.0004 (-11.6806) Dihedral: 0.0532 (-0.1599) Anchor: 0.0000 (+0.0000) Morse: 0.0000 (+0.0000) 
max(dx) 0.001597 (new) 0.007133 (old) 0.223927[0m (ratio)
Cnvgd (fev=10) : LSq: 0.1578 (-15.0889) Distance: 0.1031 (-2.7551) Angle: 0.0004 (-12.1593) Dihedral: 0.0543 (-0.1744) Anchor: 0.0000 (+0.0000) Morse: 0.0000 (+0.0000) 
Working on frame 110 / 274 
max(dx) 0.001251 (new) 0.007130 (old) 0.175385[0m (ratio)
Cnvgd (fev=11) : LSq: 0.1584 (-16.0456) Distance: 0.1025 (-3.1926) Angle: 0.0004 (-12.6596) Dihedral: 0.0555 (-0.1935) Anchor: 0.0000 (+0.0000) Morse: 0.0000 (+0.0000) 
max(dx) 0.001243 (new) 0.007129 (old) 0.174364[0m (ratio)
Cnvgd (fev=14) : LSq: 0.1590 (-17.2056) Distance: 0.1019 (-3.7770) Angle: 0.0004 (-13.2141) Dihedral: 0.0567 (-0.2146) Anchor: 0.0000 (+0.0000) Morse: 0.0000 (+0.0000) 
max(dx) 0.001220 (new) 0.007020 (old) 0.173787[0m (ratio)
Cnvgd (fev=17) : LSq: 0.1596 (-17.8135) Distance: 0.1014 (-4.0244) Angle: 0.0004 (-13.6111) Dihedral: 0.0579 (-0.1781) Anchor: 0.0000 (+0.0000) Morse: 0.0000 (+0.0000) 
max(dx) 0.001198 (new) 0.006649 (old) 0.180148[0m (ratio)
Cnvgd (fev=16) : LSq: 0.1603 (-18.6712) Distance: 0.1008 (-4.4839) Angle: 0.0004 (-14.0272) Dihedral: 0.0591 (-0.1601) Anchor: 0.0000 (+0.0000) Morse: 0.0000 (+0.0000) 
max(dx) 0.001174 (new) 0.006686 (old) 0.175633[0m (ratio)
Cnvgd (fev=12) : LSq: 0.1609 (-19.7722) Distance: 0.1002 (-5.1475) Angle: 0.0004 (-14.4619) Dihedral: 0.0602 (-0.1627) Anchor: 0.0000 (+0.0000) Morse: 0.0000 (+0.0000) 
max(dx) 0.001149 (new) 0.006697 (old) 0.171614[0m (ratio)
Cnvgd (fev=16) : LSq: 0.1615 (-21.1042) Distance: 0.0997 (-6.0041) Angle: 0.0004 (-14.9137) Dihedral: 0.0614 (-0.1864) Anchor: 0.0000 (+0.0000) Morse: 0.0000 (+0.0000) 
max(dx) 0.001123 (new) 0.006707 (old) 0.167438[0m (ratio)
Cnvgd (fev=17) : LSq: 0.1621 (-22.6551) Distance: 0.0992 (-7.0430) Angle: 0.0004 (-15.3819) Dihedral: 0.0625 (-0.2303) Anchor: 0.0000 (+0.0000) Morse: 0.0000 (+0.0000) 
max(dx) 0.001096 (new) 0.006716 (old) 0.163126[0m (ratio)
Cnvgd (fev=17) : LSq: 0.1627 (-24.3558) Distance: 0.0986 (-8.3595) Angle: 0.0004 (-15.7164) Dihedral: 0.0636 (-0.2799) Anchor: 0.0000 (+0.0000) Morse: 0.0000 (+0.0000) 
max(dx) 0.001062 (new) 0.006587 (old) 0.161244[0m (ratio)
Cnvgd (fev=18) : LSq: 0.1632 (-25.5924) Distance: 0.0981 (-10.0032) Angle: 0.0004 (-15.3186) Dihedral: 0.0647 (-0.2706) Anchor: 0.0000 (+0.0000) Morse: 0.0000 (+0.0000) 
max(dx) 0.001023 (new) 0.007763 (old) 0.131722[0m (ratio)
Cnvgd (fev=16) : LSq: 0.1637 (-26.6345) Distance: 0.0976 (-11.5617) Angle: 0.0005 (-14.8202) Dihedral: 0.0657 (-0.2526) Anchor: 0.0000 (+0.0000) Morse: 0.0000 (+0.0000) 
Working on frame 120 / 274 
max(dx) 0.001023 (new) 0.007495 (old) 0.136547[0m (ratio)
Cnvgd (fev=18) : LSq: 0.1641 (-27.8833) Distance: 0.0970 (-13.2811) Angle: 0.0005 (-14.3617) Dihedral: 0.0666 (-0.2406) Anchor: 0.0000 (+0.0000) Morse: 0.0000 (+0.0000) 
max(dx) 0.001024 (new) 0.007489 (old) 0.136764[0m (ratio)
Cnvgd (fev=16) : LSq: 0.1644 (-29.3326) Distance: 0.0965 (-15.1524) Angle: 0.0005 (-13.9452) Dihedral: 0.0675 (-0.2350) Anchor: 0.0000 (+0.0000) Morse: 0.0000 (+0.0000) 
max(dx) 0.001025 (new) 0.007483 (old) 0.136992[0m (ratio)
Cnvgd (fev=14) : LSq: 0.1647 (-30.9758) Distance: 0.0960 (-17.1670) Angle: 0.0005 (-13.5726) Dihedral: 0.0682 (-0.2362) Anchor: 0.0000 (+0.0000) Morse: 0.0000 (+0.0000) 
max(dx) 0.001026 (new) 0.007477 (old) 0.137239[0m (ratio)
Cnvgd (fev=14) : LSq: 0.1648 (-31.6949) Distance: 0.0954 (-18.1371) Angle: 0.0005 (-13.3035) Dihedral: 0.0689 (-0.2542) Anchor: 0.0000 (+0.0000) Morse: 0.0000 (+0.0000) 
max(dx) 0.001027 (new) 0.005290 (old) 0.194144[0m (ratio)
Cnvgd (fev=15) : LSq: 0.1648 (-32.1981) Distance: 0.0949 (-18.8395) Angle: 0.0005 (-13.0776) Dihedral: 0.0695 (-0.2811) Anchor: 0.0000 (+0.0000) Morse: 0.0000 (+0.0000) 
max(dx) 0.001028 (new) 0.005581 (old) 0.184171[0m (ratio)
Cnvgd (fev=15) : LSq: 0.1647 (-32.7894) Distance: 0.0943 (-19.5995) Angle: 0.0005 (-12.8763) Dihedral: 0.0699 (-0.3137) Anchor: 0.0000 (+0.0000) Morse: 0.0000 (+0.0000) 
max(dx) 0.001029 (new) 0.005528 (old) 0.186115[0m (ratio)
Cnvgd (fev=15) : LSq: 0.1645 (-33.4816) Distance: 0.0937 (-20.4311) Angle: 0.0005 (-12.6983) Dihedral: 0.0703 (-0.3521) Anchor: 0.0000 (+0.0000) Morse: 0.0000 (+0.0000) 
max(dx) 0.001030 (new) 0.005477 (old) 0.188033[0m (ratio)
Cnvgd (fev=15) : LSq: 0.1640 (-34.2710) Distance: 0.0931 (-21.3305) Angle: 0.0005 (-12.5441) Dihedral: 0.0704 (-0.3964) Anchor: 0.0000 (+0.0000) Morse: 0.0000 (+0.0000) 
max(dx) 0.001031 (new) 0.005426 (old) 0.190047[0m (ratio)
Cnvgd (fev=15) : LSq: 0.1635 (-35.1540) Distance: 0.0925 (-22.2934) Angle: 0.0005 (-12.4139) Dihedral: 0.0704 (-0.4467) Anchor: 0.0000 (+0.0000) Morse: 0.0000 (+0.0000) 
max(dx) 0.001033 (new) 0.005374 (old) 0.192158[0m (ratio)
Cnvgd (fev=15) : LSq: 0.1627 (-36.1265) Distance: 0.0919 (-23.3154) Angle: 0.0005 (-12.3081) Dihedral: 0.0703 (-0.5029) Anchor: 0.0000 (+0.0000) Morse: 0.0000 (+0.0000) 
Working on frame 130 / 274 
max(dx) 0.001034 (new) 0.005322 (old) 0.194383[0m (ratio)
Cnvgd (fev=15) : LSq: 0.1617 (-37.6738) Distance: 0.0912 (-25.2962) Angle: 0.0005 (-11.8295) Dihedral: 0.0700 (-0.5481) Anchor: 0.0000 (+0.0000) Morse: 0.0000 (+0.0000) 
max(dx) 0.001039 (new) 0.005055 (old) 0.205514[0m (ratio)
Cnvgd (fev=16) : LSq: 0.1606 (-39.7073) Distance: 0.0906 (-28.2831) Angle: 0.0005 (-10.8700) Dihedral: 0.0695 (-0.5542) Anchor: 0.0000 (+0.0000) Morse: 0.0000 (+0.0000) 
max(dx) 0.001049 (new) 0.007375 (old) 0.142189[0m (ratio)
Cnvgd (fev=18) : LSq: 0.1592 (-42.0395) Distance: 0.0899 (-31.5553) Angle: 0.0005 (-9.9349) Dihedral: 0.0688 (-0.5493) Anchor: 0.0000 (+0.0000) Morse: 0.0000 (+0.0000) 
max(dx) 0.001059 (new) 0.007511 (old) 0.140924[0m (ratio)
Cnvgd (fev=18) : LSq: 0.1577 (-44.7813) Distance: 0.0892 (-35.1561) Angle: 0.0005 (-9.0874) Dihedral: 0.0679 (-0.5379) Anchor: 0.0000 (+0.0000) Morse: 0.0000 (+0.0000) 
max(dx) 0.001068 (new) 0.007506 (old) 0.142220[0m (ratio)
Cnvgd (fev=24) : LSq: 0.1559 (-48.0930) Distance: 0.0885 (-39.2269) Angle: 0.0005 (-8.3339) Dihedral: 0.0668 (-0.5322) Anchor: 0.0000 (+0.0000) Morse: 0.0000 (+0.0000) 
max(dx) 0.001075 (new) 0.007183 (old) 0.149721[0m (ratio)
Cnvgd (fev=24) : LSq: 0.1539 (-50.1591) Distance: 0.0878 (-41.6078) Angle: 0.0005 (-7.9776) Dihedral: 0.0656 (-0.5737) Anchor: 0.0000 (+0.0000) Morse: 0.0000 (+0.0000) 
max(dx) 0.001083 (new) 0.004549 (old) 0.237991[0m (ratio)
Cnvgd (fev=22) : LSq: 0.1517 (-51.8451) Distance: 0.0871 (-43.4601) Angle: 0.0005 (-7.7541) Dihedral: 0.0641 (-0.6299) Anchor: 0.0000 (+0.0000) Morse: 0.0000 (-0.0010) 
max(dx) 0.001090 (new) 0.004645 (old) 0.234617[0m (ratio)
Cnvgd (fev=22) : LSq: 0.1493 (-53.6990) Distance: 0.0864 (-45.4179) Angle: 0.0005 (-7.5665) Dihedral: 0.0624 (-0.6918) Anchor: 0.0000 (+0.0000) Morse: 0.0000 (-0.0229) 
max(dx) 0.001098 (new) 0.004588 (old) 0.239252[0m (ratio)
Cnvgd (fev=22) : LSq: 0.1467 (-55.7613) Distance: 0.0857 (-47.4759) Angle: 0.0005 (-7.4159) Dihedral: 0.0606 (-0.7595) Anchor: 0.0000 (+0.0000) Morse: 0.0000 (-0.1100) 
max(dx) 0.001106 (new) 0.004529 (old) 0.244142[0m (ratio)
Cnvgd (fev=24) : LSq: 0.1440 (-57.8866) Distance: 0.0850 (-49.4023) Angle: 0.0005 (-7.4229) Dihedral: 0.0586 (-0.7841) Anchor: 0.0000 (+0.0000) Morse: 0.0000 (-0.2773) 
Working on frame 140 / 274 
max(dx) 0.001114 (new) 0.005310 (old) 0.209851[0m (ratio)
Cnvgd (fev=24) : LSq: 0.1411 (-57.7371) Distance: 0.0843 (-48.9648) Angle: 0.0005 (-7.6937) Dihedral: 0.0564 (-0.6523) Anchor: 0.0000 (+0.0000) Morse: 0.0000 (-0.4263) 
max(dx) 0.001123 (new) 0.004711 (old) 0.238315[0m (ratio)
Cnvgd (fev=22) : LSq: 0.1381 (-54.5948) Distance: 0.0836 (-46.0329) Angle: 0.0005 (-7.8869) Dihedral: 0.0540 (-0.5044) Anchor: 0.0000 (+0.0000) Morse: 0.0000 (-0.1706) 
max(dx) 0.001132 (new) 0.007884 (old) 0.143569[0m (ratio)
Cnvgd (fev=22) : LSq: 0.1349 (-51.3720) Distance: 0.0829 (-43.1603) Angle: 0.0005 (-7.7409) Dihedral: 0.0516 (-0.4039) Anchor: 0.0000 (+0.0000) Morse: 0.0000 (-0.0670) 
max(dx) 0.001142 (new) 0.007097 (old) 0.160945[0m (ratio)
Cnvgd (fev=22) : LSq: 0.1317 (-47.8992) Distance: 0.0823 (-40.2339) Angle: 0.0005 (-7.3644) Dihedral: 0.0490 (-0.2959) Anchor: 0.0000 (+0.0000) Morse: 0.0000 (-0.0050) 
max(dx) 0.001154 (new) 0.007932 (old) 0.145533[0m (ratio)
Cnvgd (fev=22) : LSq: 0.1285 (-44.8368) Distance: 0.0817 (-37.8066) Angle: 0.0005 (-6.8218) Dihedral: 0.0463 (-0.2083) Anchor: 0.0000 (+0.0000) Morse: 0.0000 (+0.0000) 
max(dx) 0.001168 (new) 0.008663 (old) 0.134805[0m (ratio)
Cnvgd (fev=24) : LSq: 0.1252 (-43.4829) Distance: 0.0811 (-36.4023) Angle: 0.0005 (-6.6051) Dihedral: 0.0436 (-0.4755) Anchor: 0.0000 (+0.0000) Morse: 0.0000 (+0.0000) 
max(dx) 0.001182 (new) 0.008178 (old) 0.144537[0m (ratio)
Cnvgd (fev=25) : LSq: 0.1219 (-45.4440) Distance: 0.0806 (-35.9040) Angle: 0.0005 (-7.6702) Dihedral: 0.0409 (-1.8698) Anchor: 0.0000 (+0.0000) Morse: 0.0000 (+0.0000) 
max(dx) 0.001195 (new) 0.007718 (old) 0.154879[0m (ratio)
Cnvgd (fev=20) : LSq: 0.1187 (-50.4192) Distance: 0.0802 (-36.0607) Angle: 0.0005 (-10.3360) Dihedral: 0.0381 (-3.9427) Anchor: 0.0000 (+0.0000) Morse: 0.0000 (-0.0797) 
max(dx) 0.001208 (new) 0.007200 (old) 0.167717[0m (ratio)
Cnvgd (fev=25) : LSq: 0.1156 (-56.7955) Distance: 0.0798 (-36.5839) Angle: 0.0005 (-14.3280) Dihedral: 0.0354 (-5.6561) Anchor: 0.0000 (+0.0000) Morse: 0.0000 (-0.2276) 
max(dx) 0.001218 (new) 0.006085 (old) 0.200211[0m (ratio)
Cnvgd (fev=19) : LSq: 0.1126 (-56.9745) Distance: 0.0794 (-35.0663) Angle: 0.0005 (-15.4857) Dihedral: 0.0327 (-6.3177) Anchor: 0.0000 (+0.0000) Morse: 0.0000 (-0.1048) 
Working on frame 150 / 274 
max(dx) 0.001223 (new) 0.004572 (old) 0.267481[0m (ratio)
Cnvgd (fev=25) : LSq: 0.1097 (-54.1337) Distance: 0.0792 (-33.1268) Angle: 0.0005 (-14.6390) Dihedral: 0.0301 (-6.3448) Anchor: 0.0000 (+0.0000) Morse: 0.0000 (-0.0230) 
max(dx) 0.001225 (new) 0.005223 (old) 0.234589[0m (ratio)
Cnvgd (fev=24) : LSq: 0.1070 (-51.3521) Distance: 0.0790 (-31.2784) Angle: 0.0005 (-13.7210) Dihedral: 0.0276 (-6.3527) Anchor: 0.0000 (+0.0000) Morse: 0.0000 (-0.0000) 
max(dx) 0.001226 (new) 0.005275 (old) 0.232363[0m (ratio)
Cnvgd (fev=16) : LSq: 0.1045 (-48.7232) Distance: 0.0788 (-29.5269) Angle: 0.0005 (-12.8243) Dihedral: 0.0252 (-6.3720) Anchor: 0.0000 (+0.0000) Morse: 0.0000 (+0.0000) 
max(dx) 0.001224 (new) 0.005334 (old) 0.229510[0m (ratio)
Cnvgd (fev=16) : LSq: 0.1022 (-46.2326) Distance: 0.0788 (-27.8776) Angle: 0.0005 (-11.9532) Dihedral: 0.0229 (-6.4019) Anchor: 0.0000 (+0.0000) Morse: 0.0000 (+0.0000) 
max(dx) 0.001221 (new) 0.005399 (old) 0.226116[0m (ratio)
Cnvgd (fev=15) : LSq: 0.1001 (-41.1381) Distance: 0.0788 (-24.7759) Angle: 0.0005 (-10.0986) Dihedral: 0.0208 (-6.2635) Anchor: 0.0000 (+0.0000) Morse: 0.0000 (+0.0000) 
max(dx) 0.001233 (new) 0.007065 (old) 0.174499[0m (ratio)
Cnvgd (fev=15) : LSq: 0.0982 (-36.6798) Distance: 0.0788 (-22.0812) Angle: 0.0005 (-8.5435) Dihedral: 0.0188 (-6.0552) Anchor: 0.0000 (+0.0000) Morse: 0.0000 (+0.0000) 
max(dx) 0.001253 (new) 0.007254 (old) 0.172699[0m (ratio)
Cnvgd (fev=17) : LSq: 0.0965 (-32.7957) Distance: 0.0789 (-19.6620) Angle: 0.0006 (-7.2710) Dihedral: 0.0170 (-5.8628) Anchor: 0.0000 (+0.0000) Morse: 0.0000 (+0.0000) 
max(dx) 0.001273 (new) 0.007249 (old) 0.175600[0m (ratio)
Cnvgd (fev=16) : LSq: 0.0951 (-29.4428) Distance: 0.0791 (-17.5238) Angle: 0.0006 (-6.2342) Dihedral: 0.0154 (-5.6848) Anchor: 0.0000 (+0.0000) Morse: 0.0000 (+0.0000) 
max(dx) 0.001293 (new) 0.007244 (old) 0.178490[0m (ratio)
Cnvgd (fev=20) : LSq: 0.0938 (-26.3122) Distance: 0.0793 (-15.3674) Angle: 0.0006 (-5.3556) Dihedral: 0.0139 (-5.5892) Anchor: 0.0000 (+0.0000) Morse: 0.0000 (+0.0000) 
max(dx) 0.001305 (new) 0.007467 (old) 0.174714[0m (ratio)
Cnvgd (fev=22) : LSq: 0.0928 (-24.7705) Distance: 0.0796 (-14.2351) Angle: 0.0006 (-4.9297) Dihedral: 0.0126 (-5.6057) Anchor: 0.0000 (+0.0000) Morse: 0.0000 (+0.0000) 
Working on frame 160 / 274 
max(dx) 0.001301 (new) 0.005187 (old) 0.250813[0m (ratio)
Cnvgd (fev=24) : LSq: 0.0919 (-23.5762) Distance: 0.0798 (-13.3652) Angle: 0.0007 (-4.5709) Dihedral: 0.0114 (-5.6401) Anchor: 0.0000 (+0.0000) Morse: 0.0000 (+0.0000) 
max(dx) 0.001294 (new) 0.005663 (old) 0.228432[0m (ratio)
Cnvgd (fev=22) : LSq: 0.0912 (-22.4623) Distance: 0.0801 (-12.5639) Angle: 0.0007 (-4.2135) Dihedral: 0.0104 (-5.6849) Anchor: 0.0000 (+0.0000) Morse: 0.0000 (+0.0000) 
max(dx) 0.001284 (new) 0.005717 (old) 0.224507[0m (ratio)
Cnvgd (fev=22) : LSq: 0.0906 (-21.4346) Distance: 0.0805 (-11.8352) Angle: 0.0007 (-3.8603) Dihedral: 0.0095 (-5.7391) Anchor: 0.0000 (+0.0000) Morse: 0.0000 (+0.0000) 
max(dx) 0.001270 (new) 0.005771 (old) 0.220130[0m (ratio)
Cnvgd (fev=18) : LSq: 0.0902 (-20.4990) Distance: 0.0808 (-11.1829) Angle: 0.0007 (-3.5142) Dihedral: 0.0087 (-5.8019) Anchor: 0.0000 (+0.0000) Morse: 0.0000 (+0.0000) 
max(dx) 0.001254 (new) 0.005824 (old) 0.215283[0m (ratio)
Cnvgd (fev=21) : LSq: 0.0899 (-19.2404) Distance: 0.0811 (-10.3023) Angle: 0.0007 (-3.0897) Dihedral: 0.0080 (-5.8483) Anchor: 0.0000 (+0.0000) Morse: 0.0000 (+0.0000) 
max(dx) 0.001234 (new) 0.005623 (old) 0.219467[0m (ratio)
Cnvgd (fev=20) : LSq: 0.0897 (-17.2960) Distance: 0.0815 (-8.9100) Angle: 0.0008 (-2.5756) Dihedral: 0.0074 (-5.8104) Anchor: 0.0000 (+0.0000) Morse: 0.0000 (+0.0000) 
max(dx) 0.001220 (new) 0.007736 (old) 0.157641[0m (ratio)
Cnvgd (fev=18) : LSq: 0.0896 (-15.5843) Distance: 0.0818 (-7.6447) Angle: 0.0008 (-2.2100) Dihedral: 0.0070 (-5.7296) Anchor: 0.0000 (+0.0000) Morse: 0.0000 (+0.0000) 
max(dx) 0.001213 (new) 0.008462 (old) 0.143307[0m (ratio)
Cnvgd (fev=16) : LSq: 0.0895 (-14.2492) Distance: 0.0822 (-6.5836) Angle: 0.0008 (-2.0005) Dihedral: 0.0066 (-5.6651) Anchor: 0.0000 (+0.0000) Morse: 0.0000 (+0.0000) 
max(dx) 0.001205 (new) 0.008472 (old) 0.142205[0m (ratio)
Cnvgd (fev=19) : LSq: 0.0896 (-13.2913) Distance: 0.0825 (-5.7331) Angle: 0.0008 (-1.9423) Dihedral: 0.0062 (-5.6159) Anchor: 0.0000 (+0.0000) Morse: 0.0000 (+0.0000) 
max(dx) 0.001196 (new) 0.008481 (old) 0.140977[0m (ratio)
Cnvgd (fev=15) : LSq: 0.0896 (-12.5197) Distance: 0.0828 (-4.9835) Angle: 0.0008 (-2.0208) Dihedral: 0.0060 (-5.5154) Anchor: 0.0000 (+0.0000) Morse: 0.0000 (+0.0000) 
Working on frame 170 / 274 
max(dx) 0.001179 (new) 0.007806 (old) 0.150990[0m (ratio)
Cnvgd (fev=15) : LSq: 0.0897 (-12.0615) Distance: 0.0831 (-4.7060) Angle: 0.0009 (-2.0899) Dihedral: 0.0058 (-5.2656) Anchor: 0.0000 (+0.0000) Morse: 0.0000 (+0.0000) 
max(dx) 0.001160 (new) 0.007095 (old) 0.163477[0m (ratio)
Cnvgd (fev=18) : LSq: 0.0899 (-11.9071) Distance: 0.0834 (-4.6605) Angle: 0.0009 (-2.2280) Dihedral: 0.0056 (-5.0186) Anchor: 0.0000 (+0.0000) Morse: 0.0000 (+0.0000) 
max(dx) 0.001141 (new) 0.008059 (old) 0.141626[0m (ratio)
Cnvgd (fev=17) : LSq: 0.0900 (-11.9996) Distance: 0.0837 (-4.7383) Angle: 0.0009 (-2.4682) Dihedral: 0.0055 (-4.7931) Anchor: 0.0000 (+0.0000) Morse: 0.0000 (+0.0000) 
max(dx) 0.001121 (new) 0.008052 (old) 0.139193[0m (ratio)
Cnvgd (fev=17) : LSq: 0.0902 (-12.3306) Distance: 0.0839 (-4.9390) Angle: 0.0009 (-2.7999) Dihedral: 0.0054 (-4.5917) Anchor: 0.0000 (+0.0000) Morse: 0.0000 (+0.0000) 
max(dx) 0.001098 (new) 0.008045 (old) 0.136489[0m (ratio)
Cnvgd (fev=17) : LSq: 0.0903 (-12.8902) Distance: 0.0841 (-5.2628) Angle: 0.0009 (-3.2119) Dihedral: 0.0053 (-4.4155) Anchor: 0.0000 (+0.0000) Morse: 0.0000 (+0.0000) 
max(dx) 0.001073 (new) 0.008038 (old) 0.133490[0m (ratio)
Cnvgd (fev=16) : LSq: 0.0905 (-13.6673) Distance: 0.0843 (-5.7100) Angle: 0.0009 (-3.6932) Dihedral: 0.0053 (-4.2642) Anchor: 0.0000 (+0.0000) Morse: 0.0000 (+0.0000) 
max(dx) 0.001102 (new) 0.008032 (old) 0.137223[0m (ratio)
Cnvgd (fev=15) : LSq: 0.0906 (-14.6502) Distance: 0.0844 (-6.2811) Angle: 0.0009 (-4.2328) Dihedral: 0.0052 (-4.1364) Anchor: 0.0000 (+0.0000) Morse: 0.0000 (+0.0000) 
max(dx) 0.001188 (new) 0.008026 (old) 0.148000[0m (ratio)
Cnvgd (fev=12) : LSq: 0.0908 (-14.2168) Distance: 0.0846 (-5.7257) Angle: 0.0009 (-4.3825) Dihedral: 0.0052 (-4.1086) Anchor: 0.0000 (+0.0000) Morse: 0.0000 (+0.0000) 
max(dx) 0.001237 (new) 0.007902 (old) 0.156513[0m (ratio)
Cnvgd (fev=11) : LSq: 0.0909 (-13.8954) Distance: 0.0847 (-5.2890) Angle: 0.0009 (-4.5022) Dihedral: 0.0052 (-4.1041) Anchor: 0.0000 (+0.0000) Morse: 0.0000 (+0.0000) 
max(dx) 0.001283 (new) 0.008535 (old) 0.150291[0m (ratio)
Cnvgd (fev=11) : LSq: 0.0910 (-13.8100) Distance: 0.0848 (-5.0599) Angle: 0.0009 (-4.6355) Dihedral: 0.0053 (-4.1146) Anchor: 0.0000 (+0.0000) Morse: 0.0000 (+0.0000) 
Working on frame 180 / 274 
max(dx) 0.001333 (new) 0.008550 (old) 0.155873[0m (ratio)
Cnvgd (fev=11) : LSq: 0.0911 (-13.9643) Distance: 0.0848 (-5.0421) Angle: 0.0009 (-4.7820) Dihedral: 0.0053 (-4.1402) Anchor: 0.0000 (+0.0000) Morse: 0.0000 (+0.0000) 
max(dx) 0.001387 (new) 0.008563 (old) 0.161993[0m (ratio)
Cnvgd (fev=11) : LSq: 0.0911 (-14.3617) Distance: 0.0848 (-5.2394) Angle: 0.0009 (-4.9414) Dihedral: 0.0054 (-4.1809) Anchor: 0.0000 (+0.0000) Morse: 0.0000 (+0.0000) 
max(dx) 0.001448 (new) 0.008577 (old) 0.168846[0m (ratio)
Cnvgd (fev=12) : LSq: 0.0912 (-15.0056) Distance: 0.0848 (-5.6553) Angle: 0.0009 (-5.1134) Dihedral: 0.0054 (-4.2369) Anchor: 0.0000 (+0.0000) Morse: 0.0000 (+0.0000) 
max(dx) 0.001522 (new) 0.008590 (old) 0.177156[0m (ratio)
Cnvgd (fev=26) : LSq: 0.0972 (-15.8937) Distance: 0.0896 (-6.2886) Angle: 0.0010 (-5.2976) Dihedral: 0.0066 (-4.3074) Anchor: 0.0000 (+0.0000) Morse: 0.0000 (+0.0000) 
max(dx) 0.003215 (new) 0.008603 (old) 0.373680[0m (ratio)
Cnvgd (fev=24) : LSq: 0.1170 (-17.0216) Distance: 0.1068 (-7.1355) Angle: 0.0010 (-5.4939) Dihedral: 0.0092 (-4.3922) Anchor: 0.0000 (+0.0000) Morse: 0.0000 (+0.0000) 
max(dx) 0.003355 (new) 0.008615 (old) 0.389383[0m (ratio)
Cnvgd (fev=24) : LSq: 0.1516 (-18.3916) Distance: 0.1372 (-8.1985) Angle: 0.0010 (-5.7018) Dihedral: 0.0134 (-4.4913) Anchor: 0.0000 (+0.0000) Morse: 0.0000 (+0.0000) 
max(dx) 0.003370 (new) 0.008627 (old) 0.390682[0m (ratio)
Cnvgd (fev=25) : LSq: 0.2044 (-19.8807) Distance: 0.1840 (-9.4192) Angle: 0.0009 (-5.8864) Dihedral: 0.0195 (-4.5750) Anchor: 0.0000 (+0.0000) Morse: 0.0000 (+0.0000) 
max(dx) 0.003478 (new) 0.008655 (old) 0.401897[0m (ratio)
Cnvgd (fev=24) : LSq: 0.2451 (-19.9070) Distance: 0.2201 (-9.7302) Angle: 0.0009 (-5.7485) Dihedral: 0.0241 (-4.4283) Anchor: 0.0000 (+0.0000) Morse: 0.0000 (+0.0000) 
max(dx) 0.002292 (new) 0.006717 (old) 0.341236[0m (ratio)
Cnvgd (fev=25) : LSq: 0.2567 (-19.1055) Distance: 0.2302 (-9.4349) Angle: 0.0009 (-5.4575) Dihedral: 0.0256 (-4.2131) Anchor: 0.0000 (+0.0000) Morse: 0.0000 (+0.0000) 
max(dx) 0.001540 (new) 0.007013 (old) 0.219530[0m (ratio)
Cnvgd (fev=24) : LSq: 0.2687 (-18.3247) Distance: 0.2406 (-9.1741) Angle: 0.0009 (-5.1393) Dihedral: 0.0271 (-4.0112) Anchor: 0.0000 (+0.0000) Morse: 0.0000 (+0.0000) 
Working on frame 190 / 274 
max(dx) 0.001554 (new) 0.007042 (old) 0.220657[0m (ratio)
Cnvgd (fev=27) : LSq: 0.2810 (-17.5766) Distance: 0.2515 (-8.9477) Angle: 0.0009 (-4.8001) Dihedral: 0.0287 (-3.8288) Anchor: 0.0000 (+0.0000) Morse: 0.0000 (+0.0000) 
max(dx) 0.001567 (new) 0.007070 (old) 0.221670[0m (ratio)
Cnvgd (fev=24) : LSq: 0.2939 (-16.8742) Distance: 0.2626 (-8.7561) Angle: 0.0009 (-4.4473) Dihedral: 0.0303 (-3.6708) Anchor: 0.0000 (+0.0000) Morse: 0.0000 (+0.0000) 
max(dx) 0.001580 (new) 0.007098 (old) 0.222566[0m (ratio)
Cnvgd (fev=25) : LSq: 0.3071 (-16.2306) Distance: 0.2742 (-8.6005) Angle: 0.0009 (-4.0895) Dihedral: 0.0320 (-3.5406) Anchor: 0.0000 (+0.0000) Morse: 0.0000 (+0.0000) 
max(dx) 0.001591 (new) 0.007126 (old) 0.223343[0m (ratio)
Cnvgd (fev=26) : LSq: 0.3209 (-15.6572) Distance: 0.2861 (-8.4828) Angle: 0.0009 (-3.7351) Dihedral: 0.0338 (-3.4393) Anchor: 0.0000 (+0.0000) Morse: 0.0000 (+0.0000) 
max(dx) 0.001609 (new) 0.007153 (old) 0.224935[0m (ratio)
Cnvgd (fev=25) : LSq: 0.3350 (-15.1637) Distance: 0.2984 (-8.4055) Angle: 0.0009 (-3.3921) Dihedral: 0.0357 (-3.3661) Anchor: 0.0000 (+0.0000) Morse: 0.0000 (+0.0000) 
max(dx) 0.001627 (new) 0.007181 (old) 0.226602[0m (ratio)
Cnvgd (fev=24) : LSq: 0.3497 (-14.7577) Distance: 0.3111 (-8.3719) Angle: 0.0009 (-3.0673) Dihedral: 0.0377 (-3.3185) Anchor: 0.0000 (+0.0000) Morse: 0.0000 (+0.0000) 
max(dx) 0.001647 (new) 0.007209 (old) 0.228422[0m (ratio)
Cnvgd (fev=23) : LSq: 0.3648 (-14.4447) Distance: 0.3242 (-8.3858) Angle: 0.0009 (-2.7660) Dihedral: 0.0397 (-3.2930) Anchor: 0.0000 (+0.0000) Morse: 0.0000 (+0.0000) 
max(dx) 0.001666 (new) 0.007236 (old) 0.230174[0m (ratio)
Cnvgd (fev=23) : LSq: 0.3804 (-14.2286) Distance: 0.3378 (-8.4514) Angle: 0.0009 (-2.4915) Dihedral: 0.0418 (-3.2857) Anchor: 0.0000 (+0.0000) Morse: 0.0000 (+0.0000) 
max(dx) 0.001684 (new) 0.007263 (old) 0.231791[0m (ratio)
Cnvgd (fev=22) : LSq: 0.3971 (-14.0866) Distance: 0.3522 (-8.5550) Angle: 0.0009 (-2.2423) Dihedral: 0.0441 (-3.2893) Anchor: 0.0000 (+0.0000) Morse: 0.0000 (+0.0000) 
max(dx) 0.001708 (new) 0.007300 (old) 0.233897[0m (ratio)
Cnvgd (fev=23) : LSq: 0.4387 (-12.9261) Distance: 0.3889 (-7.9183) Angle: 0.0009 (-1.8705) Dihedral: 0.0489 (-3.1373) Anchor: 0.0000 (+0.0000) Morse: 0.0000 (+0.0000) 
Working on frame 200 / 274 
max(dx) 0.001963 (new) 0.007760 (old) 0.252897[0m (ratio)
Cnvgd (fev=23) : LSq: 0.4831 (-11.8304) Distance: 0.4283 (-7.3336) Angle: 0.0009 (-1.5116) Dihedral: 0.0540 (-2.9852) Anchor: 0.0000 (+0.0000) Morse: 0.0000 (+0.0000) 
max(dx) 0.001992 (new) 0.007551 (old) 0.263775[0m (ratio)
Cnvgd (fev=22) : LSq: 0.5305 (-10.8572) Distance: 0.4702 (-6.8395) Angle: 0.0009 (-1.1762) Dihedral: 0.0594 (-2.8415) Anchor: 0.0000 (+0.0000) Morse: 0.0000 (+0.0000) 
max(dx) 0.002018 (new) 0.007563 (old) 0.266815[0m (ratio)
Cnvgd (fev=22) : LSq: 0.5807 (-10.0233) Distance: 0.5148 (-6.4358) Angle: 0.0009 (-0.8776) Dihedral: 0.0650 (-2.7099) Anchor: 0.0000 (+0.0000) Morse: 0.0000 (+0.0000) 
max(dx) 0.002044 (new) 0.007576 (old) 0.269778[0m (ratio)
Cnvgd (fev=21) : LSq: 0.6338 (-9.3462) Distance: 0.5620 (-6.1223) Angle: 0.0009 (-0.6287) Dihedral: 0.0709 (-2.5952) Anchor: 0.0000 (+0.0000) Morse: 0.0000 (+0.0000) 
max(dx) 0.002069 (new) 0.007590 (old) 0.272662[0m (ratio)
Cnvgd (fev=20) : LSq: 0.6898 (-8.8434) Distance: 0.6119 (-5.8994) Angle: 0.0009 (-0.4406) Dihedral: 0.0770 (-2.5034) Anchor: 0.0000 (+0.0000) Morse: 0.0000 (+0.0000) 
max(dx) 0.002094 (new) 0.007603 (old) 0.275383[0m (ratio)
Cnvgd (fev=21) : LSq: 0.7488 (-8.5322) Distance: 0.6645 (-5.7678) Angle: 0.0009 (-0.3219) Dihedral: 0.0833 (-2.4424) Anchor: 0.0000 (+0.0000) Morse: 0.0000 (+0.0000) 
max(dx) 0.002116 (new) 0.007616 (old) 0.277881[0m (ratio)
Cnvgd (fev=21) : LSq: 0.8108 (-8.4289) Distance: 0.7199 (-5.7288) Angle: 0.0009 (-0.2781) Dihedral: 0.0899 (-2.4219) Anchor: 0.0000 (+0.0000) Morse: 0.0000 (+0.0000) 
max(dx) 0.002140 (new) 0.007629 (old) 0.280480[0m (ratio)
Cnvgd (fev=21) : LSq: 0.8757 (-8.5480) Distance: 0.7781 (-5.7839) Angle: 0.0010 (-0.3109) Dihedral: 0.0966 (-2.4532) Anchor: 0.0000 (+0.0000) Morse: 0.0000 (+0.0000) 
max(dx) 0.002162 (new) 0.007641 (old) 0.282900[0m (ratio)
Cnvgd (fev=20) : LSq: 0.9437 (-8.9017) Distance: 0.8392 (-5.9351) Angle: 0.0010 (-0.4185) Dihedral: 0.1036 (-2.5481) Anchor: 0.0000 (+0.0000) Morse: 0.0000 (+0.0000) 
max(dx) 0.002183 (new) 0.007653 (old) 0.285176[0m (ratio)
Cnvgd (fev=22) : LSq: 1.0134 (-8.8713) Distance: 0.9018 (-5.9800) Angle: 0.0010 (-0.6003) Dihedral: 0.1106 (-2.2909) Anchor: 0.0000 (+0.0000) Morse: 0.0000 (+0.0000) 
Working on frame 210 / 274 
max(dx) 0.002198 (new) 0.005889 (old) 0.373264[0m (ratio)
Cnvgd (fev=21) : LSq: 1.0748 (-8.2929) Distance: 0.9570 (-5.8492) Angle: 0.0010 (-0.8145) Dihedral: 0.1168 (-1.6292) Anchor: 0.0000 (+0.0000) Morse: 0.0000 (+0.0000) 
max(dx) 0.002170 (new) 0.007953 (old) 0.272836[0m (ratio)
Cnvgd (fev=23) : LSq: 1.1309 (-7.9324) Distance: 1.0074 (-5.7864) Angle: 0.0010 (-1.0275) Dihedral: 0.1225 (-1.1186) Anchor: 0.0000 (+0.0000) Morse: 0.0000 (+0.0000) 
max(dx) 0.002160 (new) 0.007898 (old) 0.273470[0m (ratio)
Cnvgd (fev=23) : LSq: 1.1890 (-7.8215) Distance: 1.0596 (-5.8201) Angle: 0.0011 (-1.2437) Dihedral: 0.1283 (-0.7577) Anchor: 0.0000 (+0.0000) Morse: 0.0000 (+0.0000) 
max(dx) 0.002186 (new) 0.007907 (old) 0.276444[0m (ratio)
Cnvgd (fev=23) : LSq: 1.2491 (-7.9185) Distance: 1.1139 (-5.9516) Angle: 0.0011 (-1.4478) Dihedral: 0.1342 (-0.5190) Anchor: 0.0000 (+0.0000) Morse: 0.0000 (+0.0000) 
max(dx) 0.002211 (new) 0.007916 (old) 0.279323[0m (ratio)
Cnvgd (fev=22) : LSq: 1.3114 (-8.1759) Distance: 1.1702 (-6.1825) Angle: 0.0011 (-1.6257) Dihedral: 0.1401 (-0.3677) Anchor: 0.0000 (+0.0000) Morse: 0.0000 (+0.0000) 
max(dx) 0.002233 (new) 0.007924 (old) 0.281814[0m (ratio)
Cnvgd (fev=22) : LSq: 1.3651 (-8.4345) Distance: 1.2186 (-6.4401) Angle: 0.0011 (-1.7346) Dihedral: 0.1454 (-0.2598) Anchor: 0.0000 (+0.0000) Morse: 0.0000 (+0.0000) 
max(dx) 0.002212 (new) 0.006802 (old) 0.325226[0m (ratio)
Cnvgd (fev=22) : LSq: 1.3530 (-8.1001) Distance: 1.2066 (-6.3107) Angle: 0.0011 (-1.6440) Dihedral: 0.1453 (-0.1454) Anchor: 0.0000 (+0.0000) Morse: 0.0000 (+0.0000) 
max(dx) 0.001978 (new) 0.006480 (old) 0.305286[0m (ratio)
Cnvgd (fev=23) : LSq: 1.3083 (-7.5888) Distance: 1.1647 (-6.0017) Angle: 0.0011 (-1.5094) Dihedral: 0.1426 (-0.0777) Anchor: 0.0000 (+0.0000) Morse: 0.0000 (+0.0000) 
max(dx) 0.001873 (new) 0.005101 (old) 0.367184[0m (ratio)
Cnvgd (fev=22) : LSq: 1.2647 (-7.1872) Distance: 1.1238 (-5.7546) Angle: 0.0011 (-1.3972) Dihedral: 0.1398 (-0.0354) Anchor: 0.0000 (+0.0000) Morse: 0.0000 (+0.0000) 
max(dx) 0.001893 (new) 0.005118 (old) 0.369872[0m (ratio)
Cnvgd (fev=22) : LSq: 1.2220 (-6.8947) Distance: 1.0839 (-5.5692) Angle: 0.0010 (-1.3062) Dihedral: 0.1370 (-0.0193) Anchor: 0.0000 (+0.0000) Morse: 0.0000 (+0.0000) 
Working on frame 220 / 274 
max(dx) 0.001913 (new) 0.005136 (old) 0.372497[0m (ratio)
Cnvgd (fev=22) : LSq: 1.1802 (-6.7106) Distance: 1.0450 (-5.4453) Angle: 0.0010 (-1.2352) Dihedral: 0.1342 (-0.0301) Anchor: 0.0000 (+0.0000) Morse: 0.0000 (+0.0000) 
max(dx) 0.001932 (new) 0.005152 (old) 0.375055[0m (ratio)
Cnvgd (fev=22) : LSq: 1.1246 (-6.4179) Distance: 0.9935 (-5.2313) Angle: 0.0010 (-1.1316) Dihedral: 0.1302 (-0.0549) Anchor: 0.0000 (+0.0000) Morse: 0.0000 (+0.0000) 
max(dx) 0.001894 (new) 0.005417 (old) 0.349710[0m (ratio)
Cnvgd (fev=21) : LSq: 1.0518 (-5.9597) Distance: 0.9264 (-4.8739) Angle: 0.0010 (-0.9824) Dihedral: 0.1245 (-0.1034) Anchor: 0.0000 (+0.0000) Morse: 0.0000 (+0.0000) 
max(dx) 0.001842 (new) 0.005745 (old) 0.320616[0m (ratio)
Cnvgd (fev=22) : LSq: 0.9808 (-5.6126) Distance: 0.8611 (-4.5595) Angle: 0.0009 (-0.8517) Dihedral: 0.1188 (-0.2014) Anchor: 0.0000 (+0.0000) Morse: 0.0000 (+0.0000) 
max(dx) 0.001857 (new) 0.005753 (old) 0.322817[0m (ratio)
Cnvgd (fev=22) : LSq: 0.9128 (-5.3928) Distance: 0.7987 (-4.3010) Angle: 0.0009 (-0.7430) Dihedral: 0.1131 (-0.3488) Anchor: 0.0000 (+0.0000) Morse: 0.0000 (+0.0000) 
max(dx) 0.001878 (new) 0.005767 (old) 0.325628[0m (ratio)
Cnvgd (fev=23) : LSq: 0.8477 (-5.2891) Distance: 0.7392 (-4.0964) Angle: 0.0009 (-0.6547) Dihedral: 0.1076 (-0.5380) Anchor: 0.0000 (+0.0000) Morse: 0.0000 (+0.0000) 
max(dx) 0.001896 (new) 0.005782 (old) 0.327907[0m (ratio)
Cnvgd (fev=23) : LSq: 0.7855 (-5.2865) Distance: 0.6825 (-3.9440) Angle: 0.0009 (-0.5852) Dihedral: 0.1022 (-0.7572) Anchor: 0.0000 (+0.0000) Morse: 0.0000 (+0.0000) 
max(dx) 0.001914 (new) 0.005798 (old) 0.330211[0m (ratio)
Cnvgd (fev=23) : LSq: 0.7262 (-5.3697) Distance: 0.6285 (-3.8423) Angle: 0.0008 (-0.5330) Dihedral: 0.0969 (-0.9944) Anchor: 0.0000 (+0.0000) Morse: 0.0000 (+0.0000) 
max(dx) 0.001932 (new) 0.005813 (old) 0.332389[0m (ratio)
Cnvgd (fev=23) : LSq: 0.6696 (-5.5260) Distance: 0.5772 (-3.7900) Angle: 0.0008 (-0.4967) Dihedral: 0.0916 (-1.2393) Anchor: 0.0000 (+0.0000) Morse: 0.0000 (+0.0000) 
max(dx) 0.001948 (new) 0.005828 (old) 0.334273[0m (ratio)
Cnvgd (fev=24) : LSq: 0.6159 (-5.7459) Distance: 0.5285 (-3.7861) Angle: 0.0008 (-0.4749) Dihedral: 0.0866 (-1.4849) Anchor: 0.0000 (+0.0000) Morse: 0.0000 (+0.0000) 
Working on frame 230 / 274 
max(dx) 0.001963 (new) 0.005844 (old) 0.335975[0m (ratio)
Cnvgd (fev=25) : LSq: 0.5648 (-6.0238) Distance: 0.4824 (-3.8300) Angle: 0.0007 (-0.4665) Dihedral: 0.0816 (-1.7273) Anchor: 0.0000 (+0.0000) Morse: 0.0000 (+0.0000) 
max(dx) 0.001978 (new) 0.005859 (old) 0.337628[0m (ratio)
Cnvgd (fev=24) : LSq: 0.5164 (-6.3567) Distance: 0.4389 (-3.9212) Angle: 0.0007 (-0.4705) Dihedral: 0.0768 (-1.9650) Anchor: 0.0000 (+0.0000) Morse: 0.0000 (+0.0000) 
max(dx) 0.001993 (new) 0.005875 (old) 0.339210[0m (ratio)
Cnvgd (fev=24) : LSq: 0.4706 (-6.7437) Distance: 0.3977 (-4.0595) Angle: 0.0007 (-0.4864) Dihedral: 0.0722 (-2.1978) Anchor: 0.0000 (+0.0000) Morse: 0.0000 (+0.0000) 
max(dx) 0.002005 (new) 0.005891 (old) 0.340386[0m (ratio)
Cnvgd (fev=25) : LSq: 0.4274 (-7.1854) Distance: 0.3591 (-4.2450) Angle: 0.0006 (-0.5138) Dihedral: 0.0677 (-2.4267) Anchor: 0.0000 (+0.0000) Morse: 0.0000 (+0.0000) 
max(dx) 0.002018 (new) 0.005906 (old) 0.341610[0m (ratio)
Cnvgd (fev=24) : LSq: 0.3769 (-7.5857) Distance: 0.3138 (-4.4952) Angle: 0.0006 (-0.5587) Dihedral: 0.0624 (-2.5317) Anchor: 0.0000 (+0.0000) Morse: 0.0000 (+0.0000) 
max(dx) 0.001976 (new) 0.005771 (old) 0.342312[0m (ratio)
Cnvgd (fev=24) : LSq: 0.3360 (-6.8126) Distance: 0.2774 (-4.1864) Angle: 0.0006 (-0.5432) Dihedral: 0.0580 (-2.0829) Anchor: 0.0000 (+0.0000) Morse: 0.0000 (+0.0000) 
max(dx) 0.002019 (new) 0.006961 (old) 0.290113[0m (ratio)
Cnvgd (fev=25) : LSq: 0.3065 (-6.0037) Distance: 0.2513 (-3.7625) Angle: 0.0005 (-0.5091) Dihedral: 0.0546 (-1.7321) Anchor: 0.0000 (+0.0000) Morse: 0.0000 (+0.0000) 
max(dx) 0.002081 (new) 0.007403 (old) 0.281067[0m (ratio)
Cnvgd (fev=26) : LSq: 0.2786 (-5.4275) Distance: 0.2268 (-3.4274) Angle: 0.0005 (-0.4806) Dihedral: 0.0513 (-1.5195) Anchor: 0.0000 (+0.0000) Morse: 0.0000 (+0.0000) 
max(dx) 0.002090 (new) 0.007434 (old) 0.281144[0m (ratio)
Cnvgd (fev=24) : LSq: 0.2524 (-5.0295) Distance: 0.2038 (-3.1796) Angle: 0.0005 (-0.4551) Dihedral: 0.0481 (-1.3948) Anchor: 0.0000 (+0.0000) Morse: 0.0000 (+0.0000) 
max(dx) 0.002099 (new) 0.007464 (old) 0.281210[0m (ratio)
Cnvgd (fev=23) : LSq: 0.2278 (-4.7728) Distance: 0.1823 (-3.0182) Angle: 0.0005 (-0.4321) Dihedral: 0.0450 (-1.3225) Anchor: 0.0000 (+0.0000) Morse: 0.0000 (+0.0000) 
Working on frame 240 / 274 
max(dx) 0.002107 (new) 0.007493 (old) 0.281158[0m (ratio)
Cnvgd (fev=23) : LSq: 0.2047 (-4.6362) Distance: 0.1622 (-2.9434) Angle: 0.0004 (-0.4122) Dihedral: 0.0420 (-1.2806) Anchor: 0.0000 (+0.0000) Morse: 0.0000 (+0.0000) 
max(dx) 0.002115 (new) 0.007522 (old) 0.281153[0m (ratio)
Cnvgd (fev=23) : LSq: 0.1916 (-4.4988) Distance: 0.1513 (-2.8592) Angle: 0.0004 (-0.4039) Dihedral: 0.0399 (-1.2357) Anchor: 0.0000 (+0.0000) Morse: 0.0000 (+0.0000) 
max(dx) 0.002193 (new) 0.006487 (old) 0.338093[0m (ratio)
Cnvgd (fev=22) : LSq: 0.2087 (-4.0920) Distance: 0.1681 (-2.5325) Angle: 0.0004 (-0.4006) Dihedral: 0.0402 (-1.1589) Anchor: 0.0000 (+0.0000) Morse: 0.0000 (+0.0000) 
max(dx) 0.002440 (new) 0.008415 (old) 0.289997[0m (ratio)
Cnvgd (fev=22) : LSq: 0.2274 (-3.8740) Distance: 0.1862 (-2.3822) Angle: 0.0004 (-0.3940) Dihedral: 0.0407 (-1.0978) Anchor: 0.0000 (+0.0000) Morse: 0.0000 (+0.0000) 
max(dx) 0.002460 (new) 0.009049 (old) 0.271864[0m (ratio)
Cnvgd (fev=22) : LSq: 0.1787 (-3.4333) Distance: 0.1429 (-2.0479) Angle: 0.0004 (-0.3900) Dihedral: 0.0355 (-0.9954) Anchor: 0.0000 (+0.0000) Morse: 0.0000 (+0.0000) 
max(dx) 0.001998 (new) 0.008938 (old) 0.223516[0m (ratio)
Cnvgd (fev=20) : LSq: 0.1293 (-3.0741) Distance: 0.0987 (-1.7453) Angle: 0.0003 (-0.3903) Dihedral: 0.0303 (-0.9384) Anchor: 0.0000 (+0.0000) Morse: 0.0000 (+0.0000) 
max(dx) 0.002071 (new) 0.009397 (old) 0.220377[0m (ratio)
Cnvgd (fev=21) : LSq: 0.0916 (-2.9019) Distance: 0.0649 (-1.5370) Angle: 0.0002 (-0.3961) Dihedral: 0.0265 (-0.9688) Anchor: 0.0000 (+0.0000) Morse: 0.0000 (+0.0000) 
max(dx) 0.002077 (new) 0.009361 (old) 0.221870[0m (ratio)
Cnvgd (fev=19) : LSq: 0.0655 (-2.9415) Distance: 0.0415 (-1.4193) Angle: 0.0002 (-0.4069) Dihedral: 0.0238 (-1.1153) Anchor: 0.0000 (+0.0000) Morse: 0.0000 (+0.0000) 
max(dx) 0.002085 (new) 0.009325 (old) 0.223606[0m (ratio)
Cnvgd (fev=18) : LSq: 0.0526 (-2.8136) Distance: 0.0301 (-1.3357) Angle: 0.0001 (-0.4576) Dihedral: 0.0223 (-1.0203) Anchor: 0.0000 (+0.0000) Morse: 0.0000 (+0.0000) 
max(dx) 0.002004 (new) 0.004010 (old) 0.499779[0m (ratio)
Cnvgd (fev=20) : LSq: 0.0480 (-2.5492) Distance: 0.0269 (-1.2706) Angle: 0.0001 (-0.4943) Dihedral: 0.0209 (-0.7843) Anchor: 0.0000 (+0.0000) Morse: 0.0000 (+0.0000) 
Working on frame 250 / 274 
max(dx) 0.002243 (new) 0.005143 (old) 0.436184[0m (ratio)
Cnvgd (fev=17) : LSq: 0.0499 (-2.3593) Distance: 0.0305 (-1.2484) Angle: 0.0001 (-0.6145) Dihedral: 0.0193 (-0.4965) Anchor: 0.0000 (+0.0000) Morse: 0.0000 (+0.0000) 
max(dx) 0.002539 (new) 0.006639 (old) 0.382462[0m (ratio)
Cnvgd (fev=21) : LSq: 0.0579 (-2.3060) Distance: 0.0396 (-1.2911) Angle: 0.0002 (-0.7504) Dihedral: 0.0182 (-0.2645) Anchor: 0.0000 (+0.0000) Morse: 0.0000 (+0.0000) 
max(dx) 0.002784 (new) 0.007678 (old) 0.362552[0m (ratio)
Cnvgd (fev=20) : LSq: 0.0666 (-2.4043) Distance: 0.0490 (-1.4152) Angle: 0.0002 (-0.8373) Dihedral: 0.0175 (-0.1518) Anchor: 0.0000 (+0.0000) Morse: 0.0000 (+0.0000) 
max(dx) 0.002518 (new) 0.006004 (old) 0.419309[0m (ratio)
Cnvgd (fev=20) : LSq: 0.0628 (-2.3901) Distance: 0.0466 (-1.4353) Angle: 0.0002 (-0.7737) Dihedral: 0.0160 (-0.1811) Anchor: 0.0000 (+0.0000) Morse: 0.0000 (+0.0000) 
max(dx) 0.002322 (new) 0.006901 (old) 0.336541[0m (ratio)
Cnvgd (fev=18) : LSq: 0.0367 (-2.0525) Distance: 0.0230 (-1.2102) Angle: 0.0001 (-0.6758) Dihedral: 0.0137 (-0.1665) Anchor: 0.0000 (+0.0000) Morse: 0.0000 (+0.0000) 
max(dx) 0.002617 (new) 0.007580 (old) 0.345278[0m (ratio)
Cnvgd (fev=18) : LSq: 0.0307 (-1.7940) Distance: 0.0182 (-1.0737) Angle: 0.0001 (-0.5949) Dihedral: 0.0124 (-0.1254) Anchor: 0.0000 (+0.0000) Morse: 0.0000 (+0.0000) 
max(dx) 0.002225 (new) 0.005313 (old) 0.418666[0m (ratio)
Cnvgd (fev=20) : LSq: 0.0376 (-1.5867) Distance: 0.0262 (-0.9913) Angle: 0.0001 (-0.5165) Dihedral: 0.0113 (-0.0789) Anchor: 0.0000 (+0.0000) Morse: 0.0000 (+0.0000) 
max(dx) 0.003082 (new) 0.007086 (old) 0.435006[0m (ratio)
Cnvgd (fev=20) : LSq: 0.0494 (-1.4856) Distance: 0.0384 (-1.0039) Angle: 0.0001 (-0.4331) Dihedral: 0.0109 (-0.0486) Anchor: 0.0000 (+0.0000) Morse: 0.0000 (+0.0000) 
max(dx) 0.002932 (new) 0.007055 (old) 0.415508[0m (ratio)
Cnvgd (fev=15) : LSq: 0.0545 (-1.4771) Distance: 0.0441 (-1.0972) Angle: 0.0001 (-0.3507) Dihedral: 0.0103 (-0.0292) Anchor: 0.0000 (+0.0000) Morse: 0.0000 (+0.0000) 
max(dx) 0.002497 (new) 0.007289 (old) 0.342633[0m (ratio)
Cnvgd (fev=17) : LSq: 0.0487 (-1.4492) Distance: 0.0396 (-1.1477) Angle: 0.0001 (-0.2862) Dihedral: 0.0090 (-0.0153) Anchor: 0.0000 (+0.0000) Morse: 0.0000 (+0.0000) 
Working on frame 260 / 274 
max(dx) 0.002363 (new) 0.007741 (old) 0.305294[0m (ratio)
Cnvgd (fev=20) : LSq: 0.0411 (-1.4648) Distance: 0.0333 (-1.2238) Angle: 0.0001 (-0.2324) Dihedral: 0.0077 (-0.0086) Anchor: 0.0000 (+0.0000) Morse: 0.0000 (+0.0000) 
max(dx) 0.002345 (new) 0.007698 (old) 0.304684[0m (ratio)
Cnvgd (fev=21) : LSq: 0.0295 (-1.5572) Distance: 0.0233 (-1.3487) Angle: 0.0001 (-0.1999) Dihedral: 0.0061 (-0.0086) Anchor: 0.0000 (+0.0000) Morse: 0.0000 (+0.0000) 
max(dx) 0.002280 (new) 0.007106 (old) 0.320916[0m (ratio)
Cnvgd (fev=21) : LSq: 0.0175 (-1.6831) Distance: 0.0128 (-1.4559) Angle: 0.0001 (-0.2115) Dihedral: 0.0047 (-0.0158) Anchor: 0.0000 (+0.0000) Morse: 0.0000 (+0.0000) 
max(dx) 0.002216 (new) 0.006268 (old) 0.353471[0m (ratio)
Cnvgd (fev=21) : LSq: 0.0120 (-1.7985) Distance: 0.0082 (-1.5277) Angle: 0.0000 (-0.2444) Dihedral: 0.0037 (-0.0263) Anchor: 0.0000 (+0.0000) Morse: 0.0000 (+0.0000) 
max(dx) 0.002309 (new) 0.006875 (old) 0.335819[0m (ratio)
Cnvgd (fev=21) : LSq: 0.0094 (-1.8539) Distance: 0.0064 (-1.5270) Angle: 0.0000 (-0.2866) Dihedral: 0.0030 (-0.0403) Anchor: 0.0000 (+0.0000) Morse: 0.0000 (+0.0000) 
max(dx) 0.002395 (new) 0.007136 (old) 0.335588[0m (ratio)
Cnvgd (fev=22) : LSq: 0.0090 (-1.7246) Distance: 0.0066 (-1.3836) Angle: 0.0000 (-0.2825) Dihedral: 0.0023 (-0.0585) Anchor: 0.0000 (+0.0000) Morse: 0.0000 (+0.0000) 
max(dx) 0.002475 (new) 0.006224 (old) 0.397708[0m (ratio)
Cnvgd (fev=19) : LSq: 0.0092 (-1.1983) Distance: 0.0073 (-0.9686) Angle: 0.0000 (-0.1733) Dihedral: 0.0018 (-0.0564) Anchor: 0.0000 (+0.0000) Morse: 0.0000 (+0.0000) 
max(dx) 0.002462 (new) 0.005634 (old) 0.437034[0m (ratio)
Cnvgd (fev=18) : LSq: 0.0070 (-0.8055) Distance: 0.0056 (-0.6465) Angle: 0.0000 (-0.1184) Dihedral: 0.0013 (-0.0406) Anchor: 0.0000 (+0.0000) Morse: 0.0000 (+0.0000) 
max(dx) 0.002371 (new) 0.008043 (old) 0.294835[0m (ratio)
Cnvgd (fev=16) : LSq: 0.0046 (-0.5364) Distance: 0.0037 (-0.4113) Angle: 0.0000 (-0.0971) Dihedral: 0.0008 (-0.0280) Anchor: 0.0000 (+0.0000) Morse: 0.0000 (+0.0000) 
max(dx) 0.002353 (new) 0.007936 (old) 0.296454[0m (ratio)
Cnvgd (fev=20) : LSq: 0.0022 (-0.3469) Distance: 0.0017 (-0.2445) Angle: 0.0000 (-0.0829) Dihedral: 0.0005 (-0.0195) Anchor: 0.0000 (+0.0000) Morse: 0.0000 (+0.0000) 
Working on frame 270 / 274 
max(dx) 0.002324 (new) 0.007718 (old) 0.301144[0m (ratio)
Cnvgd (fev=20) : LSq: 0.0006 (-0.1526) Distance: 0.0004 (-0.1231) Angle: 0.0000 (-0.0182) Dihedral: 0.0002 (-0.0113) Anchor: 0.0000 (+0.0000) Morse: 0.0000 (+0.0000) 
max(dx) 0.002317 (new) 0.007491 (old) 0.309347[0m (ratio)
Cnvgd (fev= 6) : LSq: 0.0001 (-0.0424) Distance: 0.0001 (-0.0386) Angle: 0.0000 (-0.0004) Dihedral: 0.0001 (-0.0034) Anchor: 0.0000 (+0.0000) Morse: 0.0000 (+0.0000) 
max(dx) 0.002368 (new) 0.006077 (old) 0.389757[0m (ratio)
Cnvgd (fev= 2) : LSq: 0.0000 (+0.0000) Distance: 0.0000 (+0.0000) Angle: 0.0000 (+0.0000) Dihedral: 0.0000 (+0.0000) Anchor: 0.0000 (+0.0000) 
max(dx) 0.002418 (new) 0.008200 (old) 0.294865[0m (ratio)
[92mFinished (forward)[0m
Saving output to ./H2O_proton/200-220/NEB_ready_H2O_proton_200-220.xyz
