Client is ready
Specification MD_traj_spec was added into OptimizationDataset(name=`MD_traj_ds`, id='44', client='https://breakaway:7777/') 
Calculations in 'MD_traj_ds' with 'MD_traj_spec' specification have been submitted. Run the QCFractal manager to carry the calculations.
Dataset Status
           MD_traj_spec
MD_traj_0      COMPLETE
MD_traj_10     COMPLETE
MD_traj_20     COMPLETE
MD_traj_21     COMPLETE
MD_traj_1      COMPLETE
MD_traj_2      COMPLETE
MD_traj_3      COMPLETE
MD_traj_4      COMPLETE
MD_traj_5      COMPLETE
MD_traj_6      COMPLETE
MD_traj_7      COMPLETE
MD_traj_8      COMPLETE
MD_traj_9      COMPLETE
MD_traj_11     COMPLETE
MD_traj_12     COMPLETE
MD_traj_13     COMPLETE
MD_traj_14     COMPLETE
MD_traj_15     COMPLETE
MD_traj_16     COMPLETE
MD_traj_17     COMPLETE
MD_traj_18     COMPLETE
MD_traj_19     COMPLETE
22/22 calculations are completed
Optimization step is completed.
Detecting reactions now.
Smoothing Procedure is running on the local machine. NEB ready xyz files will be generated once the smoothing procedure is done.
Number of reactions detected: 1
Generating ./MD_traj/10-11/NEB_ready.xyz
NEB method will be used to refine ./MD_traj/10-11/NEB_ready.xyz initial chain
Input Detail: {'program': 'psi4', 'images': 21, 'avgg': 0.025, 'maxg': 0.05, 'nebk': 1, 'maxcyc': 200, 'guessk': 0.01, 'guessw': 0.5, 'coords': './MD_traj/10-11/NEB_ready.xyz', 'coordsys': 'cart', 'engine': 'qcengine', 'client': FractalClient(server_name='QCFractal Server', address='https://breakaway:7777/', username='User1'), 'input': './MD_traj/10-11/NEB_ready', 'qcschema': {'schema_name': 'qcschema_input', 'schema_version': 1, 'driver': <DriverEnum.gradient: 'gradient'>, 'model': {'method': 'b3lyp', 'basis': '6-31+g(d)'}, 'keywords': {}, 'extras': {'_qcengine_local_config': {'ncores': 16, 'nnodes': 1, 'memory': 111.848, 'scratch_directory': None, 'retries': 2, 'mpiexec_command': None, 'use_mpiexec': False, 'cores_per_rank': 1, 'scratch_messy': False}}, 'molecule': {'schema_name': 'qcschema_molecule', 'schema_version': 2, 'validated': True, 'symbols': ['C', 'N', 'H'], 'geometry': array([[-1.421048  , -1.5632454 ,  0.        ],
       [ 0.07459757,  0.08215043,  0.        ],
       [ 1.34645043,  1.48109497,  0.        ]]), 'name': 'CHN', 'molecular_charge': 0.0, 'molecular_multiplicity': 1, 'fix_com': True, 'fix_orientation': True, 'provenance': {'creator': 'QCElemental', 'version': 'v0.23.0', 'routine': 'qcelemental.molparse.from_schema'}}}, 'qce_program': 'psi4'}
Input coordinates have 43 frames. The following will be used to initialize NEB images:
0, 2, 4, 6, 8, 10, 13, 15, 17, 19, 21, 23, 25, 27, 29, 32, 34, 36, 38, 40, 42
Starting Test
cartesian, w = 0.5
Running an NEB calculation through QCAI.
First, optimizing endpoint images.
QCAI optimization started.
Procedure added
QCAI optimization is done.
QCAI optimization started.
Procedure added
QCAI optimization is done.
Optimizing End Points are done.
Now optimizing the chain.
Evening out spacings: Deleted image  1 and added a new image between 14 and 15
Evening out spacings: Deleted image  4 and added a new image between 15 and 16
Image Number          :     0       1       2       3       4       5       6       7       8       9      10      11      12      13      14      15      16      17      18      19      20  
Spacing (Ang)     Old :       0.064   0.064   0.102   0.103   0.100   0.088   0.104   0.113   0.078   0.112   0.105   0.116   0.143   0.162   0.263   0.228   0.112   0.131   0.152   0.135 
                  New :       0.123   0.102   0.103   0.187   0.104   0.113   0.078   0.112   0.105   0.116   0.143   0.162   0.132   0.132   0.114   0.114   0.112   0.131   0.152   0.135 
Metric completed in 0.003 seconds, maxerr = 0.000e+00
-=# Optimization cycle 0 #=-
Image Number          :     0       1       2       3       4       5       6       7       8       9      10      11      12      13      14      15      16      17      18      19      20  
                        [94m  (min)[0m   ---->   ---->   ---->   ---->   ---->   ---->   (max)   <----   <----   <----   <----   <----   (min)   (max)   (min)   ---->   ---->   (max)   <---- [94m  (min)[0m
Energies  (kcal/mol)  :  14.705  16.886  20.423  26.612  39.493  61.338 108.294 143.634  71.823  50.270  43.924  36.605  21.039  11.086  11.660   6.255   8.079  11.247  83.768  11.564   0.000
Spacing (Ang)         :       0.123   0.102   0.103   0.187   0.104   0.113   0.078   0.112   0.105   0.116   0.143   0.162   0.132   0.132   0.114   0.114   0.112   0.131   0.152   0.135 
Gradients (eV/Ang)    :   0.166   1.358   0.201   0.937   1.025   7.600  18.936  29.556   7.756   4.136   5.414   6.366   5.403   3.303   5.438   3.621   3.340   9.133  34.134   9.690   0.041
Straightness          :   1.000   0.862   0.989   0.972   0.199   0.942   0.808  -0.202   0.927   0.333   0.978   0.843   0.951   1.000   0.881   1.000  -0.789   0.997  -0.988   0.883   1.000
-= Chain Properties =-
@ GAvg(eV/Ang)  GMax(eV/Ang)   Length(Ang)  DeltaE(kcal)   RMSD(Ang) TrustRad(Ang)  Step Quality
@     8.2815       34.1338        2.4699  
-=# Optimization cycle 1 #=-
Hessian Eigenvalues (Working) :  1.0000e-02  1.0000e-02  1.0000e-02  1.0000e-02  1.0000e-02 ...  1.0000e+00  1.0000e+00  1.0000e+00  1.0000e+00  1.0000e+00
Time since last ComputeChain: 3.603 s
Image Number          :     0       1       2       3       4       5       6       7       8       9      10      11      12      13      14      15      16      17      18      19      20  
                        [94m  (min)[0m   ---->   ---->   ---->   ---->   ---->   ---->   (max)   <----   <----   <----   <----   <----   <----   <----   (min)   (max)   (min)   (max)   <---- [94m  (min)[0m
Energies  (kcal/mol)  :  14.705  16.610  20.413  26.448  39.334  53.841  71.848  77.422  63.320  48.090  40.030  30.102  16.730   9.466   6.939   4.128   6.086   2.149  23.134   1.771   0.000
Spacing (Ang)         :       0.122   0.102   0.102   0.186   0.106   0.114   0.064   0.098   0.109   0.117   0.144   0.156   0.129   0.131   0.110   0.117   0.113   0.108   0.134   0.141 
Gradients (eV/Ang)    :   0.166   0.699   0.132   0.631   1.080   2.865   2.816   2.949   2.786   1.294   1.971   3.600   2.241   1.477   2.902   2.047   3.444   0.660  10.580   0.888   0.041
Straightness          :   1.000   0.882   0.990   0.977   0.232   0.988   0.892  -0.141   0.972   0.367   0.934   0.908   0.967   0.996   0.912   0.999  -0.890   0.959  -0.989   0.928   1.000

  GAvg(eV/Ang)  GMax(eV/Ang)   Length(Ang)  DeltaE(kcal)   RMSD(Ang)  TrustRad(Ang)  Step Quality
@     2.3716       10.5796        2.4021      -10.7697      0.0981      0.1000 (=)    1.59 (Good)
-=# Optimization cycle 2 #=-
Hessian Eigenvalues (Working) :  9.9923e-03  1.0000e-02  1.0000e-02  1.0000e-02  1.0000e-02 ...  1.0000e+00  1.0000e+00  1.0000e+00  1.0000e+00  3.8634e+00
Hessian Eigenvalues (Plain)   :  9.9196e-03  1.0000e-02  1.0000e-02  1.0000e-02  1.0000e-02 ...  1.0000e+00  1.0000e+00  1.0000e+00  1.0000e+00  4.1005e+00
Time since last ComputeChain: 5.012 s
Image Number          :     0       1       2       3       4       5       6       7       8       9      10      11      12      13      14      15      16      17      18      19      20  
                        [94m  (min)[0m   ---->   ---->   ---->   ---->   ---->   ---->   (max)   <----   <----   <----   <----   <----   <----   <----   (min)   (max)   (min)   (max)   <---- [94m  (min)[0m
Energies  (kcal/mol)  :  14.705  16.505  20.407  26.345  39.061  52.293  70.130  75.816  62.009  47.803  39.128  27.310  15.727   8.993   5.302   3.190   3.846   2.047   8.429   1.590   0.000
Spacing (Ang)         :       0.121   0.102   0.102   0.184   0.106   0.112   0.059   0.092   0.107   0.117   0.145   0.153   0.128   0.130   0.106   0.115   0.108   0.094   0.123   0.142 
Gradients (eV/Ang)    :   0.166   0.489   0.100   0.406   1.048   1.609   2.417   3.113   1.234   0.510   1.460   2.253   1.488   1.160   1.643   1.516   2.067   0.795   3.227   0.981   0.041
Straightness          :   1.000   0.902   0.989   0.979   0.263   0.990   0.916  -0.060   0.991   0.380   0.915   0.933   0.972   0.988   0.938   0.993  -0.917   0.974  -0.993   0.942   1.000

  GAvg(eV/Ang)  GMax(eV/Ang)   Length(Ang)  DeltaE(kcal)   RMSD(Ang)  TrustRad(Ang)  Step Quality
@     1.4481        3.2265        2.3464       -1.5213      0.0319      0.0636 ([92m+[0m)    1.05 (Good)
-=# Optimization cycle 3 #=-
Hessian Eigenvalues (Working) :  9.9288e-03  9.9934e-03  1.0000e-02  1.0000e-02  1.0000e-02 ...  1.0000e+00  1.0000e+00  1.0000e+00  2.4653e+00  3.4131e+00
Hessian Eigenvalues (Plain)   :  9.9167e-03  9.9338e-03  1.0000e-02  1.0000e-02  1.0000e-02 ...  1.0000e+00  1.0000e+00  1.0000e+00  2.5314e+00  3.7551e+00
Evening out spacings: Deleted image  7 and added a new image between  3 and  4
Image Number          :     0       1       2       3       4       5       6       7       8       9      10      11      12      13      14      15      16      17      18      19      20  
Spacing (Ang)     Old :       0.119   0.102   0.102   0.177   0.108   0.105   0.045   0.070   0.108   0.112   0.143   0.157   0.131   0.130   0.104   0.113   0.098   0.087   0.118   0.142 
                  New :       0.119   0.102   0.102   0.088   0.088   0.108   0.105   0.089   0.108   0.112   0.143   0.157   0.131   0.130   0.104   0.113   0.098   0.087   0.118   0.142 
Time since last ComputeChain: 5.311 s
Metric completed in 0.003 seconds, maxerr = 0.000e+00
Image Number          :     0       1       2       3       4       5       6       7       8       9      10      11      12      13      14      15      16      17      18      19      20  
                        [94m  (min)[0m   ---->   ---->   ---->   ---->   ---->   ---->   (max)   <----   <----   <----   <----   <----   <----   <----   <----   (min)   ---->   (max)   <---- [94m  (min)[0m
Energies  (kcal/mol)  :  14.705  16.391  20.407  26.277  32.450  38.349  50.666  66.238  61.075  47.681  37.881  24.847  14.278   8.054   3.761   1.878   1.554   1.720   4.969   1.200   0.000
Spacing (Ang)         :       0.119   0.102   0.102   0.088   0.088   0.108   0.105   0.089   0.108   0.112   0.143   0.157   0.131   0.130   0.104   0.113   0.098   0.087   0.118   0.142 
Gradients (eV/Ang)    :   0.166   0.158   0.050   0.131   1.373   1.018   1.613   2.732   2.006   0.472   0.960   1.269   1.335   1.112   1.086   0.931   1.424   0.623   1.351   0.729   0.041
Straightness          :   1.000   0.939   0.984   0.977   1.000   0.324   0.984   0.357   0.886   0.428   0.919   0.931   0.964   0.983   0.965   0.986  -0.967   0.961  -0.997   0.959   1.000
Respaced images - resetting Hessian and skipping trust radius update
@ GAvg(eV/Ang)  GMax(eV/Ang)   Length(Ang)  DeltaE(kcal)   RMSD(Ang) TrustRad(Ang)  Step Quality
@     1.0722        2.7320        2.2440  
-=# Optimization cycle 4 #=-
Hessian Eigenvalues (Working) :  1.0000e-02  1.0000e-02  1.0000e-02  1.0000e-02  1.0000e-02 ...  1.0000e+00  1.0000e+00  1.0000e+00  1.0000e+00  1.0000e+00
Time since last ComputeChain: 6.233 s
Image Number          :     0       1       2       3       4       5       6       7       8       9      10      11      12      13      14      15      16      17      18      19      20  
                        [94m  (min)[0m   ---->   ---->   ---->   ---->   ---->   ---->   (max)   <----   <----   <----   <----   <----   <----   <----   <----   (min)   ---->   (max)   <---- [94m  (min)[0m
Energies  (kcal/mol)  :  14.705  16.383  20.407  26.279  32.085  37.958  49.609  63.302  59.505  47.616  37.521  24.223  13.592   7.568   3.345   1.567   0.929   1.588   4.419   1.075   0.000
Spacing (Ang)         :       0.119   0.102   0.102   0.088   0.085   0.108   0.095   0.085   0.104   0.110   0.143   0.158   0.132   0.131   0.104   0.112   0.096   0.084   0.115   0.143 
Gradients (eV/Ang)    :   0.166   0.094   0.029   0.140   0.445   0.983   1.538   2.673   1.978   0.358   0.840   1.216   1.279   1.084   0.903   0.751   0.910   0.545   1.103   0.566   0.041
Straightness          :   1.000   0.945   0.983   0.985   0.984   0.424   0.982   0.453   0.914   0.526   0.909   0.929   0.962   0.984   0.966   0.993  -0.979   0.978  -0.998   0.958   1.000

  GAvg(eV/Ang)  GMax(eV/Ang)   Length(Ang)  DeltaE(kcal)   RMSD(Ang)  TrustRad(Ang)  Step Quality
@     0.9176        2.6725        2.2164       -0.5101      0.0158      0.0590 ([92m+[0m)    0.28 (Okay)
-=# Optimization cycle 5 #=-
Hessian Eigenvalues (Working) :  9.7724e-03  1.0000e-02  1.0000e-02  1.0000e-02  1.0000e-02 ...  1.0000e+00  1.0000e+00  1.0000e+00  1.0000e+00  2.8078e+00
Hessian Eigenvalues (Plain)   :  9.6604e-03  1.0000e-02  1.0000e-02  1.0000e-02  1.0000e-02 ...  1.0000e+00  1.0000e+00  1.0000e+00  1.0000e+00  2.7521e+00
Time since last ComputeChain: 2.403 s
Image Number          :     0       1       2       3       4       5       6       7       8       9      10      11      12      13      14      15      16      17      18      19      20  
                        [94m  (min)[0m   ---->   ---->   ---->   ---->   ---->   ---->   ---->   (max)   <----   <----   <----   <----   <----   <----   <----   (min)   ---->   (max)   <---- [94m  (min)[0m
Energies  (kcal/mol)  :  14.705  16.387  20.418  26.301  32.148  36.613  45.909  53.069  53.868  47.542  36.438  21.963  11.168   5.809   2.385   0.993   0.147   1.208   3.090   0.771   0.000
Spacing (Ang)         :       0.118   0.103   0.102   0.088   0.075   0.112   0.066   0.075   0.100   0.108   0.147   0.166   0.138   0.133   0.103   0.105   0.090   0.076   0.110   0.144 
Gradients (eV/Ang)    :   0.166   0.089   0.031   0.240   1.258   0.879   1.605   2.234   1.802   0.634   0.478   1.117   1.178   0.982   0.718   0.495   0.181   0.455   0.846   0.385   0.041
Straightness          :   1.000   0.961   0.976   0.981   0.923   0.728   0.923   0.849   0.975   0.868   0.865   0.913   0.949   0.973   0.979   0.992  -0.989   0.991  -0.999   0.970   1.000

  GAvg(eV/Ang)  GMax(eV/Ang)   Length(Ang)  DeltaE(kcal)   RMSD(Ang)  TrustRad(Ang)  Step Quality
@     0.8214        2.2337        2.1581       -1.5598      0.0598      0.0590 (=)    0.68 (Good)
-=# Optimization cycle 6 #=-
Hessian Eigenvalues (Working) :  8.9287e-03  9.9936e-03  1.0000e-02  1.0000e-02  1.0000e-02 ...  1.0000e+00  1.0000e+00  1.0000e+00  1.3452e+00  2.7988e+00
Hessian Eigenvalues (Plain)   :  8.4806e-03  9.9635e-03  1.0000e-02  1.0000e-02  1.0000e-02 ...  1.0000e+00  1.0000e+00  1.0000e+00  1.2976e+00  2.7550e+00
Time since last ComputeChain: 1.894 s
Image Number          :     0       1       2       3       4       5       6       7       8       9      10      11      12      13      14      15      16      17      18      19      20  
                        [94m  (min)[0m   ---->   ---->   ---->   ---->   ---->   ---->   ---->   (max)   <----   <----   <----   <----   <----   <----   <----   (min)   ---->   (max)   <---- [94m  (min)[0m
Energies  (kcal/mol)  :  14.705  16.409  20.465  26.365  31.584  35.228  42.036  45.040  49.022  47.327  35.542  19.426   8.606   3.997   1.686   0.787   0.633   0.906   2.250   0.704   0.000
Spacing (Ang)         :       0.119   0.103   0.102   0.080   0.070   0.122   0.058   0.074   0.111   0.115   0.153   0.176   0.144   0.136   0.104   0.104   0.093   0.070   0.106   0.147 
Gradients (eV/Ang)    :   0.166   0.152   0.062   0.209   0.803   0.726   1.434   0.732   0.772   0.848   0.524   1.018   1.140   0.869   0.897   0.718   1.267   0.635   1.347   1.152   0.041
Straightness          :   1.000   0.965   0.968   0.980   0.886   0.934   0.730   0.895   0.974   0.992   0.817   0.881   0.935   0.965   0.979   0.989  -0.973   0.977  -1.000   0.975   1.000

  GAvg(eV/Ang)  GMax(eV/Ang)   Length(Ang)  DeltaE(kcal)   RMSD(Ang)  TrustRad(Ang)  Step Quality
@     0.8056        1.4341        2.1860       -1.3426      0.0692      0.0663 ([92m+[0m)    0.55 (Good)
-=# Optimization cycle 7 #=-
Hessian Eigenvalues (Working) :  9.8361e-03  9.9867e-03  9.9944e-03  1.0000e-02  1.0000e-02 ...  1.0000e+00  1.0000e+00  1.1914e+00  1.3007e+00  2.6806e+00
Hessian Eigenvalues (Plain)   :  9.4703e-03  9.8857e-03  9.9637e-03  1.0000e-02  1.0000e-02 ...  1.0000e+00  1.0000e+00  1.2484e+00  1.3002e+00  2.7576e+00
Time since last ComputeChain: 2.139 s
Image Number          :     0       1       2       3       4       5       6       7       8       9      10      11      12      13      14      15      16      17      18      19      20  
                        [94m  (min)[0m   ---->   ---->   ---->   ---->   ---->   ---->   ---->   (max)   <----   <----   <----   <----   <----   <----   (min)   ---->   ---->   (max)   <---- [94m  (min)[0m
Energies  (kcal/mol)  :  14.705  16.412  20.494  26.385  31.290  34.500  40.249  44.093  48.151  46.945  35.176  18.008   7.038   2.989   1.113   0.501   0.523   0.660   1.484   0.454   0.000
Spacing (Ang)         :       0.119   0.103   0.102   0.076   0.069   0.124   0.066   0.077   0.117   0.119   0.156   0.184   0.149   0.138   0.105   0.109   0.097   0.066   0.103   0.146 
Gradients (eV/Ang)    :   0.166   0.097   0.068   0.234   1.089   0.671   0.707   0.365   0.446   0.595   0.469   0.853   0.991   0.755   0.627   0.569   0.963   0.468   0.797   0.730   0.041
Straightness          :   1.000   0.961   0.969   0.981   0.862   0.988   0.738   0.820   0.977   0.987   0.837   0.847   0.923   0.963   0.986   0.980  -0.979   0.974  -0.999   0.986   1.000

  GAvg(eV/Ang)  GMax(eV/Ang)   Length(Ang)  DeltaE(kcal)   RMSD(Ang)  TrustRad(Ang)  Step Quality
@     0.6050        1.0885        2.2234       -0.5493      0.0301      0.0581 ([92m+[0m)    0.50 (Okay)
-=# Optimization cycle 8 #=-
Hessian Eigenvalues (Working) :  9.9220e-03  9.9854e-03  9.9929e-03  9.9980e-03  1.0000e-02 ...  1.0000e+00  1.0197e+00  1.1340e+00  1.6811e+00  2.6222e+00
Hessian Eigenvalues (Plain)   :  9.5282e-03  9.8355e-03  9.9509e-03  9.9754e-03  1.0000e-02 ...  1.0000e+00  1.0807e+00  1.2207e+00  1.7570e+00  2.7827e+00
Time since last ComputeChain: 3.106 s
Image Number          :     0       1       2       3       4       5       6       7       8       9      10      11      12      13      14      15      16      17      18      19      20  
                        [94m  (min)[0m   ---->   ---->   ---->   ---->   ---->   ---->   ---->   (max)   <----   <----   <----   <----   <----   <----   <----   (min)   ---->   (max)   <---- [94m  (min)[0m
Energies  (kcal/mol)  :  14.705  16.412  20.510  26.364  30.813  34.067  40.008  44.041  48.077  46.788  35.049  17.254   6.101   2.430   0.803   0.305   0.161   0.505   1.067   0.312   0.000
Spacing (Ang)         :       0.120   0.103   0.101   0.071   0.069   0.126   0.066   0.079   0.118   0.120   0.157   0.189   0.153   0.139   0.106   0.111   0.097   0.064   0.101   0.147 
Gradients (eV/Ang)    :   0.166   0.031   0.079   0.296   0.698   0.613   0.114   0.444   0.169   0.224   0.231   0.717   0.901   0.686   0.446   0.347   0.484   0.349   0.543   0.372   0.041
Straightness          :   1.000   0.956   0.971   0.971   0.898   0.979   0.768   0.889   0.973   0.988   0.875   0.817   0.915   0.967   0.983   0.987  -0.987   0.986  -1.000   0.983   1.000

  GAvg(eV/Ang)  GMax(eV/Ang)   Length(Ang)  DeltaE(kcal)   RMSD(Ang)  TrustRad(Ang)  Step Quality
@     0.4076        0.9011        2.2364       -0.2568      0.0143      0.0581 (=)    0.65 (Good)
-=# Optimization cycle 9 #=-
Hessian Eigenvalues (Working) :  9.9119e-03  9.9768e-03  9.9939e-03  9.9974e-03  9.9995e-03 ...  1.0036e+00  1.0898e+00  1.1709e+00  2.2000e+00  2.6338e+00
Hessian Eigenvalues (Plain)   :  9.4781e-03  9.8131e-03  9.9496e-03  9.9688e-03  9.9814e-03 ...  1.0285e+00  1.1271e+00  1.1673e+00  2.2525e+00  2.8145e+00
Evening out spacings: Deleted image  3 and added a new image between 11 and 12
Evening out spacings: Deleted image  6 and added a new image between 12 and 13
Image Number          :     0       1       2       3       4       5       6       7       8       9      10      11      12      13      14      15      16      17      18      19      20  
Spacing (Ang)     Old :       0.125   0.111   0.081   0.029   0.117   0.181   0.027   0.084   0.147   0.136   0.151   0.232   0.197   0.140   0.120   0.105   0.105   0.095   0.140   0.134 
                  New :       0.125   0.111   0.110   0.117   0.181   0.081   0.147   0.136   0.151   0.116   0.116   0.098   0.098   0.140   0.120   0.105   0.105   0.095   0.140   0.134 
Time since last ComputeChain: 0.570 s
Metric completed in 0.003 seconds, maxerr = 0.000e+00
Image Number          :     0       1       2       3       4       5       6       7       8       9      10      11      12      13      14      15      16      17      18      19      20  
                        [94m  (min)[0m   ---->   ---->   ---->   ---->   ---->   ---->   (max)   <----   <----   <----   <----   <----   <----   <----   <----   <----   (min)   (max)   <---- [94m  (min)[0m
Energies  (kcal/mol)  :  14.705  16.567  21.212  27.649  32.851  44.223  47.322  47.625  34.060  15.530   8.185   3.372   1.581   1.141   0.501   0.247   0.209   0.148   0.429   0.197   0.000
Spacing (Ang)         :       0.125   0.111   0.110   0.117   0.181   0.081   0.147   0.136   0.151   0.116   0.116   0.098   0.098   0.140   0.120   0.105   0.105   0.095   0.140   0.134 
Gradients (eV/Ang)    :   0.166   0.066   0.423   1.262   0.935   1.758   0.919   1.076   1.091   1.473   1.433   2.155   0.891   1.870   1.117   0.852   0.559   0.390   0.536   1.045   0.041
Straightness          :   1.000   0.937   0.971   0.840   0.895   0.616   0.969   0.970   0.969   0.662   1.000   0.838   1.000   0.966   0.981   0.993  -0.989   0.994  -0.997   0.990   1.000
Respaced images - resetting Hessian and skipping trust radius update
@ GAvg(eV/Ang)  GMax(eV/Ang)   Length(Ang)  DeltaE(kcal)   RMSD(Ang) TrustRad(Ang)  Step Quality
@     1.0448        2.1545        2.4248  
-=# Optimization cycle 10 #=-
Hessian Eigenvalues (Working) :  1.0000e-02  1.0000e-02  1.0000e-02  1.0000e-02  1.0000e-02 ...  1.0000e+00  1.0000e+00  1.0000e+00  1.0000e+00  1.0000e+00
Time since last ComputeChain: 6.117 s
Image Number          :     0       1       2       3       4       5       6       7       8       9      10      11      12      13      14      15      16      17      18      19      20  
                        [94m  (min)[0m   ---->   ---->   ---->   ---->   ---->   ---->   (max)   <----   <----   <----   <----   <----   <----   <----   <----   (min)   ---->   (max)   <---- [94m  (min)[0m
Energies  (kcal/mol)  :  14.705  16.578  21.202  27.181  32.769  42.699  46.883  47.214  33.895  15.498   7.669   3.158   1.442   1.095   0.372   0.170   0.076   0.139   0.371   0.264   0.000
Spacing (Ang)         :       0.125   0.111   0.104   0.117   0.170   0.080   0.147   0.135   0.150   0.116   0.118   0.095   0.099   0.137   0.119   0.104   0.104   0.095   0.140   0.135 
Gradients (eV/Ang)    :   0.166   0.029   0.309   0.885   0.666   1.042   0.641   0.637   0.901   1.603   1.515   2.471   1.038   2.186   1.209   0.908   0.358   0.466   0.572   1.298   0.041
Straightness          :   1.000   0.946   0.950   0.894   0.909   0.706   0.948   0.974   0.972   0.716   0.925   0.894   0.981   0.982   0.982   0.995  -0.993   0.996  -0.999   0.975   1.000

  GAvg(eV/Ang)  GMax(eV/Ang)   Length(Ang)  DeltaE(kcal)   RMSD(Ang)  TrustRad(Ang)  Step Quality
@     0.9860        2.4715        2.4020       -0.2088      0.0172      0.0644 ([92m+[0m)    0.11 (Okay)
-=# Optimization cycle 11 #=-
Hessian Eigenvalues (Working) :  9.9614e-03  1.0000e-02  1.0000e-02  1.0000e-02  1.0000e-02 ...  1.0000e+00  1.0000e+00  1.0000e+00  1.0000e+00  2.9007e+00
Hessian Eigenvalues (Plain)   :  9.9363e-03  1.0000e-02  1.0000e-02  1.0000e-02  1.0000e-02 ...  1.0000e+00  1.0000e+00  1.0000e+00  1.0000e+00  2.9129e+00
Time since last ComputeChain: 4.946 s
Image Number          :     0       1       2       3       4       5       6       7       8       9      10      11      12      13      14      15      16      17      18      19      20  
                        [94m  (min)[0m   ---->   ---->   ---->   ---->   ---->   ---->   (max)   <----   <----   <----   <----   <----   <----   <----   <----   (min)   ---->   (max)   <---- [94m  (min)[0m
Energies  (kcal/mol)  :  14.705  16.611  21.247  26.760  33.046  41.800  46.485  47.077  33.835  15.096   6.746   2.249   1.157   0.426   0.117   0.028   0.008   0.096   0.280   0.037   0.000
Spacing (Ang)         :       0.126   0.111   0.097   0.125   0.153   0.079   0.149   0.134   0.151   0.120   0.115   0.096   0.103   0.136   0.119   0.103   0.102   0.094   0.141   0.133 
Gradients (eV/Ang)    :   0.166   0.056   0.256   0.852   0.781   0.417   0.363   0.335   0.361   0.271   0.818   0.580   0.501   0.324   0.209   0.129   0.117   0.152   0.260   0.106   0.041
Straightness          :   1.000   0.950   0.942   0.931   0.919   0.809   0.926   0.981   0.976   0.741   0.957   0.911   0.991   0.980   0.987   0.993  -0.995   0.993  -1.000   0.985   1.000

  GAvg(eV/Ang)  GMax(eV/Ang)   Length(Ang)  DeltaE(kcal)   RMSD(Ang)  TrustRad(Ang)  Step Quality
@     0.3626        0.8521        2.3888       -0.2658      0.0165      0.0644 (=)    1.26 (Good)
-=# Optimization cycle 12 #=-
Hessian Eigenvalues (Working) :  9.7786e-03  9.9948e-03  1.0000e-02  1.0000e-02  1.0000e-02 ...  1.0000e+00  1.0000e+00  1.0000e+00  1.0742e+00  3.2697e+00
Hessian Eigenvalues (Plain)   :  9.6410e-03  9.9806e-03  1.0000e-02  1.0000e-02  1.0000e-02 ...  1.0000e+00  1.0000e+00  1.0000e+00  1.1052e+00  3.3620e+00
Time since last ComputeChain: 2.236 s
Image Number          :     0       1       2       3       4       5       6       7       8       9      10      11      12      13      14      15      16      17      18      19      20  
                        [94m  (min)[0m   ---->   ---->   ---->   ---->   ---->   ---->   (max)   <----   <----   <----   <----   <----   <----   <----   <----   <----   (min)   (max)   <---- [94m  (min)[0m
Energies  (kcal/mol)  :  14.705  16.836  20.433  24.736  34.261  43.535  46.006  47.765  34.578  16.710   5.957   1.838   0.791   0.365   0.180   0.089   0.079   0.054   0.164   0.066   0.000
Spacing (Ang)         :       0.133   0.089   0.071   0.194   0.155   0.046   0.146   0.140   0.148   0.141   0.140   0.144   0.079   0.137   0.112   0.100   0.103   0.091   0.134   0.138 
Gradients (eV/Ang)    :   0.166   0.168   0.283   1.946   2.091   1.263   0.242   0.618   1.019   1.930   1.910   2.622   1.682   1.204   0.832   0.551   0.360   0.180   0.311   0.539   0.041
Straightness          :   1.000   0.965   0.962   0.868   0.797   0.854   0.917   0.986   0.988   0.715   0.906   0.818   0.984   0.992   0.993   0.990  -0.996   0.988  -1.000   0.986   1.000

  GAvg(eV/Ang)  GMax(eV/Ang)   Length(Ang)  DeltaE(kcal)   RMSD(Ang)  TrustRad(Ang)  Step Quality
@     1.0396        2.6224        2.4392        0.0658      0.0434      0.0789 ([92m+[0m)   -3.73 (Reject)
Reducing trust radius to 2.2e-02 and rejecting step
-=# Optimization cycle 13 #=-
Hessian Eigenvalues (Working) :  9.7786e-03  9.9948e-03  1.0000e-02  1.0000e-02  1.0000e-02 ...  1.0000e+00  1.0000e+00  1.0000e+00  1.0742e+00  3.2697e+00
Hessian Eigenvalues (Plain)   :  9.6410e-03  9.9806e-03  1.0000e-02  1.0000e-02  1.0000e-02 ...  1.0000e+00  1.0000e+00  1.0000e+00  1.1052e+00  3.3620e+00
Time since last ComputeChain: 3.090 s
Image Number          :     0       1       2       3       4       5       6       7       8       9      10      11      12      13      14      15      16      17      18      19      20  
                        [94m  (min)[0m   ---->   ---->   ---->   ---->   ---->   ---->   (max)   <----   <----   <----   <----   <----   <----   <----   <----   (min)   ---->   (max)   <---- [94m  (min)[0m
Energies  (kcal/mol)  :  14.706  16.624  21.201  26.371  32.953  41.668  46.339  47.079  33.849  15.071   6.103   1.958   0.938   0.335   0.086   0.018   0.000   0.076   0.222   0.029   0.000
Spacing (Ang)         :       0.127   0.110   0.095   0.130   0.149   0.077   0.149   0.135   0.152   0.122   0.116   0.099   0.104   0.136   0.118   0.102   0.102   0.094   0.141   0.133 
Gradients (eV/Ang)    :   0.166   0.060   0.296   0.731   0.594   0.185   0.151   0.235   0.359   0.307   0.724   0.566   0.454   0.279   0.169   0.096   0.027   0.136   0.231   0.117   0.041
Straightness          :   1.000   0.948   0.942   0.947   0.911   0.855   0.927   0.983   0.980   0.775   0.933   0.920   0.989   0.983   0.988   0.992  -0.996   0.992  -1.000   0.986   1.000

  GAvg(eV/Ang)  GMax(eV/Ang)   Length(Ang)  DeltaE(kcal)   RMSD(Ang)  TrustRad(Ang)  Step Quality
@     0.3008        0.7313        2.3906       -0.1042      0.0110      0.0217 ([91m-[0m)    0.34 (Okay)
-=# Optimization cycle 14 #=-
Hessian Eigenvalues (Working) :  9.8738e-03  9.9531e-03  9.9956e-03  1.0000e-02  1.0000e-02 ...  1.0000e+00  1.0000e+00  1.0176e+00  2.0800e+00  3.5067e+00
Hessian Eigenvalues (Plain)   :  9.6951e-03  9.8994e-03  9.9864e-03  1.0000e-02  1.0000e-02 ...  1.0000e+00  1.0000e+00  1.0572e+00  2.1420e+00  3.6296e+00
Time since last ComputeChain: 4.014 s
Image Number          :     0       1       2       3       4       5       6       7       8       9      10      11      12      13      14      15      16      17      18      19      20  
                        [94m  (min)[0m   ---->   ---->   ---->   ---->   ---->   ---->   (max)   <----   <----   <----   <----   <----   <----   <----   <----   (min)   ---->   (max)   <---- [94m  (min)[0m
Energies  (kcal/mol)  :  14.705  16.670  21.119  25.612  32.613  41.768  46.304  47.131  33.834  15.125   5.056   1.446   0.567   0.256   0.078   0.028   0.021   0.045   0.132   0.028   0.000
Spacing (Ang)         :       0.128   0.108   0.088   0.132   0.147   0.074   0.149   0.135   0.151   0.126   0.123   0.106   0.105   0.137   0.118   0.101   0.101   0.094   0.141   0.132 
Gradients (eV/Ang)    :   0.166   0.089   0.355   0.545   0.441   0.455   0.171   0.238   0.153   0.229   0.602   0.841   0.442   0.707   0.346   0.252   0.184   0.157   0.228   0.309   0.041
Straightness          :   1.000   0.942   0.936   0.977   0.903   0.908   0.930   0.986   0.988   0.837   0.858   0.925   0.986   0.985   0.991   0.991  -0.998   0.990  -1.000   0.987   1.000

  GAvg(eV/Ang)  GMax(eV/Ang)   Length(Ang)  DeltaE(kcal)   RMSD(Ang)  TrustRad(Ang)  Step Quality
@     0.3549        0.8407        2.3964       -0.1465      0.0221      0.0217 (=)   -0.36 (Poor)
-=# Optimization cycle 15 #=-
Hessian Eigenvalues (Working) :  9.9062e-03  9.9653e-03  9.9942e-03  9.9971e-03  1.0000e-02 ...  1.0000e+00  1.0130e+00  1.1606e+00  2.0589e+00  3.6877e+00
Hessian Eigenvalues (Plain)   :  9.7094e-03  9.8184e-03  9.9750e-03  9.9888e-03  1.0000e-02 ...  1.0000e+00  1.0345e+00  1.2133e+00  2.1380e+00  3.9012e+00
Time since last ComputeChain: 1.684 s
Image Number          :     0       1       2       3       4       5       6       7       8       9      10      11      12      13      14      15      16      17      18      19      20  
                        [94m  (min)[0m   ---->   ---->   ---->   ---->   ---->   ---->   (max)   <----   <----   <----   <----   <----   <----   <----   <----   (min)   ---->   (max)   <---- [94m  (min)[0m
Energies  (kcal/mol)  :  14.705  16.676  21.009  25.259  32.409  41.726  46.331  47.129  33.822  15.128   4.614   1.112   0.402   0.144   0.052   0.019   0.015   0.030   0.092   0.016   0.000
Spacing (Ang)         :       0.129   0.107   0.086   0.133   0.148   0.074   0.149   0.135   0.151   0.128   0.127   0.109   0.105   0.137   0.118   0.101   0.101   0.094   0.142   0.132 
Gradients (eV/Ang)    :   0.166   0.097   0.385   0.502   0.263   0.400   0.217   0.213   0.240   0.368   0.505   0.501   0.311   0.274   0.248   0.190   0.162   0.099   0.171   0.200   0.041
Straightness          :   1.000   0.937   0.936   0.980   0.908   0.911   0.942   0.986   0.989   0.864   0.816   0.925   0.984   0.988   0.991   0.991  -0.998   0.991  -1.000   0.987   1.000

  GAvg(eV/Ang)  GMax(eV/Ang)   Length(Ang)  DeltaE(kcal)   RMSD(Ang)  TrustRad(Ang)  Step Quality
@     0.2813        0.5047        2.4046       -0.0877      0.0107      0.0109 ([91m-[0m)    0.42 (Okay)
-=# Optimization cycle 16 #=-
Hessian Eigenvalues (Working) :  9.4837e-03  9.9649e-03  9.9834e-03  9.9969e-03  9.9985e-03 ...  1.0063e+00  1.0252e+00  1.5541e+00  2.0315e+00  3.2720e+00
Hessian Eigenvalues (Plain)   :  8.8960e-03  9.7896e-03  9.9218e-03  9.9766e-03  9.9903e-03 ...  1.0200e+00  1.0641e+00  1.6270e+00  2.1286e+00  3.5311e+00
Time since last ComputeChain: 3.312 s
--== Images set to Climbing Mode: 7 ==--
Image Number          :     0       1       2       3       4       5       6       7       8       9      10      11      12      13      14      15      16      17      18      19      20  
                        [94m  (min)[0m   ---->   ---->   ---->   ---->   ---->   ---->   (^_^)   <----   <----   <----   <----   <----   <----   <----   <----   (min)   ---->   (max)   <---- [94m  (min)[0m
Energies  (kcal/mol)  :  14.705  16.665  20.831  24.891  32.246  41.614  46.327  47.096  33.786  15.092   4.239   0.840   0.267   0.088   0.024   0.006   0.002   0.019   0.057   0.008   0.000
Spacing (Ang)         :       0.128   0.105   0.085   0.134   0.150   0.075   0.149   0.135   0.151   0.129   0.132   0.112   0.106   0.137   0.119   0.101   0.101   0.094   0.142   0.132 
Gradients (eV/Ang)    :   0.166   0.119   0.405   0.466   0.236   0.199   0.183   0.854   0.158   0.335   0.408   0.379   0.248   0.158   0.139   0.108   0.074   0.070   0.124   0.124   0.041
Straightness          :   1.000   0.930   0.938   0.981   0.912   0.902   0.955   0.984   0.990   0.893   0.768   0.920   0.985   0.988   0.990   0.992  -0.999   0.993  -1.000   0.987   1.000

  GAvg(eV/Ang)  GMax(eV/Ang)   Length(Ang)  DeltaE(kcal)   RMSD(Ang)  TrustRad(Ang)  Step Quality
@     0.2520        0.8545        2.4164       -0.0897      0.0107      0.0109 (=)    0.53 (Good)
-=# Optimization cycle 17 #=-
Hessian Eigenvalues (Working) :  5.0025e-03  9.9543e-03  9.9827e-03  9.9969e-03  9.9976e-03 ...  1.0151e+00  1.2111e+00  1.9344e+00  2.3938e+00  3.8903e+00
Hessian Eigenvalues (Plain)   :  9.2102e-03  9.8045e-03  9.9392e-03  9.9733e-03  9.9908e-03 ...  1.0573e+00  1.0648e+00  1.9994e+00  2.3643e+00  4.0627e+00
Time since last ComputeChain: 1.913 s
Image Number          :     0       1       2       3       4       5       6       7       8       9      10      11      12      13      14      15      16      17      18      19      20  
                        [94m  (min)[0m   ---->   ---->   ---->   ---->   ---->   ---->   (^_^)   <----   <----   <----   <----   <----   <----   <----   <----   (min)   ---->   (max)   <---- [94m  (min)[0m
Energies  (kcal/mol)  :  14.705  16.646  20.544  24.375  32.050  41.566  46.351  47.606  33.697  14.996   3.746   0.550   0.126   0.050   0.018   0.007   0.001   0.008   0.025   0.012   0.000
Spacing (Ang)         :       0.128   0.102   0.085   0.136   0.153   0.077   0.139   0.145   0.151   0.131   0.138   0.117   0.107   0.138   0.119   0.101   0.101   0.094   0.142   0.132 
Gradients (eV/Ang)    :   0.166   0.151   0.436   0.472   0.203   0.059   0.123   0.776   0.346   0.581   0.371   0.532   0.212   0.326   0.264   0.206   0.074   0.088   0.123   0.285   0.041
Straightness          :   1.000   0.918   0.943   0.973   0.917   0.889   0.966   0.984   0.989   0.924   0.703   0.910   0.985   0.990   0.989   0.993  -1.000   0.995  -1.000   0.987   1.000

  GAvg(eV/Ang)  GMax(eV/Ang)   Length(Ang)  DeltaE(kcal)   RMSD(Ang)  TrustRad(Ang)  Step Quality
@     0.2962        0.7755        2.4356       -0.0817      0.0155      0.0153 ([92m+[0m)    0.29 (Okay)
-=# Optimization cycle 18 #=-
Hessian Eigenvalues (Working) :  9.7372e-03  9.9497e-03  9.9768e-03  9.9852e-03  9.9973e-03 ...  1.0769e+00  1.1170e+00  1.8839e+00  2.2312e+00  4.1179e+00
Hessian Eigenvalues (Plain)   :  7.7252e-03  9.5278e-03  9.8345e-03  9.9562e-03  9.9755e-03 ...  1.0632e+00  1.1407e+00  2.0134e+00  2.3650e+00  4.7882e+00
Time since last ComputeChain: 3.725 s
Image Number          :     0       1       2       3       4       5       6       7       8       9      10      11      12      13      14      15      16      17      18      19      20  
                        [94m  (min)[0m   ---->   ---->   ---->   ---->   ---->   ---->   (^_^)   <----   <----   <----   <----   <----   <----   <----   <----   <----   (min)   (max)   <---- [94m  (min)[0m
Energies  (kcal/mol)  :  14.705  16.624  20.226  23.878  31.891  41.532  46.310  47.989  33.707  14.804   3.319   0.308   0.041   0.019   0.009   0.004   0.003   0.001   0.006   0.003   0.000
Spacing (Ang)         :       0.127   0.100   0.086   0.139   0.154   0.077   0.131   0.154   0.153   0.134   0.145   0.121   0.109   0.138   0.119   0.101   0.101   0.094   0.141   0.132 
Gradients (eV/Ang)    :   0.166   0.180   0.445   0.399   0.265   0.134   0.085   0.609   0.106   0.123   0.254   0.377   0.146   0.260   0.173   0.132   0.083   0.055   0.072   0.163   0.041
Straightness          :   1.000   0.903   0.955   0.950   0.924   0.897   0.967   0.981   0.988   0.945   0.644   0.898   0.984   0.990   0.989   0.993  -1.000   0.995  -1.000   0.988   1.000

  GAvg(eV/Ang)  GMax(eV/Ang)   Length(Ang)  DeltaE(kcal)   RMSD(Ang)  TrustRad(Ang)  Step Quality
@     0.2136        0.6086        2.4554       -0.0806      0.0153      0.0153 (=)    0.56 (Good)
-=# Optimization cycle 19 #=-
Hessian Eigenvalues (Working) :  9.8715e-03  9.9462e-03  9.9753e-03  9.9887e-03  9.9969e-03 ...  1.0444e+00  1.1711e+00  1.9538e+00  2.2380e+00  3.3309e+00
Hessian Eigenvalues (Plain)   :  4.6786e-03  9.6563e-03  9.8718e-03  9.9463e-03  9.9763e-03 ...  1.1171e+00  1.2255e+00  2.0700e+00  2.7382e+00  3.3507e+00
Time since last ComputeChain: 1.466 s
Image Number          :     0       1       2       3       4       5       6       7       8       9      10      11      12      13      14      15      16      17      18      19      20  
                        [94m  (min)[0m   ---->   ---->   ---->   ---->   ---->   ---->   (^_^)   <----   <----   <----   <----   (min)   ---->   (max)   (min)   (max) [94m  (min)[0m [94m  (max)[0m   (min) [94m  (min)[0m
Energies  (kcal/mol)  :  14.706  16.552  19.690  23.237  31.723  41.487  46.264  48.539  33.736  14.544   2.864   0.101   0.002   0.003   0.004   0.002   0.003   0.000   0.000   0.000   0.001
Spacing (Ang)         :       0.126   0.097   0.089   0.143   0.154   0.078   0.116   0.169   0.155   0.137   0.153   0.127   0.111   0.138   0.119   0.101   0.100   0.094   0.141   0.132 
Gradients (eV/Ang)    :   0.166   0.227   0.448   0.315   0.106   0.120   0.042   0.483   0.064   0.246   0.232   0.196   0.058   0.081   0.081   0.064   0.072   0.006   0.021   0.033   0.041
Straightness          :   1.000   0.880   0.970   0.916   0.930   0.917   0.962   0.984   0.983   0.965   0.570   0.879   0.984   0.991   0.989   0.993  -1.000   0.995  -1.000   0.989   1.000

  GAvg(eV/Ang)  GMax(eV/Ang)   Length(Ang)  DeltaE(kcal)   RMSD(Ang)  TrustRad(Ang)  Step Quality
@     0.1523        0.4831        2.4815       -0.0916      0.0217      0.0217 ([92m+[0m)    0.57 (Good)
-=# Optimization cycle 20 #=-
Hessian Eigenvalues (Working) :  9.8363e-03  9.9412e-03  9.9730e-03  9.9893e-03  9.9969e-03 ...  1.0531e+00  1.4045e+00  1.9548e+00  2.2405e+00  3.3364e+00
Hessian Eigenvalues (Plain)   :  1.7751e-03  9.6557e-03  9.8168e-03  9.9466e-03  9.9753e-03 ...  1.1529e+00  1.8508e+00  2.1591e+00  2.4501e+00  4.0725e+00
Time since last ComputeChain: 1.297 s
Image Number          :     0       1       2       3       4       5       6       7       8       9      10      11      12      13      14      15      16      17      18      19      20  
                        [94m  (min)[0m   ---->   ---->   ---->   ---->   ---->   ---->   (^_^)   <----   <----   <----   (min)   (max)   <----   <----   <----   <---- [94m  (min)[0m [94m  ---->[0m   (max) [94m  (min)[0m
Energies  (kcal/mol)  :  14.706  16.356  18.814  22.488  31.546  41.423  46.151  48.990  33.689  14.215   2.396   0.014   0.049   0.029   0.011   0.005   0.002   0.000   0.000   0.005   0.001
Spacing (Ang)         :       0.121   0.094   0.099   0.149   0.156   0.078   0.094   0.195   0.158   0.143   0.163   0.135   0.114   0.140   0.119   0.100   0.099   0.094   0.141   0.132 
Gradients (eV/Ang)    :   0.166   0.274   0.442   0.237   0.072   0.123   0.108   0.437   0.265   0.435   0.721   0.262   0.132   0.207   0.168   0.150   0.084   0.006   0.021   0.154   0.041
Straightness          :   1.000   0.845   0.978   0.868   0.947   0.938   0.955   0.973   0.988   0.969   0.471   0.850   0.985   0.990   0.990   0.993  -1.000   0.995  -0.999   0.987   1.000

  GAvg(eV/Ang)  GMax(eV/Ang)   Length(Ang)  DeltaE(kcal)   RMSD(Ang)  TrustRad(Ang)  Step Quality
@     0.2261        0.7208        2.5221       -0.1213      0.0309      0.0307 ([92m+[0m)   -0.97 (Poor)
-=# Optimization cycle 21 #=-
Hessian Eigenvalues (Working) :  9.6663e-03  9.9413e-03  9.9726e-03  9.9902e-03  9.9969e-03 ...  1.1296e+00  1.9156e+00  2.0145e+00  2.2943e+00  3.3443e+00
Hessian Eigenvalues (Plain)   :  7.0770e-04  9.6871e-03  9.8118e-03  9.8982e-03  9.9763e-03 ...  1.2849e+00  2.0396e+00  2.3566e+00  3.4171e+00  4.4626e+00
Time since last ComputeChain: 1.540 s
Image Number          :     0       1       2       3       4       5       6       7       8       9      10      11      12      13      14      15      16      17      18      19      20  
                        [94m  (min)[0m   ---->   ---->   ---->   ---->   ---->   ---->   (^_^)   <----   <----   <----   (min)   (max)   <----   <----   <----   <---- [94m  (min)[0m [94m  ---->[0m   (max) [94m  (min)[0m
Energies  (kcal/mol)  :  14.706  16.200  18.355  22.189  31.490  41.392  46.052  48.979  33.854  13.979   2.195   0.017   0.082   0.040   0.013   0.005   0.001   0.000   0.000   0.007   0.001
Spacing (Ang)         :       0.117   0.095   0.104   0.151   0.156   0.076   0.086   0.203   0.161   0.145   0.164   0.137   0.115   0.140   0.119   0.100   0.099   0.094   0.141   0.132 
Gradients (eV/Ang)    :   0.166   0.284   0.392   0.175   0.128   0.065   0.148   0.198   0.190   0.042   0.668   0.200   0.155   0.169   0.179   0.159   0.071   0.006   0.021   0.187   0.041
Straightness          :   1.000   0.835   0.967   0.849   0.956   0.949   0.947   0.979   0.982   0.966   0.447   0.839   0.984   0.990   0.989   0.993  -1.000   0.994  -0.999   0.988   1.000

  GAvg(eV/Ang)  GMax(eV/Ang)   Length(Ang)  DeltaE(kcal)   RMSD(Ang)  TrustRad(Ang)  Step Quality
@     0.1809        0.6678        2.5355       -0.0631      0.0160      0.0153 ([91m-[0m)    0.40 (Okay)
-=# Optimization cycle 22 #=-
Hessian Eigenvalues (Working) :  9.8186e-03  9.9338e-03  9.9669e-03  9.9898e-03  9.9976e-03 ...  1.1711e+00  1.9559e+00  2.2174e+00  3.2279e+00  3.4261e+00
Hessian Eigenvalues (Plain)   :  5.5903e-04  9.6506e-03  9.8097e-03  9.8949e-03  9.9774e-03 ...  1.2950e+00  2.0544e+00  2.4838e+00  3.2504e+00  3.7349e+00
Time since last ComputeChain: 1.359 s
Image Number          :     0       1       2       3       4       5       6       7       8       9      10      11      12      13      14      15      16      17      18      19      20  
                        [94m  (min)[0m   ---->   ---->   ---->   ---->   ---->   ---->   (^_^)   <----   <----   <----   (min)   (max)   <----   <----   <----   <---- [94m  (min)[0m [94m  ---->[0m   (max) [94m  (min)[0m
Energies  (kcal/mol)  :  14.706  15.964  17.887  21.941  31.466  41.419  45.960  48.943  34.028  13.859   1.961   0.039   0.106   0.048   0.013   0.003   0.000   0.000   0.000   0.004   0.001
Spacing (Ang)         :       0.110   0.099   0.111   0.154   0.156   0.074   0.079   0.210   0.164   0.148   0.165   0.138   0.116   0.140   0.119   0.099   0.098   0.094   0.141   0.132 
Gradients (eV/Ang)    :   0.166   0.280   0.355   0.174   0.039   0.032   0.117   0.439   0.343   0.044   0.126   0.085   0.162   0.128   0.090   0.066   0.037   0.006   0.021   0.075   0.041
Straightness          :   1.000   0.840   0.948   0.834   0.964   0.953   0.948   0.983   0.978   0.962   0.419   0.828   0.985   0.990   0.990   0.992  -1.000   0.994  -0.999   0.987   1.000

  GAvg(eV/Ang)  GMax(eV/Ang)   Length(Ang)  DeltaE(kcal)   RMSD(Ang)  TrustRad(Ang)  Step Quality
@     0.1378        0.4390        2.5484       -0.0571      0.0168      0.0153 (=)    0.48 (Okay)
-=# Optimization cycle 23 #=-
Hessian Eigenvalues (Working) :  9.4938e-03  9.9626e-03  9.9678e-03  9.9900e-03  9.9975e-03 ...  1.8230e+00  2.0505e+00  2.2436e+00  3.0187e+00  3.3190e+00
Hessian Eigenvalues (Plain)   :  3.2655e-04  9.6720e-03  9.7741e-03  9.8288e-03  9.9740e-03 ...  1.9283e+00  2.1614e+00  2.5468e+00  3.4693e+00  3.5485e+00
Time since last ComputeChain: 1.285 s
Image Number          :     0       1       2       3       4       5       6       7       8       9      10      11      12      13      14      15      16      17      18      19      20  
                        [94m  (min)[0m   ---->   ---->   ---->   ---->   ---->   ---->   (^_^)   <----   <----   <----   (min)   (max)   <----   <----   <----   <---- [94m  (min)[0m [94m  ---->[0m   (max) [94m  (min)[0m
Energies  (kcal/mol)  :  14.706  15.714  17.476  21.785  31.461  41.437  45.856  48.855  34.081  13.842   1.862   0.052   0.096   0.043   0.012   0.003   0.001   0.000   0.000   0.003   0.001
Spacing (Ang)         :       0.102   0.103   0.118   0.155   0.156   0.072   0.076   0.214   0.164   0.150   0.164   0.137   0.117   0.141   0.119   0.099   0.097   0.094   0.141   0.132 
Gradients (eV/Ang)    :   0.166   0.254   0.305   0.085   0.147   0.052   0.069   0.234   0.185   0.072   0.088   0.119   0.158   0.109   0.071   0.043   0.037   0.006   0.021   0.039   0.041
Straightness          :   1.000   0.861   0.926   0.832   0.971   0.954   0.958   0.977   0.983   0.957   0.415   0.822   0.987   0.990   0.990   0.992  -1.000   0.994  -0.999   0.986   1.000

  GAvg(eV/Ang)  GMax(eV/Ang)   Length(Ang)  DeltaE(kcal)   RMSD(Ang)  TrustRad(Ang)  Step Quality
@     0.1102        0.3048        2.5523       -0.0505      0.0159      0.0153 (=)    0.40 (Okay)
-=# Optimization cycle 24 #=-
Hessian Eigenvalues (Working) :  9.1060e-03  9.9354e-03  9.9882e-03  9.9897e-03  9.9975e-03 ...  1.9507e+00  2.1917e+00  2.3620e+00  3.1241e+00  3.3660e+00
Hessian Eigenvalues (Plain)   :  2.4691e-04  9.5385e-03  9.7842e-03  9.8748e-03  9.9572e-03 ...  2.0442e+00  2.3401e+00  2.8278e+00  3.3007e+00  3.6758e+00
Time since last ComputeChain: 1.278 s
Image Number          :     0       1       2       3       4       5       6       7       8       9      10      11      12      13      14      15      16      17      18      19      20  
                        [94m  (min)[0m   ---->   ---->   ---->   ---->   ---->   ---->   (^_^)   <----   <----   <----   (min)   (max)   <----   <----   <----   <---- [94m  (min)[0m [94m  ---->[0m   (max) [94m  (min)[0m
Energies  (kcal/mol)  :  14.706  15.465  17.124  21.747  31.467  41.432  45.773  48.859  34.233  13.855   1.871   0.043   0.052   0.024   0.006   0.001   0.000   0.000   0.000   0.002   0.001
Spacing (Ang)         :       0.094   0.109   0.123   0.155   0.156   0.070   0.077   0.213   0.165   0.150   0.160   0.135   0.117   0.141   0.120   0.098   0.097   0.094   0.141   0.132 
Gradients (eV/Ang)    :   0.166   0.229   0.266   0.104   0.039   0.033   0.075   0.231   0.044   0.126   0.269   0.160   0.128   0.086   0.053   0.034   0.032   0.006   0.021   0.035   0.041
Straightness          :   1.000   0.900   0.896   0.844   0.979   0.950   0.966   0.975   0.982   0.959   0.427   0.814   0.989   0.990   0.990   0.992  -1.000   0.994  -1.000   0.987   1.000

  GAvg(eV/Ang)  GMax(eV/Ang)   Length(Ang)  DeltaE(kcal)   RMSD(Ang)  TrustRad(Ang)  Step Quality
@     0.1038        0.2693        2.5489       -0.0298      0.0153      0.0153 (=)    0.11 (Okay)
-=# Optimization cycle 25 #=-
Hessian Eigenvalues (Working) :  9.2998e-03  9.9427e-03  9.9848e-03  9.9919e-03  9.9975e-03 ...  1.9654e+00  2.1901e+00  2.3477e+00  3.1805e+00  3.4013e+00
Hessian Eigenvalues (Plain)   :  2.3761e-04  9.4412e-03  9.6979e-03  9.8256e-03  9.9536e-03 ...  2.1343e+00  2.3343e+00  2.6715e+00  3.3229e+00  3.7032e+00
Time since last ComputeChain: 1.240 s
Image Number          :     0       1       2       3       4       5       6       7       8       9      10      11      12      13      14      15      16      17      18      19      20  
                        [94m  (min)[0m   ---->   ---->   ---->   ---->   ---->   ---->   (^_^)   <----   <----   <----   <----   <----   <----   <----   <----   <---- [94m  (min)[0m [94m  ---->[0m   (max) [94m  (min)[0m
Energies  (kcal/mol)  :  14.706  15.251  16.811  21.715  31.478  41.402  45.709  48.903  34.400  13.953   1.889   0.022   0.015   0.007   0.003   0.001   0.000   0.000   0.000   0.001   0.001
Spacing (Ang)         :       0.088   0.115   0.128   0.156   0.155   0.069   0.082   0.208   0.166   0.150   0.156   0.133   0.117   0.142   0.120   0.098   0.096   0.094   0.141   0.133 
Gradients (eV/Ang)    :   0.166   0.208   0.239   0.072   0.033   0.028   0.071   0.170   0.100   0.274   0.062   0.129   0.075   0.075   0.096   0.077   0.040   0.006   0.021   0.082   0.041
Straightness          :   1.000   0.939   0.860   0.860   0.984   0.944   0.971   0.976   0.984   0.958   0.452   0.805   0.990   0.989   0.990   0.993  -1.000   0.994  -1.000   0.987   1.000

  GAvg(eV/Ang)  GMax(eV/Ang)   Length(Ang)  DeltaE(kcal)   RMSD(Ang)  TrustRad(Ang)  Step Quality
@     0.0977        0.2741        2.5456       -0.0189      0.0153      0.0153 (=)    0.12 (Okay)
-=# Optimization cycle 26 #=-
Hessian Eigenvalues (Working) :  9.4154e-03  9.9078e-03  9.9808e-03  9.9914e-03  9.9982e-03 ...  1.9714e+00  2.3357e+00  2.5189e+00  3.1377e+00  3.3362e+00
Hessian Eigenvalues (Plain)   :  2.6490e-04  8.1353e-03  9.7356e-03  9.8681e-03  9.9487e-03 ...  2.1655e+00  2.6108e+00  2.7984e+00  3.3855e+00  3.5228e+00
Time since last ComputeChain: 0.934 s
Image Number          :     0       1       2       3       4       5       6       7       8       9      10      11      12      13      14      15      16      17      18      19      20  
                        [94m  (min)[0m   ---->   ----> [94m  ---->[0m [94m  ---->[0m   ---->   ---->   (^_^)   <----   <----   <----   <---- [94m  (min)[0m   (max)   <----   <----   <---- [94m  (min)[0m [94m  ---->[0m   (max) [94m  (min)[0m
Energies  (kcal/mol)  :  14.706  15.058  16.523  21.674  31.470  41.339  45.691  48.945  34.445  14.004   1.945   0.004   0.000   0.001   0.001   0.001   0.000   0.000   0.000   0.001   0.001
Spacing (Ang)         :       0.084   0.122   0.132   0.156   0.155   0.069   0.087   0.203   0.166   0.149   0.152   0.131   0.117   0.141   0.120   0.098   0.095   0.094   0.141   0.133 
Gradients (eV/Ang)    :   0.166   0.179   0.162   0.020   0.017   0.045   0.116   0.137   0.030   0.088   0.042   0.068   0.019   0.108   0.107   0.092   0.049   0.006   0.021   0.100   0.041
Straightness          :   1.000   0.970   0.811   0.880   0.986   0.941   0.974   0.974   0.982   0.964   0.479   0.792   0.990   0.990   0.989   0.993  -1.000   0.994  -1.000   0.988   1.000

  GAvg(eV/Ang)  GMax(eV/Ang)   Length(Ang)  DeltaE(kcal)   RMSD(Ang)  TrustRad(Ang)  Step Quality
@     0.0740        0.1792        2.5462       -0.0218      0.0165      0.0153 (=)    0.49 (Okay)
-=# Optimization cycle 27 #=-
Hessian Eigenvalues (Working) :  9.6231e-03  9.9665e-03  9.9755e-03  9.9939e-03  9.9983e-03 ...  2.0311e+00  2.3361e+00  2.6891e+00  3.1395e+00  3.3414e+00
Hessian Eigenvalues (Plain)   :  2.7001e-04  6.8119e-03  9.7222e-03  9.8677e-03  9.9492e-03 ...  2.2042e+00  2.6323e+00  2.8205e+00  3.3679e+00  3.5814e+00
Time since last ComputeChain: 0.979 s
Image Number          :     0       1       2       3       4       5       6       7       8       9      10      11      12      13      14      15      16      17      18      19      20  
                        [94m  (min)[0m   ---->   ----> [94m  ---->[0m [94m  ---->[0m   ---->   ---->   (^_^)   <----   <----   <----   <---- [94m  (min)[0m   (max)   <----   <----   <---- [94m  (min)[0m [94m  ---->[0m   (max) [94m  (min)[0m
Energies  (kcal/mol)  :  14.706  14.910  16.292  21.674  31.470  41.244  45.692  48.965  34.506  14.058   1.975   0.001   0.000   0.008   0.003   0.002   0.001   0.000   0.000   0.002   0.001
Spacing (Ang)         :       0.083   0.131   0.136   0.156   0.153   0.071   0.091   0.199   0.166   0.149   0.149   0.129   0.117   0.142   0.120   0.097   0.094   0.094   0.141   0.133 
Gradients (eV/Ang)    :   0.166   0.179   0.135   0.019   0.015   0.044   0.177   0.074   0.138   0.069   0.115   0.061   0.019   0.210   0.130   0.116   0.063   0.006   0.021   0.121   0.041
Straightness          :   1.000   0.973   0.738   0.922   0.986   0.945   0.967   0.977   0.981   0.966   0.505   0.806   0.992   0.988   0.990   0.993  -1.000   0.995  -1.000   0.987   1.000

  GAvg(eV/Ang)  GMax(eV/Ang)   Length(Ang)  DeltaE(kcal)   RMSD(Ang)  TrustRad(Ang)  Step Quality
@     0.0902        0.2104        2.5491       -0.0144      0.0162      0.0153 (=)   -0.44 (Poor)
-=# Optimization cycle 28 #=-
Hessian Eigenvalues (Working) :  9.6498e-03  9.8760e-03  9.9754e-03  9.9913e-03  9.9982e-03 ...  2.2414e+00  2.3364e+00  2.8450e+00  3.1390e+00  3.3415e+00
Hessian Eigenvalues (Plain)   :  2.4236e-04  6.3520e-03  9.7157e-03  9.8681e-03  9.8996e-03 ...  2.3829e+00  2.6383e+00  3.3541e+00  3.4160e+00  3.5450e+00
Time since last ComputeChain: 1.446 s
Image Number          :     0       1       2       3       4       5       6       7       8       9      10      11      12      13      14      15      16      17      18      19      20  
                        [94m  (min)[0m   ---->   ----> [94m  ---->[0m [94m  ---->[0m   ---->   ---->   (^_^)   <----   <---- [94m  <----[0m   <---- [94m  (min)[0m   (max)   <----   <----   <---- [94m  (min)[0m [94m  ---->[0m   (max) [94m  (min)[0m
Energies  (kcal/mol)  :  14.706  14.850  16.192  21.674  31.470  41.207  45.672  48.970  34.527  14.103   1.992   0.001   0.000   0.006   0.002   0.001   0.000   0.000   0.000   0.001   0.001
Spacing (Ang)         :       0.084   0.134   0.137   0.156   0.153   0.072   0.093   0.196   0.166   0.149   0.148   0.129   0.116   0.142   0.120   0.097   0.094   0.094   0.141   0.133 
Gradients (eV/Ang)    :   0.166   0.116   0.114   0.019   0.015   0.054   0.037   0.061   0.041   0.126   0.019   0.047   0.019   0.078   0.064   0.058   0.027   0.006   0.021   0.064   0.041
Straightness          :   1.000   0.961   0.704   0.935   0.986   0.948   0.963   0.977   0.983   0.965   0.518   0.810   0.991   0.989   0.989   0.993  -1.000   0.995  -1.000   0.988   1.000

  GAvg(eV/Ang)  GMax(eV/Ang)   Length(Ang)  DeltaE(kcal)   RMSD(Ang)  TrustRad(Ang)  Step Quality
@     0.0519        0.1260        2.5523       -0.0063      0.0077      0.0077 ([91m-[0m)    0.85 (Good)
-=# Optimization cycle 29 #=-
Hessian Eigenvalues (Working) :  9.8049e-03  9.8749e-03  9.9910e-03  9.9931e-03  9.9982e-03 ...  2.3186e+00  2.7052e+00  2.9658e+00  3.1536e+00  3.3508e+00
Hessian Eigenvalues (Plain)   :  2.1413e-04  6.3782e-03  9.7336e-03  9.8903e-03  9.9040e-03 ...  2.6166e+00  2.7296e+00  3.1019e+00  3.3711e+00  3.6134e+00
Time since last ComputeChain: 1.383 s
Image Number          :     0       1       2       3       4       5       6       7       8       9      10      11      12      13      14      15      16      17      18      19      20  
                        [94m  (min)[0m   ---->   ----> [94m  ---->[0m [94m  ---->[0m   ---->   ----> [94m  (^_^)[0m [94m  <----[0m   <---- [94m  <----[0m   <---- [94m  (min)[0m   (max) [94m  <----[0m [94m  <----[0m [94m  (min)[0m [94m  ---->[0m [94m  ---->[0m [94m  ---->[0m [94m  (min)[0m
Energies  (kcal/mol)  :  14.706  14.781  16.049  21.674  31.471  41.149  45.672  48.972  34.519  14.096   1.992   0.002   0.000   0.009   0.002   0.001   0.000   0.000   0.000   0.001   0.001
Spacing (Ang)         :       0.086   0.140   0.141   0.156   0.152   0.073   0.095   0.195   0.166   0.149   0.148   0.128   0.116   0.142   0.120   0.096   0.093   0.094   0.141   0.133 
Gradients (eV/Ang)    :   0.166   0.084   0.093   0.019   0.019   0.054   0.162   0.016   0.020   0.060   0.022   0.042   0.019   0.051   0.024   0.012   0.010   0.006   0.021   0.015   0.041
Straightness          :   1.000   0.929   0.651   0.951   0.986   0.952   0.960   0.976   0.983   0.967   0.515   0.821   0.989   0.988   0.990   0.993  -1.000   0.994  -1.000   0.987   1.000

  GAvg(eV/Ang)  GMax(eV/Ang)   Length(Ang)  DeltaE(kcal)   RMSD(Ang)  TrustRad(Ang)  Step Quality
@     0.0395        0.1622        2.5611       -0.0133      0.0119      0.0109 ([92m+[0m)    0.48 (Okay)
-=# Optimization cycle 30 #=-
Hessian Eigenvalues (Working) :  9.6111e-03  9.9135e-03  9.9893e-03  9.9981e-03  9.9985e-03 ...  2.3295e+00  2.7788e+00  2.9031e+00  3.1895e+00  3.3330e+00
Hessian Eigenvalues (Plain)   :  1.9014e-04  6.5524e-03  9.5965e-03  9.8601e-03  9.9044e-03 ...  2.6143e+00  2.8599e+00  2.9871e+00  3.3842e+00  3.6439e+00
Time since last ComputeChain: 1.529 s
Image Number          :     0       1       2       3       4       5       6       7       8       9      10      11      12      13      14      15      16      17      18      19      20  
                        [94m  (min)[0m   ---->   ----> [94m  ---->[0m [94m  ---->[0m   ---->   ----> [94m  (^_^)[0m [94m  <----[0m   <---- [94m  <----[0m   <---- [94m  (min)[0m   (max) [94m  <----[0m [94m  <----[0m [94m  (min)[0m [94m  ---->[0m [94m  ---->[0m [94m  ---->[0m [94m  (min)[0m
Energies  (kcal/mol)  :  14.706  14.734  15.928  21.674  31.471  41.085  45.689  48.972  34.519  14.119   1.992   0.002   0.000   0.010   0.002   0.001   0.000   0.000   0.000   0.001   0.001
Spacing (Ang)         :       0.090   0.146   0.144   0.156   0.151   0.074   0.095   0.195   0.165   0.149   0.148   0.127   0.116   0.142   0.120   0.096   0.093   0.094   0.141   0.133 
Gradients (eV/Ang)    :   0.166   0.072   0.076   0.019   0.022   0.027   0.139   0.016   0.020   0.035   0.025   0.033   0.019   0.052   0.024   0.012   0.010   0.006   0.021   0.015   0.041
Straightness          :   1.000   0.883   0.598   0.959   0.986   0.956   0.953   0.979   0.983   0.966   0.517   0.827   0.988   0.988   0.989   0.993  -1.000   0.994  -1.000   0.987   1.000

  GAvg(eV/Ang)  GMax(eV/Ang)   Length(Ang)  DeltaE(kcal)   RMSD(Ang)  TrustRad(Ang)  Step Quality
@     0.0339        0.1394        2.5747       -0.0089      0.0118      0.0109 (=)    0.29 (Okay)
-=# Optimization cycle 31 #=-
Hessian Eigenvalues (Working) :  9.7507e-03  9.8898e-03  9.9830e-03  9.9967e-03  9.9988e-03 ...  2.3470e+00  2.7399e+00  2.8979e+00  3.1871e+00  3.3297e+00
Hessian Eigenvalues (Plain)   :  2.0884e-04  6.6583e-03  9.5995e-03  9.8454e-03  9.9104e-03 ...  2.6840e+00  2.7683e+00  2.9839e+00  3.3657e+00  3.5997e+00
Time since last ComputeChain: 1.398 s
Image Number          :     0       1       2       3       4       5       6       7       8       9      10      11      12      13      14      15      16      17      18      19      20  
                        [94m  (min)[0m   ---->   ----> [94m  ---->[0m   ---->   ---->   ----> [94m  (^_^)[0m [94m  <----[0m   <----   <----   <---- [94m  (min)[0m   (max) [94m  <----[0m [94m  <----[0m [94m  (min)[0m [94m  ---->[0m [94m  ---->[0m [94m  ---->[0m [94m  (min)[0m
Energies  (kcal/mol)  :  14.706  14.709  15.818  21.674  31.471  41.107  45.654  48.972  34.519  14.050   1.992   0.002   0.000   0.009   0.002   0.001   0.000   0.000   0.000   0.001   0.001
Spacing (Ang)         :       0.096   0.151   0.148   0.156   0.151   0.073   0.095   0.195   0.166   0.149   0.148   0.127   0.116   0.142   0.120   0.096   0.093   0.094   0.141   0.133 
Gradients (eV/Ang)    :   0.166   0.034   0.087   0.019   0.027   0.053   0.028   0.016   0.020   0.037   0.030   0.026   0.019   0.068   0.024   0.012   0.010   0.006   0.021   0.015   0.041
Straightness          :   1.000   0.831   0.555   0.960   0.986   0.955   0.954   0.978   0.984   0.966   0.526   0.827   0.988   0.989   0.989   0.993  -1.000   0.994  -1.000   0.987   1.000

  GAvg(eV/Ang)  GMax(eV/Ang)   Length(Ang)  DeltaE(kcal)   RMSD(Ang)  TrustRad(Ang)  Step Quality
@     0.0290        0.0866        2.5891       -0.0101      0.0112      0.0109 (=)    0.29 (Okay)
-=# Optimization cycle 32 #=-
Hessian Eigenvalues (Working) :  9.7045e-03  9.9075e-03  9.9806e-03  9.9913e-03  9.9978e-03 ...  2.5017e+00  2.7399e+00  2.8988e+00  3.1858e+00  3.3262e+00
Hessian Eigenvalues (Plain)   :  2.1481e-04  7.0423e-03  9.4564e-03  9.6932e-03  9.8748e-03 ...  2.7640e+00  2.9238e+00  3.0457e+00  3.3634e+00  3.6038e+00
Time since last ComputeChain: 0.563 s
Image Number          :     0       1       2       3       4       5       6       7       8       9      10      11      12      13      14      15      16      17      18      19      20  
                        [94m  (min)[0m [94m  (min)[0m   ----> [94m  ---->[0m   ---->   ---->   ----> [94m  (^_^)[0m [94m  <----[0m   <----   <----   <---- [94m  (min)[0m   (max) [94m  <----[0m [94m  <----[0m [94m  (min)[0m [94m  ---->[0m [94m  ---->[0m [94m  ---->[0m [94m  (min)[0m
Energies  (kcal/mol)  :  14.706  14.703  15.777  21.674  31.502  41.108  45.605  48.972  34.519  14.063   2.005   0.001   0.000   0.006   0.002   0.001   0.000   0.000   0.000   0.001   0.001
Spacing (Ang)         :       0.098   0.155   0.150   0.157   0.150   0.072   0.096   0.195   0.166   0.148   0.150   0.128   0.117   0.141   0.120   0.096   0.093   0.094   0.141   0.133 
Gradients (eV/Ang)    :   0.166   0.010   0.161   0.019   0.030   0.075   0.074   0.016   0.020   0.059   0.052   0.086   0.019   0.058   0.024   0.012   0.010   0.006   0.021   0.015   0.041
Straightness          :   1.000   0.803   0.522   0.959   0.986   0.956   0.955   0.977   0.984   0.966   0.525   0.819   0.989   0.990   0.989   0.993  -1.000   0.994  -1.000   0.987   1.000

  GAvg(eV/Ang)  GMax(eV/Ang)   Length(Ang)  DeltaE(kcal)   RMSD(Ang)  TrustRad(Ang)  Step Quality
@     0.0404        0.1613        2.6001       -0.0018      0.0064      0.0109 (=)   -0.79 (Poor)
-=# Optimization cycle 33 #=-
Hessian Eigenvalues (Working) :  9.8718e-03  9.9049e-03  9.9796e-03  9.9819e-03  9.9976e-03 ...  2.7346e+00  2.8189e+00  3.0128e+00  3.1825e+00  3.4687e+00
Hessian Eigenvalues (Plain)   :  2.1097e-04  7.0147e-03  9.4721e-03  9.7021e-03  9.8587e-03 ...  2.7509e+00  2.9632e+00  3.3143e+00  3.4634e+00  3.7286e+00
Time since last ComputeChain: 1.435 s
Image Number          :     0       1       2       3       4       5       6       7       8       9      10      11      12      13      14      15      16      17      18      19      20  
                        [94m  (min)[0m [94m  (min)[0m   ----> [94m  ---->[0m   ---->   ----> [94m  ---->[0m [94m  (^_^)[0m [94m  <----[0m [94m  <----[0m [94m  <----[0m   <---- [94m  (min)[0m   (max) [94m  <----[0m [94m  <----[0m [94m  (min)[0m [94m  ---->[0m [94m  ---->[0m [94m  ---->[0m [94m  (min)[0m
Energies  (kcal/mol)  :  14.706  14.703  15.756  21.674  31.468  41.098  45.632  48.972  34.519  14.027   2.047   0.000   0.000   0.004   0.002   0.001   0.000   0.000   0.000   0.001   0.001
Spacing (Ang)         :       0.098   0.154   0.151   0.156   0.151   0.073   0.095   0.195   0.166   0.147   0.153   0.127   0.117   0.141   0.120   0.096   0.093   0.094   0.141   0.133 
Gradients (eV/Ang)    :   0.166   0.010   0.026   0.020   0.029   0.045   0.008   0.016   0.020   0.015   0.021   0.052   0.019   0.033   0.024   0.012   0.010   0.006   0.021   0.015   0.041
Straightness          :   1.000   0.805   0.522   0.958   0.986   0.953   0.957   0.977   0.984   0.966   0.521   0.814   0.990   0.990   0.989   0.993  -1.000   0.994  -1.000   0.987   1.000

  GAvg(eV/Ang)  GMax(eV/Ang)   Length(Ang)  DeltaE(kcal)   RMSD(Ang)  TrustRad(Ang)  Step Quality
@     0.0212        0.0520        2.6011       -0.0016      0.0016      0.0032 ([91m-[0m)    0.95 (Good)
-=# Optimization cycle 34 #=-
Hessian Eigenvalues (Working) :  9.6906e-03  9.9180e-03  9.9778e-03  9.9876e-03  9.9969e-03 ...  2.7238e+00  2.8835e+00  3.1322e+00  3.2730e+00  4.1293e+00
Hessian Eigenvalues (Plain)   :  2.1616e-04  7.0093e-03  9.4282e-03  9.6850e-03  9.8677e-03 ...  2.7332e+00  2.9707e+00  3.3617e+00  3.5130e+00  4.5369e+00
Time since last ComputeChain: 1.160 s
Image Number          :     0       1       2       3       4       5       6       7       8       9      10      11      12      13      14      15      16      17      18      19      20  
                        [94m  (min)[0m [94m  (min)[0m   ----> [94m  ---->[0m [94m  ---->[0m   ----> [94m  ---->[0m [94m  (^_^)[0m [94m  <----[0m [94m  <----[0m [94m  <----[0m   <---- [94m  (min)[0m   (max) [94m  <----[0m [94m  <----[0m [94m  (min)[0m [94m  ---->[0m [94m  ---->[0m [94m  ---->[0m [94m  (min)[0m
Energies  (kcal/mol)  :  14.706  14.703  15.779  21.674  31.417  41.092  45.632  48.972  34.519  14.027   2.047   0.000   0.000   0.003   0.002   0.001   0.000   0.000   0.000   0.001   0.001
Spacing (Ang)         :       0.098   0.153   0.150   0.156   0.152   0.073   0.095   0.195   0.166   0.147   0.155   0.125   0.117   0.140   0.120   0.096   0.093   0.094   0.141   0.133 
Gradients (eV/Ang)    :   0.166   0.009   0.045   0.023   0.024   0.066   0.008   0.016   0.020   0.015   0.021   0.035   0.019   0.076   0.024   0.012   0.010   0.006   0.021   0.015   0.041
Straightness          :   1.000   0.798   0.542   0.958   0.987   0.951   0.958   0.977   0.984   0.966   0.518   0.814   0.991   0.990   0.990   0.993  -1.000   0.994  -1.000   0.987   1.000

  GAvg(eV/Ang)  GMax(eV/Ang)   Length(Ang)  DeltaE(kcal)   RMSD(Ang)  TrustRad(Ang)  Step Quality
@     0.0245        0.0764        2.5992       -0.0017      0.0021      0.0046 ([92m+[0m)    0.04 (Okay)
-=# Optimization cycle 35 #=-
Hessian Eigenvalues (Working) :  9.6716e-03  9.9151e-03  9.9799e-03  9.9861e-03  9.9945e-03 ...  2.7513e+00  3.0845e+00  3.1623e+00  3.2738e+00  4.4221e+00
Hessian Eigenvalues (Plain)   :  2.1716e-04  7.1261e-03  9.1442e-03  9.4360e-03  9.7338e-03 ...  2.8120e+00  3.2962e+00  3.3678e+00  3.5269e+00  4.9081e+00
Time since last ComputeChain: 0.367 s
Image Number          :     0       1       2       3       4       5       6       7       8       9      10      11      12      13      14      15      16      17      18      19      20  
                        [94m  (min)[0m [94m  (min)[0m   ----> [94m  ---->[0m [94m  ---->[0m   ----> [94m  ---->[0m [94m  (^_^)[0m [94m  <----[0m [94m  <----[0m [94m  <----[0m [94m  <----[0m [94m  (min)[0m   ----> [94m  (max)[0m [94m  <----[0m [94m  (min)[0m [94m  ---->[0m [94m  ---->[0m [94m  ---->[0m [94m  (min)[0m
Energies  (kcal/mol)  :  14.706  14.703  15.802  21.674  31.417  41.032  45.632  48.972  34.519  14.027   2.047   0.000   0.000   0.001   0.002   0.001   0.000   0.000   0.000   0.001   0.001
Spacing (Ang)         :       0.098   0.153   0.149   0.156   0.151   0.074   0.095   0.195   0.166   0.147   0.157   0.123   0.118   0.140   0.120   0.096   0.093   0.094   0.141   0.133 
Gradients (eV/Ang)    :   0.166   0.009   0.054   0.023   0.024   0.026   0.008   0.016   0.020   0.015   0.021   0.016   0.019   0.036   0.025   0.012   0.010   0.006   0.021   0.015   0.041
Straightness          :   1.000   0.790   0.561   0.958   0.987   0.952   0.957   0.977   0.984   0.966   0.515   0.813   0.991   0.990   0.990   0.993  -1.000   0.994  -1.000   0.987   1.000

  GAvg(eV/Ang)  GMax(eV/Ang)   Length(Ang)  DeltaE(kcal)   RMSD(Ang)  TrustRad(Ang)  Step Quality
@     0.0197        0.0536        2.5973       -0.0019      0.0021      0.0046 (=)    0.42 (Okay)
-=# Optimization cycle 36 #=-
Hessian Eigenvalues (Working) :  5.5843e-03  9.9186e-03  9.9727e-03  9.9877e-03  9.9951e-03 ...  2.7489e+00  3.0861e+00  3.2619e+00  4.1118e+00  4.6687e+00
Hessian Eigenvalues (Plain)   :  1.9538e-04  5.7521e-03  8.0566e-03  9.4134e-03  9.6807e-03 ...  2.8057e+00  3.3209e+00  3.4796e+00  4.2368e+00  4.5899e+00
Time since last ComputeChain: 1.360 s
Image Number          :     0       1       2       3       4       5       6       7       8       9      10      11      12      13      14      15      16      17      18      19      20  
                        [94m  (min)[0m [94m  (min)[0m   ----> [94m  ---->[0m [94m  ---->[0m   ----> [94m  ---->[0m [94m  (^_^)[0m [94m  <----[0m [94m  <----[0m [94m  <----[0m [94m  <----[0m [94m  <----[0m [94m  (min)[0m [94m  (max)[0m [94m  <----[0m [94m  (min)[0m [94m  ---->[0m [94m  ---->[0m [94m  ---->[0m [94m  (min)[0m
Energies  (kcal/mol)  :  14.706  14.703  15.865  21.674  31.417  40.901  45.632  48.972  34.519  14.027   2.047   0.000   0.000   0.000   0.002   0.001   0.000   0.000   0.000   0.001   0.001
Spacing (Ang)         :       0.098   0.152   0.146   0.156   0.149   0.076   0.095   0.195   0.166   0.147   0.157   0.123   0.118   0.139   0.120   0.096   0.093   0.094   0.141   0.133 
Gradients (eV/Ang)    :   0.166   0.009   0.051   0.023   0.025   0.054   0.008   0.016   0.020   0.015   0.021   0.016   0.019   0.012   0.025   0.012   0.010   0.006   0.021   0.015   0.041
Straightness          :   1.000   0.773   0.601   0.959   0.986   0.954   0.955   0.977   0.984   0.966   0.515   0.813   0.991   0.990   0.989   0.993  -1.000   0.994  -1.000   0.987   1.000

  GAvg(eV/Ang)  GMax(eV/Ang)   Length(Ang)  DeltaE(kcal)   RMSD(Ang)  TrustRad(Ang)  Step Quality
@     0.0198        0.0535        2.5936       -0.0034      0.0045      0.0046 (=)    0.41 (Okay)
-=# Optimization cycle 37 #=-
Hessian Eigenvalues (Working) :  6.9543e-03  9.5363e-03  9.9203e-03  9.9881e-03  9.9958e-03 ...  2.7552e+00  3.0728e+00  3.3108e+00  4.0954e+00  4.9867e+00
Hessian Eigenvalues (Plain)   :  1.9358e-04  5.1424e-03  8.0142e-03  9.0328e-03  9.4197e-03 ...  2.8361e+00  3.4113e+00  3.4820e+00  4.3584e+00  4.9217e+00
Time since last ComputeChain: 0.937 s
Image Number          :     0       1       2       3       4       5       6       7       8       9      10      11      12      13      14      15      16      17      18      19      20  
                        [94m  (min)[0m [94m  (min)[0m   ----> [94m  ---->[0m   ----> [94m  ---->[0m [94m  ---->[0m [94m  (^_^)[0m [94m  <----[0m [94m  <----[0m [94m  <----[0m [94m  <----[0m [94m  <----[0m [94m  (min)[0m [94m  (max)[0m [94m  <----[0m [94m  (min)[0m [94m  ---->[0m [94m  ---->[0m [94m  ---->[0m [94m  (min)[0m
Energies  (kcal/mol)  :  14.706  14.703  15.890  21.674  31.417  40.852  45.632  48.972  34.519  14.027   2.047   0.000   0.000   0.000   0.002   0.001   0.000   0.000   0.000   0.001   0.001
Spacing (Ang)         :       0.098   0.152   0.145   0.156   0.148   0.077   0.095   0.195   0.166   0.147   0.157   0.123   0.118   0.139   0.120   0.096   0.093   0.094   0.141   0.133 
Gradients (eV/Ang)    :   0.166   0.009   0.049   0.023   0.026   0.009   0.008   0.016   0.020   0.015   0.021   0.016   0.019   0.012   0.025   0.012   0.010   0.006   0.021   0.015   0.041
Straightness          :   1.000   0.769   0.607   0.959   0.987   0.954   0.955   0.977   0.984   0.966   0.515   0.813   0.991   0.990   0.989   0.993  -1.000   0.994  -1.000   0.987   1.000

  GAvg(eV/Ang)  GMax(eV/Ang)   Length(Ang)  DeltaE(kcal)   RMSD(Ang)  TrustRad(Ang)  Step Quality
@     0.0175        0.0494        2.5930       -0.0011      0.0011      0.0046 (=)    0.60 (Good)
--== Optimization Converged. ==--
./MD_traj/10-11/NEB_ready.xyz initial chain is processed.
QCAI Optimization is done.
Input Detail: {'program': 'psi4', 'coordsys': 'cart', 'engine': 'qcengine', 'client': FractalClient(server_name='QCFractal Server', address='https://breakaway:7777/', username='User1'), 'irc': True, 'trust': 0.2, 'qcschema': {'schema_name': 'qcschema_input', 'schema_version': 1, 'driver': <DriverEnum.gradient: 'gradient'>, 'model': {'method': 'b3lyp', 'basis': '6-31+g(d)'}, 'keywords': {}, 'extras': {'_qcengine_local_config': {'ncores': 16, 'nnodes': 1, 'memory': 111.848, 'scratch_directory': None, 'retries': 2, 'mpiexec_command': None, 'use_mpiexec': False, 'cores_per_rank': 1, 'scratch_messy': False}}, 'molecule': {'schema_name': 'qcschema_molecule', 'schema_version': 2, 'validated': True, 'symbols': ['C', 'N', 'H'], 'geometry': array([[ 2.46605938, -0.7126674 ,  0.        ],
       [ 0.21567265, -0.71331108,  0.        ],
       [ 1.73035311,  1.42617084,  0.        ]]), 'name': 'CHN', 'molecular_charge': 0.0, 'molecular_multiplicity': 1, 'fix_com': True, 'fix_orientation': True, 'provenance': {'creator': 'QCElemental', 'version': 'v0.23.0', 'routine': 'qcelemental.molparse.from_schema'}}}, 'qce_program': 'psi4'}
QCFractal client: FractalClient(server_name='QCFractal Server', address='https://breakaway:7777/', username='User1')
The IRC method will be performed.

---------------Itreation 0--------------
Trust radius 0.2
Maximum trust radius 0.202
Imaginary Wavenumber: -1137.665418348942
Gradients norm: 7.792093521263185e-05
Dot product: 0.9917033480670274
Energy: -93.35164669189973
Energy Change: 0.0011016938926360353
Cartesian Displacement: 0.19431616092970527

---------------Itreation 1--------------
Gradients norm: 0.010496940524350034
Dot product: 0.9949636608211074
Energy: -93.35317229707825
Energy Change: 0.001525605178514411
Cartesian Displacement: 0.10622091245302147

---------------Itreation 2--------------
Gradients norm: 0.015949755800092197
Dot product: 0.999506778441878
Energy: -93.35540282182029
Energy Change: 0.0022305247420462138
Cartesian Displacement: 0.11097684868115877

---------------Itreation 3--------------
Gradients norm: 0.021073027162329453
Dot product: 0.9922494163099318
Energy: -93.35832753857262
Energy Change: 0.0029247167523323014
Cartesian Displacement: 0.11478297551150554

---------------Itreation 4--------------
Gradients norm: 0.025656345731402803
Dot product: 0.9904205886043533
Energy: -93.36188454196012
Energy Change: 0.0035570033874989804
Cartesian Displacement: 0.11819255190385235

---------------Itreation 5--------------
Gradients norm: 0.029480317747675178
Dot product: 0.9831495749904252
Energy: -93.36597576226052
Energy Change: 0.004091220300395548
Cartesian Displacement: 0.12072245555024973

---------------Itreation 6--------------
Gradients norm: 0.032443658271342365
Dot product: 0.9743631543466428
Energy: -93.3704742022492
Energy Change: 0.0044984399886800475
Cartesian Displacement: 0.12244970170808983

---------------Itreation 7--------------
Gradients norm: 0.034512429884569484
Dot product: 0.9627928301329772
Energy: -93.37524058851305
Energy Change: 0.004766386263852951
Cartesian Displacement: 0.12336022265747272

---------------Itreation 8--------------
Gradients norm: 0.03571739255555976
Dot product: 0.9482735000012006
Energy: -93.3801377850208
Energy Change: 0.004897196507755552
Cartesian Displacement: 0.12351384471192112

---------------Itreation 9--------------
Gradients norm: 0.03613750640102238
Dot product: 0.9305718327730595
Energy: -93.38504184569305
Energy Change: 0.004904060672245691
Cartesian Displacement: 0.1230060025358167

---------------Itreation 10--------------
Gradients norm: 0.03588419693459015
Dot product: 0.9095196812716164
Energy: -93.38984869163367
Energy Change: 0.004806845940620974
Cartesian Displacement: 0.12195367375837353

---------------Itreation 11--------------
Gradients norm: 0.0350795001803347
Dot product: 0.8849520639961821
Energy: -93.39447641076941
Energy Change: 0.004627719135740449
Cartesian Displacement: 0.12047223227550902

---------------Itreation 12--------------
Gradients norm: 0.03383891643104432
Dot product: 0.8568303057880539
Energy: -93.39886467608198
Energy Change: 0.004388265312570638
Cartesian Displacement: 0.11866770768039545

---------------Itreation 13--------------
Gradients norm: 0.03226886982453139
Dot product: 0.8252099690715645
Energy: -93.40297209522731
Energy Change: 0.00410741914532764
Cartesian Displacement: 0.11663446730430924

---------------Itreation 14--------------
Gradients norm: 0.030458449358657245
Dot product: 0.790144778519512
Energy: -93.40677280133886
Energy Change: 0.0038007061115479246
Cartesian Displacement: 0.11444891924899105

---------------Itreation 15--------------
Gradients norm: 0.028478395327014787
Dot product: 0.7517414100618317
Energy: -93.41025269784697
Energy Change: 0.003479896508110869
Cartesian Displacement: 0.11217179678491263

---------------Itreation 16--------------
Gradients norm: 0.026383207011997006
Dot product: 0.7101002531721305
Energy: -93.41340624737927
Energy Change: 0.0031535495322998486
Cartesian Displacement: 0.10984854035427565

---------------Itreation 17--------------
Gradients norm: 0.024211776806731217
Dot product: 0.6653931074810543
Energy: -93.41623413249977
Energy Change: 0.002827885120495921
Cartesian Displacement: 0.10751031528953667

---------------Itreation 18--------------
Gradients norm: 0.021993380867650816
Dot product: 0.6179165945532998
Energy: -93.41874145942955
Energy Change: 0.002507326929787723
Cartesian Displacement: 0.10518141685086652

---------------Itreation 19--------------
Gradients norm: 0.019751212892349726
Dot product: 0.5679571463657799
Energy: -93.42093638979914
Energy Change: 0.0021949303695834033
Cartesian Displacement: 0.10288163276277508

---------------Itreation 20--------------
Gradients norm: 0.017501891483219095
Dot product: 0.51577329589594
Energy: -93.42282908562159
Energy Change: 0.0018926958224483315
Cartesian Displacement: 0.10062412898065638

---------------Itreation 21--------------
Gradients norm: 0.015256434686573995
Dot product: 0.4616551339261995
Energy: -93.42443078461845
Energy Change: 0.0016016989968647977
Cartesian Displacement: 0.09841663844142867

---------------Itreation 22--------------
Gradients norm: 0.013021734340751654
Dot product: 0.40591476384893743
Energy: -93.42575319525604
Energy Change: 0.0013224106375844258
Cartesian Displacement: 0.0962630700630695

---------------Itreation 23--------------
Gradients norm: 0.01080111724803539
Dot product: 0.34887936130252806
Energy: -93.42680815381446
Energy Change: 0.0010549585584271881
Cartesian Displacement: 0.0941627780476062

---------------Itreation 24--------------
Gradients norm: 0.008595437455875059
Dot product: 0.29093588053852865
Energy: -93.42760737449399
Energy Change: 0.0007992206795250922
Cartesian Displacement: 0.0921124251217079

---------------Itreation 25--------------
Gradients norm: 0.006405219218250437
Dot product: 0.23246435503971033
Energy: -93.42816243297122
Energy Change: 0.0005550584772322509
Cartesian Displacement: 0.09011177371257388

---------------Itreation 26--------------
Gradients norm: 0.004232672151798857
Dot product: 0.17389604291591257
Energy: -93.42848507102845
Energy Change: 0.0003226380572272092
Cartesian Displacement: 0.08816563575459992

---------------Itreation 27--------------
Gradients norm: 0.0020833911482106417
Dot product: 0.11503314564690742
Energy: -93.42858758675128
Energy Change: 0.00010251572282982124
Cartesian Displacement: 0.08628088058698308

---------------Itreation 28--------------
Gradients norm: 3.447057321589132e-05
Dot product: 0.20026692009150487
Energy: -93.42843582119549
Energy Change: -0.00015176555578477746
WARNING, Energy is increasing! iteration: 28
Displacement is heading towards a wrong direction. Ending IRC.
Forward IRC is done

---------------Itreation 0--------------
Trust radius 0.2
Maximum trust radius 0.202
Imaginary Wavenumber: -1137.660852184573
Gradients norm: 7.792093521263185e-05
Dot product: 0.9917032803925868
Energy: -93.3516466919826
Energy Change: 0.0011016939754995292
Cartesian Displacement: 0.19431611226509207

---------------Itreation 1--------------
Gradients norm: 0.010496945120539962
Dot product: 0.9949634256888007
Energy: -93.35317229704724
Energy Change: 0.001525605064642832
Cartesian Displacement: 0.10622097682458312

---------------Itreation 2--------------
Gradients norm: 0.015949756152417727
Dot product: 0.9995068031324679
Energy: -93.3554028215577
Energy Change: 0.0022305245104661253
Cartesian Displacement: 0.11097683208410689

---------------Itreation 3--------------
Gradients norm: 0.02107303009334857
Dot product: 0.9922492388224727
Energy: -93.35832753808087
Energy Change: 0.0029247165231680583
Cartesian Displacement: 0.11478296707006332

---------------Itreation 4--------------
Gradients norm: 0.025656345132896812
Dot product: 0.9904205821584453
Energy: -93.3618845414125
Energy Change: 0.0035570033316218996
Cartesian Displacement: 0.11819255453684457

---------------Itreation 5--------------
Gradients norm: 0.029480317884587534
Dot product: 0.9831494451142542
Energy: -93.36597576178126
Energy Change: 0.00409122036876397
Cartesian Displacement: 0.12072245645578297

---------------Itreation 6--------------
Gradients norm: 0.032443663323872454
Dot product: 0.9743629719726742
Energy: -93.37047420178587
Energy Change: 0.004498440004610416
Cartesian Displacement: 0.12244970153605972

---------------Itreation 7--------------
Gradients norm: 0.034512428263367166
Dot product: 0.9627927772825082
Energy: -93.37524058809396
Energy Change: 0.0047663863080913416
Cartesian Displacement: 0.12336022528533298

---------------Itreation 8--------------
Gradients norm: 0.03571739577559556
Dot product: 0.9482732287013974
Energy: -93.38013778438287
Energy Change: 0.00489719628890839
Cartesian Displacement: 0.12351384037511974

---------------Itreation 9--------------
Gradients norm: 0.03613750158736664
Dot product: 0.9305717922135979
Energy: -93.38504184522844
Energy Change: 0.004904060845575486
Cartesian Displacement: 0.12300600605405208

---------------Itreation 10--------------
Gradients norm: 0.03588419255599826
Dot product: 0.9095195614297558
Energy: -93.3898486911044
Energy Change: 0.004806845875961585
Cartesian Displacement: 0.12195367530729444

---------------Itreation 11--------------
Gradients norm: 0.03507950085813194
Dot product: 0.8849517126266062
Energy: -93.39447641046516
Energy Change: 0.004627719360755123
Cartesian Displacement: 0.12047223240870684

---------------Itreation 12--------------
Gradients norm: 0.03383892210619509
Dot product: 0.8568297940573613
Energy: -93.39886467596341
Energy Change: 0.004388265498249666
Cartesian Displacement: 0.11866771045574939

---------------Itreation 13--------------
Gradients norm: 0.032268872989047355
Dot product: 0.8252098705579404
Energy: -93.40297209523571
Energy Change: 0.004107419272301627
Cartesian Displacement: 0.11663446794787607

---------------Itreation 14--------------
Gradients norm: 0.030458444126203243
Dot product: 0.7901448860459627
Energy: -93.40677280116687
Energy Change: 0.003800705931155335
Cartesian Displacement: 0.11444892312318937

---------------Itreation 15--------------
Gradients norm: 0.028478400882419114
Dot product: 0.7517402994435081
Energy: -93.410252697908
Energy Change: 0.0034798967411404647
Cartesian Displacement: 0.11217179133271415

---------------Itreation 16--------------
Gradients norm: 0.02638320747810408
Dot product: 0.7101003113215514
Energy: -93.41340624737335
Energy Change: 0.003153549465338301
Cartesian Displacement: 0.10984854355296535

---------------Itreation 17--------------
Gradients norm: 0.024211772889621355
Dot product: 0.665393212770434
Energy: -93.41623413253072
Energy Change: 0.002827885157373089
Cartesian Displacement: 0.10751031857850438

---------------Itreation 18--------------
Gradients norm: 0.02199338461751206
Dot product: 0.6179151108049399
Energy: -93.41874145938178
Energy Change: 0.002507326851059588
Cartesian Displacement: 0.10518141092732562

---------------Itreation 19--------------
Gradients norm: 0.019751212986863036
Dot product: 0.5679573715434347
Energy: -93.4209363898631
Energy Change: 0.002194930481323354
Cartesian Displacement: 0.10288163454723277

---------------Itreation 20--------------
Gradients norm: 0.017501889818489512
Dot product: 0.5157730580361799
Energy: -93.42282908548442
Energy Change: 0.0018926956213221047
Cartesian Displacement: 0.100624130139944

---------------Itreation 21--------------
Gradients norm: 0.015256438404561916
Dot product: 0.4616527374272631
Energy: -93.42443078461457
Energy Change: 0.001601699130148404
Cartesian Displacement: 0.09841663035267781

---------------Itreation 22--------------
Gradients norm: 0.013021735515367488
Dot product: 0.4059156685256617
Energy: -93.42575319522791
Energy Change: 0.0013224106133407076
Cartesian Displacement: 0.09626307674972262

---------------Itreation 23--------------
Gradients norm: 0.010801114608422644
Dot product: 0.34888025691220403
Energy: -93.42680815369359
Energy Change: 0.0010549584656729394
Cartesian Displacement: 0.09416277833720522

---------------Itreation 24--------------
Gradients norm: 0.00859543815892782
Dot product: 0.29092969595393037
Energy: -93.42760737450807
Energy Change: 0.0007992208144855795
Cartesian Displacement: 0.09211242508433354

---------------Itreation 25--------------
Gradients norm: 0.006405218837182112
Dot product: 0.23247673754351442
Energy: -93.42816243290686
Energy Change: 0.0005550583987883329
Cartesian Displacement: 0.09011176996667168

---------------Itreation 26--------------
Gradients norm: 0.004232676027487381
Dot product: 0.17383548223817213
Energy: -93.4284850713742
Energy Change: 0.0003226384673382654
Cartesian Displacement: 0.08816569279093588

---------------Itreation 27--------------
Gradients norm: 0.002083363211880303
Dot product: 0.11568135423187045
Energy: -93.42858758677016
Energy Change: 0.00010251539596595194
Cartesian Displacement: 0.08628022459339481

---------------Itreation 28--------------
Gradients norm: 3.341899096653651e-05
Dot product: -0.2537383616183017
Energy: -93.42848054541187
Energy Change: -0.00010704135829087136
WARNING, Energy is increasing! iteration: 28
Displacement is heading towards a wrong direction. Ending IRC.

Backward IRC is done

 IRC calculations are done. 'IRC_0.20.xyz' was generated.
compute procedure done.
QCAI Optimization is done.
QCAI Optimization is done.
All the detected reactions were optimized.
