NEB calculation will be performed
Input coordinates have 43 frames. The following will be used to initialize NEB images:
0, 4, 8, 13, 17, 21, 25, 29, 34, 38, 42
Starting Test
cartesian, w = 0.1
First, optimizing endpoint images.
No QCFractal server, it will be carried locally.
No QCFractal server, it will be carried locally.
Optimizing End Points are done.
Now optimizing the chain.
Evening out spacings: Deleted image  5 and added a new image between  7 and  8
Image Number          :     0       1       2       3       4       5       6       7       8       9      10  
Spacing (Ang)     Old :       0.123   0.204   0.187   0.214   0.123   0.181   0.293   0.476   0.243   0.278 
                  New :       0.123   0.204   0.187   0.214   0.296   0.293   0.238   0.238   0.243   0.278 
Metric completed in 0.002 seconds, maxerr = 0.000e+00
-=# Optimization cycle 0 #=-
Image Number          :     0       1       2       3       4       5       6       7       8       9      10  
                          (min)   ---->   ---->   ---->   (max)   <----   <----   <----   (min)   (max)   (min)
Energies  (kcal/mol)  :  16.631  18.739  27.892  40.885 110.771  73.513  44.576  21.363   8.297  84.209   0.000
Spacing (Ang)         :       0.123   0.204   0.187   0.214   0.123   0.181   0.293   0.476   0.243   0.278 
Gradients (eV/Ang)    :   0.000   1.478   0.864   1.193  20.497   8.549   5.461   5.439   3.037  28.288   0.000
Straightness          :   1.000   0.831   0.964   0.023   0.040   0.900   0.482   0.739  -0.937  -0.915   1.000
-= Chain Properties =-
@ GAvg(eV/Ang)  GMax(eV/Ang)   Length(Ang)  DeltaE(kcal)   RMSD(Ang) TrustRad(Ang)  Step Quality
@     8.3119       28.2877        2.3231  
-=# Optimization cycle 1 #=-
Hessian Eigenvalues (Working) :  5.0000e-02  5.0000e-02  5.0000e-02  5.0000e-02  5.0000e-02 ...  1.0000e+00  1.0000e+00  1.0000e+00  1.0000e+00  1.0000e+00
Evening out spacings: Deleted image  5 and added a new image between  7 and  8
Image Number          :     0       1       2       3       4       5       6       7       8       9      10  
Spacing (Ang)     Old :       0.122   0.204   0.184   0.209   0.114   0.192   0.295   0.472   0.235   0.264 
                  New :       0.122   0.204   0.184   0.209   0.305   0.295   0.236   0.236   0.235   0.264 
Time since last ComputeChain: 0.301 s
Metric completed in 0.002 seconds, maxerr = 0.000e+00
Image Number          :     0       1       2       3       4       5       6       7       8       9      10  
                          (min)   ---->   ---->   ---->   (max)   <----   <----   <----   (min)   (max)   (min)
Energies  (kcal/mol)  :  16.631  18.383  27.742  40.548  71.954  63.874  40.288  16.496   6.443  45.713   0.000
Spacing (Ang)         :       0.122   0.204   0.184   0.189   0.117   0.196   0.320   0.455   0.291   0.328 
Gradients (eV/Ang)    :   0.000   0.666   0.544   1.046   3.279   2.401   1.866   1.986   3.091  13.830   0.000
Straightness          :   1.000   0.853   0.975   0.192   0.169   0.990   0.518   0.820  -0.936  -0.953   1.000
Respaced images - resetting Hessian and skipping trust radius update
@ GAvg(eV/Ang)  GMax(eV/Ang)   Length(Ang)  DeltaE(kcal)   RMSD(Ang) TrustRad(Ang)  Step Quality
@     3.1899       13.8296        2.4056  
-=# Optimization cycle 2 #=-
Hessian Eigenvalues (Working) :  5.0000e-02  5.0000e-02  5.0000e-02  5.0000e-02  5.0000e-02 ...  1.0000e+00  1.0000e+00  1.0000e+00  1.0000e+00  1.0000e+00
Evening out spacings: Deleted image  4 and added a new image between  7 and  8
Image Number          :     0       1       2       3       4       5       6       7       8       9      10  
Spacing (Ang)     Old :       0.120   0.204   0.179   0.170   0.111   0.200   0.317   0.452   0.258   0.299 
                  New :       0.120   0.204   0.179   0.233   0.200   0.317   0.226   0.226   0.258   0.299 
Time since last ComputeChain: 0.372 s
Metric completed in 0.002 seconds, maxerr = 0.000e+00
Image Number          :     0       1       2       3       4       5       6       7       8       9      10  
                          (min)   ---->   ---->   ---->   (max)   <----   <----   <----   (min)   (max)   (min)
Energies  (kcal/mol)  :  16.631  18.213  27.641  40.068  67.215  61.745  38.727  15.355   4.604 104.404   0.000
Spacing (Ang)         :       0.120   0.204   0.178   0.171   0.109   0.210   0.326   0.437   0.238   0.271 
Gradients (eV/Ang)    :   0.000   0.381   0.202   0.963   2.920   2.200   1.469   1.782   3.001  39.886   0.000
Straightness          :   1.000   0.889   0.979   0.218   0.314   0.879   0.625   0.825  -0.951  -0.955   1.000
Respaced images - resetting Hessian and skipping trust radius update
@ GAvg(eV/Ang)  GMax(eV/Ang)   Length(Ang)  DeltaE(kcal)   RMSD(Ang) TrustRad(Ang)  Step Quality
@     5.8670       39.8857        2.2642  
-=# Optimization cycle 3 #=-
Hessian Eigenvalues (Working) :  5.0000e-02  5.0000e-02  5.0000e-02  5.0000e-02  5.0000e-02 ...  1.0000e+00  1.0000e+00  1.0000e+00  1.0000e+00  1.0000e+00
Evening out spacings: Deleted image  4 and added a new image between  7 and  8
Evening out spacings: Deleted image  1 and added a new image between  5 and  6
Image Number          :     0       1       2       3       4       5       6       7       8       9      10  
Spacing (Ang)     Old :       0.119   0.204   0.176   0.166   0.107   0.210   0.325   0.440   0.229   0.263 
                  New :       0.315   0.176   0.227   0.210   0.163   0.163   0.220   0.220   0.229   0.263 
Time since last ComputeChain: 0.269 s
Metric completed in 0.002 seconds, maxerr = 0.000e+00
Image Number          :     0       1       2       3       4       5       6       7       8       9      10  
                          (min)   ---->   ---->   ---->   (max)   <----   <----   <----   (min)   (max)   (min)
Energies  (kcal/mol)  :  16.631  18.191  27.634  39.910  65.763  60.947  38.367  14.883   3.362  28.765   0.000
Spacing (Ang)         :       0.119   0.204   0.176   0.165   0.108   0.213   0.323   0.437   0.277   0.316 
Gradients (eV/Ang)    :   0.000   0.304   0.152   0.899   2.851   2.019   1.346   1.360   1.147  10.080   0.000
Straightness          :   1.000   0.895   0.977   0.252   0.364   0.891   0.653   0.820  -0.950  -0.973   1.000
Respaced images - resetting Hessian and skipping trust radius update
@ GAvg(eV/Ang)  GMax(eV/Ang)   Length(Ang)  DeltaE(kcal)   RMSD(Ang) TrustRad(Ang)  Step Quality
@     2.2397       10.0798        2.3388  
-=# Optimization cycle 4 #=-
Hessian Eigenvalues (Working) :  5.0000e-02  5.0000e-02  5.0000e-02  5.0000e-02  5.0000e-02 ...  1.0000e+00  1.0000e+00  1.0000e+00  1.0000e+00  1.0000e+00
Evening out spacings: Deleted image  4 and added a new image between  7 and  8
Image Number          :     0       1       2       3       4       5       6       7       8       9      10  
Spacing (Ang)     Old :       0.118   0.204   0.173   0.155   0.105   0.214   0.322   0.443   0.261   0.297 
                  New :       0.118   0.204   0.173   0.223   0.214   0.322   0.222   0.222   0.261   0.297 
Time since last ComputeChain: 0.364 s
Metric completed in 0.002 seconds, maxerr = 0.000e+00
Image Number          :     0       1       2       3       4       5       6       7       8       9      10  
                          (min)   ---->   ---->   ---->   (max)   <----   <----   <----   (min)   (max)   (min)
Energies  (kcal/mol)  :  16.631  18.165  27.627  39.639  63.018  59.599  37.779  14.283   2.909  22.375   0.000
Spacing (Ang)         :       0.118   0.204   0.173   0.153   0.106   0.221   0.322   0.436   0.243   0.275 
Gradients (eV/Ang)    :   0.000   0.205   0.088   0.821   2.793   1.958   1.185   1.273   0.994   7.812   0.000
Straightness          :   1.000   0.905   0.974   0.318   0.460   0.891   0.696   0.811  -0.971  -0.970   1.000
Respaced images - resetting Hessian and skipping trust radius update
@ GAvg(eV/Ang)  GMax(eV/Ang)   Length(Ang)  DeltaE(kcal)   RMSD(Ang) TrustRad(Ang)  Step Quality
@     1.9033        7.8123        2.2510  
-=# Optimization cycle 5 #=-
Hessian Eigenvalues (Working) :  5.0000e-02  5.0000e-02  5.0000e-02  5.0000e-02  5.0000e-02 ...  1.0000e+00  1.0000e+00  1.0000e+00  1.0000e+00  1.0000e+00
Evening out spacings: Deleted image  4 and added a new image between  7 and  8
Evening out spacings: Deleted image  1 and added a new image between  5 and  6
Image Number          :     0       1       2       3       4       5       6       7       8       9      10  
Spacing (Ang)     Old :       0.118   0.206   0.166   0.127   0.102   0.228   0.324   0.426   0.231   0.275 
                  New :       0.317   0.166   0.211   0.228   0.162   0.162   0.213   0.213   0.231   0.275 
Time since last ComputeChain: 0.184 s
Metric completed in 0.002 seconds, maxerr = 0.000e+00
Image Number          :     0       1       2       3       4       5       6       7       8       9      10  
                          (min)   ---->   ---->   ---->   (max)   <----   <----   <----   (min)   (max)   (min)
Energies  (kcal/mol)  :  16.631  18.143  27.691  39.397  57.063  57.019  36.776  13.118   2.143  55.863   0.000
Spacing (Ang)         :       0.118   0.206   0.165   0.124   0.103   0.243   0.328   0.408   0.271   0.315 
Gradients (eV/Ang)    :   0.000   0.068   0.049   0.676   2.633   1.921   1.080   1.248   1.333  19.472   0.000
Straightness          :   1.000   0.917   0.973   0.504   0.699   0.862   0.741   0.823  -0.919  -0.979   1.000
Respaced images - resetting Hessian and skipping trust radius update
@ GAvg(eV/Ang)  GMax(eV/Ang)   Length(Ang)  DeltaE(kcal)   RMSD(Ang) TrustRad(Ang)  Step Quality
@     3.1644       19.4720        2.2791  
-=# Optimization cycle 6 #=-
Hessian Eigenvalues (Working) :  5.0000e-02  5.0000e-02  5.0000e-02  5.0000e-02  5.0000e-02 ...  1.0000e+00  1.0000e+00  1.0000e+00  1.0000e+00  1.0000e+00
Evening out spacings: Deleted image  4 and added a new image between  7 and  8
Evening out spacings: Deleted image  1 and added a new image between  5 and  6
Image Number          :     0       1       2       3       4       5       6       7       8       9      10  
Spacing (Ang)     Old :       0.117   0.206   0.164   0.116   0.103   0.245   0.330   0.412   0.231   0.278 
                  New :       0.317   0.164   0.206   0.245   0.165   0.165   0.206   0.206   0.231   0.278 
Time since last ComputeChain: 0.408 s
Metric completed in 0.002 seconds, maxerr = 0.000e+00
Image Number          :     0       1       2       3       4       5       6       7       8       9      10  
                          (min)   ---->   ---->   ---->   ---->   (max)   <----   <----   (min)   (max)   (min)
Energies  (kcal/mol)  :  16.631  18.142  27.690  39.235  54.621  55.720  36.354  12.571   1.549  24.955   0.000
Spacing (Ang)         :       0.117   0.206   0.163   0.114   0.103   0.253   0.331   0.404   0.201   0.244 
Gradients (eV/Ang)    :   0.000   0.043   0.035   0.610   2.488   1.847   1.089   1.209   0.642  13.953   0.000
Straightness          :   1.000   0.919   0.973   0.581   0.782   0.852   0.756   0.818  -0.989  -0.975   1.000
Respaced images - resetting Hessian and skipping trust radius update
@ GAvg(eV/Ang)  GMax(eV/Ang)   Length(Ang)  DeltaE(kcal)   RMSD(Ang) TrustRad(Ang)  Step Quality
@     2.4351       13.9530        2.1372  
-=# Optimization cycle 7 #=-
Hessian Eigenvalues (Working) :  5.0000e-02  5.0000e-02  5.0000e-02  5.0000e-02  5.0000e-02 ...  1.0000e+00  1.0000e+00  1.0000e+00  1.0000e+00  1.0000e+00
Evening out spacings: Deleted image  4 and added a new image between  7 and  8
Evening out spacings: Deleted image  1 and added a new image between  5 and  6
Image Number          :     0       1       2       3       4       5       6       7       8       9      10  
Spacing (Ang)     Old :       0.117   0.206   0.162   0.105   0.104   0.256   0.334   0.406   0.190   0.235 
                  New :       0.317   0.162   0.202   0.256   0.167   0.167   0.203   0.203   0.190   0.235 
Time since last ComputeChain: 0.343 s
Metric completed in 0.002 seconds, maxerr = 0.000e+00
Image Number          :     0       1       2       3       4       5       6       7       8       9      10  
                          (min)   ---->   ---->   ---->   ---->   (max)   <----   <----   (min)   (max)   (min)
Energies  (kcal/mol)  :  16.631  18.142  27.689  39.060  51.630  54.083  35.752  11.843   1.479  41.655   0.000
Spacing (Ang)         :       0.117   0.206   0.162   0.103   0.105   0.267   0.337   0.394   0.233   0.278 
Gradients (eV/Ang)    :   0.000   0.023   0.031   0.551   2.239   1.689   1.117   1.186   1.547  16.058   0.000
Straightness          :   1.000   0.921   0.973   0.687   0.879   0.833   0.764   0.827  -0.919  -0.984   1.000
Respaced images - resetting Hessian and skipping trust radius update
@ GAvg(eV/Ang)  GMax(eV/Ang)   Length(Ang)  DeltaE(kcal)   RMSD(Ang) TrustRad(Ang)  Step Quality
@     2.7156       16.0583        2.2012  
-=# Optimization cycle 8 #=-
Hessian Eigenvalues (Working) :  5.0000e-02  5.0000e-02  5.0000e-02  5.0000e-02  5.0000e-02 ...  1.0000e+00  1.0000e+00  1.0000e+00  1.0000e+00  1.0000e+00
Evening out spacings: Deleted image  4 and added a new image between  7 and  8
Evening out spacings: Deleted image  1 and added a new image between  5 and  6
Image Number          :     0       1       2       3       4       5       6       7       8       9      10  
Spacing (Ang)     Old :       0.117   0.206   0.161   0.098   0.106   0.269   0.339   0.393   0.207   0.257 
                  New :       0.317   0.161   0.200   0.269   0.170   0.170   0.196   0.196   0.207   0.257 
Time since last ComputeChain: 0.386 s
Metric completed in 0.002 seconds, maxerr = 0.000e+00
Image Number          :     0       1       2       3       4       5       6       7       8       9      10  
                          (min)   ---->   ---->   ---->   ---->   (max)   <----   <----   (min)   (max)   (min)
Energies  (kcal/mol)  :  16.631  18.142  27.688  38.933  49.547  52.901  35.206  11.235   0.860  16.615   0.000
Spacing (Ang)         :       0.117   0.206   0.161   0.096   0.106   0.279   0.341   0.384   0.175   0.221 
Gradients (eV/Ang)    :   0.000   0.023   0.030   0.530   1.998   1.518   1.140   1.165   1.208  11.751   0.000
Straightness          :   1.000   0.921   0.973   0.765   0.936   0.821   0.769   0.815  -0.999  -0.987   1.000
Respaced images - resetting Hessian and skipping trust radius update
@ GAvg(eV/Ang)  GMax(eV/Ang)   Length(Ang)  DeltaE(kcal)   RMSD(Ang) TrustRad(Ang)  Step Quality
@     2.1513       11.7505        2.0859  
-=# Optimization cycle 9 #=-
Hessian Eigenvalues (Working) :  5.0000e-02  5.0000e-02  5.0000e-02  5.0000e-02  5.0000e-02 ...  1.0000e+00  1.0000e+00  1.0000e+00  1.0000e+00  1.0000e+00
Evening out spacings: Deleted image  4 and added a new image between  7 and  8
Evening out spacings: Deleted image  1 and added a new image between  5 and  6
Image Number          :     0       1       2       3       4       5       6       7       8       9      10  
Spacing (Ang)     Old :       0.117   0.205   0.162   0.092   0.108   0.281   0.345   0.386   0.169   0.217 
                  New :       0.317   0.162   0.198   0.281   0.173   0.173   0.193   0.193   0.169   0.217 
Time since last ComputeChain: 0.321 s
Metric completed in 0.002 seconds, maxerr = 0.000e+00
Image Number          :     0       1       2       3       4       5       6       7       8       9      10  
                          (min)   ---->   ---->   ---->   ---->   (max)   <----   <----   (min)   (max)   (min)
Energies  (kcal/mol)  :  16.631  18.142  27.687  38.787  47.382  51.662  34.443  10.451   0.509  33.200   0.000
Spacing (Ang)         :       0.117   0.205   0.161   0.090   0.109   0.294   0.348   0.371   0.202   0.248 
Gradients (eV/Ang)    :   0.000   0.023   0.029   0.522   1.656   1.266   1.164   1.138   1.076  12.808   0.000
Straightness          :   1.000   0.921   0.972   0.847   0.974   0.806   0.769   0.823  -0.908  -0.996   1.000
Respaced images - resetting Hessian and skipping trust radius update
@ GAvg(eV/Ang)  GMax(eV/Ang)   Length(Ang)  DeltaE(kcal)   RMSD(Ang) TrustRad(Ang)  Step Quality
@     2.1869       12.8075        2.1461  
-=# Optimization cycle 10 #=-
Hessian Eigenvalues (Working) :  5.0000e-02  5.0000e-02  5.0000e-02  5.0000e-02  5.0000e-02 ...  1.0000e+00  1.0000e+00  1.0000e+00  1.0000e+00  1.0000e+00
Evening out spacings: Deleted image  4 and added a new image between  7 and  8
Evening out spacings: Deleted image  1 and added a new image between  5 and  6
Image Number          :     0       1       2       3       4       5       6       7       8       9      10  
Spacing (Ang)     Old :       0.117   0.205   0.162   0.089   0.110   0.296   0.351   0.367   0.198   0.249 
                  New :       0.317   0.162   0.198   0.296   0.176   0.176   0.184   0.184   0.198   0.249 
Time since last ComputeChain: 0.266 s
Metric completed in 0.002 seconds, maxerr = 0.000e+00
Image Number          :     0       1       2       3       4       5       6       7       8       9      10  
                          (min)   ---->   ---->   ---->   ---->   (max)   <----   <----   (min)   (max)   (min)
Energies  (kcal/mol)  :  16.631  18.142  27.685  38.659  46.078  50.902  33.743   9.788   0.237  10.539   0.000
Spacing (Ang)         :       0.117   0.205   0.162   0.088   0.111   0.307   0.353   0.356   0.164   0.212 
Gradients (eV/Ang)    :   0.000   0.023   0.030   0.487   1.370   1.051   1.180   1.113   0.579   8.213   0.000
Straightness          :   1.000   0.920   0.971   0.891   0.979   0.795   0.767   0.816  -0.980  -0.997   1.000
Respaced images - resetting Hessian and skipping trust radius update
@ GAvg(eV/Ang)  GMax(eV/Ang)   Length(Ang)  DeltaE(kcal)   RMSD(Ang) TrustRad(Ang)  Step Quality
@     1.5606        8.2126        2.0750  
-=# Optimization cycle 11 #=-
Hessian Eigenvalues (Working) :  5.0000e-02  5.0000e-02  5.0000e-02  5.0000e-02  5.0000e-02 ...  1.0000e+00  1.0000e+00  1.0000e+00  1.0000e+00  1.0000e+00
Evening out spacings: Deleted image  4 and added a new image between  6 and  7
Evening out spacings: Deleted image  1 and added a new image between  7 and  8
Image Number          :     0       1       2       3       4       5       6       7       8       9      10  
Spacing (Ang)     Old :       0.117   0.205   0.163   0.087   0.112   0.309   0.358   0.356   0.154   0.205 
                  New :       0.317   0.163   0.198   0.309   0.179   0.179   0.178   0.178   0.154   0.205 
Time since last ComputeChain: 0.200 s
Metric completed in 0.002 seconds, maxerr = 0.000e+00
Image Number          :     0       1       2       3       4       5       6       7       8       9      10  
                          (min)   ---->   ---->   ---->   ---->   (max)   <----   <----   (min)   (max)   (min)
Energies  (kcal/mol)  :  16.631  18.142  27.675  38.527  44.883  50.210  32.758   8.896   0.190  25.471   0.000
Spacing (Ang)         :       0.117   0.205   0.163   0.086   0.114   0.325   0.360   0.338   0.174   0.222 
Gradients (eV/Ang)    :   0.000   0.023   0.028   0.401   1.010   0.777   1.199   1.077   0.393  10.549   0.000
Straightness          :   1.000   0.920   0.969   0.929   0.964   0.780   0.761   0.824  -0.891  -0.999   1.000
Respaced images - resetting Hessian and skipping trust radius update
@ GAvg(eV/Ang)  GMax(eV/Ang)   Length(Ang)  DeltaE(kcal)   RMSD(Ang) TrustRad(Ang)  Step Quality
@     1.7176       10.5487        2.1034  
-=# Optimization cycle 12 #=-
Hessian Eigenvalues (Working) :  5.0000e-02  5.0000e-02  5.0000e-02  5.0000e-02  5.0000e-02 ...  1.0000e+00  1.0000e+00  1.0000e+00  1.0000e+00  1.0000e+00
Evening out spacings: Deleted image  4 and added a new image between  6 and  7
Evening out spacings: Deleted image  1 and added a new image between  7 and  8
Image Number          :     0       1       2       3       4       5       6       7       8       9      10  
Spacing (Ang)     Old :       0.117   0.205   0.163   0.087   0.115   0.326   0.365   0.334   0.180   0.230 
                  New :       0.316   0.163   0.199   0.326   0.183   0.183   0.167   0.167   0.180   0.230 
Time since last ComputeChain: 0.213 s
Metric completed in 0.001 seconds, maxerr = 0.000e+00
Image Number          :     0       1       2       3       4       5       6       7       8       9      10  
                          (min)   ---->   ---->   ---->   ---->   (max)   <----   <----   (min)   (max)   (min)
Energies  (kcal/mol)  :  16.631  18.142  27.667  38.428  44.249  49.837  31.751   8.044   0.156  31.593   0.000
Spacing (Ang)         :       0.117   0.205   0.163   0.086   0.116   0.341   0.366   0.317   0.143   0.189 
Gradients (eV/Ang)    :   0.000   0.024   0.024   0.294   0.738   0.566   1.211   1.040   0.246  17.986   0.000
Straightness          :   1.000   0.920   0.966   0.949   0.943   0.766   0.755   0.829  -0.939  -0.992   1.000
Respaced images - resetting Hessian and skipping trust radius update
@ GAvg(eV/Ang)  GMax(eV/Ang)   Length(Ang)  DeltaE(kcal)   RMSD(Ang) TrustRad(Ang)  Step Quality
@     2.4587       17.9859        2.0442  
-=# Optimization cycle 13 #=-
Hessian Eigenvalues (Working) :  5.0000e-02  5.0000e-02  5.0000e-02  5.0000e-02  5.0000e-02 ...  1.0000e+00  1.0000e+00  1.0000e+00  1.0000e+00  1.0000e+00
Evening out spacings: Deleted image  4 and added a new image between  6 and  7
Evening out spacings: Deleted image  9 and added a new image between  4 and  5
Image Number          :     0       1       2       3       4       5       6       7       8       9      10  
Spacing (Ang)     Old :       0.117   0.205   0.164   0.086   0.116   0.342   0.368   0.318   0.129   0.178 
                  New :       0.117   0.205   0.164   0.199   0.171   0.171   0.184   0.184   0.318   0.050 
Time since last ComputeChain: 0.352 s
Metric completed in 0.002 seconds, maxerr = 0.000e+00
Image Number          :     0       1       2       3       4       5       6       7       8       9      10  
                          (min)   ---->   ---->   ---->   ---->   (max)   <----   <----   (min)   (max)   (min)
Energies  (kcal/mol)  :  16.631  18.142  27.667  38.396  44.051  49.722  31.176   7.626   0.141  19.731   0.000
Spacing (Ang)         :       0.117   0.205   0.163   0.086   0.116   0.350   0.369   0.309   0.159   0.207 
Gradients (eV/Ang)    :   0.000   0.024   0.031   0.249   0.635   0.486   1.216   1.020   0.180   9.077   0.000
Straightness          :   1.000   0.920   0.965   0.955   0.933   0.759   0.750   0.831  -0.884  -0.999   1.000
Respaced images - resetting Hessian and skipping trust radius update
@ GAvg(eV/Ang)  GMax(eV/Ang)   Length(Ang)  DeltaE(kcal)   RMSD(Ang) TrustRad(Ang)  Step Quality
@     1.4355        9.0772        2.0811  
-=# Optimization cycle 14 #=-
Hessian Eigenvalues (Working) :  5.0000e-02  5.0000e-02  5.0000e-02  5.0000e-02  5.0000e-02 ...  1.0000e+00  1.0000e+00  1.0000e+00  1.0000e+00  1.0000e+00
Evening out spacings: Deleted image  4 and added a new image between  6 and  7
Evening out spacings: Deleted image  1 and added a new image between  4 and  5
Image Number          :     0       1       2       3       4       5       6       7       8       9      10  
Spacing (Ang)     Old :       0.117   0.205   0.164   0.086   0.117   0.350   0.374   0.309   0.163   0.210 
                  New :       0.316   0.164   0.200   0.175   0.175   0.187   0.187   0.309   0.163   0.210 
Time since last ComputeChain: 0.198 s
Metric completed in 0.002 seconds, maxerr = 0.000e+00
Image Number          :     0       1       2       3       4       5       6       7       8       9      10  
                          (min)   ---->   ---->   ---->   ---->   (max)   <----   <----   (min)   (max)   (min)
Energies  (kcal/mol)  :  16.631  18.142  27.663  38.352  43.799  49.576  30.149   6.875   0.144  24.719   0.000
Spacing (Ang)         :       0.117   0.205   0.164   0.086   0.117   0.366   0.374   0.293   0.131   0.173 
Gradients (eV/Ang)    :   0.000   0.024   0.016   0.182   0.491   0.374   1.225   0.983   0.346  15.517   0.000
Straightness          :   1.000   0.919   0.964   0.964   0.917   0.746   0.741   0.838  -0.939  -0.991   1.000
Respaced images - resetting Hessian and skipping trust radius update
@ GAvg(eV/Ang)  GMax(eV/Ang)   Length(Ang)  DeltaE(kcal)   RMSD(Ang) TrustRad(Ang)  Step Quality
@     2.1287       15.5169        2.0254  
-=# Optimization cycle 15 #=-
Hessian Eigenvalues (Working) :  5.0000e-02  5.0000e-02  5.0000e-02  5.0000e-02  5.0000e-02 ...  1.0000e+00  1.0000e+00  1.0000e+00  1.0000e+00  1.0000e+00
Evening out spacings: Deleted image  4 and added a new image between  6 and  7
Evening out spacings: Deleted image  9 and added a new image between  4 and  5
Image Number          :     0       1       2       3       4       5       6       7       8       9      10  
Spacing (Ang)     Old :       0.117   0.205   0.164   0.086   0.117   0.366   0.376   0.294   0.120   0.164 
                  New :       0.117   0.205   0.164   0.199   0.183   0.183   0.188   0.188   0.294   0.047 
Time since last ComputeChain: 0.353 s
Metric completed in 0.002 seconds, maxerr = 0.000e+00
Image Number          :     0       1       2       3       4       5       6       7       8       9      10  
                          (min)   ---->   ---->   ---->   ---->   (max)   <----   <----   (min)   (max)   (min)
Energies  (kcal/mol)  :  16.631  18.142  27.663  38.337  43.696  49.518  29.467   6.443   0.117  23.085   0.000
Spacing (Ang)         :       0.117   0.205   0.164   0.085   0.118   0.376   0.376   0.284   0.145   0.189 
Gradients (eV/Ang)    :   0.000   0.024   0.020   0.157   0.438   0.334   1.229   0.959   0.157   9.991   0.000
Straightness          :   1.000   0.919   0.963   0.967   0.911   0.737   0.736   0.840  -0.858  -0.998   1.000
Respaced images - resetting Hessian and skipping trust radius update
@ GAvg(eV/Ang)  GMax(eV/Ang)   Length(Ang)  DeltaE(kcal)   RMSD(Ang) TrustRad(Ang)  Step Quality
@     1.4788        9.9914        2.0590  
-=# Optimization cycle 16 #=-
Hessian Eigenvalues (Working) :  5.0000e-02  5.0000e-02  5.0000e-02  5.0000e-02  5.0000e-02 ...  1.0000e+00  1.0000e+00  1.0000e+00  1.0000e+00  1.0000e+00
Evening out spacings: Deleted image  4 and added a new image between  6 and  7
Evening out spacings: Deleted image  1 and added a new image between  4 and  5
Image Number          :     0       1       2       3       4       5       6       7       8       9      10  
Spacing (Ang)     Old :       0.117   0.205   0.163   0.085   0.118   0.375   0.381   0.283   0.146   0.190 
                  New :       0.316   0.163   0.199   0.188   0.188   0.191   0.191   0.283   0.146   0.190 
Time since last ComputeChain: 0.178 s
Metric completed in 0.002 seconds, maxerr = 0.000e+00
Image Number          :     0       1       2       3       4       5       6       7       8       9      10  
                          (min)   ---->   ---->   ---->   ---->   (max)   <----   <----   (min)   (max)   (min)
Energies  (kcal/mol)  :  16.631  18.142  27.663  38.319  43.570  49.447  28.430   5.781   0.145  31.245   0.000
Spacing (Ang)         :       0.117   0.205   0.163   0.085   0.118   0.390   0.380   0.267   0.117   0.156 
Gradients (eV/Ang)    :   0.000   0.024   0.025   0.130   0.383   0.296   1.234   0.929   0.414  18.367   0.000
Straightness          :   1.000   0.919   0.962   0.971   0.902   0.724   0.726   0.847  -0.903  -0.986   1.000
Respaced images - resetting Hessian and skipping trust radius update
@ GAvg(eV/Ang)  GMax(eV/Ang)   Length(Ang)  DeltaE(kcal)   RMSD(Ang) TrustRad(Ang)  Step Quality
@     2.4225       18.3675        1.9990  
-=# Optimization cycle 17 #=-
Hessian Eigenvalues (Working) :  5.0000e-02  5.0000e-02  5.0000e-02  5.0000e-02  5.0000e-02 ...  1.0000e+00  1.0000e+00  1.0000e+00  1.0000e+00  1.0000e+00
Evening out spacings: Deleted image  4 and added a new image between  5 and  6
Evening out spacings: Deleted image  9 and added a new image between  6 and  7
Image Number          :     0       1       2       3       4       5       6       7       8       9      10  
Spacing (Ang)     Old :       0.117   0.205   0.163   0.085   0.118   0.390   0.382   0.269   0.103   0.144 
                  New :       0.117   0.205   0.163   0.198   0.195   0.195   0.191   0.191   0.269   0.044 
Time since last ComputeChain: 0.349 s
Metric completed in 0.002 seconds, maxerr = 0.000e+00
Image Number          :     0       1       2       3       4       5       6       7       8       9      10  
                          (min)   ---->   ---->   ---->   ---->   (max)   <----   <----   (min)   (max)   (min)
Energies  (kcal/mol)  :  16.631  18.142  27.663  38.312  43.516  49.416  27.848   5.460   0.111  19.108   0.000
Spacing (Ang)         :       0.117   0.205   0.163   0.084   0.118   0.399   0.381   0.260   0.126   0.167 
Gradients (eV/Ang)    :   0.000   0.024   0.027   0.121   0.367   0.289   1.233   0.902   0.180   9.219   0.000
Straightness          :   1.000   0.919   0.962   0.973   0.900   0.716   0.721   0.850  -0.845  -0.997   1.000
Respaced images - resetting Hessian and skipping trust radius update
@ GAvg(eV/Ang)  GMax(eV/Ang)   Length(Ang)  DeltaE(kcal)   RMSD(Ang) TrustRad(Ang)  Step Quality
@     1.3735        9.2192        2.0208  
-=# Optimization cycle 18 #=-
Hessian Eigenvalues (Working) :  5.0000e-02  5.0000e-02  5.0000e-02  5.0000e-02  5.0000e-02 ...  1.0000e+00  1.0000e+00  1.0000e+00  1.0000e+00  1.0000e+00
Evening out spacings: Deleted image  4 and added a new image between  5 and  6
Evening out spacings: Deleted image  9 and added a new image between  6 and  7
Image Number          :     0       1       2       3       4       5       6       7       8       9      10  
Spacing (Ang)     Old :       0.117   0.205   0.163   0.084   0.118   0.398   0.387   0.258   0.126   0.168 
                  New :       0.117   0.205   0.163   0.197   0.199   0.199   0.193   0.193   0.258   0.047 
Time since last ComputeChain: 0.252 s
Metric completed in 0.002 seconds, maxerr = 0.000e+00
Image Number          :     0       1       2       3       4       5       6       7       8       9      10  
                          (min)   ---->   ---->   ---->   ---->   (max)   <----   <----   (min)   (max)   (min)
Energies  (kcal/mol)  :  16.631  18.142  27.662  38.303  43.422  49.362  26.809   4.875   0.135  28.328   0.000
Spacing (Ang)         :       0.117   0.205   0.163   0.084   0.118   0.413   0.384   0.244   0.101   0.139 
Gradients (eV/Ang)    :   0.000   0.024   0.006   0.110   0.348   0.284   1.234   0.876   0.377  17.555   0.000
Straightness          :   1.000   0.919   0.962   0.975   0.897   0.704   0.712   0.857  -0.882  -0.982   1.000
Respaced images - resetting Hessian and skipping trust radius update
@ GAvg(eV/Ang)  GMax(eV/Ang)   Length(Ang)  DeltaE(kcal)   RMSD(Ang) TrustRad(Ang)  Step Quality
@     2.3127       17.5546        1.9684  
-=# Optimization cycle 19 #=-
Hessian Eigenvalues (Working) :  5.0000e-02  5.0000e-02  5.0000e-02  5.0000e-02  5.0000e-02 ...  1.0000e+00  1.0000e+00  1.0000e+00  1.0000e+00  1.0000e+00
Evening out spacings: Deleted image  4 and added a new image between  5 and  6
Evening out spacings: Deleted image  9 and added a new image between  6 and  7
Image Number          :     0       1       2       3       4       5       6       7       8       9      10  
Spacing (Ang)     Old :       0.117   0.205   0.163   0.083   0.118   0.413   0.386   0.244   0.091   0.130 
                  New :       0.117   0.205   0.163   0.196   0.206   0.206   0.193   0.193   0.244   0.043 
Time since last ComputeChain: 0.429 s
Metric completed in 0.001 seconds, maxerr = 0.000e+00
Image Number          :     0       1       2       3       4       5       6       7       8       9      10  
                          (min)   ---->   ---->   ---->   ---->   (max)   <----   <----   (min)   (max)   (min)
Energies  (kcal/mol)  :  16.631  18.142  27.662  38.297  43.374  49.331  26.197   4.579   0.109  20.727   0.000
Spacing (Ang)         :       0.117   0.205   0.163   0.083   0.118   0.422   0.385   0.236   0.110   0.150 
Gradients (eV/Ang)    :   0.000   0.024   0.007   0.106   0.341   0.285   1.232   0.844   0.203   9.733   0.000
Straightness          :   1.000   0.919   0.962   0.976   0.896   0.695   0.706   0.860  -0.804  -0.995   1.000
Respaced images - resetting Hessian and skipping trust radius update
@ GAvg(eV/Ang)  GMax(eV/Ang)   Length(Ang)  DeltaE(kcal)   RMSD(Ang) TrustRad(Ang)  Step Quality
@     1.4196        9.7331        1.9892  
-=# Optimization cycle 20 #=-
Hessian Eigenvalues (Working) :  5.0000e-02  5.0000e-02  5.0000e-02  5.0000e-02  5.0000e-02 ...  1.0000e+00  1.0000e+00  1.0000e+00  1.0000e+00  1.0000e+00
Evening out spacings: Deleted image  4 and added a new image between  5 and  6
Evening out spacings: Deleted image  9 and added a new image between  6 and  7
Image Number          :     0       1       2       3       4       5       6       7       8       9      10  
Spacing (Ang)     Old :       0.117   0.205   0.163   0.082   0.118   0.421   0.391   0.232   0.108   0.149 
                  New :       0.117   0.205   0.163   0.195   0.210   0.210   0.195   0.195   0.232   0.048 
Time since last ComputeChain: 0.178 s
Metric completed in 0.002 seconds, maxerr = 0.000e+00
Image Number          :     0       1       2       3       4       5       6       7       8       9      10  
                          (min)   ---->   ---->   ---->   ---->   (max)   <----   <----   (min)   (max)   (min)
Energies  (kcal/mol)  :  16.631  18.142  27.662  38.293  43.291  49.278  25.165   4.070   0.177  34.078   0.000
Spacing (Ang)         :       0.117   0.205   0.163   0.082   0.118   0.436   0.387   0.219   0.089   0.124 
Gradients (eV/Ang)    :   0.000   0.024   0.009   0.102   0.333   0.291   1.229   0.826   0.523  19.931   0.000
Straightness          :   1.000   0.919   0.962   0.977   0.896   0.682   0.698   0.869  -0.801  -0.965   1.000
Respaced images - resetting Hessian and skipping trust radius update
@ GAvg(eV/Ang)  GMax(eV/Ang)   Length(Ang)  DeltaE(kcal)   RMSD(Ang) TrustRad(Ang)  Step Quality
@     2.5854       19.9315        1.9389  
-=# Optimization cycle 21 #=-
Hessian Eigenvalues (Working) :  5.0000e-02  5.0000e-02  5.0000e-02  5.0000e-02  5.0000e-02 ...  1.0000e+00  1.0000e+00  1.0000e+00  1.0000e+00  1.0000e+00
Evening out spacings: Deleted image  9 and added a new image between  5 and  6
Evening out spacings: Deleted image  4 and added a new image between  7 and  8
Image Number          :     0       1       2       3       4       5       6       7       8       9      10  
Spacing (Ang)     Old :       0.117   0.205   0.163   0.082   0.118   0.435   0.389   0.220   0.073   0.111 
                  New :       0.117   0.205   0.163   0.194   0.218   0.218   0.194   0.194   0.220   0.043 
Time since last ComputeChain: 0.642 s
Metric completed in 0.002 seconds, maxerr = 0.000e+00
Image Number          :     0       1       2       3       4       5       6       7       8       9      10  
                          (min)   ---->   ---->   ---->   ---->   (max)   <----   <----   (min)   (max)   (min)
Energies  (kcal/mol)  :  16.631  18.142  27.662  38.288  43.252  49.250  24.626   3.840   0.140  17.894   0.000
Spacing (Ang)         :       0.117   0.205   0.163   0.081   0.118   0.443   0.387   0.213   0.089   0.128 
Gradients (eV/Ang)    :   0.000   0.024   0.009   0.100   0.330   0.295   1.225   0.786   0.336   9.172   0.000
Straightness          :   1.000   0.919   0.962   0.978   0.897   0.674   0.692   0.872  -0.755  -0.991   1.000
Respaced images - resetting Hessian and skipping trust radius update
@ GAvg(eV/Ang)  GMax(eV/Ang)   Length(Ang)  DeltaE(kcal)   RMSD(Ang) TrustRad(Ang)  Step Quality
@     1.3641        9.1715        1.9451  
-=# Optimization cycle 22 #=-
Hessian Eigenvalues (Working) :  5.0000e-02  5.0000e-02  5.0000e-02  5.0000e-02  5.0000e-02 ...  1.0000e+00  1.0000e+00  1.0000e+00  1.0000e+00  1.0000e+00
Evening out spacings: Deleted image  4 and added a new image between  5 and  6
Evening out spacings: Deleted image  9 and added a new image between  6 and  7
Image Number          :     0       1       2       3       4       5       6       7       8       9      10  
Spacing (Ang)     Old :       0.117   0.205   0.163   0.081   0.117   0.442   0.393   0.207   0.089   0.129 
                  New :       0.117   0.205   0.163   0.193   0.221   0.221   0.197   0.197   0.207   0.050 
Time since last ComputeChain: 0.285 s
Metric completed in 0.002 seconds, maxerr = 0.000e+00
Image Number          :     0       1       2       3       4       5       6       7       8       9      10  
                          (min)   ---->   ---->   ---->   ---->   (max)   <----   <----   (min)   (max)   (min)
Energies  (kcal/mol)  :  16.631  18.142  27.662  38.285  43.174  49.192  23.608   3.393   0.237  32.439   0.000
Spacing (Ang)         :       0.117   0.205   0.163   0.080   0.117   0.457   0.388   0.195   0.075   0.108 
Gradients (eV/Ang)    :   0.000   0.024   0.010   0.097   0.325   0.304   1.219   0.763   0.595  19.516   0.000
Straightness          :   1.000   0.919   0.962   0.978   0.898   0.662   0.684   0.884  -0.713  -0.936   1.000
Respaced images - resetting Hessian and skipping trust radius update
@ GAvg(eV/Ang)  GMax(eV/Ang)   Length(Ang)  DeltaE(kcal)   RMSD(Ang) TrustRad(Ang)  Step Quality
@     2.5392       19.5159        1.9064  
-=# Optimization cycle 23 #=-
Hessian Eigenvalues (Working) :  5.0000e-02  5.0000e-02  5.0000e-02  5.0000e-02  5.0000e-02 ...  1.0000e+00  1.0000e+00  1.0000e+00  1.0000e+00  1.0000e+00
Evening out spacings: Deleted image  9 and added a new image between  5 and  6
Evening out spacings: Deleted image  4 and added a new image between  7 and  8
Image Number          :     0       1       2       3       4       5       6       7       8       9      10  
Spacing (Ang)     Old :       0.117   0.205   0.163   0.080   0.117   0.457   0.391   0.196   0.061   0.097 
                  New :       0.117   0.205   0.163   0.192   0.229   0.229   0.195   0.195   0.196   0.045 
Time since last ComputeChain: 0.460 s
Metric completed in 0.002 seconds, maxerr = 0.000e+00
Image Number          :     0       1       2       3       4       5       6       7       8       9      10  
                          (min)   ---->   ---->   ---->   ---->   (max)   <----   <----   (min)   (max)   (min)
Energies  (kcal/mol)  :  16.631  18.142  27.662  38.281  43.136  49.160  23.054   3.188   0.220  19.587   0.000
Spacing (Ang)         :       0.117   0.205   0.163   0.080   0.117   0.465   0.388   0.190   0.073   0.111 
Gradients (eV/Ang)    :   0.000   0.024   0.010   0.096   0.322   0.309   1.214   0.728   0.461   9.664   0.000
Straightness          :   1.000   0.919   0.962   0.979   0.899   0.653   0.678   0.886  -0.635  -0.977   1.000
Respaced images - resetting Hessian and skipping trust radius update
@ GAvg(eV/Ang)  GMax(eV/Ang)   Length(Ang)  DeltaE(kcal)   RMSD(Ang) TrustRad(Ang)  Step Quality
@     1.4255        9.6644        1.9084  
-=# Optimization cycle 24 #=-
Hessian Eigenvalues (Working) :  5.0000e-02  5.0000e-02  5.0000e-02  5.0000e-02  5.0000e-02 ...  1.0000e+00  1.0000e+00  1.0000e+00  1.0000e+00  1.0000e+00
Evening out spacings: Deleted image  9 and added a new image between  5 and  6
Evening out spacings: Deleted image  4 and added a new image between  7 and  8
Image Number          :     0       1       2       3       4       5       6       7       8       9      10  
Spacing (Ang)     Old :       0.117   0.205   0.163   0.079   0.116   0.464   0.394   0.181   0.079   0.113 
                  New :       0.117   0.205   0.163   0.191   0.232   0.232   0.197   0.197   0.181   0.054 
Time since last ComputeChain: 0.277 s
Metric completed in 0.002 seconds, maxerr = 0.000e+00
Image Number          :     0       1       2       3       4       5       6       7       8       9      10  
                          (min)   ---->   ---->   ---->   ---->   (max)   <----   <----   (min)   (max)   (min)
Energies  (kcal/mol)  :  16.631  18.142  27.662  38.279  43.062  49.097  22.058   2.800   0.606  40.832   0.000
Spacing (Ang)         :       0.117   0.205   0.163   0.079   0.116   0.479   0.388   0.170   0.071   0.097 
Gradients (eV/Ang)    :   0.000   0.024   0.011   0.095   0.318   0.319   1.206   0.706   0.808  22.454   0.000
Straightness          :   1.000   0.919   0.962   0.979   0.901   0.641   0.670   0.905  -0.499  -0.864   1.000
Respaced images - resetting Hessian and skipping trust radius update
@ GAvg(eV/Ang)  GMax(eV/Ang)   Length(Ang)  DeltaE(kcal)   RMSD(Ang) TrustRad(Ang)  Step Quality
@     2.8823       22.4545        1.8862  
-=# Optimization cycle 25 #=-
Hessian Eigenvalues (Working) :  5.0000e-02  5.0000e-02  5.0000e-02  5.0000e-02  5.0000e-02 ...  1.0000e+00  1.0000e+00  1.0000e+00  1.0000e+00  1.0000e+00
Evening out spacings: Deleted image  9 and added a new image between  5 and  6
Evening out spacings: Deleted image  4 and added a new image between  7 and  8
Evening out spacings: Deleted image  9 and added a new image between  5 and  6
Image Number          :     0       1       2       3       4       5       6       7       8       9      10  
Spacing (Ang)     Old :       0.117   0.205   0.163   0.078   0.116   0.479   0.390   0.173   0.039   0.074 
                  New :       0.117   0.205   0.163   0.190   0.239   0.120   0.120   0.195   0.195   0.217 
Time since last ComputeChain: 0.501 s
Metric completed in 0.002 seconds, maxerr = 0.000e+00
Image Number          :     0       1       2       3       4       5       6       7       8       9      10  
                          (min)   ---->   ---->   ---->   ---->   (max)   <----   <----   (min)   (max)   (min)
Energies  (kcal/mol)  :  16.631  18.142  27.662  38.275  43.029  49.066  21.586   2.647   0.684  14.801   0.000
Spacing (Ang)         :       0.117   0.205   0.163   0.078   0.116   0.486   0.388   0.168   0.045   0.085 
Gradients (eV/Ang)    :   0.000   0.024   0.011   0.094   0.315   0.323   1.201   0.670   0.714   8.571   0.000
Straightness          :   1.000   0.919   0.962   0.979   0.902   0.633   0.665   0.907  -0.407  -0.931   1.000
Respaced images - resetting Hessian and skipping trust radius update
@ GAvg(eV/Ang)  GMax(eV/Ang)   Length(Ang)  DeltaE(kcal)   RMSD(Ang) TrustRad(Ang)  Step Quality
@     1.3248        8.5709        1.8513  
-=# Optimization cycle 26 #=-
Hessian Eigenvalues (Working) :  5.0000e-02  5.0000e-02  5.0000e-02  5.0000e-02  5.0000e-02 ...  1.0000e+00  1.0000e+00  1.0000e+00  1.0000e+00  1.0000e+00
Evening out spacings: Deleted image  9 and added a new image between  5 and  6
Evening out spacings: Deleted image  4 and added a new image between  7 and  8
Evening out spacings: Deleted image  9 and added a new image between  4 and  5
Image Number          :     0       1       2       3       4       5       6       7       8       9      10  
Spacing (Ang)     Old :       0.117   0.205   0.163   0.077   0.115   0.485   0.394   0.164   0.072   0.094 
                  New :       0.117   0.205   0.163   0.188   0.121   0.121   0.242   0.197   0.197   0.211 
Time since last ComputeChain: 0.342 s
Metric completed in 0.002 seconds, maxerr = 0.000e+00
Image Number          :     0       1       2       3       4       5       6       7       8       9      10  
                          (min)   ---->   ---->   ---->   ---->   (max)   <----   <----   (min)   (max)   (min)
Energies  (kcal/mol)  :  16.631  18.142  27.662  38.273  42.959  48.997  20.615   2.322   1.777  36.356   0.000
Spacing (Ang)         :       0.117   0.205   0.163   0.077   0.115   0.500   0.387   0.156   0.069   0.083 
Gradients (eV/Ang)    :   0.000   0.024   0.011   0.093   0.311   0.334   1.190   0.644   0.942  20.041   0.000
Straightness          :   1.000   0.919   0.962   0.980   0.905   0.620   0.657   0.935  -0.400  -0.797   1.000
Respaced images - resetting Hessian and skipping trust radius update
@ GAvg(eV/Ang)  GMax(eV/Ang)   Length(Ang)  DeltaE(kcal)   RMSD(Ang) TrustRad(Ang)  Step Quality
@     2.6210       20.0406        1.8721  
-=# Optimization cycle 27 #=-
Hessian Eigenvalues (Working) :  5.0000e-02  5.0000e-02  5.0000e-02  5.0000e-02  5.0000e-02 ...  1.0000e+00  1.0000e+00  1.0000e+00  1.0000e+00  1.0000e+00
Evening out spacings: Deleted image  9 and added a new image between  5 and  6
Evening out spacings: Deleted image  4 and added a new image between  7 and  8
Evening out spacings: Deleted image  9 and added a new image between  5 and  6
Image Number          :     0       1       2       3       4       5       6       7       8       9      10  
Spacing (Ang)     Old :       0.117   0.205   0.163   0.077   0.114   0.500   0.389   0.160   0.035   0.054 
                  New :       0.117   0.205   0.163   0.187   0.250   0.125   0.125   0.195   0.195   0.198 
Time since last ComputeChain: 0.474 s
Metric completed in 0.001 seconds, maxerr = 0.000e+00
Image Number          :     0       1       2       3       4       5       6       7       8       9      10  
                          (min)   ---->   ---->   ---->   ---->   (max)   <----   <----   (min)   (max)   (min)
Energies  (kcal/mol)  :  16.631  18.142  27.662  38.268  42.923  48.958  20.076   2.171   2.055  16.510   0.000
Spacing (Ang)         :       0.117   0.205   0.163   0.077   0.114   0.508   0.386   0.156   0.031   0.060 
Gradients (eV/Ang)    :   0.000   0.024   0.011   0.092   0.309   0.339   1.183   0.617   0.806   9.286   0.000
Straightness          :   1.000   0.919   0.962   0.980   0.906   0.611   0.652   0.936   0.213  -0.731   1.000
Respaced images - resetting Hessian and skipping trust radius update
@ GAvg(eV/Ang)  GMax(eV/Ang)   Length(Ang)  DeltaE(kcal)   RMSD(Ang) TrustRad(Ang)  Step Quality
@     1.4074        9.2861        1.8168  
-=# Optimization cycle 28 #=-
Hessian Eigenvalues (Working) :  5.0000e-02  5.0000e-02  5.0000e-02  5.0000e-02  5.0000e-02 ...  1.0000e+00  1.0000e+00  1.0000e+00  1.0000e+00  1.0000e+00
Evening out spacings: Deleted image  9 and added a new image between  5 and  6
Evening out spacings: Deleted image  4 and added a new image between  7 and  8
Evening out spacings: Deleted image  9 and added a new image between  4 and  5
Image Number          :     0       1       2       3       4       5       6       7       8       9      10  
Spacing (Ang)     Old :       0.117   0.205   0.163   0.076   0.114   0.508   0.388   0.156   0.021   0.051 
                  New :       0.117   0.205   0.163   0.186   0.127   0.127   0.254   0.194   0.194   0.191 
Time since last ComputeChain: 0.734 s
Metric completed in 0.001 seconds, maxerr = 0.000e+00
Image Number          :     0       1       2       3       4       5       6       7       8       9      10  
                          (min)   ---->   ---->   ---->   ---->   (max)   <----   <----   <----   <----   (min)
Energies  (kcal/mol)  :  16.631  18.142  27.662  38.264  42.887  48.917  19.539   2.028   1.561   0.474   0.000
Spacing (Ang)         :       0.117   0.205   0.163   0.076   0.114   0.516   0.384   0.153   0.020   0.047 
Gradients (eV/Ang)    :   0.000   0.024   0.011   0.091   0.306   0.345   1.175   0.596   3.178   0.532   0.000
Straightness          :   1.000   0.919   0.962   0.980   0.907   0.604   0.649   0.928  -0.596  -0.618   1.000
Respaced images - resetting Hessian and skipping trust radius update
@ GAvg(eV/Ang)  GMax(eV/Ang)   Length(Ang)  DeltaE(kcal)   RMSD(Ang) TrustRad(Ang)  Step Quality
@     0.6955        3.1779        1.7943  
-=# Optimization cycle 29 #=-
Hessian Eigenvalues (Working) :  5.0000e-02  5.0000e-02  5.0000e-02  5.0000e-02  5.0000e-02 ...  1.0000e+00  1.0000e+00  1.0000e+00  1.0000e+00  1.0000e+00
Evening out spacings: Deleted image  9 and added a new image between  5 and  6
Evening out spacings: Deleted image  4 and added a new image between  7 and  8
Evening out spacings: Deleted image  9 and added a new image between  4 and  5
Evening out spacings: Deleted image  5 and added a new image between  6 and  7
Evening out spacings: Deleted image  6 and added a new image between  4 and  5
Evening out spacings: Deleted image  5 and added a new image between  6 and  7
Evening out spacings: Deleted image  6 and added a new image between  4 and  5
Evening out spacings: Deleted image  5 and added a new image between  6 and  7
Evening out spacings: Deleted image  6 and added a new image between  4 and  5
Evening out spacings: Deleted image  5 and added a new image between  6 and  7
Evening out spacings: Deleted image  6 and added a new image between  4 and  5
Evening out spacings: Deleted image  5 and added a new image between  6 and  7
Traceback (most recent call last):
  File "/home/hpark21/miniconda3/envs/neb_test/bin/geometric-neb", line 33, in <module>
    sys.exit(load_entry_point('geometric==0.9.7.2+163.g2eaf4a6.dirty', 'console_scripts', 'geometric-neb')())
  File "/home/hpark21/miniconda3/envs/neb_test/lib/python3.8/site-packages/geometric-0.9.7.2+163.g2eaf4a6.dirty-py3.8.egg/geometric/neb.py", line 2424, in main
  File "/home/hpark21/miniconda3/envs/neb_test/lib/python3.8/site-packages/geometric-0.9.7.2+163.g2eaf4a6.dirty-py3.8.egg/geometric/neb.py", line 2278, in OptimizeChain
  File "/home/hpark21/miniconda3/envs/neb_test/lib/python3.8/site-packages/geometric-0.9.7.2+163.g2eaf4a6.dirty-py3.8.egg/geometric/neb.py", line 726, in delete_insert
RuntimeError: Stuck in a loop, bug likely!

