Cnvgd (fev= 2) : LSq: 0.0000 (+0.0000) Distance: 0.0000 (+0.0000) Angle: 0.0000 (+0.0000) Dihedral: 0.0000 (+0.0000) 
Working on frame 0 / 285 
Cnvgd (fev= 5) : LSq: 0.0000 (-0.0402) Distance: 0.0000 (-0.0080) Angle: 0.0000 (-0.0248) Dihedral: 0.0000 (-0.0075) Anchor: 0.0000 (+0.0000) Morse: 0.0000 (+0.0000) 
max(dx) 0.001698 (new) 0.003973 (old) 0.427296[0m (ratio)
Cnvgd (fev= 6) : LSq: 0.0002 (-0.1090) Distance: 0.0002 (-0.0712) Angle: 0.0000 (-0.0027) Dihedral: 0.0000 (-0.0351) Anchor: 0.0000 (+0.0000) Morse: 0.0000 (+0.0000) 
max(dx) 0.001700 (new) 0.006282 (old) 0.270641[0m (ratio)
Cnvgd (fev= 6) : LSq: 0.0004 (-0.2906) Distance: 0.0003 (-0.2265) Angle: 0.0000 (-0.0041) Dihedral: 0.0000 (-0.0599) Anchor: 0.0000 (+0.0000) Morse: 0.0000 (+0.0000) 
max(dx) 0.001701 (new) 0.007218 (old) 0.235632[0m (ratio)
Cnvgd (fev= 7) : LSq: 0.0006 (-0.4979) Distance: 0.0006 (-0.3822) Angle: 0.0000 (-0.0082) Dihedral: 0.0000 (-0.1075) Anchor: 0.0000 (+0.0000) Morse: 0.0000 (+0.0000) 
max(dx) 0.001697 (new) 0.007721 (old) 0.219823[0m (ratio)
Cnvgd (fev= 8) : LSq: 0.0009 (-0.7767) Distance: 0.0009 (-0.5862) Angle: 0.0000 (-0.0129) Dihedral: 0.0000 (-0.1776) Anchor: 0.0000 (+0.0000) Morse: 0.0000 (+0.0000) 
max(dx) 0.001693 (new) 0.007870 (old) 0.215098[0m (ratio)
Cnvgd (fev= 8) : LSq: 0.0013 (-1.1097) Distance: 0.0013 (-0.8174) Angle: 0.0000 (-0.0156) Dihedral: 0.0000 (-0.2767) Anchor: 0.0000 (+0.0000) Morse: 0.0000 (+0.0000) 
max(dx) 0.001688 (new) 0.007565 (old) 0.223081[0m (ratio)
Cnvgd (fev= 8) : LSq: 0.0018 (-1.4504) Distance: 0.0017 (-0.9613) Angle: 0.0000 (-0.0400) Dihedral: 0.0000 (-0.4491) Anchor: 0.0000 (+0.0000) Morse: 0.0000 (+0.0000) 
max(dx) 0.001678 (new) 0.007888 (old) 0.212730[0m (ratio)
Cnvgd (fev= 9) : LSq: 0.0023 (-1.9526) Distance: 0.0022 (-1.3352) Angle: 0.0000 (-0.0440) Dihedral: 0.0000 (-0.5734) Anchor: 0.0000 (+0.0000) Morse: 0.0000 (+0.0000) 
max(dx) 0.001689 (new) 0.006471 (old) 0.260946[0m (ratio)
Cnvgd (fev= 9) : LSq: 0.0028 (-2.2080) Distance: 0.0028 (-1.3943) Angle: 0.0000 (-0.1507) Dihedral: 0.0000 (-0.6630) Anchor: 0.0000 (+0.0000) Morse: 0.0000 (+0.0000) 
max(dx) 0.001701 (new) 0.004179 (old) 0.407014[0m (ratio)
Cnvgd (fev=20) : LSq: 0.0034 (-2.6479) Distance: 0.0034 (-1.6589) Angle: 0.0000 (-0.3117) Dihedral: 0.0000 (-0.6774) Anchor: 0.0000 (+0.0000) Morse: 0.0000 (+0.0000) 
Working on frame 10 / 285 
max(dx) 0.001816 (new) 0.001660 (old) 1.094274[0m (ratio)
Cnvgd (fev=17) : LSq: 0.0041 (-3.0889) Distance: 0.0040 (-2.1204) Angle: 0.0000 (-0.2493) Dihedral: 0.0001 (-0.7192) Anchor: 0.0000 (+0.0000) Morse: 0.0000 (+0.0000) 
max(dx) 0.001801 (new) 0.006568 (old) 0.274232[0m (ratio)
Cnvgd (fev=16) : LSq: 0.0048 (-3.2522) Distance: 0.0047 (-2.2859) Angle: 0.0000 (-0.1834) Dihedral: 0.0001 (-0.7829) Anchor: 0.0000 (+0.0000) Morse: 0.0000 (+0.0000) 
max(dx) 0.001799 (new) 0.007790 (old) 0.230927[0m (ratio)
Cnvgd (fev=16) : LSq: 0.0055 (-3.4790) Distance: 0.0053 (-2.4689) Angle: 0.0000 (-0.1442) Dihedral: 0.0001 (-0.8660) Anchor: 0.0000 (+0.0000) Morse: 0.0000 (+0.0000) 
max(dx) 0.001770 (new) 0.008486 (old) 0.208534[0m (ratio)
Cnvgd (fev=17) : LSq: 0.0062 (-3.4915) Distance: 0.0061 (-2.4029) Angle: 0.0000 (-0.1848) Dihedral: 0.0001 (-0.9038) Anchor: 0.0000 (+0.0000) Morse: 0.0000 (+0.0000) 
max(dx) 0.001850 (new) 0.007172 (old) 0.257989[0m (ratio)
Cnvgd (fev=21) : LSq: 0.0123 (-3.2951) Distance: 0.0121 (-2.2017) Angle: 0.0001 (-0.1641) Dihedral: 0.0001 (-0.9293) Anchor: 0.0000 (+0.0000) Morse: 0.0000 (+0.0000) 
max(dx) 0.002962 (new) 0.005091 (old) 0.581825[0m (ratio)
Cnvgd (fev=21) : LSq: 0.0123 (-3.8670) Distance: 0.0121 (-2.6985) Angle: 0.0001 (-0.2045) Dihedral: 0.0002 (-0.9640) Anchor: 0.0000 (+0.0000) Morse: 0.0000 (+0.0000) 
max(dx) 0.001765 (new) 0.005495 (old) 0.321131[0m (ratio)
Cnvgd (fev=22) : LSq: 0.0110 (-4.6610) Distance: 0.0107 (-3.3857) Angle: 0.0001 (-0.2674) Dihedral: 0.0002 (-1.0079) Anchor: 0.0000 (+0.0000) Morse: 0.0000 (+0.0000) 
max(dx) 0.001663 (new) 0.007095 (old) 0.234456[0m (ratio)
Cnvgd (fev=20) : LSq: 0.0098 (-5.3700) Distance: 0.0096 (-3.9126) Angle: 0.0001 (-0.4112) Dihedral: 0.0002 (-1.0463) Anchor: 0.0000 (+0.0000) Morse: 0.0000 (+0.0000) 
max(dx) 0.001916 (new) 0.005650 (old) 0.339184[0m (ratio)
Cnvgd (fev=15) : LSq: 0.0104 (-5.4661) Distance: 0.0101 (-3.8947) Angle: 0.0001 (-0.5124) Dihedral: 0.0002 (-1.0590) Anchor: 0.0000 (+0.0000) Morse: 0.0000 (+0.0000) 
max(dx) 0.001701 (new) 0.008465 (old) 0.200939[0m (ratio)
Cnvgd (fev=16) : LSq: 0.0113 (-5.6244) Distance: 0.0110 (-3.9008) Angle: 0.0001 (-0.5844) Dihedral: 0.0003 (-1.1392) Anchor: 0.0000 (+0.0000) Morse: 0.0000 (+0.0000) 
Working on frame 20 / 285 
max(dx) 0.001753 (new) 0.008346 (old) 0.210041[0m (ratio)
Cnvgd (fev=20) : LSq: 0.0123 (-5.8097) Distance: 0.0119 (-3.8988) Angle: 0.0001 (-0.6141) Dihedral: 0.0003 (-1.2968) Anchor: 0.0000 (+0.0000) Morse: 0.0000 (+0.0000) 
max(dx) 0.001805 (new) 0.008204 (old) 0.219992[0m (ratio)
Cnvgd (fev=20) : LSq: 0.0135 (-6.1348) Distance: 0.0131 (-4.0707) Angle: 0.0001 (-0.6390) Dihedral: 0.0003 (-1.4251) Anchor: 0.0000 (+0.0000) Morse: 0.0000 (+0.0000) 
max(dx) 0.001805 (new) 0.007996 (old) 0.225705[0m (ratio)
Cnvgd (fev=17) : LSq: 0.0147 (-6.6193) Distance: 0.0143 (-4.4407) Angle: 0.0001 (-0.6784) Dihedral: 0.0004 (-1.5002) Anchor: 0.0000 (+0.0000) Morse: 0.0000 (+0.0000) 
max(dx) 0.001782 (new) 0.007703 (old) 0.231283[0m (ratio)
Cnvgd (fev=20) : LSq: 0.0154 (-6.9945) Distance: 0.0150 (-4.7643) Angle: 0.0001 (-0.7051) Dihedral: 0.0004 (-1.5251) Anchor: 0.0000 (+0.0000) Morse: 0.0000 (+0.0000) 
max(dx) 0.001704 (new) 0.001962 (old) 0.868490[0m (ratio)
Cnvgd (fev=10) : LSq: 0.0161 (-7.0069) Distance: 0.0156 (-4.8231) Angle: 0.0001 (-0.6784) Dihedral: 0.0004 (-1.5054) Anchor: 0.0000 (+0.0000) Morse: 0.0000 (+0.0000) 
max(dx) 0.001606 (new) 0.007498 (old) 0.214254[0m (ratio)
Cnvgd (fev=10) : LSq: 0.0171 (-7.0656) Distance: 0.0165 (-4.9302) Angle: 0.0001 (-0.6636) Dihedral: 0.0005 (-1.4718) Anchor: 0.0000 (+0.0000) Morse: 0.0000 (+0.0000) 
max(dx) 0.001654 (new) 0.007495 (old) 0.220683[0m (ratio)
Cnvgd (fev=10) : LSq: 0.0181 (-7.1334) Distance: 0.0175 (-5.0394) Angle: 0.0001 (-0.6462) Dihedral: 0.0005 (-1.4478) Anchor: 0.0000 (+0.0000) Morse: 0.0000 (+0.0000) 
max(dx) 0.001624 (new) 0.007588 (old) 0.213951[0m (ratio)
Cnvgd (fev=11) : LSq: 0.0191 (-7.1961) Distance: 0.0184 (-5.0784) Angle: 0.0001 (-0.5762) Dihedral: 0.0006 (-1.5415) Anchor: 0.0000 (+0.0000) Morse: 0.0000 (+0.0000) 
max(dx) 0.001626 (new) 0.007376 (old) 0.220512[0m (ratio)
Cnvgd (fev=11) : LSq: 0.0202 (-7.2823) Distance: 0.0194 (-5.2018) Angle: 0.0001 (-0.5012) Dihedral: 0.0006 (-1.5792) Anchor: 0.0000 (+0.0000) Morse: 0.0000 (+0.0000) 
max(dx) 0.001641 (new) 0.007268 (old) 0.225843[0m (ratio)
Cnvgd (fev=11) : LSq: 0.0212 (-7.4369) Distance: 0.0204 (-5.4307) Angle: 0.0001 (-0.4569) Dihedral: 0.0007 (-1.5493) Anchor: 0.0000 (+0.0000) Morse: 0.0000 (+0.0000) 
Working on frame 30 / 285 
max(dx) 0.001658 (new) 0.007891 (old) 0.210139[0m (ratio)
Cnvgd (fev=11) : LSq: 0.0223 (-7.6344) Distance: 0.0214 (-5.7139) Angle: 0.0001 (-0.4198) Dihedral: 0.0008 (-1.5007) Anchor: 0.0000 (+0.0000) Morse: 0.0000 (+0.0000) 
max(dx) 0.001670 (new) 0.007892 (old) 0.211626[0m (ratio)
Cnvgd (fev=11) : LSq: 0.0233 (-7.8744) Distance: 0.0224 (-6.0466) Angle: 0.0001 (-0.3814) Dihedral: 0.0008 (-1.4464) Anchor: 0.0000 (+0.0000) Morse: 0.0000 (+0.0000) 
max(dx) 0.001677 (new) 0.007928 (old) 0.211571[0m (ratio)
Cnvgd (fev=11) : LSq: 0.0244 (-8.1860) Distance: 0.0234 (-6.4451) Angle: 0.0001 (-0.3400) Dihedral: 0.0009 (-1.4009) Anchor: 0.0000 (+0.0000) Morse: 0.0000 (+0.0000) 
max(dx) 0.001682 (new) 0.008004 (old) 0.210097[0m (ratio)
Cnvgd (fev=11) : LSq: 0.0255 (-8.5044) Distance: 0.0244 (-6.8601) Angle: 0.0001 (-0.2933) Dihedral: 0.0010 (-1.3509) Anchor: 0.0000 (+0.0000) Morse: 0.0000 (+0.0000) 
max(dx) 0.001684 (new) 0.008025 (old) 0.209791[0m (ratio)
Cnvgd (fev=11) : LSq: 0.0265 (-8.8459) Distance: 0.0254 (-7.3053) Angle: 0.0001 (-0.2591) Dihedral: 0.0010 (-1.2815) Anchor: 0.0000 (+0.0000) Morse: 0.0000 (+0.0000) 
max(dx) 0.001688 (new) 0.007994 (old) 0.211095[0m (ratio)
Cnvgd (fev=12) : LSq: 0.0276 (-9.2137) Distance: 0.0264 (-7.7857) Angle: 0.0001 (-0.2356) Dihedral: 0.0011 (-1.1924) Anchor: 0.0000 (+0.0000) Morse: 0.0000 (+0.0000) 
max(dx) 0.001694 (new) 0.007949 (old) 0.213170[0m (ratio)
Cnvgd (fev=13) : LSq: 0.0287 (-9.6105) Distance: 0.0274 (-8.3062) Angle: 0.0001 (-0.2196) Dihedral: 0.0012 (-1.0846) Anchor: 0.0000 (+0.0000) Morse: 0.0000 (+0.0000) 
max(dx) 0.001705 (new) 0.007891 (old) 0.216100[0m (ratio)
Cnvgd (fev=13) : LSq: 0.0298 (-10.0497) Distance: 0.0284 (-8.8728) Angle: 0.0001 (-0.2098) Dihedral: 0.0013 (-0.9671) Anchor: 0.0000 (+0.0000) Morse: 0.0000 (+0.0000) 
max(dx) 0.001719 (new) 0.007844 (old) 0.219172[0m (ratio)
Cnvgd (fev=12) : LSq: 0.0309 (-10.5750) Distance: 0.0295 (-9.5193) Angle: 0.0001 (-0.2095) Dihedral: 0.0014 (-0.8462) Anchor: 0.0000 (+0.0000) Morse: 0.0000 (+0.0000) 
max(dx) 0.001738 (new) 0.007783 (old) 0.223334[0m (ratio)
Cnvgd (fev=18) : LSq: 0.0321 (-11.4584) Distance: 0.0305 (-10.5932) Angle: 0.0001 (-0.2933) Dihedral: 0.0015 (-0.5719) Anchor: 0.0000 (+0.0000) Morse: 0.0000 (+0.0000) 
Working on frame 40 / 285 
max(dx) 0.001779 (new) 0.007012 (old) 0.253773[0m (ratio)
Cnvgd (fev=20) : LSq: 0.0332 (-12.0506) Distance: 0.0315 (-11.0916) Angle: 0.0001 (-0.4051) Dihedral: 0.0015 (-0.5540) Anchor: 0.0000 (+0.0000) Morse: 0.0000 (+0.0000) 
max(dx) 0.001769 (new) 0.004440 (old) 0.398323[0m (ratio)
Cnvgd (fev=19) : LSq: 0.0343 (-12.2140) Distance: 0.0325 (-11.2967) Angle: 0.0001 (-0.4539) Dihedral: 0.0016 (-0.4634) Anchor: 0.0000 (+0.0000) Morse: 0.0000 (+0.0000) 
max(dx) 0.001750 (new) 0.007009 (old) 0.249633[0m (ratio)
Cnvgd (fev=12) : LSq: 0.0354 (-12.0385) Distance: 0.0336 (-11.2385) Angle: 0.0001 (-0.4350) Dihedral: 0.0017 (-0.3650) Anchor: 0.0000 (+0.0000) Morse: 0.0000 (+0.0000) 
max(dx) 0.001698 (new) 0.007692 (old) 0.220778[0m (ratio)
Cnvgd (fev=13) : LSq: 0.0366 (-11.6140) Distance: 0.0346 (-10.9658) Angle: 0.0001 (-0.3694) Dihedral: 0.0019 (-0.2788) Anchor: 0.0000 (+0.0000) Morse: 0.0000 (+0.0000) 
max(dx) 0.001695 (new) 0.007936 (old) 0.213620[0m (ratio)
Cnvgd (fev=22) : LSq: 0.0379 (-11.2354) Distance: 0.0358 (-10.7210) Angle: 0.0001 (-0.3118) Dihedral: 0.0020 (-0.2026) Anchor: 0.0000 (+0.0000) Morse: 0.0000 (+0.0000) 
max(dx) 0.001718 (new) 0.007882 (old) 0.217920[0m (ratio)
Cnvgd (fev=20) : LSq: 0.0396 (-10.7443) Distance: 0.0375 (-10.3365) Angle: 0.0001 (-0.2627) Dihedral: 0.0021 (-0.1452) Anchor: 0.0000 (+0.0000) Morse: 0.0000 (+0.0000) 
max(dx) 0.001723 (new) 0.007136 (old) 0.241446[0m (ratio)
Cnvgd (fev=19) : LSq: 0.0415 (-10.1881) Distance: 0.0392 (-9.8638) Angle: 0.0001 (-0.2216) Dihedral: 0.0022 (-0.1027) Anchor: 0.0000 (+0.0000) Morse: 0.0000 (+0.0000) 
max(dx) 0.001700 (new) 0.007320 (old) 0.232187[0m (ratio)
Cnvgd (fev=19) : LSq: 0.0436 (-9.6841) Distance: 0.0412 (-9.4300) Angle: 0.0001 (-0.1868) Dihedral: 0.0023 (-0.0673) Anchor: 0.0000 (+0.0000) Morse: 0.0000 (+0.0000) 
max(dx) 0.001708 (new) 0.007320 (old) 0.233280[0m (ratio)
Cnvgd (fev=21) : LSq: 0.0454 (-9.2845) Distance: 0.0428 (-9.0890) Angle: 0.0001 (-0.1478) Dihedral: 0.0024 (-0.0476) Anchor: 0.0000 (+0.0000) Morse: 0.0000 (+0.0000) 
max(dx) 0.001673 (new) 0.007746 (old) 0.215983[0m (ratio)
Cnvgd (fev=21) : LSq: 0.0472 (-8.8914) Distance: 0.0445 (-8.7490) Angle: 0.0001 (-0.1089) Dihedral: 0.0025 (-0.0335) Anchor: 0.0000 (+0.0000) Morse: 0.0000 (+0.0000) 
Working on frame 50 / 285 
max(dx) 0.001671 (new) 0.007811 (old) 0.213908[0m (ratio)
Cnvgd (fev=24) : LSq: 0.0514 (-8.3802) Distance: 0.0487 (-8.2802) Angle: 0.0001 (-0.0809) Dihedral: 0.0026 (-0.0191) Anchor: 0.0000 (+0.0000) Morse: 0.0000 (+0.0000) 
max(dx) 0.001757 (new) 0.005573 (old) 0.315337[0m (ratio)
Cnvgd (fev=23) : LSq: 0.0584 (-7.8606) Distance: 0.0555 (-7.7925) Angle: 0.0001 (-0.0603) Dihedral: 0.0027 (-0.0077) Anchor: 0.0000 (+0.0000) Morse: 0.0000 (+0.0000) 
max(dx) 0.001797 (new) 0.006122 (old) 0.293586[0m (ratio)
Cnvgd (fev=20) : LSq: 0.0676 (-7.3909) Distance: 0.0647 (-7.3467) Angle: 0.0001 (-0.0437) Dihedral: 0.0028 (-0.0005) Anchor: 0.0000 (+0.0000) Morse: 0.0000 (+0.0000) 
max(dx) 0.001806 (new) 0.006122 (old) 0.295006[0m (ratio)
Cnvgd (fev=21) : LSq: 0.0796 (-6.9698) Distance: 0.0766 (-6.9422) Angle: 0.0001 (-0.0302) Dihedral: 0.0029 (+0.0026) Anchor: 0.0000 (+0.0000) Morse: 0.0000 (+0.0000) 
max(dx) 0.001814 (new) 0.006123 (old) 0.296290[0m (ratio)
Cnvgd (fev=22) : LSq: 0.0968 (-6.6868) Distance: 0.0937 (-6.6547) Angle: 0.0001 (-0.0332) Dihedral: 0.0030 (+0.0011) Anchor: 0.0000 (+0.0000) Morse: 0.0000 (+0.0000) 
max(dx) 0.001845 (new) 0.007196 (old) 0.256430[0m (ratio)
Cnvgd (fev=21) : LSq: 0.1210 (-6.6258) Distance: 0.1179 (-6.5236) Angle: 0.0001 (-0.0947) Dihedral: 0.0030 (-0.0075) Anchor: 0.0000 (+0.0000) Morse: 0.0000 (+0.0000) 
max(dx) 0.001877 (new) 0.008067 (old) 0.232625[0m (ratio)
Cnvgd (fev=20) : LSq: 0.1520 (-6.7263) Distance: 0.1489 (-6.4816) Angle: 0.0001 (-0.2212) Dihedral: 0.0030 (-0.0234) Anchor: 0.0000 (+0.0000) Morse: 0.0000 (+0.0000) 
max(dx) 0.001965 (new) 0.008114 (old) 0.242161[0m (ratio)
Cnvgd (fev=19) : LSq: 0.1907 (-6.9347) Distance: 0.1876 (-6.4900) Angle: 0.0001 (-0.3981) Dihedral: 0.0029 (-0.0466) Anchor: 0.0000 (+0.0000) Morse: 0.0000 (+0.0000) 
max(dx) 0.002045 (new) 0.008115 (old) 0.252047[0m (ratio)
Cnvgd (fev=19) : LSq: 0.2351 (-7.5047) Distance: 0.2322 (-6.7720) Angle: 0.0001 (-0.6578) Dihedral: 0.0028 (-0.0749) Anchor: 0.0000 (+0.0000) Morse: 0.0000 (+0.0000) 
max(dx) 0.001993 (new) 0.008175 (old) 0.243840[0m (ratio)
Cnvgd (fev=19) : LSq: 0.2694 (-8.0820) Distance: 0.2664 (-7.0440) Angle: 0.0001 (-0.9370) Dihedral: 0.0028 (-0.1010) Anchor: 0.0000 (+0.0000) Morse: 0.0000 (+0.0000) 
Working on frame 60 / 285 
max(dx) 0.001931 (new) 0.006943 (old) 0.278181[0m (ratio)
Cnvgd (fev=20) : LSq: 0.2804 (-7.6754) Distance: 0.2774 (-6.5840) Angle: 0.0001 (-0.9765) Dihedral: 0.0029 (-0.1150) Anchor: 0.0000 (+0.0000) Morse: 0.0000 (+0.0000) 
max(dx) 0.001799 (new) 0.005829 (old) 0.308670[0m (ratio)
Cnvgd (fev=19) : LSq: 0.2860 (-7.0766) Distance: 0.2829 (-6.0162) Angle: 0.0001 (-0.9356) Dihedral: 0.0030 (-0.1248) Anchor: 0.0000 (+0.0000) Morse: 0.0000 (+0.0000) 
max(dx) 0.001771 (new) 0.005754 (old) 0.307714[0m (ratio)
Cnvgd (fev=19) : LSq: 0.2921 (-6.5319) Distance: 0.2889 (-5.5078) Angle: 0.0001 (-0.8886) Dihedral: 0.0031 (-0.1355) Anchor: 0.0000 (+0.0000) Morse: 0.0000 (+0.0000) 
max(dx) 0.001775 (new) 0.005754 (old) 0.308430[0m (ratio)
Cnvgd (fev=19) : LSq: 0.2986 (-6.0405) Distance: 0.2952 (-5.0580) Angle: 0.0001 (-0.8352) Dihedral: 0.0033 (-0.1473) Anchor: 0.0000 (+0.0000) Morse: 0.0000 (+0.0000) 
max(dx) 0.001779 (new) 0.005754 (old) 0.309224[0m (ratio)
Cnvgd (fev=19) : LSq: 0.3054 (-5.6017) Distance: 0.3019 (-4.6659) Angle: 0.0001 (-0.7759) Dihedral: 0.0034 (-0.1599) Anchor: 0.0000 (+0.0000) Morse: 0.0000 (+0.0000) 
max(dx) 0.001782 (new) 0.005753 (old) 0.309758[0m (ratio)
Cnvgd (fev=18) : LSq: 0.3127 (-5.2154) Distance: 0.3091 (-4.3310) Angle: 0.0001 (-0.7111) Dihedral: 0.0035 (-0.1733) Anchor: 0.0000 (+0.0000) Morse: 0.0000 (+0.0000) 
max(dx) 0.001786 (new) 0.005753 (old) 0.310373[0m (ratio)
Cnvgd (fev=18) : LSq: 0.3204 (-4.8818) Distance: 0.3167 (-4.0526) Angle: 0.0001 (-0.6417) Dihedral: 0.0037 (-0.1876) Anchor: 0.0000 (+0.0000) Morse: 0.0000 (+0.0000) 
max(dx) 0.001787 (new) 0.005753 (old) 0.310694[0m (ratio)
Cnvgd (fev=19) : LSq: 0.3286 (-4.6017) Distance: 0.3247 (-3.8304) Angle: 0.0001 (-0.5688) Dihedral: 0.0038 (-0.2025) Anchor: 0.0000 (+0.0000) Morse: 0.0000 (+0.0000) 
max(dx) 0.001789 (new) 0.005753 (old) 0.310957[0m (ratio)
Cnvgd (fev=21) : LSq: 0.3370 (-4.3717) Distance: 0.3330 (-3.6596) Angle: 0.0001 (-0.4944) Dihedral: 0.0039 (-0.2178) Anchor: 0.0000 (+0.0000) Morse: 0.0000 (+0.0000) 
max(dx) 0.001789 (new) 0.005752 (old) 0.311053[0m (ratio)
Cnvgd (fev=19) : LSq: 0.3433 (-4.1358) Distance: 0.3391 (-3.4805) Angle: 0.0001 (-0.4253) Dihedral: 0.0041 (-0.2300) Anchor: 0.0000 (+0.0000) Morse: 0.0000 (+0.0000) 
Working on frame 70 / 285 
max(dx) 0.001774 (new) 0.005742 (old) 0.308933[0m (ratio)
Cnvgd (fev=19) : LSq: 0.3450 (-3.8510) Distance: 0.3406 (-3.2491) Angle: 0.0001 (-0.3662) Dihedral: 0.0043 (-0.2357) Anchor: 0.0000 (+0.0000) Morse: 0.0000 (+0.0000) 
max(dx) 0.001742 (new) 0.006054 (old) 0.287760[0m (ratio)
Cnvgd (fev=19) : LSq: 0.3458 (-3.6108) Distance: 0.3413 (-3.0645) Angle: 0.0001 (-0.3057) Dihedral: 0.0045 (-0.2407) Anchor: 0.0000 (+0.0000) Morse: 0.0000 (+0.0000) 
max(dx) 0.001733 (new) 0.006148 (old) 0.281905[0m (ratio)
Cnvgd (fev=20) : LSq: 0.3468 (-3.4360) Distance: 0.3420 (-2.9471) Angle: 0.0001 (-0.2427) Dihedral: 0.0047 (-0.2462) Anchor: 0.0000 (+0.0000) Morse: 0.0000 (+0.0000) 
max(dx) 0.001729 (new) 0.006148 (old) 0.281280[0m (ratio)
Cnvgd (fev=20) : LSq: 0.3487 (-3.3340) Distance: 0.3437 (-2.8976) Angle: 0.0001 (-0.1857) Dihedral: 0.0049 (-0.2508) Anchor: 0.0000 (+0.0000) Morse: 0.0000 (+0.0000) 
max(dx) 0.001730 (new) 0.005769 (old) 0.299865[0m (ratio)
Cnvgd (fev=19) : LSq: 0.3568 (-3.3753) Distance: 0.3516 (-2.9571) Angle: 0.0001 (-0.1735) Dihedral: 0.0051 (-0.2447) Anchor: 0.0000 (+0.0000) Morse: 0.0000 (+0.0000) 
max(dx) 0.001762 (new) 0.007135 (old) 0.246991[0m (ratio)
Cnvgd (fev=20) : LSq: 0.3649 (-3.5334) Distance: 0.3595 (-3.1138) Angle: 0.0001 (-0.1808) Dihedral: 0.0053 (-0.2388) Anchor: 0.0000 (+0.0000) Morse: 0.0000 (+0.0000) 
max(dx) 0.001755 (new) 0.007134 (old) 0.245971[0m (ratio)
Cnvgd (fev=21) : LSq: 0.3730 (-3.8118) Distance: 0.3675 (-3.3685) Angle: 0.0001 (-0.2101) Dihedral: 0.0054 (-0.2332) Anchor: 0.0000 (+0.0000) Morse: 0.0000 (+0.0000) 
max(dx) 0.001748 (new) 0.007132 (old) 0.245028[0m (ratio)
Cnvgd (fev=22) : LSq: 0.3811 (-4.2172) Distance: 0.3754 (-3.7227) Angle: 0.0001 (-0.2668) Dihedral: 0.0056 (-0.2277) Anchor: 0.0000 (+0.0000) Morse: 0.0000 (+0.0000) 
max(dx) 0.001739 (new) 0.007130 (old) 0.243874[0m (ratio)
Cnvgd (fev=20) : LSq: 0.3893 (-4.7595) Distance: 0.3834 (-4.1783) Angle: 0.0001 (-0.3590) Dihedral: 0.0058 (-0.2223) Anchor: 0.0000 (+0.0000) Morse: 0.0000 (+0.0000) 
max(dx) 0.001731 (new) 0.007129 (old) 0.242815[0m (ratio)
Cnvgd (fev=23) : LSq: 0.4029 (-5.2902) Distance: 0.3969 (-4.6184) Angle: 0.0001 (-0.4564) Dihedral: 0.0059 (-0.2155) Anchor: 0.0000 (+0.0000) Morse: 0.0000 (+0.0000) 
Working on frame 80 / 285 
max(dx) 0.001754 (new) 0.007252 (old) 0.241863[0m (ratio)
Cnvgd (fev=19) : LSq: 0.4339 (-5.4790) Distance: 0.4280 (-4.8114) Angle: 0.0001 (-0.4630) Dihedral: 0.0059 (-0.2045) Anchor: 0.0000 (+0.0000) Morse: 0.0000 (+0.0000) 
max(dx) 0.001843 (new) 0.007478 (old) 0.246466[0m (ratio)
Cnvgd (fev=21) : LSq: 0.4696 (-5.7076) Distance: 0.4637 (-5.0542) Angle: 0.0001 (-0.4604) Dihedral: 0.0058 (-0.1930) Anchor: 0.0000 (+0.0000) Morse: 0.0000 (+0.0000) 
max(dx) 0.001849 (new) 0.007158 (old) 0.258294[0m (ratio)
Cnvgd (fev=21) : LSq: 0.5087 (-6.0396) Distance: 0.5030 (-5.3944) Angle: 0.0001 (-0.4635) Dihedral: 0.0056 (-0.1817) Anchor: 0.0000 (+0.0000) Morse: 0.0000 (+0.0000) 
max(dx) 0.001846 (new) 0.007164 (old) 0.257687[0m (ratio)
Cnvgd (fev=21) : LSq: 0.5516 (-6.4759) Distance: 0.5461 (-5.8328) Angle: 0.0001 (-0.4724) Dihedral: 0.0054 (-0.1707) Anchor: 0.0000 (+0.0000) Morse: 0.0000 (+0.0000) 
max(dx) 0.001843 (new) 0.007170 (old) 0.257039[0m (ratio)
Cnvgd (fev=21) : LSq: 0.5950 (-6.8673) Distance: 0.5898 (-6.2093) Angle: 0.0001 (-0.4969) Dihedral: 0.0052 (-0.1611) Anchor: 0.0000 (+0.0000) Morse: 0.0000 (+0.0000) 
max(dx) 0.001823 (new) 0.005454 (old) 0.334298[0m (ratio)
Cnvgd (fev=21) : LSq: 0.5944 (-6.3204) Distance: 0.5889 (-5.6272) Angle: 0.0001 (-0.5401) Dihedral: 0.0054 (-0.1531) Anchor: 0.0000 (+0.0000) Morse: 0.0000 (+0.0000) 
max(dx) 0.001589 (new) 0.008329 (old) 0.190716[0m (ratio)
Cnvgd (fev=21) : LSq: 0.5939 (-5.8351) Distance: 0.5881 (-5.1374) Angle: 0.0001 (-0.5525) Dihedral: 0.0057 (-0.1452) Anchor: 0.0000 (+0.0000) Morse: 0.0000 (+0.0000) 
max(dx) 0.001579 (new) 0.008327 (old) 0.189658[0m (ratio)
Cnvgd (fev=21) : LSq: 0.5937 (-5.4097) Distance: 0.5876 (-4.7374) Angle: 0.0001 (-0.5348) Dihedral: 0.0060 (-0.1375) Anchor: 0.0000 (+0.0000) Morse: 0.0000 (+0.0000) 
max(dx) 0.001570 (new) 0.008325 (old) 0.188567[0m (ratio)
Cnvgd (fev=20) : LSq: 0.5936 (-5.0489) Distance: 0.5873 (-4.4254) Angle: 0.0001 (-0.4937) Dihedral: 0.0062 (-0.1298) Anchor: 0.0000 (+0.0000) Morse: 0.0000 (+0.0000) 
max(dx) 0.001559 (new) 0.008323 (old) 0.187261[0m (ratio)
Cnvgd (fev=19) : LSq: 0.5938 (-4.7638) Distance: 0.5872 (-4.1993) Angle: 0.0001 (-0.4421) Dihedral: 0.0065 (-0.1224) Anchor: 0.0000 (+0.0000) Morse: 0.0000 (+0.0000) 
Working on frame 90 / 285 
max(dx) 0.001547 (new) 0.008320 (old) 0.185939[0m (ratio)
Cnvgd (fev=18) : LSq: 0.5941 (-4.5709) Distance: 0.5873 (-4.0577) Angle: 0.0001 (-0.3981) Dihedral: 0.0068 (-0.1150) Anchor: 0.0000 (+0.0000) Morse: 0.0000 (+0.0000) 
max(dx) 0.001534 (new) 0.008318 (old) 0.184370[0m (ratio)
Cnvgd (fev=22) : LSq: 0.5946 (-4.4900) Distance: 0.5875 (-3.9993) Angle: 0.0001 (-0.3828) Dihedral: 0.0071 (-0.1078) Anchor: 0.0000 (+0.0000) Morse: 0.0000 (+0.0000) 
max(dx) 0.001521 (new) 0.008316 (old) 0.182935[0m (ratio)
Cnvgd (fev=20) : LSq: 0.5953 (-4.5424) Distance: 0.5879 (-4.0232) Angle: 0.0001 (-0.4184) Dihedral: 0.0074 (-0.1008) Anchor: 0.0000 (+0.0000) Morse: 0.0000 (+0.0000) 
max(dx) 0.001508 (new) 0.008313 (old) 0.181393[0m (ratio)
Cnvgd (fev=21) : LSq: 0.5962 (-4.7483) Distance: 0.5885 (-4.1286) Angle: 0.0001 (-0.5257) Dihedral: 0.0076 (-0.0940) Anchor: 0.0000 (+0.0000) Morse: 0.0000 (+0.0000) 
max(dx) 0.001492 (new) 0.008311 (old) 0.179565[0m (ratio)
Cnvgd (fev=20) : LSq: 0.5794 (-5.2190) Distance: 0.5711 (-4.3668) Angle: 0.0001 (-0.7639) Dihedral: 0.0082 (-0.0883) Anchor: 0.0000 (+0.0000) Morse: 0.0000 (+0.0000) 
max(dx) 0.001453 (new) 0.008056 (old) 0.180375[0m (ratio)
Cnvgd (fev=22) : LSq: 0.5092 (-5.8096) Distance: 0.4995 (-4.7247) Angle: 0.0001 (-1.0039) Dihedral: 0.0096 (-0.0811) Anchor: 0.0000 (+0.0000) Morse: 0.0000 (+0.0000) 
max(dx) 0.003144 (new) 0.006580 (old) 0.477853[0m (ratio)
Cnvgd (fev=22) : LSq: 0.4354 (-6.5526) Distance: 0.4242 (-5.2259) Angle: 0.0001 (-1.2531) Dihedral: 0.0111 (-0.0736) Anchor: 0.0000 (+0.0000) Morse: 0.0000 (+0.0000) 
max(dx) 0.003482 (new) 0.006584 (old) 0.528872[0m (ratio)
Cnvgd (fev=23) : LSq: 0.3704 (-7.4828) Distance: 0.3578 (-5.8764) Angle: 0.0001 (-1.5398) Dihedral: 0.0125 (-0.0666) Anchor: 0.0000 (+0.0000) Morse: 0.0000 (+0.0000) 
max(dx) 0.003396 (new) 0.006584 (old) 0.515760[0m (ratio)
Cnvgd (fev=23) : LSq: 0.3138 (-8.5912) Distance: 0.2998 (-6.6725) Angle: 0.0001 (-1.8587) Dihedral: 0.0139 (-0.0600) Anchor: 0.0000 (+0.0000) Morse: 0.0000 (+0.0000) 
max(dx) 0.003307 (new) 0.006584 (old) 0.502232[0m (ratio)
Cnvgd (fev=22) : LSq: 0.2653 (-9.8671) Distance: 0.2500 (-7.6106) Angle: 0.0001 (-2.2028) Dihedral: 0.0152 (-0.0537) Anchor: 0.0000 (+0.0000) Morse: 0.0000 (+0.0000) 
Working on frame 100 / 285 
max(dx) 0.003215 (new) 0.006584 (old) 0.488272[0m (ratio)
Cnvgd (fev=22) : LSq: 0.2244 (-11.2992) Distance: 0.2079 (-8.6874) Angle: 0.0001 (-2.5640) Dihedral: 0.0164 (-0.0478) Anchor: 0.0000 (+0.0000) Morse: 0.0000 (+0.0000) 
max(dx) 0.003119 (new) 0.006584 (old) 0.473820[0m (ratio)
Cnvgd (fev=22) : LSq: 0.1908 (-12.8754) Distance: 0.1732 (-9.8999) Angle: 0.0001 (-2.9332) Dihedral: 0.0175 (-0.0423) Anchor: 0.0000 (+0.0000) Morse: 0.0000 (+0.0000) 
max(dx) 0.003022 (new) 0.006583 (old) 0.458999[0m (ratio)
Cnvgd (fev=21) : LSq: 0.1640 (-14.5838) Distance: 0.1454 (-11.2455) Angle: 0.0001 (-3.3013) Dihedral: 0.0186 (-0.0371) Anchor: 0.0000 (+0.0000) Morse: 0.0000 (+0.0000) 
max(dx) 0.002921 (new) 0.006583 (old) 0.443725[0m (ratio)
Cnvgd (fev=23) : LSq: 0.1435 (-16.1869) Distance: 0.1239 (-12.4523) Angle: 0.0001 (-3.7032) Dihedral: 0.0195 (-0.0314) Anchor: 0.0000 (+0.0000) Morse: 0.0000 (+0.0000) 
max(dx) 0.002829 (new) 0.006458 (old) 0.438112[0m (ratio)
Cnvgd (fev=22) : LSq: 0.1472 (-14.8998) Distance: 0.1273 (-11.0350) Angle: 0.0001 (-3.8475) Dihedral: 0.0199 (-0.0174) Anchor: 0.0000 (+0.0000) Morse: 0.0000 (+0.0000) 
max(dx) 0.001314 (new) 0.007036 (old) 0.186777[0m (ratio)
Cnvgd (fev=22) : LSq: 0.1522 (-13.8428) Distance: 0.1319 (-9.8374) Angle: 0.0001 (-4.0003) Dihedral: 0.0202 (-0.0050) Anchor: 0.0000 (+0.0000) Morse: 0.0000 (+0.0000) 
max(dx) 0.001314 (new) 0.007362 (old) 0.178429[0m (ratio)
Cnvgd (fev=22) : LSq: 0.1574 (-13.1313) Distance: 0.1368 (-8.9627) Angle: 0.0001 (-4.1736) Dihedral: 0.0205 (+0.0050) Anchor: 0.0000 (+0.0000) Morse: 0.0000 (+0.0000) 
max(dx) 0.001299 (new) 0.007361 (old) 0.176537[0m (ratio)
Cnvgd (fev=22) : LSq: 0.1629 (-12.7587) Distance: 0.1421 (-8.4041) Angle: 0.0001 (-4.3672) Dihedral: 0.0208 (+0.0126) Anchor: 0.0000 (+0.0000) Morse: 0.0000 (+0.0000) 
max(dx) 0.001284 (new) 0.007359 (old) 0.174542[0m (ratio)
Cnvgd (fev=22) : LSq: 0.1688 (-12.7179) Distance: 0.1477 (-8.1544) Angle: 0.0001 (-4.5811) Dihedral: 0.0210 (+0.0176) Anchor: 0.0000 (+0.0000) Morse: 0.0000 (+0.0000) 
max(dx) 0.001269 (new) 0.007357 (old) 0.172444[0m (ratio)
Cnvgd (fev=23) : LSq: 0.1751 (-13.0010) Distance: 0.1537 (-8.2060) Angle: 0.0000 (-4.8149) Dihedral: 0.0213 (+0.0199) Anchor: 0.0000 (+0.0000) Morse: 0.0000 (+0.0000) 
Working on frame 110 / 285 
max(dx) 0.001252 (new) 0.007356 (old) 0.170234[0m (ratio)
Cnvgd (fev=24) : LSq: 0.1816 (-13.5995) Distance: 0.1601 (-8.5509) Angle: 0.0000 (-5.0679) Dihedral: 0.0215 (+0.0193) Anchor: 0.0000 (+0.0000) Morse: 0.0000 (+0.0000) 
max(dx) 0.001235 (new) 0.007353 (old) 0.167926[0m (ratio)
Cnvgd (fev=24) : LSq: 0.1817 (-14.4238) Distance: 0.1598 (-9.0813) Angle: 0.0000 (-5.3587) Dihedral: 0.0219 (+0.0162) Anchor: 0.0000 (+0.0000) Morse: 0.0000 (+0.0000) 
max(dx) 0.001140 (new) 0.005566 (old) 0.204864[0m (ratio)
Cnvgd (fev=25) : LSq: 0.1621 (-14.9891) Distance: 0.1393 (-9.3338) Angle: 0.0000 (-5.6684) Dihedral: 0.0228 (+0.0131) Anchor: 0.0000 (+0.0000) Morse: 0.0000 (+0.0000) 
max(dx) 0.002334 (new) 0.008385 (old) 0.278312[0m (ratio)
Cnvgd (fev=25) : LSq: 0.1457 (-15.2834) Distance: 0.1220 (-9.4201) Angle: 0.0000 (-5.8726) Dihedral: 0.0236 (+0.0093) Anchor: 0.0000 (+0.0000) Morse: 0.0000 (+0.0000) 
max(dx) 0.002394 (new) 0.008291 (old) 0.288719[0m (ratio)
Cnvgd (fev=23) : LSq: 0.1334 (-15.5841) Distance: 0.1089 (-9.5555) Angle: 0.0000 (-6.0331) Dihedral: 0.0244 (+0.0045) Anchor: 0.0000 (+0.0000) Morse: 0.0000 (+0.0000) 
max(dx) 0.002371 (new) 0.008284 (old) 0.286216[0m (ratio)
Cnvgd (fev=23) : LSq: 0.1253 (-15.8793) Distance: 0.1001 (-9.7370) Angle: 0.0001 (-6.1410) Dihedral: 0.0252 (-0.0014) Anchor: 0.0000 (+0.0000) Morse: 0.0000 (+0.0000) 
max(dx) 0.002348 (new) 0.008277 (old) 0.283721[0m (ratio)
Cnvgd (fev=23) : LSq: 0.1215 (-16.1589) Distance: 0.0955 (-9.9618) Angle: 0.0001 (-6.1887) Dihedral: 0.0259 (-0.0084) Anchor: 0.0000 (+0.0000) Morse: 0.0000 (+0.0000) 
max(dx) 0.002325 (new) 0.008269 (old) 0.281220[0m (ratio)
Cnvgd (fev=12) : LSq: 0.1213 (-16.4158) Distance: 0.0949 (-10.2281) Angle: 0.0001 (-6.1711) Dihedral: 0.0264 (-0.0166) Anchor: 0.0000 (+0.0000) Morse: 0.0000 (+0.0000) 
max(dx) 0.001325 (new) 0.008261 (old) 0.160380[0m (ratio)
Cnvgd (fev=12) : LSq: 0.1215 (-16.6487) Distance: 0.0948 (-10.5372) Angle: 0.0001 (-6.0857) Dihedral: 0.0267 (-0.0259) Anchor: 0.0000 (+0.0000) Morse: 0.0000 (+0.0000) 
max(dx) 0.001095 (new) 0.008253 (old) 0.132712[0m (ratio)
Cnvgd (fev=12) : LSq: 0.1216 (-16.8570) Distance: 0.0946 (-10.8880) Angle: 0.0001 (-5.9328) Dihedral: 0.0269 (-0.0362) Anchor: 0.0000 (+0.0000) Morse: 0.0000 (+0.0000) 
Working on frame 120 / 285 
max(dx) 0.001112 (new) 0.008245 (old) 0.134826[0m (ratio)
Cnvgd (fev=13) : LSq: 0.1216 (-17.0430) Distance: 0.0944 (-11.2794) Angle: 0.0000 (-5.7161) Dihedral: 0.0271 (-0.0475) Anchor: 0.0000 (+0.0000) Morse: 0.0000 (+0.0000) 
max(dx) 0.001116 (new) 0.008237 (old) 0.135429[0m (ratio)
Cnvgd (fev=13) : LSq: 0.1216 (-17.3507) Distance: 0.0942 (-11.9233) Angle: 0.0000 (-5.3662) Dihedral: 0.0273 (-0.0611) Anchor: 0.0000 (+0.0000) Morse: 0.0000 (+0.0000) 
max(dx) 0.001117 (new) 0.008214 (old) 0.136017[0m (ratio)
Cnvgd (fev=13) : LSq: 0.1215 (-18.2058) Distance: 0.0939 (-13.3895) Angle: 0.0000 (-4.7347) Dihedral: 0.0275 (-0.0816) Anchor: 0.0000 (+0.0000) Morse: 0.0000 (+0.0000) 
max(dx) 0.001122 (new) 0.007924 (old) 0.141627[0m (ratio)
Cnvgd (fev=14) : LSq: 0.1213 (-19.5565) Distance: 0.0936 (-15.4478) Angle: 0.0000 (-4.0011) Dihedral: 0.0277 (-0.1076) Anchor: 0.0000 (+0.0000) Morse: 0.0000 (+0.0000) 
max(dx) 0.001115 (new) 0.007526 (old) 0.148096[0m (ratio)
Cnvgd (fev=16) : LSq: 0.1211 (-21.2346) Distance: 0.0932 (-17.8144) Angle: 0.0000 (-3.2830) Dihedral: 0.0278 (-0.1372) Anchor: 0.0000 (+0.0000) Morse: 0.0000 (+0.0000) 
max(dx) 0.001094 (new) 0.007525 (old) 0.145323[0m (ratio)
Cnvgd (fev=18) : LSq: 0.1208 (-23.2500) Distance: 0.0928 (-20.4745) Angle: 0.0000 (-2.6050) Dihedral: 0.0280 (-0.1705) Anchor: 0.0000 (+0.0000) Morse: 0.0000 (+0.0000) 
max(dx) 0.001064 (new) 0.007444 (old) 0.142880[0m (ratio)
Cnvgd (fev=19) : LSq: 0.1204 (-24.9162) Distance: 0.0923 (-22.5348) Angle: 0.0000 (-2.1800) Dihedral: 0.0281 (-0.2014) Anchor: 0.0000 (+0.0000) Morse: 0.0000 (+0.0000) 
max(dx) 0.001030 (new) 0.005970 (old) 0.172492[0m (ratio)
Cnvgd (fev=15) : LSq: 0.1200 (-25.7664) Distance: 0.0918 (-23.5056) Angle: 0.0000 (-2.0346) Dihedral: 0.0281 (-0.2262) Anchor: 0.0000 (+0.0000) Morse: 0.0000 (+0.0000) 
max(dx) 0.000994 (new) 0.005794 (old) 0.171533[0m (ratio)
Cnvgd (fev=17) : LSq: 0.1195 (-26.6828) Distance: 0.0913 (-24.5344) Angle: 0.0000 (-1.8963) Dihedral: 0.0282 (-0.2522) Anchor: 0.0000 (+0.0000) Morse: 0.0000 (+0.0000) 
max(dx) 0.000953 (new) 0.005755 (old) 0.165639[0m (ratio)
Cnvgd (fev=17) : LSq: 0.1190 (-27.6620) Distance: 0.0907 (-25.6176) Angle: 0.0000 (-1.7650) Dihedral: 0.0282 (-0.2794) Anchor: 0.0000 (+0.0000) Morse: 0.0000 (+0.0000) 
Working on frame 130 / 285 
max(dx) 0.000909 (new) 0.005717 (old) 0.159062[0m (ratio)
Cnvgd (fev=18) : LSq: 0.1184 (-28.7003) Distance: 0.0901 (-26.7518) Angle: 0.0000 (-1.6407) Dihedral: 0.0282 (-0.3077) Anchor: 0.0000 (+0.0000) Morse: 0.0000 (+0.0000) 
max(dx) 0.000863 (new) 0.005680 (old) 0.151959[0m (ratio)
Cnvgd (fev=19) : LSq: 0.1177 (-29.7938) Distance: 0.0895 (-27.9332) Angle: 0.0000 (-1.5234) Dihedral: 0.0282 (-0.3372) Anchor: 0.0000 (+0.0000) Morse: 0.0000 (+0.0000) 
max(dx) 0.000815 (new) 0.005643 (old) 0.144419[0m (ratio)
Cnvgd (fev=17) : LSq: 0.1170 (-30.9382) Distance: 0.0889 (-29.1574) Angle: 0.0000 (-1.4130) Dihedral: 0.0281 (-0.3678) Anchor: 0.0000 (+0.0000) Morse: 0.0000 (+0.0000) 
max(dx) 0.000766 (new) 0.005607 (old) 0.136537[0m (ratio)
Cnvgd (fev=19) : LSq: 0.1163 (-32.2041) Distance: 0.0882 (-30.6052) Angle: 0.0000 (-1.2095) Dihedral: 0.0281 (-0.3893) Anchor: 0.0000 (+0.0000) Morse: 0.0000 (+0.0000) 
max(dx) 0.000718 (new) 0.004484 (old) 0.160147[0m (ratio)
Cnvgd (fev=16) : LSq: 0.1155 (-33.9411) Distance: 0.0875 (-32.8946) Angle: 0.0000 (-0.6782) Dihedral: 0.0280 (-0.3683) Anchor: 0.0000 (+0.0000) Morse: 0.0000 (+0.0000) 
max(dx) 0.000681 (new) 0.008555 (old) 0.079649[0m (ratio)
Cnvgd (fev=17) : LSq: 0.1147 (-35.9375) Distance: 0.0868 (-35.3093) Angle: 0.0000 (-0.2861) Dihedral: 0.0279 (-0.3422) Anchor: 0.0000 (+0.0000) Morse: 0.0000 (+0.0000) 
max(dx) 0.000646 (new) 0.008742 (old) 0.073890[0m (ratio)
Cnvgd (fev=17) : LSq: 0.1139 (-38.3464) Distance: 0.0861 (-37.9533) Angle: 0.0000 (-0.0803) Dihedral: 0.0278 (-0.3127) Anchor: 0.0000 (+0.0000) Morse: 0.0000 (+0.0000) 
max(dx) 0.000610 (new) 0.008735 (old) 0.069842[0m (ratio)
Cnvgd (fev=17) : LSq: 0.1131 (-41.2158) Distance: 0.0854 (-40.8212) Angle: 0.0000 (-0.1144) Dihedral: 0.0276 (-0.2803) Anchor: 0.0000 (+0.0000) Morse: 0.0000 (+0.0000) 
max(dx) 0.000574 (new) 0.008727 (old) 0.065766[0m (ratio)
Cnvgd (fev=17) : LSq: 0.1122 (-45.4305) Distance: 0.0847 (-44.7307) Angle: 0.0000 (-0.4582) Dihedral: 0.0275 (-0.2416) Anchor: 0.0000 (+0.0000) Morse: 0.0000 (+0.0000) 
max(dx) 0.000531 (new) 0.007814 (old) 0.068018[0m (ratio)
Cnvgd (fev=17) : LSq: 0.1113 (-47.8190) Distance: 0.0840 (-46.9526) Angle: 0.0000 (-0.6198) Dihedral: 0.0273 (-0.2415) Anchor: 0.0000 (+0.0000) Morse: 0.0000 (-0.0051) 
Working on frame 140 / 285 
max(dx) 0.000484 (new) 0.004843 (old) 0.099835[0m (ratio)
Cnvgd (fev=18) : LSq: 0.1105 (-49.9142) Distance: 0.0833 (-48.8964) Angle: 0.0000 (-0.7419) Dihedral: 0.0272 (-0.2463) Anchor: 0.0000 (+0.0000) Morse: 0.0000 (-0.0297) 
max(dx) 0.000436 (new) 0.005064 (old) 0.086034[0m (ratio)
Cnvgd (fev=17) : LSq: 0.1096 (-52.1328) Distance: 0.0826 (-50.9118) Angle: 0.0000 (-0.8792) Dihedral: 0.0270 (-0.2498) Anchor: 0.0000 (+0.0000) Morse: 0.0000 (-0.0921) 
max(dx) 0.000388 (new) 0.005019 (old) 0.077390[0m (ratio)
Cnvgd (fev=17) : LSq: 0.1087 (-54.4759) Distance: 0.0819 (-52.9933) Angle: 0.0000 (-1.0312) Dihedral: 0.0268 (-0.2520) Anchor: 0.0000 (+0.0000) Morse: 0.0000 (-0.1994) 
max(dx) 0.000347 (new) 0.004975 (old) 0.069764[0m (ratio)
Cnvgd (fev=22) : LSq: 0.1079 (-56.5698) Distance: 0.0812 (-54.7443) Angle: 0.0000 (-1.2812) Dihedral: 0.0266 (-0.2066) Anchor: 0.0000 (+0.0000) Morse: 0.0000 (-0.3377) 
max(dx) 0.000325 (new) 0.005136 (old) 0.063332[0m (ratio)
Cnvgd (fev=26) : LSq: 0.1070 (-56.7505) Distance: 0.0805 (-54.2531) Angle: 0.0000 (-2.1942) Dihedral: 0.0265 (+0.0006) Anchor: 0.0000 (+0.0000) Morse: 0.0000 (-0.3038) 
max(dx) 0.000304 (new) 0.006323 (old) 0.048105[0m (ratio)
Cnvgd (fev=19) : LSq: 0.1062 (-56.2867) Distance: 0.0799 (-52.0314) Angle: 0.0000 (-3.9355) Dihedral: 0.0263 (-0.2304) Anchor: 0.0000 (+0.0000) Morse: 0.0000 (-0.0894) 
max(dx) 0.000283 (new) 0.007341 (old) 0.038506[0m (ratio)
Cnvgd (fev=21) : LSq: 0.1054 (-57.7133) Distance: 0.0793 (-49.9984) Angle: 0.0000 (-6.1435) Dihedral: 0.0261 (-1.5340) Anchor: 0.0000 (+0.0000) Morse: 0.0000 (-0.0374) 
max(dx) 0.000266 (new) 0.007750 (old) 0.034345[0m (ratio)
Cnvgd (fev=21) : LSq: 0.1046 (-60.5959) Distance: 0.0787 (-48.1516) Angle: 0.0000 (-8.8034) Dihedral: 0.0259 (-3.5979) Anchor: 0.0000 (+0.0000) Morse: 0.0000 (-0.0430) 
max(dx) 0.000264 (new) 0.008160 (old) 0.032385[0m (ratio)
Cnvgd (fev=21) : LSq: 0.1038 (-64.0677) Distance: 0.0781 (-46.5169) Angle: 0.0000 (-11.8230) Dihedral: 0.0257 (-5.7126) Anchor: 0.0000 (+0.0000) Morse: 0.0000 (-0.0152) 
max(dx) 0.000313 (new) 0.008243 (old) 0.037978[0m (ratio)
Cnvgd (fev=20) : LSq: 0.1031 (-67.0831) Distance: 0.0775 (-45.2474) Angle: 0.0000 (-14.4281) Dihedral: 0.0255 (-7.4061) Anchor: 0.0000 (+0.0000) Morse: 0.0000 (-0.0016) 
Working on frame 150 / 285 
max(dx) 0.000362 (new) 0.007791 (old) 0.046451[0m (ratio)
Cnvgd (fev=20) : LSq: 0.1024 (-68.9924) Distance: 0.0770 (-44.5451) Angle: 0.0000 (-15.7192) Dihedral: 0.0254 (-8.7280) Anchor: 0.0000 (+0.0000) Morse: 0.0000 (+0.0000) 
max(dx) 0.000411 (new) 0.007973 (old) 0.051487[0m (ratio)
Cnvgd (fev=22) : LSq: 0.1018 (-69.1868) Distance: 0.0766 (-44.5627) Angle: 0.0000 (-14.6969) Dihedral: 0.0252 (-9.9259) Anchor: 0.0000 (+0.0000) Morse: 0.0000 (-0.0013) 
max(dx) 0.000459 (new) 0.008345 (old) 0.054967[0m (ratio)
Cnvgd (fev=21) : LSq: 0.1012 (-67.3505) Distance: 0.0761 (-45.2651) Angle: 0.0000 (-10.7464) Dihedral: 0.0250 (-11.2175) Anchor: 0.0000 (+0.0000) Morse: 0.0000 (-0.1214) 
max(dx) 0.000506 (new) 0.008387 (old) 0.060341[0m (ratio)
Cnvgd (fev=20) : LSq: 0.1006 (-64.7279) Distance: 0.0757 (-46.0985) Angle: 0.0000 (-5.8092) Dihedral: 0.0249 (-12.6467) Anchor: 0.0000 (+0.0000) Morse: 0.0000 (-0.1736) 
max(dx) 0.000552 (new) 0.007555 (old) 0.073123[0m (ratio)
Cnvgd (fev=21) : LSq: 0.1001 (-62.5562) Distance: 0.0754 (-45.6220) Angle: 0.0000 (-3.0901) Dihedral: 0.0247 (-13.6582) Anchor: 0.0000 (+0.0000) Morse: 0.0000 (-0.1860) 
max(dx) 0.000599 (new) 0.004251 (old) 0.140933[0m (ratio)
Cnvgd (fev=20) : LSq: 0.0997 (-59.9394) Distance: 0.0750 (-43.7116) Angle: 0.0000 (-2.3559) Dihedral: 0.0246 (-13.7999) Anchor: 0.0000 (+0.0000) Morse: 0.0000 (-0.0719) 
max(dx) 0.000648 (new) 0.004796 (old) 0.135077[0m (ratio)
Cnvgd (fev=20) : LSq: 0.0992 (-57.7061) Distance: 0.0747 (-41.9454) Angle: 0.0000 (-2.0491) Dihedral: 0.0245 (-13.6992) Anchor: 0.0000 (+0.0000) Morse: 0.0000 (-0.0123) 
max(dx) 0.000696 (new) 0.004915 (old) 0.141691[0m (ratio)
Cnvgd (fev=21) : LSq: 0.0989 (-55.6321) Distance: 0.0745 (-40.2528) Angle: 0.0000 (-1.7653) Dihedral: 0.0244 (-13.6140) Anchor: 0.0000 (+0.0000) Morse: 0.0000 (+0.0000) 
max(dx) 0.000745 (new) 0.004932 (old) 0.151038[0m (ratio)
Cnvgd (fev=19) : LSq: 0.0986 (-53.6864) Distance: 0.0743 (-38.6384) Angle: 0.0000 (-1.5048) Dihedral: 0.0243 (-13.5433) Anchor: 0.0000 (+0.0000) Morse: 0.0000 (+0.0000) 
max(dx) 0.000793 (new) 0.004950 (old) 0.160178[0m (ratio)
Cnvgd (fev=19) : LSq: 0.0984 (-51.8604) Distance: 0.0741 (-37.1062) Angle: 0.0000 (-1.2677) Dihedral: 0.0242 (-13.4865) Anchor: 0.0000 (+0.0000) Morse: 0.0000 (+0.0000) 
Working on frame 160 / 285 
max(dx) 0.000840 (new) 0.004970 (old) 0.169065[0m (ratio)
Cnvgd (fev=18) : LSq: 0.0982 (-48.4245) Distance: 0.0740 (-34.2272) Angle: 0.0000 (-0.6987) Dihedral: 0.0242 (-13.4986) Anchor: 0.0000 (+0.0000) Morse: 0.0000 (+0.0000) 
max(dx) 0.000887 (new) 0.005149 (old) 0.172170[0m (ratio)
Cnvgd (fev=18) : LSq: 0.0981 (-44.7661) Distance: 0.0739 (-31.0050) Angle: 0.0000 (-0.2335) Dihedral: 0.0241 (-13.5276) Anchor: 0.0000 (+0.0000) Morse: 0.0000 (+0.0000) 
max(dx) 0.000932 (new) 0.006513 (old) 0.143048[0m (ratio)
Cnvgd (fev=19) : LSq: 0.0980 (-41.6231) Distance: 0.0739 (-28.0455) Angle: 0.0000 (-0.0358) Dihedral: 0.0241 (-13.5418) Anchor: 0.0000 (+0.0000) Morse: 0.0000 (+0.0000) 
max(dx) 0.000976 (new) 0.006719 (old) 0.145231[0m (ratio)
Cnvgd (fev=16) : LSq: 0.0980 (-38.9417) Distance: 0.0739 (-25.3479) Angle: 0.0000 (-0.0506) Dihedral: 0.0241 (-13.5433) Anchor: 0.0000 (+0.0000) Morse: 0.0000 (+0.0000) 
max(dx) 0.001019 (new) 0.006723 (old) 0.151595[0m (ratio)
Cnvgd (fev=16) : LSq: 0.0981 (-36.6701) Distance: 0.0740 (-22.9074) Angle: 0.0000 (-0.2278) Dihedral: 0.0241 (-13.5349) Anchor: 0.0000 (+0.0000) Morse: 0.0000 (+0.0000) 
max(dx) 0.001062 (new) 0.006533 (old) 0.162526[0m (ratio)
Cnvgd (fev=16) : LSq: 0.0982 (-34.9663) Distance: 0.0741 (-20.9958) Angle: 0.0000 (-0.4459) Dihedral: 0.0241 (-13.5246) Anchor: 0.0000 (+0.0000) Morse: 0.0000 (+0.0000) 
max(dx) 0.001106 (new) 0.005405 (old) 0.204611[0m (ratio)
Cnvgd (fev=16) : LSq: 0.0984 (-34.0617) Distance: 0.0742 (-20.0033) Angle: 0.0000 (-0.5385) Dihedral: 0.0241 (-13.5199) Anchor: 0.0000 (+0.0000) Morse: 0.0000 (+0.0000) 
max(dx) 0.001152 (new) 0.005791 (old) 0.198853[0m (ratio)
Cnvgd (fev=16) : LSq: 0.0986 (-33.2192) Distance: 0.0744 (-19.0554) Angle: 0.0000 (-0.6413) Dihedral: 0.0242 (-13.5225) Anchor: 0.0000 (+0.0000) Morse: 0.0000 (+0.0000) 
max(dx) 0.001195 (new) 0.005808 (old) 0.205802[0m (ratio)
Cnvgd (fev=16) : LSq: 0.0990 (-32.4429) Distance: 0.0747 (-18.1559) Angle: 0.0000 (-0.7544) Dihedral: 0.0242 (-13.5326) Anchor: 0.0000 (+0.0000) Morse: 0.0000 (+0.0000) 
max(dx) 0.001236 (new) 0.005825 (old) 0.212259[0m (ratio)
Cnvgd (fev=18) : LSq: 0.0994 (-31.7363) Distance: 0.0750 (-17.3081) Angle: 0.0000 (-0.8780) Dihedral: 0.0243 (-13.5502) Anchor: 0.0000 (+0.0000) Morse: 0.0000 (+0.0000) 
Working on frame 170 / 285 
max(dx) 0.001275 (new) 0.005844 (old) 0.218138[0m (ratio)
Cnvgd (fev=18) : LSq: 0.0998 (-31.1029) Distance: 0.0754 (-16.5153) Angle: 0.0000 (-1.0121) Dihedral: 0.0244 (-13.5755) Anchor: 0.0000 (+0.0000) Morse: 0.0000 (+0.0000) 
max(dx) 0.001310 (new) 0.005864 (old) 0.223361[0m (ratio)
Cnvgd (fev=17) : LSq: 0.1004 (-30.5460) Distance: 0.0758 (-15.7805) Angle: 0.0000 (-1.1569) Dihedral: 0.0246 (-13.6087) Anchor: 0.0000 (+0.0000) Morse: 0.0000 (+0.0000) 
max(dx) 0.001340 (new) 0.005884 (old) 0.227809[0m (ratio)
Cnvgd (fev=19) : LSq: 0.1010 (-30.0687) Distance: 0.0762 (-15.1066) Angle: 0.0000 (-1.3123) Dihedral: 0.0247 (-13.6498) Anchor: 0.0000 (+0.0000) Morse: 0.0000 (+0.0000) 
max(dx) 0.001366 (new) 0.005905 (old) 0.231374[0m (ratio)
Cnvgd (fev=17) : LSq: 0.1016 (-29.2253) Distance: 0.0767 (-13.8101) Angle: 0.0000 (-1.6981) Dihedral: 0.0249 (-13.7171) Anchor: 0.0000 (+0.0000) Morse: 0.0000 (+0.0000) 
max(dx) 0.001387 (new) 0.006127 (old) 0.226369[0m (ratio)
Cnvgd (fev=16) : LSq: 0.1024 (-28.3247) Distance: 0.0773 (-12.2376) Angle: 0.0000 (-2.2796) Dihedral: 0.0251 (-13.8076) Anchor: 0.0000 (+0.0000) Morse: 0.0000 (+0.0000) 
max(dx) 0.001403 (new) 0.006990 (old) 0.200720[0m (ratio)
Cnvgd (fev=15) : LSq: 0.1032 (-27.6583) Distance: 0.0779 (-10.8206) Angle: 0.0000 (-2.9266) Dihedral: 0.0253 (-13.9111) Anchor: 0.0000 (+0.0000) Morse: 0.0000 (+0.0000) 
max(dx) 0.001414 (new) 0.006923 (old) 0.204234[0m (ratio)
Cnvgd (fev=14) : LSq: 0.1041 (-27.2195) Distance: 0.0785 (-9.5700) Angle: 0.0000 (-3.6222) Dihedral: 0.0255 (-14.0274) Anchor: 0.0000 (+0.0000) Morse: 0.0000 (+0.0000) 
max(dx) 0.001417 (new) 0.006931 (old) 0.204439[0m (ratio)
Cnvgd (fev=13) : LSq: 0.1050 (-27.0047) Distance: 0.0793 (-8.4910) Angle: 0.0000 (-4.3573) Dihedral: 0.0257 (-14.1564) Anchor: 0.0000 (+0.0000) Morse: 0.0000 (+0.0000) 
max(dx) 0.001411 (new) 0.006939 (old) 0.203343[0m (ratio)
Cnvgd (fev=13) : LSq: 0.1060 (-26.8696) Distance: 0.0800 (-7.5393) Angle: 0.0000 (-5.0263) Dihedral: 0.0260 (-14.3040) Anchor: 0.0000 (+0.0000) Morse: 0.0000 (+0.0000) 
max(dx) 0.001393 (new) 0.006875 (old) 0.202654[0m (ratio)
Cnvgd (fev=13) : LSq: 0.1071 (-26.4106) Distance: 0.0808 (-6.7300) Angle: 0.0000 (-5.2087) Dihedral: 0.0263 (-14.4719) Anchor: 0.0000 (+0.0000) Morse: 0.0000 (+0.0000) 
Working on frame 180 / 285 
max(dx) 0.001371 (new) 0.006190 (old) 0.221519[0m (ratio)
Cnvgd (fev=13) : LSq: 0.1083 (-25.7581) Distance: 0.0817 (-6.0883) Angle: 0.0000 (-5.0269) Dihedral: 0.0266 (-14.6429) Anchor: 0.0000 (+0.0000) Morse: 0.0000 (+0.0000) 
max(dx) 0.001346 (new) 0.008114 (old) 0.165934[0m (ratio)
Cnvgd (fev=11) : LSq: 0.1095 (-25.2638) Distance: 0.0826 (-5.5927) Angle: 0.0000 (-4.8599) Dihedral: 0.0269 (-14.8111) Anchor: 0.0000 (+0.0000) Morse: 0.0000 (+0.0000) 
max(dx) 0.001304 (new) 0.008111 (old) 0.160798[0m (ratio)
Cnvgd (fev=12) : LSq: 0.1109 (-24.9326) Distance: 0.0836 (-5.2476) Angle: 0.0000 (-4.7088) Dihedral: 0.0272 (-14.9762) Anchor: 0.0000 (+0.0000) Morse: 0.0000 (+0.0000) 
max(dx) 0.001263 (new) 0.008109 (old) 0.155738[0m (ratio)
Cnvgd (fev=12) : LSq: 0.1122 (-24.7688) Distance: 0.0847 (-5.0575) Angle: 0.0000 (-4.5739) Dihedral: 0.0275 (-15.1373) Anchor: 0.0000 (+0.0000) Morse: 0.0000 (+0.0000) 
max(dx) 0.001440 (new) 0.008106 (old) 0.177647[0m (ratio)
Cnvgd (fev=19) : LSq: 0.1185 (-24.7713) Distance: 0.0918 (-5.0209) Angle: 0.0000 (-4.4553) Dihedral: 0.0266 (-15.2952) Anchor: 0.0000 (+0.0000) Morse: 0.0000 (+0.0000) 
max(dx) 0.003292 (new) 0.008104 (old) 0.406285[0m (ratio)
Cnvgd (fev=20) : LSq: 0.1406 (-24.9326) Distance: 0.1156 (-5.1318) Angle: 0.0000 (-4.3526) Dihedral: 0.0250 (-15.4482) Anchor: 0.0000 (+0.0000) Morse: 0.0000 (+0.0000) 
max(dx) 0.004274 (new) 0.008102 (old) 0.527558[0m (ratio)
Cnvgd (fev=19) : LSq: 0.1765 (-24.8221) Distance: 0.1533 (-5.0880) Angle: 0.0000 (-4.1681) Dihedral: 0.0231 (-15.5660) Anchor: 0.0000 (+0.0000) Morse: 0.0000 (+0.0000) 
max(dx) 0.004145 (new) 0.005128 (old) 0.808317[0m (ratio)
Cnvgd (fev=20) : LSq: 0.2161 (-23.9611) Distance: 0.1946 (-4.5443) Angle: 0.0000 (-3.8086) Dihedral: 0.0215 (-15.6082) Anchor: 0.0000 (+0.0000) Morse: 0.0000 (+0.0000) 
max(dx) 0.003500 (new) 0.006188 (old) 0.565575[0m (ratio)
Cnvgd (fev=21) : LSq: 0.2621 (-23.1221) Distance: 0.2424 (-4.0583) Angle: 0.0000 (-3.4467) Dihedral: 0.0197 (-15.6172) Anchor: 0.0000 (+0.0000) Morse: 0.0000 (+0.0000) 
max(dx) 0.003398 (new) 0.006484 (old) 0.524046[0m (ratio)
Cnvgd (fev=21) : LSq: 0.3191 (-22.4299) Distance: 0.3015 (-3.7307) Angle: 0.0000 (-3.1069) Dihedral: 0.0176 (-15.5924) Anchor: 0.0000 (+0.0000) Morse: 0.0000 (+0.0000) 
Working on frame 190 / 285 
max(dx) 0.003602 (new) 0.006490 (old) 0.554976[0m (ratio)
Cnvgd (fev=25) : LSq: 0.3879 (-21.8811) Distance: 0.3728 (-3.5643) Angle: 0.0000 (-2.7920) Dihedral: 0.0151 (-15.5248) Anchor: 0.0000 (+0.0000) Morse: 0.0000 (+0.0000) 
max(dx) 0.003798 (new) 0.006495 (old) 0.584837[0m (ratio)
Cnvgd (fev=29) : LSq: 0.4696 (-21.4684) Distance: 0.4573 (-3.5621) Angle: 0.0000 (-2.5040) Dihedral: 0.0123 (-15.4023) Anchor: 0.0000 (+0.0000) Morse: 0.0000 (+0.0000) 
max(dx) 0.003987 (new) 0.006499 (old) 0.613496[0m (ratio)
Cnvgd (fev=45) : LSq: 0.8297 (-20.9151) Distance: 0.7685 (-3.5148) Angle: 0.0003 (-2.2438) Dihedral: 0.0610 (-15.1565) Anchor: 0.0000 (+0.0000) Morse: 0.0000 (+0.0000) 
jump 2.695191 max(dx) 0.017528, trying anchor = 0.017342 Cnvgd (fev=38) : LSq: 0.8305 (-20.9161) Distance: 0.7681 (-3.5152) Angle: 0.0003 (-2.2438) Dihedral: 0.0608 (-15.1566) Anchor: 0.0014 (-0.0005) Morse: 0.0000 (+0.0000) 
jump 2.691508 max(dx) 0.017504, trying anchor = 0.026012 Cnvgd (fev=38) : LSq: 0.8247 (-20.9243) Distance: 0.7628 (-3.5205) Angle: 0.0003 (-2.2438) Dihedral: 0.0586 (-15.1589) Anchor: 0.0031 (-0.0011) Morse: 0.0000 (+0.0000) 
jump 2.651690 max(dx) 0.017245, trying anchor = 0.039018 Cnvgd (fev=44) : LSq: 0.8327 (-20.9216) Distance: 0.7656 (-3.5177) Angle: 0.0003 (-2.2438) Dihedral: 0.0598 (-15.1576) Anchor: 0.0070 (-0.0025) Morse: 0.0000 (+0.0000) 
jump 2.672397 max(dx) 0.017379, trying anchor = 0.058528 Cnvgd (fev=41) : LSq: 0.8380 (-20.9283) Distance: 0.7632 (-3.5201) Angle: 0.0003 (-2.2438) Dihedral: 0.0588 (-15.1586) Anchor: 0.0157 (-0.0058) Morse: 0.0000 (+0.0000) 
jump 2.650838 max(dx) 0.017239, trying anchor = 0.087791 Cnvgd (fev=46) : LSq: 0.8517 (-20.9416) Distance: 0.7592 (-3.5240) Angle: 0.0003 (-2.2438) Dihedral: 0.0572 (-15.1603) Anchor: 0.0350 (-0.0135) Morse: 0.0000 (+0.0000) 
jump 2.612385 max(dx) 0.016989, trying anchor = 0.131687 Cnvgd (fev=34) : LSq: 0.8729 (-20.9810) Distance: 0.7459 (-3.5373) Angle: 0.0002 (-2.2439) Dihedral: 0.0512 (-15.1662) Anchor: 0.0756 (-0.0336) Morse: 0.0000 (+0.0000) 
jump 2.463136 max(dx) 0.016018, trying anchor = 0.197531 Cnvgd (fev=49) : LSq: 0.9741 (-21.0162) Distance: 0.7487 (-3.5345) Angle: 0.0002 (-2.2438) Dihedral: 0.0571 (-15.1603) Anchor: 0.1680 (-0.0776) Morse: 0.0000 (+0.0000) 
jump 2.589477 max(dx) 0.016840, trying anchor = 0.296296 Cnvgd (fev=42) : LSq: 1.1069 (-21.1905) Distance: 0.7208 (-3.5624) Angle: 0.0002 (-2.2439) Dihedral: 0.0498 (-15.1676) Anchor: 0.3360 (-0.2166) Morse: 0.0000 (+0.0000) 
jump 2.391101 max(dx) 0.015550, trying anchor = 0.444444 Cnvgd (fev=48) : LSq: 1.1134 (-21.8747) Distance: 0.6360 (-3.6472) Angle: 0.0001 (-2.2440) Dihedral: 0.0238 (-15.1936) Anchor: 0.4535 (-0.7898) Morse: 0.0000 (+0.0000) 
xyz: error 1.113351 max(dx) 0.010105 jump 1.5537648160987523 anchor 0.444444
max(dx) 0.010105 (new) 0.006503 (old) 1.553765[0m (ratio)
Cnvgd (fev=40) : LSq: 1.1337 (-20.5373) Distance: 1.0553 (-3.6780) Angle: 0.0005 (-2.0121) Dihedral: 0.0778 (-14.8472) Anchor: 0.0000 (+0.0000) Morse: 0.0000 (+0.0000) 
jump 2.034704 max(dx) 0.013240, trying anchor = 0.296296 Cnvgd (fev=41) : LSq: 1.1645 (-20.6538) Distance: 1.0452 (-3.6881) Angle: 0.0005 (-2.0121) Dihedral: 0.0755 (-14.8495) Anchor: 0.0433 (-0.1041) Morse: 0.0000 (+0.0000) 
xyz: error 1.164500 max(dx) 0.012898 jump 1.9822050758945287 anchor 0.296296
max(dx) 0.012898 (new) 0.006507 (old) 1.982205[0m (ratio)
Cnvgd (fev=46) : LSq: 1.4905 (-20.1975) Distance: 1.4099 (-3.9645) Angle: 0.0006 (-1.8085) Dihedral: 0.0801 (-14.4245) Anchor: 0.0000 (+0.0000) Morse: 0.0000 (+0.0000) 
max(dx) 0.005031 (new) 0.006510 (old) 0.772785[0m (ratio)
Cnvgd (fev=48) : LSq: 1.8618 (-19.7009) Distance: 1.7867 (-4.2550) Angle: 0.0006 (-1.6327) Dihedral: 0.0745 (-13.8131) Anchor: 0.0000 (+0.0000) Morse: 0.0000 (+0.0000) 
max(dx) 0.004618 (new) 0.005739 (old) 0.804724[0m (ratio)
Cnvgd (fev=42) : LSq: 2.3062 (-18.2822) Distance: 2.2162 (-3.5093) Angle: 0.0011 (-1.5361) Dihedral: 0.0890 (-13.2369) Anchor: 0.0000 (+0.0000) Morse: 0.0000 (+0.0000) 
max(dx) 0.008932 (new) 0.005974 (old) 1.495324[0m (ratio)
Cnvgd (fev=38) : LSq: 2.0932 (-17.6593) Distance: 2.0104 (-3.3611) Angle: 0.0013 (-1.4754) Dihedral: 0.0816 (-12.8228) Anchor: 0.0000 (+0.0000) Morse: 0.0000 (+0.0000) 
max(dx) 0.004138 (new) 0.006068 (old) 0.681974[0m (ratio)
Cnvgd (fev=37) : LSq: 1.9188 (-16.9985) Distance: 1.8434 (-3.3290) Angle: 0.0016 (-1.4048) Dihedral: 0.0738 (-12.2647) Anchor: 0.0000 (+0.0000) Morse: 0.0000 (+0.0000) 
max(dx) 0.004212 (new) 0.006080 (old) 0.692775[0m (ratio)
Cnvgd (fev=40) : LSq: 1.8113 (-16.2314) Distance: 1.7422 (-3.3896) Angle: 0.0019 (-1.3251) Dihedral: 0.0671 (-11.5167) Anchor: 0.0000 (+0.0000) Morse: 0.0000 (+0.0000) 
Working on frame 200 / 285 
max(dx) 0.004034 (new) 0.006092 (old) 0.662087[0m (ratio)
Cnvgd (fev=38) : LSq: 1.7632 (-15.3178) Distance: 1.6997 (-3.5536) Angle: 0.0024 (-1.2377) Dihedral: 0.0612 (-10.5265) Anchor: 0.0000 (+0.0000) Morse: 0.0000 (+0.0000) 
max(dx) 0.003854 (new) 0.006105 (old) 0.631377[0m (ratio)
Cnvgd (fev=40) : LSq: 1.8425 (-14.1443) Distance: 1.7810 (-3.7595) Angle: 0.0031 (-1.1446) Dihedral: 0.0584 (-9.2402) Anchor: 0.0000 (+0.0000) Morse: 0.0000 (+0.0000) 
max(dx) 0.004484 (new) 0.006117 (old) 0.733102[0m (ratio)
Cnvgd (fev=38) : LSq: 1.5373 (-13.2092) Distance: 1.4929 (-4.5043) Angle: 0.0026 (-1.0497) Dihedral: 0.0418 (-7.6552) Anchor: 0.0000 (+0.0000) Morse: 0.0000 (+0.0000) 
max(dx) 0.005698 (new) 0.006129 (old) 0.929679[0m (ratio)
Cnvgd (fev=43) : LSq: 1.9676 (-11.4738) Distance: 1.9171 (-4.7103) Angle: 0.0043 (-0.9526) Dihedral: 0.0462 (-5.8109) Anchor: 0.0000 (+0.0000) Morse: 0.0000 (+0.0000) 
max(dx) 0.008025 (new) 0.006141 (old) 1.306732[0m (ratio)
Cnvgd (fev=43) : LSq: 5.2651 (-7.0405) Distance: 5.1287 (-2.3061) Angle: 0.0313 (-0.8333) Dihedral: 0.1050 (-3.9011) Anchor: 0.0000 (+0.0000) Morse: 0.0000 (+0.0000) 
jump 3.966025 max(dx) 0.024405, trying anchor = 0.017342 Cnvgd (fev=39) : LSq: 5.2653 (-7.0404) Distance: 5.1289 (-2.3059) Angle: 0.0314 (-0.8333) Dihedral: 0.1050 (-3.9011) Anchor: 0.0001 (-0.0001) Morse: 0.0000 (+0.0000) 
jump 3.966146 max(dx) 0.024406, trying anchor = 0.026012 Cnvgd (fev=37) : LSq: 5.2657 (-7.0403) Distance: 5.1292 (-2.3057) Angle: 0.0314 (-0.8333) Dihedral: 0.1050 (-3.9011) Anchor: 0.0002 (-0.0002) Morse: 0.0000 (+0.0000) 
jump 3.966309 max(dx) 0.024407, trying anchor = 0.039018 Cnvgd (fev=40) : LSq: 5.2665 (-7.0398) Distance: 5.1297 (-2.3051) Angle: 0.0314 (-0.8332) Dihedral: 0.1050 (-3.9011) Anchor: 0.0003 (-0.0004) Morse: 0.0000 (+0.0000) 
jump 3.966701 max(dx) 0.024409, trying anchor = 0.058528 Cnvgd (fev=39) : LSq: 5.2685 (-7.0387) Distance: 5.1312 (-2.3037) Angle: 0.0315 (-0.8332) Dihedral: 0.1050 (-3.9011) Anchor: 0.0008 (-0.0008) Morse: 0.0000 (+0.0000) 
jump 3.967695 max(dx) 0.024415, trying anchor = 0.087791 Cnvgd (fev=39) : LSq: 5.2735 (-7.0357) Distance: 5.1349 (-2.2999) Angle: 0.0317 (-0.8329) Dihedral: 0.1051 (-3.9010) Anchor: 0.0018 (-0.0018) Morse: 0.0000 (+0.0000) 
jump 3.970321 max(dx) 0.024431, trying anchor = 0.131687 Cnvgd (fev=39) : LSq: 5.2855 (-7.0281) Distance: 5.1440 (-2.2908) Angle: 0.0323 (-0.8324) Dihedral: 0.1052 (-3.9009) Anchor: 0.0040 (-0.0040) Morse: 0.0000 (+0.0000) 
jump 3.976647 max(dx) 0.024470, trying anchor = 0.197531 Cnvgd (fev=35) : LSq: 5.3060 (-7.0176) Distance: 5.1584 (-2.2765) Angle: 0.0332 (-0.8314) Dihedral: 0.1055 (-3.9006) Anchor: 0.0090 (-0.0090) Morse: 0.0000 (+0.0000) 
jump 3.986421 max(dx) 0.024530, trying anchor = 0.296296 Cnvgd (fev=34) : LSq: 5.3269 (-7.0192) Distance: 5.1669 (-2.2680) Angle: 0.0341 (-0.8305) Dihedral: 0.1056 (-3.9005) Anchor: 0.0203 (-0.0202) Morse: 0.0000 (+0.0000) 
jump 3.991279 max(dx) 0.024560, trying anchor = 0.444444 Cnvgd (fev=43) : LSq: 5.3457 (-7.0510) Distance: 5.1602 (-2.2747) Angle: 0.0346 (-0.8300) Dihedral: 0.1055 (-3.9006) Anchor: 0.0454 (-0.0456) Morse: 0.0000 (+0.0000) 
jump 3.983596 max(dx) 0.024513, trying anchor = 0.666667 Cnvgd (fev=40) : LSq: 5.2615 (-7.2491) Distance: 5.0322 (-2.4026) Angle: 0.0290 (-0.8357) Dihedral: 0.1035 (-3.9026) Anchor: 0.0968 (-0.1081) Morse: 0.0000 (+0.0000) 
jump 3.885008 max(dx) 0.023906, trying anchor = 1.000000 Cnvgd (fev=34) : LSq: 5.3651 (-7.4017) Distance: 5.0143 (-2.4206) Angle: 0.0317 (-0.8329) Dihedral: 0.1032 (-3.9029) Anchor: 0.2159 (-0.2453) Morse: 0.0000 (+0.0000) 
jump 3.858510 max(dx) 0.023743, trying anchor = 2.000000 Cnvgd (fev=34) : LSq: 3.8587 (-10.2916) Distance: 3.4567 (-3.9782) Angle: 0.0074 (-0.8573) Dihedral: 0.0753 (-3.9308) Anchor: 0.3193 (-1.5254) Morse: 0.0000 (+0.0000) 
jump 2.389267 max(dx) 0.014702, trying anchor = 3.000000 Cnvgd (fev=34) : LSq: 4.9649 (-11.4912) Distance: 3.8655 (-3.5693) Angle: 0.0158 (-0.8488) Dihedral: 0.0842 (-3.9219) Anchor: 0.9994 (-3.1512) Morse: 0.0000 (+0.0000) 
jump 2.757099 max(dx) 0.016966, trying anchor = 4.000000 Cnvgd (fev=40) : LSq: 5.3202 (-14.3642) Distance: 3.6877 (-3.7471) Angle: 0.0182 (-0.8464) Dihedral: 0.0812 (-3.9249) Anchor: 1.5330 (-5.8458) Morse: 0.0000 (+0.0000) 
jump 2.531826 max(dx) 0.015580, trying anchor = 5.000000 Cnvgd (fev=11) : LSq: 1.8301 (-22.0048) Distance: 1.6706 (-5.7643) Angle: 0.0040 (-0.8606) Dihedral: 0.0368 (-3.9693) Anchor: 0.1187 (-11.4106) Morse: 0.0000 (+0.0000) 
xyz: error 1.830127 max(dx) 0.003528 jump 0.5733662387010059 anchor 5.000000
max(dx) 0.003528 (new) 0.006154 (old) 0.573366[0m (ratio)
Cnvgd (fev=38) : LSq: 6.6812 (-4.9776) Distance: 6.4944 (-1.9292) Angle: 0.0757 (-0.7028) Dihedral: 0.1111 (-2.3456) Anchor: 0.0000 (+0.0000) Morse: 0.0000 (+0.0000) 
jump 5.800473 max(dx) 0.035763, trying anchor = 4.000000 Cnvgd (fev=11) : LSq: 1.5949 (-21.2790) Distance: 1.4469 (-6.9767) Angle: 0.0032 (-0.7753) Dihedral: 0.0290 (-2.4277) Anchor: 0.1158 (-11.0993) Morse: 0.0000 (+0.0000) 
xyz: error 1.594867 max(dx) 0.004062 jump 0.6587440006534845 anchor 4.000000
max(dx) 0.004062 (new) 0.006166 (old) 0.658744[0m (ratio)
Cnvgd (fev=34) : LSq: 7.7976 (-3.8929) Distance: 7.6058 (-1.9917) Angle: 0.0809 (-0.6204) Dihedral: 0.1108 (-1.2808) Anchor: 0.0000 (+0.0000) Morse: 0.0000 (+0.0000) 
jump 7.425438 max(dx) 0.045871, trying anchor = 3.000000 Cnvgd (fev=10) : LSq: 1.3691 (-19.6013) Distance: 1.2270 (-8.3705) Angle: 0.0020 (-0.6993) Dihedral: 0.0235 (-1.3682) Anchor: 0.1167 (-9.1632) Morse: 0.0000 (+0.0000) 
xyz: error 1.369123 max(dx) 0.004604 jump 0.7452747476202758 anchor 3.000000
max(dx) 0.004604 (new) 0.006177 (old) 0.745275[0m (ratio)
Cnvgd (fev=31) : LSq: 8.9639 (-3.3793) Distance: 8.7918 (-2.2665) Angle: 0.0627 (-0.5433) Dihedral: 0.1094 (-0.5695) Anchor: 0.0000 (+0.0000) Morse: 0.0000 (+0.0000) 
jump 8.767412 max(dx) 0.055950, trying anchor = 2.000000 Cnvgd (fev=34) : LSq: 12.1617 (-6.0874) Distance: 7.9732 (-3.0852) Angle: 0.0551 (-0.5509) Dihedral: 0.1031 (-0.5757) Anchor: 4.0303 (-1.8755) Morse: 0.0000 (+0.0000) 
jump 8.203173 max(dx) 0.052349, trying anchor = 3.000000 Cnvgd (fev= 9) : LSq: 1.2019 (-24.4294) Distance: 1.0948 (-9.9636) Angle: 0.0014 (-0.6046) Dihedral: 0.0217 (-0.6571) Anchor: 0.0840 (-13.2041) Morse: 0.0000 (+0.0000) 
xyz: error 1.201878 max(dx) 0.003751 jump 0.587816174903947 anchor 3.000000
max(dx) 0.003751 (new) 0.006382 (old) 0.587816[0m (ratio)
Cnvgd (fev=37) : LSq: 8.8768 (-3.4615) Distance: 8.7317 (-2.5280) Angle: 0.0358 (-0.5053) Dihedral: 0.1093 (-0.4282) Anchor: 0.0000 (+0.0000) Morse: 0.0000 (+0.0000) 
jump 9.007068 max(dx) 0.058814, trying anchor = 2.000000 Cnvgd (fev= 9) : LSq: 0.9782 (-18.0507) Distance: 0.8573 (-10.4024) Angle: 0.0005 (-0.5406) Dihedral: 0.0240 (-0.5135) Anchor: 0.0963 (-6.5943) Morse: 0.0000 (+0.0000) 
xyz: error 0.978183 max(dx) 0.005849 jump 0.8956994964861305 anchor 2.000000
max(dx) 0.005849 (new) 0.006530 (old) 0.895699[0m (ratio)
Cnvgd (fev=41) : LSq: 7.8147 (-4.4053) Distance: 7.7050 (-3.5332) Angle: 0.0098 (-0.4792) Dihedral: 0.0999 (-0.3929) Anchor: 0.0000 (+0.0000) Morse: 0.0000 (+0.0000) 
jump 7.477083 max(dx) 0.057862, trying anchor = 1.000000 Cnvgd (fev=10) : LSq: 0.6889 (-13.4670) Distance: 0.5839 (-10.6542) Angle: 0.0001 (-0.4889) Dihedral: 0.0241 (-0.4687) Anchor: 0.0807 (-1.8552) Morse: 0.0000 (+0.0000) 
xyz: error 0.688853 max(dx) 0.008959 jump 1.1576603737870845 anchor 1.000000
Working on frame 210 / 285 
max(dx) 0.008959 (new) 0.007739 (old) 1.157660[0m (ratio)
Cnvgd (fev=23) : LSq: 0.3685 (-11.8340) Distance: 0.3420 (-10.9582) Angle: 0.0000 (-0.4392) Dihedral: 0.0265 (-0.4366) Anchor: 0.0000 (+0.0000) Morse: 0.0000 (+0.0000) 
max(dx) 0.010031 (new) 0.007739 (old) 1.296192[0m (ratio)
Cnvgd (fev=22) : LSq: 0.3369 (-11.9452) Distance: 0.3078 (-11.1382) Angle: 0.0000 (-0.3916) Dihedral: 0.0291 (-0.4154) Anchor: 0.0000 (+0.0000) Morse: 0.0000 (+0.0000) 
max(dx) 0.001757 (new) 0.007740 (old) 0.227019[0m (ratio)
Cnvgd (fev=21) : LSq: 0.3088 (-12.1478) Distance: 0.2773 (-11.3989) Angle: 0.0000 (-0.3462) Dihedral: 0.0315 (-0.4028) Anchor: 0.0000 (+0.0000) Morse: 0.0000 (+0.0000) 
max(dx) 0.001770 (new) 0.007741 (old) 0.228700[0m (ratio)
Cnvgd (fev=21) : LSq: 0.2843 (-12.4412) Distance: 0.2504 (-11.7413) Angle: 0.0001 (-0.3031) Dihedral: 0.0338 (-0.3968) Anchor: 0.0000 (+0.0000) Morse: 0.0000 (+0.0000) 
max(dx) 0.001783 (new) 0.007741 (old) 0.230271[0m (ratio)
Cnvgd (fev=21) : LSq: 0.2632 (-12.8259) Distance: 0.2273 (-12.1672) Angle: 0.0001 (-0.2626) Dihedral: 0.0358 (-0.3961) Anchor: 0.0000 (+0.0000) Morse: 0.0000 (+0.0000) 
max(dx) 0.001795 (new) 0.007743 (old) 0.231784[0m (ratio)
Cnvgd (fev=22) : LSq: 0.2685 (-11.7557) Distance: 0.2323 (-11.2162) Angle: 0.0001 (-0.1653) Dihedral: 0.0361 (-0.3742) Anchor: 0.0000 (+0.0000) Morse: 0.0000 (+0.0000) 
max(dx) 0.002138 (new) 0.006028 (old) 0.354629[0m (ratio)
Cnvgd (fev=23) : LSq: 0.2938 (-10.0828) Distance: 0.2585 (-9.6116) Angle: 0.0001 (-0.0951) Dihedral: 0.0352 (-0.3761) Anchor: 0.0000 (+0.0000) Morse: 0.0000 (+0.0000) 
max(dx) 0.002508 (new) 0.007474 (old) 0.335604[0m (ratio)
Cnvgd (fev=22) : LSq: 0.3220 (-8.6434) Distance: 0.2877 (-8.2171) Angle: 0.0001 (-0.0477) Dihedral: 0.0342 (-0.3787) Anchor: 0.0000 (+0.0000) Morse: 0.0000 (+0.0000) 
max(dx) 0.002552 (new) 0.007479 (old) 0.341197[0m (ratio)
Cnvgd (fev=22) : LSq: 0.3530 (-7.4294) Distance: 0.3199 (-7.0289) Angle: 0.0001 (-0.0191) Dihedral: 0.0330 (-0.3814) Anchor: 0.0000 (+0.0000) Morse: 0.0000 (+0.0000) 
max(dx) 0.002597 (new) 0.007483 (old) 0.346993[0m (ratio)
Cnvgd (fev=22) : LSq: 0.3868 (-6.4329) Distance: 0.3551 (-6.0435) Angle: 0.0001 (-0.0055) Dihedral: 0.0316 (-0.3839) Anchor: 0.0000 (+0.0000) Morse: 0.0000 (+0.0000) 
Working on frame 220 / 285 
max(dx) 0.002640 (new) 0.007488 (old) 0.352601[0m (ratio)
Cnvgd (fev=21) : LSq: 0.4064 (-5.3451) Distance: 0.3753 (-4.9555) Angle: 0.0001 (-0.0011) Dihedral: 0.0311 (-0.3885) Anchor: 0.0000 (+0.0000) Morse: 0.0000 (+0.0000) 
max(dx) 0.002392 (new) 0.007369 (old) 0.324603[0m (ratio)
Cnvgd (fev=21) : LSq: 0.4045 (-4.3541) Distance: 0.3725 (-3.9296) Angle: 0.0001 (-0.0248) Dihedral: 0.0319 (-0.3996) Anchor: 0.0000 (+0.0000) Morse: 0.0000 (+0.0000) 
max(dx) 0.002067 (new) 0.007862 (old) 0.262863[0m (ratio)
Cnvgd (fev=21) : LSq: 0.4024 (-3.6004) Distance: 0.3696 (-3.1210) Angle: 0.0001 (-0.0753) Dihedral: 0.0326 (-0.4042) Anchor: 0.0000 (+0.0000) Morse: 0.0000 (+0.0000) 
max(dx) 0.002068 (new) 0.007873 (old) 0.262685[0m (ratio)
Cnvgd (fev=21) : LSq: 0.4005 (-3.0681) Distance: 0.3669 (-2.5237) Angle: 0.0001 (-0.1417) Dihedral: 0.0334 (-0.4027) Anchor: 0.0000 (+0.0000) Morse: 0.0000 (+0.0000) 
max(dx) 0.002077 (new) 0.007875 (old) 0.263685[0m (ratio)
Cnvgd (fev=20) : LSq: 0.3988 (-2.7417) Distance: 0.3645 (-2.1311) Angle: 0.0001 (-0.2146) Dihedral: 0.0341 (-0.3961) Anchor: 0.0000 (+0.0000) Morse: 0.0000 (+0.0000) 
max(dx) 0.002083 (new) 0.007877 (old) 0.264486[0m (ratio)
Cnvgd (fev=22) : LSq: 0.3973 (-2.6091) Distance: 0.3623 (-1.9374) Angle: 0.0002 (-0.2867) Dihedral: 0.0348 (-0.3849) Anchor: 0.0000 (+0.0000) Morse: 0.0000 (+0.0000) 
max(dx) 0.002091 (new) 0.007880 (old) 0.265392[0m (ratio)
Cnvgd (fev=24) : LSq: 0.3960 (-2.6610) Distance: 0.3603 (-1.9377) Angle: 0.0002 (-0.3534) Dihedral: 0.0355 (-0.3700) Anchor: 0.0000 (+0.0000) Morse: 0.0000 (+0.0000) 
max(dx) 0.002099 (new) 0.007882 (old) 0.266273[0m (ratio)
Cnvgd (fev=24) : LSq: 0.3949 (-2.8922) Distance: 0.3586 (-2.1278) Angle: 0.0002 (-0.4122) Dihedral: 0.0361 (-0.3522) Anchor: 0.0000 (+0.0000) Morse: 0.0000 (+0.0000) 
max(dx) 0.002107 (new) 0.007884 (old) 0.267274[0m (ratio)
Cnvgd (fev=24) : LSq: 0.3940 (-3.3003) Distance: 0.3571 (-2.5046) Angle: 0.0002 (-0.4636) Dihedral: 0.0367 (-0.3321) Anchor: 0.0000 (+0.0000) Morse: 0.0000 (+0.0000) 
max(dx) 0.002115 (new) 0.007886 (old) 0.268198[0m (ratio)
Cnvgd (fev=26) : LSq: 0.3937 (-3.8783) Distance: 0.3563 (-3.0647) Angle: 0.0002 (-0.5036) Dihedral: 0.0372 (-0.3100) Anchor: 0.0000 (+0.0000) Morse: 0.0000 (+0.0000) 
Working on frame 230 / 285 
max(dx) 0.002129 (new) 0.007863 (old) 0.270825[0m (ratio)
Cnvgd (fev=22) : LSq: 0.3929 (-3.2332) Distance: 0.3550 (-2.4228) Angle: 0.0002 (-0.3998) Dihedral: 0.0377 (-0.4107) Anchor: 0.0000 (+0.0000) Morse: 0.0000 (+0.0000) 
max(dx) 0.002125 (new) 0.006299 (old) 0.337317[0m (ratio)
Cnvgd (fev=25) : LSq: 0.3923 (-2.7428) Distance: 0.3539 (-1.9221) Angle: 0.0003 (-0.2893) Dihedral: 0.0381 (-0.5314) Anchor: 0.0000 (+0.0000) Morse: 0.0000 (+0.0000) 
max(dx) 0.002128 (new) 0.007363 (old) 0.288978[0m (ratio)
Cnvgd (fev=24) : LSq: 0.3918 (-2.5142) Distance: 0.3531 (-1.6697) Angle: 0.0003 (-0.1870) Dihedral: 0.0385 (-0.6575) Anchor: 0.0000 (+0.0000) Morse: 0.0000 (+0.0000) 
max(dx) 0.002132 (new) 0.007361 (old) 0.289681[0m (ratio)
Cnvgd (fev=24) : LSq: 0.3915 (-2.5486) Distance: 0.3525 (-1.6672) Angle: 0.0003 (-0.0996) Dihedral: 0.0387 (-0.7819) Anchor: 0.0000 (+0.0000) Morse: 0.0000 (+0.0000) 
max(dx) 0.002137 (new) 0.007360 (old) 0.290311[0m (ratio)
Cnvgd (fev=23) : LSq: 0.3839 (-2.6592) Distance: 0.3443 (-1.7736) Angle: 0.0003 (-0.1054) Dihedral: 0.0392 (-0.7802) Anchor: 0.0000 (+0.0000) Morse: 0.0000 (+0.0000) 
max(dx) 0.002059 (new) 0.006420 (old) 0.320726[0m (ratio)
Cnvgd (fev=25) : LSq: 0.3722 (-2.8991) Distance: 0.3323 (-1.9946) Angle: 0.0004 (-0.1988) Dihedral: 0.0396 (-0.7057) Anchor: 0.0000 (+0.0000) Morse: 0.0000 (+0.0000) 
max(dx) 0.002043 (new) 0.007463 (old) 0.273694[0m (ratio)
Cnvgd (fev=23) : LSq: 0.3614 (-3.3107) Distance: 0.3212 (-2.2994) Angle: 0.0004 (-0.3404) Dihedral: 0.0398 (-0.6708) Anchor: 0.0000 (+0.0000) Morse: 0.0000 (+0.0000) 
max(dx) 0.002087 (new) 0.006925 (old) 0.301364[0m (ratio)
Cnvgd (fev=26) : LSq: 0.3513 (-3.6715) Distance: 0.3111 (-2.4605) Angle: 0.0004 (-0.5422) Dihedral: 0.0398 (-0.6689) Anchor: 0.0000 (+0.0000) Morse: 0.0000 (+0.0000) 
max(dx) 0.002127 (new) 0.007303 (old) 0.291226[0m (ratio)
Cnvgd (fev=26) : LSq: 0.3421 (-4.0585) Distance: 0.3021 (-2.6426) Angle: 0.0005 (-0.7649) Dihedral: 0.0395 (-0.6510) Anchor: 0.0000 (+0.0000) Morse: 0.0000 (+0.0000) 
max(dx) 0.002168 (new) 0.007241 (old) 0.299437[0m (ratio)
Cnvgd (fev=28) : LSq: 0.3335 (-4.5029) Distance: 0.2941 (-2.8996) Angle: 0.0005 (-0.9887) Dihedral: 0.0390 (-0.6146) Anchor: 0.0000 (+0.0000) Morse: 0.0000 (+0.0000) 
Working on frame 240 / 285 
max(dx) 0.002209 (new) 0.007242 (old) 0.305045[0m (ratio)
Cnvgd (fev=27) : LSq: 0.3272 (-4.9230) Distance: 0.2884 (-3.1630) Angle: 0.0006 (-1.1804) Dihedral: 0.0382 (-0.5796) Anchor: 0.0000 (+0.0000) Morse: 0.0000 (+0.0000) 
max(dx) 0.002256 (new) 0.007139 (old) 0.316075[0m (ratio)
Cnvgd (fev=29) : LSq: 0.3255 (-5.1734) Distance: 0.2875 (-3.2888) Angle: 0.0006 (-1.3083) Dihedral: 0.0374 (-0.5763) Anchor: 0.0000 (+0.0000) Morse: 0.0000 (+0.0000) 
max(dx) 0.002300 (new) 0.006771 (old) 0.339712[0m (ratio)
Cnvgd (fev=29) : LSq: 0.3274 (-5.3039) Distance: 0.2903 (-3.3090) Angle: 0.0006 (-1.3948) Dihedral: 0.0365 (-0.6001) Anchor: 0.0000 (+0.0000) Morse: 0.0000 (+0.0000) 
max(dx) 0.002323 (new) 0.006440 (old) 0.360665[0m (ratio)
Cnvgd (fev=29) : LSq: 0.3299 (-5.4494) Distance: 0.2937 (-3.3627) Angle: 0.0007 (-1.4671) Dihedral: 0.0355 (-0.6196) Anchor: 0.0000 (+0.0000) Morse: 0.0000 (+0.0000) 
max(dx) 0.002327 (new) 0.006387 (old) 0.364327[0m (ratio)
Cnvgd (fev=29) : LSq: 0.3344 (-5.4679) Distance: 0.2991 (-3.3510) Angle: 0.0007 (-1.4803) Dihedral: 0.0345 (-0.6366) Anchor: 0.0000 (+0.0000) Morse: 0.0000 (+0.0000) 
max(dx) 0.002329 (new) 0.006091 (old) 0.382421[0m (ratio)
Cnvgd (fev=30) : LSq: 0.3418 (-5.3231) Distance: 0.3074 (-3.2488) Angle: 0.0008 (-1.4217) Dihedral: 0.0336 (-0.6526) Anchor: 0.0000 (+0.0000) Morse: 0.0000 (+0.0000) 
max(dx) 0.002326 (new) 0.005665 (old) 0.410558[0m (ratio)
Cnvgd (fev=35) : LSq: 0.3502 (-5.2421) Distance: 0.3167 (-3.2136) Angle: 0.0008 (-1.3615) Dihedral: 0.0327 (-0.6670) Anchor: 0.0000 (+0.0000) Morse: 0.0000 (+0.0000) 
max(dx) 0.002314 (new) 0.005666 (old) 0.408323[0m (ratio)
Cnvgd (fev=35) : LSq: 0.3597 (-5.2235) Distance: 0.3271 (-3.2438) Angle: 0.0009 (-1.3001) Dihedral: 0.0318 (-0.6796) Anchor: 0.0000 (+0.0000) Morse: 0.0000 (+0.0000) 
max(dx) 0.002302 (new) 0.005667 (old) 0.406146[0m (ratio)
Cnvgd (fev=35) : LSq: 0.3703 (-5.2661) Distance: 0.3386 (-3.3377) Angle: 0.0009 (-1.2376) Dihedral: 0.0308 (-0.6907) Anchor: 0.0000 (+0.0000) Morse: 0.0000 (+0.0000) 
max(dx) 0.002289 (new) 0.005668 (old) 0.403856[0m (ratio)
Cnvgd (fev=35) : LSq: 0.3822 (-5.3689) Distance: 0.3514 (-3.4943) Angle: 0.0010 (-1.1742) Dihedral: 0.0298 (-0.7004) Anchor: 0.0000 (+0.0000) Morse: 0.0000 (+0.0000) 
Working on frame 250 / 285 
max(dx) 0.002295 (new) 0.005669 (old) 0.404734[0m (ratio)
Cnvgd (fev=33) : LSq: 0.3955 (-5.5313) Distance: 0.3656 (-3.7123) Angle: 0.0010 (-1.1102) Dihedral: 0.0289 (-0.7087) Anchor: 0.0000 (+0.0000) Morse: 0.0000 (+0.0000) 
max(dx) 0.002322 (new) 0.005670 (old) 0.409470[0m (ratio)
Cnvgd (fev=32) : LSq: 0.4103 (-5.7527) Distance: 0.3814 (-3.9909) Angle: 0.0010 (-1.0459) Dihedral: 0.0279 (-0.7159) Anchor: 0.0000 (+0.0000) Morse: 0.0000 (+0.0000) 
max(dx) 0.002349 (new) 0.005671 (old) 0.414155[0m (ratio)
Cnvgd (fev=33) : LSq: 0.4268 (-6.0330) Distance: 0.3988 (-4.3294) Angle: 0.0011 (-0.9815) Dihedral: 0.0270 (-0.7220) Anchor: 0.0000 (+0.0000) Morse: 0.0000 (+0.0000) 
max(dx) 0.002375 (new) 0.005672 (old) 0.418711[0m (ratio)
Cnvgd (fev=31) : LSq: 0.4452 (-6.3720) Distance: 0.4180 (-4.7274) Angle: 0.0011 (-0.9174) Dihedral: 0.0260 (-0.7272) Anchor: 0.0000 (+0.0000) Morse: 0.0000 (+0.0000) 
max(dx) 0.002401 (new) 0.005673 (old) 0.423237[0m (ratio)
Cnvgd (fev=26) : LSq: 0.4656 (-6.7700) Distance: 0.4392 (-5.1846) Angle: 0.0012 (-0.8539) Dihedral: 0.0252 (-0.7316) Anchor: 0.0000 (+0.0000) Morse: 0.0000 (+0.0000) 
max(dx) 0.002427 (new) 0.005674 (old) 0.427628[0m (ratio)
Cnvgd (fev=28) : LSq: 0.4854 (-7.1853) Distance: 0.4600 (-5.6555) Angle: 0.0012 (-0.7932) Dihedral: 0.0241 (-0.7367) Anchor: 0.0000 (+0.0000) Morse: 0.0000 (+0.0000) 
max(dx) 0.002482 (new) 0.005466 (old) 0.454036[0m (ratio)
Cnvgd (fev=41) : LSq: 0.4124 (-6.1056) Distance: 0.3956 (-4.5079) Angle: 0.0016 (-0.8047) Dihedral: 0.0152 (-0.7930) Anchor: 0.0000 (+0.0000) Morse: 0.0000 (+0.0000) 
max(dx) 0.006307 (new) 0.007204 (old) 0.875509[0m (ratio)
Cnvgd (fev=82) : LSq: 0.3506 (-5.1822) Distance: 0.3458 (-3.5248) Angle: 0.0021 (-0.8026) Dihedral: 0.0027 (-0.8547) Anchor: 0.0000 (+0.0000) Morse: 0.0000 (+0.0000) 
max(dx) 0.010554 (new) 0.007328 (old) 1.440218[0m (ratio)
Cnvgd (fev=74) : LSq: 0.2897 (-4.5801) Distance: 0.2853 (-2.9124) Angle: 0.0019 (-0.7760) Dihedral: 0.0025 (-0.8917) Anchor: 0.0000 (+0.0000) Morse: 0.0000 (+0.0000) 
jump 2.218257 max(dx) 0.015993, trying anchor = 0.017342 Cnvgd (fev=76) : LSq: 0.2898 (-4.5812) Distance: 0.2853 (-2.9123) Angle: 0.0019 (-0.7760) Dihedral: 0.0025 (-0.8917) Anchor: 0.0001 (-0.0011) Morse: 0.0000 (+0.0000) 
jump 2.201443 max(dx) 0.015871, trying anchor = 0.026012 Cnvgd (fev=78) : LSq: 0.2898 (-4.5827) Distance: 0.2853 (-2.9123) Angle: 0.0019 (-0.7760) Dihedral: 0.0024 (-0.8918) Anchor: 0.0001 (-0.0026) Morse: 0.0000 (+0.0000) 
jump 2.181418 max(dx) 0.015727, trying anchor = 0.039018 Cnvgd (fev=87) : LSq: 0.2900 (-4.5859) Distance: 0.2854 (-2.9122) Angle: 0.0019 (-0.7760) Dihedral: 0.0023 (-0.8919) Anchor: 0.0003 (-0.0058) Morse: 0.0000 (+0.0000) 
jump 2.137803 max(dx) 0.015413, trying anchor = 0.058528 Cnvgd (fev=62) : LSq: 0.2903 (-4.5931) Distance: 0.2857 (-2.9120) Angle: 0.0020 (-0.7760) Dihedral: 0.0021 (-0.8921) Anchor: 0.0005 (-0.0131) Morse: 0.0000 (+0.0000) 
jump 2.048571 max(dx) 0.014769, trying anchor = 0.087791 Cnvgd (fev=45) : LSq: 0.2909 (-4.6096) Distance: 0.2862 (-2.9114) Angle: 0.0020 (-0.7759) Dihedral: 0.0018 (-0.8925) Anchor: 0.0009 (-0.0298) Morse: 0.0000 (+0.0000) 
xyz: error 0.290856 max(dx) 0.013625 jump 1.889837403394093 anchor 0.087791
max(dx) 0.013625 (new) 0.007210 (old) 1.889837[0m (ratio)
Cnvgd (fev=54) : LSq: 0.2556 (-4.6743) Distance: 0.2500 (-3.0912) Angle: 0.0017 (-0.7133) Dihedral: 0.0039 (-0.8698) Anchor: 0.0000 (+0.0000) Morse: 0.0000 (+0.0000) 
Working on frame 260 / 285 
max(dx) 0.008431 (new) 0.007914 (old) 1.065317[0m (ratio)
Cnvgd (fev=43) : LSq: 0.2316 (-4.7427) Distance: 0.2256 (-3.2936) Angle: 0.0015 (-0.6169) Dihedral: 0.0045 (-0.8322) Anchor: 0.0000 (+0.0000) Morse: 0.0000 (+0.0000) 
max(dx) 0.004780 (new) 0.007890 (old) 0.605841[0m (ratio)
Cnvgd (fev=35) : LSq: 0.2133 (-4.7741) Distance: 0.2071 (-3.4742) Angle: 0.0014 (-0.5128) Dihedral: 0.0048 (-0.7870) Anchor: 0.0000 (+0.0000) Morse: 0.0000 (+0.0000) 
max(dx) 0.004252 (new) 0.007348 (old) 0.578622[0m (ratio)
Cnvgd (fev=33) : LSq: 0.1965 (-4.8436) Distance: 0.1904 (-3.6763) Angle: 0.0012 (-0.4240) Dihedral: 0.0049 (-0.7433) Anchor: 0.0000 (+0.0000) Morse: 0.0000 (+0.0000) 
max(dx) 0.004006 (new) 0.007285 (old) 0.549884[0m (ratio)
Cnvgd (fev=33) : LSq: 0.1854 (-5.0963) Distance: 0.1797 (-3.9771) Angle: 0.0011 (-0.4075) Dihedral: 0.0046 (-0.7117) Anchor: 0.0000 (+0.0000) Morse: 0.0000 (+0.0000) 
max(dx) 0.003691 (new) 0.007001 (old) 0.527142[0m (ratio)
Cnvgd (fev=30) : LSq: 0.1756 (-5.4463) Distance: 0.1703 (-4.3339) Angle: 0.0010 (-0.4269) Dihedral: 0.0042 (-0.6855) Anchor: 0.0000 (+0.0000) Morse: 0.0000 (+0.0000) 
max(dx) 0.003545 (new) 0.007485 (old) 0.473659[0m (ratio)
Cnvgd (fev=28) : LSq: 0.1618 (-5.7128) Distance: 0.1570 (-4.5740) Angle: 0.0009 (-0.4743) Dihedral: 0.0039 (-0.6645) Anchor: 0.0000 (+0.0000) Morse: 0.0000 (+0.0000) 
max(dx) 0.003583 (new) 0.007819 (old) 0.458227[0m (ratio)
Cnvgd (fev=27) : LSq: 0.1479 (-5.9616) Distance: 0.1435 (-4.7745) Angle: 0.0008 (-0.5385) Dihedral: 0.0035 (-0.6486) Anchor: 0.0000 (+0.0000) Morse: 0.0000 (+0.0000) 
max(dx) 0.003529 (new) 0.007940 (old) 0.444413[0m (ratio)
Cnvgd (fev=22) : LSq: 0.1352 (-6.2260) Distance: 0.1313 (-4.9690) Angle: 0.0007 (-0.6201) Dihedral: 0.0032 (-0.6369) Anchor: 0.0000 (+0.0000) Morse: 0.0000 (+0.0000) 
max(dx) 0.003515 (new) 0.008022 (old) 0.438218[0m (ratio)
Cnvgd (fev=22) : LSq: 0.1210 (-6.4222) Distance: 0.1176 (-5.1013) Angle: 0.0006 (-0.6935) Dihedral: 0.0028 (-0.6274) Anchor: 0.0000 (+0.0000) Morse: 0.0000 (+0.0000) 
max(dx) 0.003635 (new) 0.007665 (old) 0.474227[0m (ratio)
Cnvgd (fev=21) : LSq: 0.1062 (-5.8737) Distance: 0.1031 (-4.6842) Angle: 0.0005 (-0.5992) Dihedral: 0.0026 (-0.5903) Anchor: 0.0000 (+0.0000) Morse: 0.0000 (+0.0000) 
Working on frame 270 / 285 
max(dx) 0.003771 (new) 0.007009 (old) 0.538055[0m (ratio)
Cnvgd (fev=22) : LSq: 0.0929 (-5.5860) Distance: 0.0902 (-4.5704) Angle: 0.0004 (-0.4606) Dihedral: 0.0022 (-0.5550) Anchor: 0.0000 (+0.0000) Morse: 0.0000 (+0.0000) 
max(dx) 0.003824 (new) 0.006781 (old) 0.563973[0m (ratio)
Cnvgd (fev=21) : LSq: 0.0839 (-5.2623) Distance: 0.0817 (-4.5040) Angle: 0.0004 (-0.2788) Dihedral: 0.0018 (-0.4796) Anchor: 0.0000 (+0.0000) Morse: 0.0000 (+0.0000) 
max(dx) 0.003627 (new) 0.006273 (old) 0.578287[0m (ratio)
Cnvgd (fev=25) : LSq: 0.0731 (-5.1186) Distance: 0.0713 (-4.4530) Angle: 0.0003 (-0.2393) Dihedral: 0.0015 (-0.4262) Anchor: 0.0000 (+0.0000) Morse: 0.0000 (+0.0000) 
max(dx) 0.003863 (new) 0.006311 (old) 0.612048[0m (ratio)
Cnvgd (fev=22) : LSq: 0.0623 (-4.7196) Distance: 0.0608 (-4.1526) Angle: 0.0003 (-0.2140) Dihedral: 0.0012 (-0.3530) Anchor: 0.0000 (+0.0000) Morse: 0.0000 (+0.0000) 
max(dx) 0.003972 (new) 0.006475 (old) 0.613447[0m (ratio)
Cnvgd (fev=23) : LSq: 0.0528 (-4.0158) Distance: 0.0516 (-3.5623) Angle: 0.0002 (-0.1827) Dihedral: 0.0009 (-0.2708) Anchor: 0.0000 (+0.0000) Morse: 0.0000 (+0.0000) 
max(dx) 0.003984 (new) 0.006935 (old) 0.574491[0m (ratio)
Cnvgd (fev=18) : LSq: 0.0432 (-3.0550) Distance: 0.0423 (-2.6674) Angle: 0.0002 (-0.1399) Dihedral: 0.0007 (-0.2478) Anchor: 0.0000 (+0.0000) Morse: 0.0000 (+0.0000) 
max(dx) 0.004088 (new) 0.007421 (old) 0.550954[0m (ratio)
Cnvgd (fev=24) : LSq: 0.0342 (-2.3821) Distance: 0.0335 (-1.9996) Angle: 0.0001 (-0.1209) Dihedral: 0.0006 (-0.2615) Anchor: 0.0000 (+0.0000) Morse: 0.0000 (+0.0000) 
max(dx) 0.004137 (new) 0.007375 (old) 0.560998[0m (ratio)
Cnvgd (fev=19) : LSq: 0.0260 (-1.9744) Distance: 0.0255 (-1.5726) Angle: 0.0001 (-0.1310) Dihedral: 0.0004 (-0.2708) Anchor: 0.0000 (+0.0000) Morse: 0.0000 (+0.0000) 
max(dx) 0.004157 (new) 0.006069 (old) 0.684955[0m (ratio)
Cnvgd (fev=19) : LSq: 0.0206 (-1.6490) Distance: 0.0203 (-1.3341) Angle: 0.0001 (-0.1249) Dihedral: 0.0003 (-0.1900) Anchor: 0.0000 (+0.0000) Morse: 0.0000 (+0.0000) 
max(dx) 0.003972 (new) 0.005933 (old) 0.669423[0m (ratio)
Cnvgd (fev=23) : LSq: 0.0137 (-0.8988) Distance: 0.0135 (-0.8054) Angle: 0.0000 (-0.0483) Dihedral: 0.0002 (-0.0450) Anchor: 0.0000 (+0.0000) Morse: 0.0000 (+0.0000) 
Working on frame 280 / 285 
max(dx) 0.004528 (new) 0.006544 (old) 0.691874[0m (ratio)
Cnvgd (fev=20) : LSq: 0.0088 (-0.6210) Distance: 0.0087 (-0.5678) Angle: 0.0000 (-0.0431) Dihedral: 0.0001 (-0.0101) Anchor: 0.0000 (+0.0000) Morse: 0.0000 (+0.0000) 
max(dx) 0.004228 (new) 0.006690 (old) 0.632014[0m (ratio)
Cnvgd (fev=19) : LSq: 0.0039 (-0.2989) Distance: 0.0039 (-0.2696) Angle: 0.0000 (-0.0225) Dihedral: 0.0000 (-0.0068) Anchor: 0.0000 (+0.0000) Morse: 0.0000 (+0.0000) 
max(dx) 0.004912 (new) 0.007490 (old) 0.655819[0m (ratio)
Cnvgd (fev=20) : LSq: 0.0010 (-0.0475) Distance: 0.0010 (-0.0358) Angle: 0.0000 (-0.0084) Dihedral: 0.0000 (-0.0033) Anchor: 0.0000 (+0.0000) Morse: 0.0000 (+0.0000) 
max(dx) 0.004646 (new) 0.007008 (old) 0.662943[0m (ratio)
Cnvgd (fev= 2) :/home/heejune/miniconda3/envs/p4env/lib/python3.7/site-packages/nebterpolator/core/internal_derivs.py:214: RuntimeWarning: divide by zero encountered in true_divide
  term1 = np.cross(u, w) / (u_norm * (1 - np.dot(u, w)**2))
/home/heejune/miniconda3/envs/p4env/lib/python3.7/site-packages/nebterpolator/core/internal_derivs.py:216: RuntimeWarning: divide by zero encountered in true_divide
  term3 = np.cross(u, w) * np.dot(u, w) / (w_norm * (1 - np.dot(u, w)**2))
 LSq: 0.0000 (+0.0000) Distance: 0.0000 (+0.0000) Angle: 0.0000 (+0.0000) Dihedral: 0.0000 (+0.0000) Anchor: 0.0000 (+0.0000) 
max(dx) 0.004468 (new) 0.005580 (old) 0.800738[0m (ratio)
[92mFinished (forward)[0m
Saving output to ./H2O_proton/160-180/NEB_ready_H2O_proton_160-180.xyz
