/home/hpark21/miniconda3/envs/p4env/lib/python3.7/site-packages/nebterpolator/core/internal_derivs.py:215: RuntimeWarning: divide by zero encountered in true_divide
  term2 = np.cross(v, w) / (v_norm * (1 - np.dot(v, w)**2))
/home/hpark21/miniconda3/envs/p4env/lib/python3.7/site-packages/nebterpolator/core/internal_derivs.py:217: RuntimeWarning: divide by zero encountered in true_divide
  term4 = np.cross(v, w) * np.dot(v, w) / (w_norm * (1 - np.dot(v, w)**2))
/home/hpark21/miniconda3/envs/p4env/lib/python3.7/site-packages/nebterpolator/core/internal_derivs.py:214: RuntimeWarning: divide by zero encountered in true_divide
  term1 = np.cross(u, w) / (u_norm * (1 - np.dot(u, w)**2))
/home/hpark21/miniconda3/envs/p4env/lib/python3.7/site-packages/nebterpolator/core/internal_derivs.py:216: RuntimeWarning: divide by zero encountered in true_divide
  term3 = np.cross(u, w) * np.dot(u, w) / (w_norm * (1 - np.dot(u, w)**2))
Traceback (most recent call last):
  File "/home/hpark21/miniconda3/envs/p4env/bin/Nebterpolate.py", line 104, in try_smooth_internal
    return smooth_internal(*args, **kwargs)
  File "/home/hpark21/miniconda3/envs/p4env/lib/python3.7/site-packages/nebterpolator/path_operations.py", line 139, in smooth_internal
    aligned1 = align_trajectory(np.array([s_xyzlist[i],s_xyzlist[i-1]]), 0)
  File "/home/hpark21/miniconda3/envs/p4env/lib/python3.7/site-packages/nebterpolator/alignment.py", line 143, in align_trajectory
    rmsd, operator = kabsch(c_xyzlist[i], target, operator=True)
  File "/home/hpark21/miniconda3/envs/p4env/lib/python3.7/site-packages/nebterpolator/alignment.py", line 62, in kabsch
    u, s, v = np.linalg.svd(A)
  File "<__array_function__ internals>", line 6, in svd
  File "/home/hpark21/miniconda3/envs/p4env/lib/python3.7/site-packages/numpy/linalg/linalg.py", line 1661, in svd
    u, s, vh = gufunc(a, signature=signature, extobj=extobj)
  File "/home/hpark21/miniconda3/envs/p4env/lib/python3.7/site-packages/numpy/linalg/linalg.py", line 97, in _raise_linalgerror_svd_nonconvergence
    raise LinAlgError("SVD did not converge")
numpy.linalg.LinAlgError: SVD did not converge
Cnvgd (fev= 2) : LSq: 0.0000 (+0.0000) Distance: 0.0000 (+0.0000) Angle: 0.0000 (+0.0000) Dihedral: 0.0000 (+0.0000) 
Working on frame 0 / 272 
Cnvgd (fev= 5) : LSq: 0.0003 (-0.0151) Distance: 0.0002 (-0.0109) Angle: 0.0000 (-0.0032) Dihedral: 0.0000 (-0.0011) Anchor: 0.0000 (+0.0000) Morse: 0.0000 (+0.0000) 
max(dx) 0.001287 (new) 0.002164 (old) 0.594842[0m (ratio)
Cnvgd (fev= 8) : LSq: 0.0011 (-0.1145) Distance: 0.0010 (-0.0999) Angle: 0.0000 (-0.0102) Dihedral: 0.0001 (-0.0044) Anchor: 0.0000 (+0.0000) Morse: 0.0000 (+0.0000) 
max(dx) 0.001287 (new) 0.007746 (old) 0.166111[0m (ratio)
Cnvgd (fev=10) : LSq: 0.0025 (-0.3021) Distance: 0.0022 (-0.2712) Angle: 0.0000 (-0.0182) Dihedral: 0.0003 (-0.0128) Anchor: 0.0000 (+0.0000) Morse: 0.0000 (+0.0000) 
max(dx) 0.001284 (new) 0.007888 (old) 0.162817[0m (ratio)
Cnvgd (fev=16) : LSq: 0.0044 (-0.5934) Distance: 0.0039 (-0.5273) Angle: 0.0000 (-0.0379) Dihedral: 0.0005 (-0.0282) Anchor: 0.0000 (+0.0000) Morse: 0.0000 (+0.0000) 
max(dx) 0.001282 (new) 0.007632 (old) 0.167984[0m (ratio)
Cnvgd (fev=27) : LSq: 0.0070 (-0.8933) Distance: 0.0061 (-0.7763) Angle: 0.0000 (-0.0605) Dihedral: 0.0009 (-0.0565) Anchor: 0.0000 (+0.0000) Morse: 0.0000 (+0.0000) 
max(dx) 0.001211 (new) 0.007178 (old) 0.168750[0m (ratio)
Cnvgd (fev=20) : LSq: 0.0104 (-1.0988) Distance: 0.0091 (-0.9251) Angle: 0.0000 (-0.0729) Dihedral: 0.0013 (-0.1007) Anchor: 0.0000 (+0.0000) Morse: 0.0000 (+0.0000) 
max(dx) 0.001218 (new) 0.005681 (old) 0.214349[0m (ratio)
Cnvgd (fev=20) : LSq: 0.0151 (-1.1465) Distance: 0.0132 (-0.9217) Angle: 0.0000 (-0.0685) Dihedral: 0.0019 (-0.1563) Anchor: 0.0000 (+0.0000) Morse: 0.0000 (+0.0000) 
max(dx) 0.001226 (new) 0.006601 (old) 0.185672[0m (ratio)
Cnvgd (fev=22) : LSq: 0.0249 (-1.1641) Distance: 0.0218 (-0.8985) Angle: 0.0000 (-0.0572) Dihedral: 0.0031 (-0.2083) Anchor: 0.0000 (+0.0000) Morse: 0.0000 (+0.0000) 
max(dx) 0.001400 (new) 0.006126 (old) 0.228486[0m (ratio)
Cnvgd (fev=24) : LSq: 0.0482 (-1.3786) Distance: 0.0427 (-1.0525) Angle: 0.0000 (-0.0546) Dihedral: 0.0055 (-0.2715) Anchor: 0.0000 (+0.0000) Morse: 0.0000 (+0.0000) 
max(dx) 0.002683 (new) 0.007204 (old) 0.372491[0m (ratio)
Cnvgd (fev=25) : LSq: 0.0787 (-1.7310) Distance: 0.0699 (-1.3455) Angle: 0.0001 (-0.0615) Dihedral: 0.0087 (-0.3241) Anchor: 0.0000 (+0.0000) Morse: 0.0000 (+0.0000) 
Working on frame 10 / 272 
max(dx) 0.002281 (new) 0.007442 (old) 0.306522[0m (ratio)
Cnvgd (fev=29) : LSq: 0.1114 (-2.2246) Distance: 0.0987 (-1.7831) Angle: 0.0002 (-0.0732) Dihedral: 0.0125 (-0.3683) Anchor: 0.0000 (+0.0000) Morse: 0.0000 (+0.0000) 
max(dx) 0.001809 (new) 0.007998 (old) 0.226203[0m (ratio)
Cnvgd (fev=27) : LSq: 0.1416 (-2.8587) Distance: 0.1249 (-2.3580) Angle: 0.0002 (-0.0943) Dihedral: 0.0165 (-0.4063) Anchor: 0.0000 (+0.0000) Morse: 0.0000 (+0.0000) 
max(dx) 0.001417 (new) 0.008070 (old) 0.175553[0m (ratio)
Cnvgd (fev=28) : LSq: 0.1673 (-3.5359) Distance: 0.1467 (-2.9707) Angle: 0.0003 (-0.1266) Dihedral: 0.0203 (-0.4385) Anchor: 0.0000 (+0.0000) Morse: 0.0000 (+0.0000) 
max(dx) 0.001387 (new) 0.007518 (old) 0.184469[0m (ratio)
Cnvgd (fev=27) : LSq: 0.1842 (-4.1713) Distance: 0.1605 (-3.4895) Angle: 0.0003 (-0.2015) Dihedral: 0.0234 (-0.4804) Anchor: 0.0000 (+0.0000) Morse: 0.0000 (+0.0000) 
max(dx) 0.001325 (new) 0.007584 (old) 0.174700[0m (ratio)
Cnvgd (fev=29) : LSq: 0.2158 (-4.7290) Distance: 0.1860 (-3.9873) Angle: 0.0003 (-0.2401) Dihedral: 0.0295 (-0.5017) Anchor: 0.0000 (+0.0000) Morse: 0.0000 (+0.0000) 
max(dx) 0.001488 (new) 0.002475 (old) 0.601348[0m (ratio)
Cnvgd (fev=30) : LSq: 0.2689 (-5.5176) Distance: 0.2286 (-4.8351) Angle: 0.0004 (-0.1800) Dihedral: 0.0399 (-0.5025) Anchor: 0.0000 (+0.0000) Morse: 0.0000 (+0.0000) 
max(dx) 0.002498 (new) 0.003148 (old) 0.793603[0m (ratio)
Cnvgd (fev=32) : LSq: 0.3049 (-6.1032) Distance: 0.2569 (-5.4301) Angle: 0.0004 (-0.1611) Dihedral: 0.0476 (-0.5120) Anchor: 0.0000 (+0.0000) Morse: 0.0000 (+0.0000) 
max(dx) 0.001546 (new) 0.007789 (old) 0.198435[0m (ratio)
Cnvgd (fev=37) : LSq: 0.3430 (-6.7473) Distance: 0.2859 (-6.0806) Angle: 0.0005 (-0.1441) Dihedral: 0.0566 (-0.5226) Anchor: 0.0000 (+0.0000) Morse: 0.0000 (+0.0000) 
max(dx) 0.001646 (new) 0.007789 (old) 0.211313[0m (ratio)
Cnvgd (fev=39) : LSq: 0.3839 (-7.4472) Distance: 0.3160 (-6.7875) Angle: 0.0005 (-0.1261) Dihedral: 0.0673 (-0.5336) Anchor: 0.0000 (+0.0000) Morse: 0.0000 (+0.0000) 
max(dx) 0.001842 (new) 0.007818 (old) 0.235611[0m (ratio)
Cnvgd (fev=33) : LSq: 0.4355 (-8.1946) Distance: 0.3528 (-7.5618) Angle: 0.0006 (-0.0926) Dihedral: 0.0821 (-0.5402) Anchor: 0.0000 (+0.0000) Morse: 0.0000 (+0.0000) 
Working on frame 20 / 272 
max(dx) 0.002418 (new) 0.008055 (old) 0.300182[0m (ratio)
Cnvgd (fev=35) : LSq: 0.5006 (-9.0621) Distance: 0.3973 (-8.4264) Angle: 0.0007 (-0.0818) Dihedral: 0.1026 (-0.5539) Anchor: 0.0000 (+0.0000) Morse: 0.0000 (+0.0000) 
max(dx) 0.003293 (new) 0.006393 (old) 0.515126[0m (ratio)
Cnvgd (fev=38) : LSq: 0.5631 (-9.8125) Distance: 0.4376 (-9.1314) Angle: 0.0007 (-0.1026) Dihedral: 0.1248 (-0.5785) Anchor: 0.0000 (+0.0000) Morse: 0.0000 (+0.0000) 
max(dx) 0.003260 (new) 0.007207 (old) 0.452300[0m (ratio)
Cnvgd (fev=37) : LSq: 0.5906 (-10.3004) Distance: 0.4527 (-9.5738) Angle: 0.0007 (-0.1300) Dihedral: 0.1372 (-0.5965) Anchor: 0.0000 (+0.0000) Morse: 0.0000 (+0.0000) 
max(dx) 0.001708 (new) 0.007861 (old) 0.217224[0m (ratio)
Cnvgd (fev=41) : LSq: 0.6185 (-10.8183) Distance: 0.4674 (-10.0421) Angle: 0.0008 (-0.1599) Dihedral: 0.1504 (-0.6163) Anchor: 0.0000 (+0.0000) Morse: 0.0000 (+0.0000) 
max(dx) 0.001788 (new) 0.007852 (old) 0.227728[0m (ratio)
Cnvgd (fev=42) : LSq: 0.6467 (-11.3667) Distance: 0.4816 (-10.5364) Angle: 0.0008 (-0.1921) Dihedral: 0.1643 (-0.6382) Anchor: 0.0000 (+0.0000) Morse: 0.0000 (+0.0000) 
max(dx) 0.001852 (new) 0.007843 (old) 0.236103[0m (ratio)
Cnvgd (fev=37) : LSq: 0.6732 (-11.9319) Distance: 0.4940 (-11.0422) Angle: 0.0008 (-0.2288) Dihedral: 0.1784 (-0.6609) Anchor: 0.0000 (+0.0000) Morse: 0.0000 (+0.0000) 
max(dx) 0.001849 (new) 0.007902 (old) 0.233967[0m (ratio)
Cnvgd (fev=41) : LSq: 0.6975 (-12.5110) Distance: 0.5044 (-11.5561) Angle: 0.0008 (-0.2706) Dihedral: 0.1924 (-0.6843) Anchor: 0.0000 (+0.0000) Morse: 0.0000 (+0.0000) 
max(dx) 0.001828 (new) 0.007963 (old) 0.229523[0m (ratio)
Cnvgd (fev=43) : LSq: 0.7199 (-13.1080) Distance: 0.5129 (-12.0822) Angle: 0.0008 (-0.3163) Dihedral: 0.2062 (-0.7095) Anchor: 0.0000 (+0.0000) Morse: 0.0000 (+0.0000) 
max(dx) 0.001814 (new) 0.007995 (old) 0.226873[0m (ratio)
Cnvgd (fev=45) : LSq: 0.7421 (-13.7379) Distance: 0.5211 (-12.6363) Angle: 0.0008 (-0.3634) Dihedral: 0.2201 (-0.7382) Anchor: 0.0000 (+0.0000) Morse: 0.0000 (+0.0000) 
max(dx) 0.001846 (new) 0.007986 (old) 0.231205[0m (ratio)
Cnvgd (fev=49) : LSq: 0.7506 (-14.5412) Distance: 0.5196 (-13.3493) Angle: 0.0008 (-0.4214) Dihedral: 0.2302 (-0.7705) Anchor: 0.0000 (+0.0000) Morse: 0.0000 (+0.0000) 
Working on frame 30 / 272 
max(dx) 0.001637 (new) 0.008001 (old) 0.204566[0m (ratio)
Cnvgd (fev=49) : LSq: 0.7795 (-14.9628) Distance: 0.5326 (-13.8029) Angle: 0.0009 (-0.3950) Dihedral: 0.2461 (-0.7649) Anchor: 0.0000 (+0.0000) Morse: 0.0000 (+0.0000) 
max(dx) 0.002126 (new) 0.008164 (old) 0.260360[0m (ratio)
Cnvgd (fev=53) : LSq: 0.8272 (-15.6974) Distance: 0.5587 (-14.4771) Angle: 0.0009 (-0.4662) Dihedral: 0.2676 (-0.7541) Anchor: 0.0000 (+0.0000) Morse: 0.0000 (+0.0000) 
max(dx) 0.002610 (new) 0.007761 (old) 0.336266[0m (ratio)
Cnvgd (fev=46) : LSq: 0.8047 (-17.1344) Distance: 0.5335 (-15.5391) Angle: 0.0009 (-0.8214) Dihedral: 0.2703 (-0.7739) Anchor: 0.0000 (+0.0000) Morse: 0.0000 (+0.0000) 
max(dx) 0.001900 (new) 0.007431 (old) 0.255657[0m (ratio)
Cnvgd (fev=56) : LSq: 0.8649 (-16.6716) Distance: 0.5710 (-14.9464) Angle: 0.0010 (-1.0372) Dihedral: 0.2928 (-0.6880) Anchor: 0.0000 (+0.0000) Morse: 0.0000 (+0.0000) 
max(dx) 0.002854 (new) 0.007206 (old) 0.396150[0m (ratio)
Cnvgd (fev=78) : LSq: 0.9162 (-16.3038) Distance: 0.6039 (-14.5296) Angle: 0.0011 (-1.1718) Dihedral: 0.3113 (-0.6023) Anchor: 0.0000 (+0.0000) Morse: 0.0000 (+0.0000) 
max(dx) 0.002542 (new) 0.009061 (old) 0.280531[0m (ratio)
Cnvgd (fev=116) : LSq: 0.9440 (-16.1945) Distance: 0.6200 (-14.4019) Angle: 0.0011 (-1.2576) Dihedral: 0.3228 (-0.5350) Anchor: 0.0000 (+0.0000) Morse: 0.0000 (+0.0000) 
max(dx) 0.002074 (new) 0.009019 (old) 0.229922[0m (ratio)
Cnvgd (fev=99) : LSq: 0.9388 (-16.4363) Distance: 0.6111 (-14.7694) Angle: 0.0012 (-1.1790) Dihedral: 0.3265 (-0.4880) Anchor: 0.0000 (+0.0000) Morse: 0.0000 (+0.0000) 
max(dx) 0.001760 (new) 0.007071 (old) 0.248956[0m (ratio)
Cnvgd (fev=223) : LSq: 0.9572 (-15.5816) Distance: 0.6267 (-14.1261) Angle: 0.0012 (-1.0255) Dihedral: 0.3293 (-0.4300) Anchor: 0.0000 (+0.0000) Morse: 0.0000 (+0.0000) 
max(dx) 0.001995 (new) 0.008104 (old) 0.246172[0m (ratio)
Cnvgd (fev=116) : LSq: 0.9587 (-14.6258) Distance: 0.6330 (-13.4439) Angle: 0.0013 (-0.7853) Dihedral: 0.3244 (-0.3966) Anchor: 0.0000 (+0.0000) Morse: 0.0000 (+0.0000) 
max(dx) 0.002115 (new) 0.007885 (old) 0.268198[0m (ratio)
Cnvgd (fev=111) : LSq: 0.9220 (-13.6574) Distance: 0.6024 (-12.8122) Angle: 0.0012 (-0.4581) Dihedral: 0.3183 (-0.3871) Anchor: 0.0000 (+0.0000) Morse: 0.0000 (+0.0000) 
Working on frame 40 / 272 
max(dx) 0.002217 (new) 0.007885 (old) 0.281128[0m (ratio)
Cnvgd (fev=85) : LSq: 0.9048 (-12.6993) Distance: 0.5919 (-12.0774) Angle: 0.0012 (-0.2398) Dihedral: 0.3116 (-0.3821) Anchor: 0.0000 (+0.0000) Morse: 0.0000 (+0.0000) 
max(dx) 0.002179 (new) 0.006820 (old) 0.319488[0m (ratio)
Cnvgd (fev=79) : LSq: 0.9606 (-12.8375) Distance: 0.6394 (-12.2272) Angle: 0.0014 (-0.2330) Dihedral: 0.3198 (-0.3772) Anchor: 0.0000 (+0.0000) Morse: 0.0000 (+0.0000) 
max(dx) 0.002894 (new) 0.006411 (old) 0.451404[0m (ratio)
Cnvgd (fev=78) : LSq: 0.9377 (-13.0073) Distance: 0.6228 (-12.4561) Angle: 0.0015 (-0.1948) Dihedral: 0.3135 (-0.3564) Anchor: 0.0000 (+0.0000) Morse: 0.0000 (+0.0000) 
max(dx) 0.001966 (new) 0.008567 (old) 0.229545[0m (ratio)
Cnvgd (fev=86) : LSq: 0.9114 (-13.3683) Distance: 0.6051 (-12.8692) Angle: 0.0015 (-0.1597) Dihedral: 0.3047 (-0.3395) Anchor: 0.0000 (+0.0000) Morse: 0.0000 (+0.0000) 
max(dx) 0.001986 (new) 0.008230 (old) 0.241328[0m (ratio)
Cnvgd (fev=82) : LSq: 0.8827 (-13.8384) Distance: 0.5878 (-13.3868) Angle: 0.0016 (-0.1228) Dihedral: 0.2933 (-0.3287) Anchor: 0.0000 (+0.0000) Morse: 0.0000 (+0.0000) 
max(dx) 0.002014 (new) 0.008232 (old) 0.244628[0m (ratio)
Cnvgd (fev=89) : LSq: 0.8620 (-14.1069) Distance: 0.5801 (-13.6855) Angle: 0.0017 (-0.1001) Dihedral: 0.2801 (-0.3212) Anchor: 0.0000 (+0.0000) Morse: 0.0000 (+0.0000) 
max(dx) 0.002179 (new) 0.007116 (old) 0.306191[0m (ratio)
Cnvgd (fev=82) : LSq: 0.8507 (-14.1300) Distance: 0.5839 (-13.7156) Angle: 0.0019 (-0.1027) Dihedral: 0.2649 (-0.3117) Anchor: 0.0000 (+0.0000) Morse: 0.0000 (+0.0000) 
max(dx) 0.002350 (new) 0.007460 (old) 0.315014[0m (ratio)
Cnvgd (fev=76) : LSq: 0.8734 (-13.4018) Distance: 0.6240 (-12.9552) Angle: 0.0021 (-0.1578) Dihedral: 0.2473 (-0.2888) Anchor: 0.0000 (+0.0000) Morse: 0.0000 (+0.0000) 
max(dx) 0.002956 (new) 0.008336 (old) 0.354637[0m (ratio)
Cnvgd (fev=51) : LSq: 0.9028 (-12.7018) Distance: 0.6729 (-12.1929) Angle: 0.0023 (-0.2447) Dihedral: 0.2276 (-0.2642) Anchor: 0.0000 (+0.0000) Morse: 0.0000 (+0.0000) 
max(dx) 0.003062 (new) 0.008440 (old) 0.362846[0m (ratio)
Cnvgd (fev=46) : LSq: 0.9359 (-12.1107) Distance: 0.7273 (-11.5113) Angle: 0.0025 (-0.3598) Dihedral: 0.2060 (-0.2396) Anchor: 0.0000 (+0.0000) Morse: 0.0000 (+0.0000) 
Working on frame 50 / 272 
max(dx) 0.003070 (new) 0.008458 (old) 0.362982[0m (ratio)
Cnvgd (fev=41) : LSq: 0.9611 (-11.5064) Distance: 0.7758 (-10.8084) Angle: 0.0028 (-0.4841) Dihedral: 0.1826 (-0.2139) Anchor: 0.0000 (+0.0000) Morse: 0.0000 (+0.0000) 
max(dx) 0.002954 (new) 0.008405 (old) 0.351425[0m (ratio)
Cnvgd (fev=42) : LSq: 0.9422 (-10.5477) Distance: 0.7830 (-9.8115) Angle: 0.0028 (-0.5528) Dihedral: 0.1563 (-0.1834) Anchor: 0.0000 (+0.0000) Morse: 0.0000 (+0.0000) 
max(dx) 0.002567 (new) 0.008131 (old) 0.315667[0m (ratio)
Cnvgd (fev=31) : LSq: 0.9278 (-9.7193) Distance: 0.7936 (-8.9313) Angle: 0.0028 (-0.6334) Dihedral: 0.1314 (-0.1546) Anchor: 0.0000 (+0.0000) Morse: 0.0000 (+0.0000) 
max(dx) 0.002520 (new) 0.008155 (old) 0.308978[0m (ratio)
Cnvgd (fev=35) : LSq: 0.9284 (-8.8258) Distance: 0.8174 (-8.0158) Angle: 0.0028 (-0.6822) Dihedral: 0.1083 (-0.1279) Anchor: 0.0000 (+0.0000) Morse: 0.0000 (+0.0000) 
max(dx) 0.002640 (new) 0.007588 (old) 0.347871[0m (ratio)
Cnvgd (fev=32) : LSq: 0.9491 (-7.9459) Distance: 0.8586 (-7.1504) Angle: 0.0027 (-0.6914) Dihedral: 0.0878 (-0.1041) Anchor: 0.0000 (+0.0000) Morse: 0.0000 (+0.0000) 
max(dx) 0.002765 (new) 0.008617 (old) 0.320890[0m (ratio)
Cnvgd (fev=32) : LSq: 0.9830 (-7.2601) Distance: 0.9101 (-6.4740) Angle: 0.0025 (-0.7008) Dihedral: 0.0703 (-0.0853) Anchor: 0.0000 (+0.0000) Morse: 0.0000 (+0.0000) 
max(dx) 0.002718 (new) 0.008633 (old) 0.314839[0m (ratio)
Cnvgd (fev=29) : LSq: 1.0479 (-7.1311) Distance: 0.9893 (-6.3812) Angle: 0.0024 (-0.6544) Dihedral: 0.0561 (-0.0955) Anchor: 0.0000 (+0.0000) Morse: 0.0000 (+0.0000) 
max(dx) 0.003050 (new) 0.007556 (old) 0.403686[0m (ratio)
Cnvgd (fev=28) : LSq: 1.1256 (-7.2288) Distance: 1.0786 (-6.4686) Angle: 0.0023 (-0.6145) Dihedral: 0.0447 (-0.1457) Anchor: 0.0000 (+0.0000) Morse: 0.0000 (+0.0000) 
max(dx) 0.002936 (new) 0.007507 (old) 0.391071[0m (ratio)
Cnvgd (fev=28) : LSq: 1.1811 (-7.6902) Distance: 1.1437 (-6.8742) Angle: 0.0021 (-0.5895) Dihedral: 0.0353 (-0.2265) Anchor: 0.0000 (+0.0000) Morse: 0.0000 (+0.0000) 
max(dx) 0.002302 (new) 0.007303 (old) 0.315270[0m (ratio)
Cnvgd (fev=30) : LSq: 1.1667 (-8.7174) Distance: 1.1373 (-7.8146) Angle: 0.0020 (-0.6074) Dihedral: 0.0274 (-0.2953) Anchor: 0.0000 (+0.0000) Morse: 0.0000 (+0.0000) 
Working on frame 60 / 272 
max(dx) 0.001906 (new) 0.007468 (old) 0.255243[0m (ratio)
Cnvgd (fev=31) : LSq: 1.1015 (-9.8247) Distance: 1.0791 (-8.8579) Angle: 0.0018 (-0.6028) Dihedral: 0.0205 (-0.3640) Anchor: 0.0000 (+0.0000) Morse: 0.0000 (+0.0000) 
max(dx) 0.002337 (new) 0.006638 (old) 0.352105[0m (ratio)
Cnvgd (fev=28) : LSq: 1.0399 (-10.1987) Distance: 1.0232 (-9.2431) Angle: 0.0015 (-0.5678) Dihedral: 0.0152 (-0.3878) Anchor: 0.0000 (+0.0000) Morse: 0.0000 (+0.0000) 
max(dx) 0.002327 (new) 0.007322 (old) 0.317828[0m (ratio)
Cnvgd (fev=28) : LSq: 0.9917 (-10.5151) Distance: 0.9792 (-9.5775) Angle: 0.0012 (-0.5335) Dihedral: 0.0113 (-0.4041) Anchor: 0.0000 (+0.0000) Morse: 0.0000 (+0.0000) 
max(dx) 0.002277 (new) 0.007735 (old) 0.294388[0m (ratio)
Cnvgd (fev=28) : LSq: 0.9537 (-10.9322) Distance: 0.9443 (-10.0056) Angle: 0.0009 (-0.5013) Dihedral: 0.0085 (-0.4253) Anchor: 0.0000 (+0.0000) Morse: 0.0000 (+0.0000) 
max(dx) 0.002248 (new) 0.007730 (old) 0.290865[0m (ratio)
Cnvgd (fev=34) : LSq: 0.9255 (-11.4499) Distance: 0.9183 (-10.5272) Angle: 0.0007 (-0.4712) Dihedral: 0.0066 (-0.4514) Anchor: 0.0000 (+0.0000) Morse: 0.0000 (+0.0000) 
max(dx) 0.002222 (new) 0.007726 (old) 0.287600[0m (ratio)
Cnvgd (fev=42) : LSq: 0.8290 (-11.0053) Distance: 0.8238 (-10.1431) Angle: 0.0004 (-0.3442) Dihedral: 0.0048 (-0.5180) Anchor: 0.0000 (+0.0000) Morse: 0.0000 (+0.0000) 
max(dx) 0.003670 (new) 0.005660 (old) 0.648414[0m (ratio)
Cnvgd (fev=37) : LSq: 0.7522 (-10.2668) Distance: 0.7481 (-9.4671) Angle: 0.0004 (-0.2509) Dihedral: 0.0037 (-0.5488) Anchor: 0.0000 (+0.0000) Morse: 0.0000 (+0.0000) 
max(dx) 0.003330 (new) 0.005918 (old) 0.562734[0m (ratio)
Cnvgd (fev=37) : LSq: 0.6839 (-9.6469) Distance: 0.6804 (-8.8850) Angle: 0.0004 (-0.1776) Dihedral: 0.0030 (-0.5843) Anchor: 0.0000 (+0.0000) Morse: 0.0000 (+0.0000) 
max(dx) 0.003216 (new) 0.005896 (old) 0.545364[0m (ratio)
Cnvgd (fev=35) : LSq: 0.6235 (-9.1442) Distance: 0.6205 (-8.3954) Angle: 0.0004 (-0.1245) Dihedral: 0.0026 (-0.6243) Anchor: 0.0000 (+0.0000) Morse: 0.0000 (+0.0000) 
max(dx) 0.003094 (new) 0.005874 (old) 0.526782[0m (ratio)
Cnvgd (fev=35) : LSq: 0.5709 (-8.7575) Distance: 0.5681 (-7.9966) Angle: 0.0005 (-0.0919) Dihedral: 0.0024 (-0.6691) Anchor: 0.0000 (+0.0000) Morse: 0.0000 (+0.0000) 
Working on frame 70 / 272 
max(dx) 0.002970 (new) 0.005853 (old) 0.507392[0m (ratio)
Cnvgd (fev=33) : LSq: 0.5258 (-8.4853) Distance: 0.5229 (-7.6868) Angle: 0.0005 (-0.0799) Dihedral: 0.0024 (-0.7186) Anchor: 0.0000 (+0.0000) Morse: 0.0000 (+0.0000) 
max(dx) 0.002843 (new) 0.005832 (old) 0.487461[0m (ratio)
Cnvgd (fev=30) : LSq: 0.4880 (-8.3259) Distance: 0.4849 (-7.4644) Angle: 0.0006 (-0.0887) Dihedral: 0.0025 (-0.7728) Anchor: 0.0000 (+0.0000) Morse: 0.0000 (+0.0000) 
max(dx) 0.002716 (new) 0.005811 (old) 0.467382[0m (ratio)
Cnvgd (fev=29) : LSq: 0.4572 (-8.2775) Distance: 0.4538 (-7.3275) Angle: 0.0007 (-0.1183) Dihedral: 0.0028 (-0.8318) Anchor: 0.0000 (+0.0000) Morse: 0.0000 (+0.0000) 
max(dx) 0.002589 (new) 0.005791 (old) 0.447044[0m (ratio)
Cnvgd (fev=34) : LSq: 0.4292 (-8.2694) Distance: 0.4253 (-7.2009) Angle: 0.0007 (-0.1710) Dihedral: 0.0032 (-0.8975) Anchor: 0.0000 (+0.0000) Morse: 0.0000 (+0.0000) 
max(dx) 0.002630 (new) 0.005630 (old) 0.467175[0m (ratio)
Cnvgd (fev=34) : LSq: 0.3421 (-7.2499) Distance: 0.3384 (-5.9395) Angle: 0.0005 (-0.3071) Dihedral: 0.0032 (-1.0033) Anchor: 0.0000 (+0.0000) Morse: 0.0000 (+0.0000) 
max(dx) 0.005486 (new) 0.008067 (old) 0.680109[0m (ratio)
Cnvgd (fev=33) : LSq: 0.2738 (-6.4169) Distance: 0.2701 (-4.7992) Angle: 0.0003 (-0.5009) Dihedral: 0.0034 (-1.1169) Anchor: 0.0000 (+0.0000) Morse: 0.0000 (+0.0000) 
max(dx) 0.005644 (new) 0.007869 (old) 0.717214[0m (ratio)
Cnvgd (fev=57) : LSq: 0.2273 (-5.8742) Distance: 0.2234 (-3.8715) Angle: 0.0001 (-0.7590) Dihedral: 0.0038 (-1.2437) Anchor: 0.0000 (+0.0000) Morse: 0.0000 (+0.0000) 
max(dx) 0.005688 (new) 0.007882 (old) 0.721602[0m (ratio)
Cnvgd (fev=27) : LSq: 0.1995 (-5.6229) Distance: 0.1948 (-3.1540) Angle: 0.0001 (-1.0851) Dihedral: 0.0046 (-1.3838) Anchor: 0.0000 (+0.0000) Morse: 0.0000 (+0.0000) 
max(dx) 0.004563 (new) 0.007895 (old) 0.577955[0m (ratio)
Cnvgd (fev=24) : LSq: 0.1848 (-5.6659) Distance: 0.1792 (-2.6458) Angle: 0.0001 (-1.4825) Dihedral: 0.0055 (-1.5376) Anchor: 0.0000 (+0.0000) Morse: 0.0000 (+0.0000) 
max(dx) 0.004124 (new) 0.007908 (old) 0.521502[0m (ratio)
Cnvgd (fev=24) : LSq: 0.1827 (-5.9513) Distance: 0.1759 (-2.3351) Angle: 0.0002 (-1.9234) Dihedral: 0.0067 (-1.6928) Anchor: 0.0000 (+0.0000) Morse: 0.0000 (+0.0000) 
Working on frame 80 / 272 
max(dx) 0.004053 (new) 0.007782 (old) 0.520834[0m (ratio)
Cnvgd (fev=12) : LSq: 0.1880 (-6.1348) Distance: 0.1813 (-2.1642) Angle: 0.0002 (-2.1972) Dihedral: 0.0066 (-1.7734) Anchor: 0.0000 (+0.0000) Morse: 0.0000 (+0.0000) 
max(dx) 0.001352 (new) 0.006588 (old) 0.205248[0m (ratio)
Cnvgd (fev=12) : LSq: 0.1936 (-6.1883) Distance: 0.1870 (-2.0890) Angle: 0.0002 (-2.3108) Dihedral: 0.0064 (-1.7884) Anchor: 0.0000 (+0.0000) Morse: 0.0000 (+0.0000) 
max(dx) 0.001331 (new) 0.005532 (old) 0.240582[0m (ratio)
Cnvgd (fev=12) : LSq: 0.1994 (-6.3757) Distance: 0.1930 (-2.1284) Angle: 0.0002 (-2.4418) Dihedral: 0.0062 (-1.8055) Anchor: 0.0000 (+0.0000) Morse: 0.0000 (+0.0000) 
max(dx) 0.001344 (new) 0.005535 (old) 0.242747[0m (ratio)
Cnvgd (fev=12) : LSq: 0.2055 (-6.6970) Distance: 0.1992 (-2.2805) Angle: 0.0002 (-2.5920) Dihedral: 0.0061 (-1.8246) Anchor: 0.0000 (+0.0000) Morse: 0.0000 (+0.0000) 
max(dx) 0.001353 (new) 0.005538 (old) 0.244311[0m (ratio)
Cnvgd (fev=12) : LSq: 0.2118 (-7.1526) Distance: 0.2057 (-2.5436) Angle: 0.0002 (-2.7634) Dihedral: 0.0059 (-1.8456) Anchor: 0.0000 (+0.0000) Morse: 0.0000 (+0.0000) 
max(dx) 0.001360 (new) 0.005540 (old) 0.245417[0m (ratio)
Cnvgd (fev=12) : LSq: 0.2185 (-7.7436) Distance: 0.2124 (-2.9164) Angle: 0.0002 (-2.9584) Dihedral: 0.0058 (-1.8688) Anchor: 0.0000 (+0.0000) Morse: 0.0000 (+0.0000) 
max(dx) 0.001364 (new) 0.005542 (old) 0.246154[0m (ratio)
Cnvgd (fev=12) : LSq: 0.2254 (-8.4714) Distance: 0.2194 (-3.3980) Angle: 0.0002 (-3.1794) Dihedral: 0.0057 (-1.8940) Anchor: 0.0000 (+0.0000) Morse: 0.0000 (+0.0000) 
max(dx) 0.001367 (new) 0.005544 (old) 0.246584[0m (ratio)
Cnvgd (fev=12) : LSq: 0.2326 (-9.3380) Distance: 0.2267 (-3.9877) Angle: 0.0002 (-3.4290) Dihedral: 0.0056 (-1.9213) Anchor: 0.0000 (+0.0000) Morse: 0.0000 (+0.0000) 
max(dx) 0.001368 (new) 0.005545 (old) 0.246747[0m (ratio)
Cnvgd (fev=13) : LSq: 0.2401 (-10.3458) Distance: 0.2342 (-4.6850) Angle: 0.0003 (-3.7100) Dihedral: 0.0056 (-1.9507) Anchor: 0.0000 (+0.0000) Morse: 0.0000 (+0.0000) 
max(dx) 0.001368 (new) 0.005546 (old) 0.246666[0m (ratio)
Cnvgd (fev=15) : LSq: 0.2478 (-11.4083) Distance: 0.2420 (-5.4576) Angle: 0.0003 (-3.9697) Dihedral: 0.0056 (-1.9810) Anchor: 0.0000 (+0.0000) Morse: 0.0000 (+0.0000) 
Working on frame 90 / 272 
max(dx) 0.001368 (new) 0.005416 (old) 0.252564[0m (ratio)
Cnvgd (fev=15) : LSq: 0.2559 (-11.3407) Distance: 0.2500 (-5.6923) Angle: 0.0003 (-3.6572) Dihedral: 0.0056 (-1.9912) Anchor: 0.0000 (+0.0000) Morse: 0.0000 (+0.0000) 
max(dx) 0.001373 (new) 0.008010 (old) 0.171475[0m (ratio)
Cnvgd (fev=16) : LSq: 0.2643 (-11.3556) Distance: 0.2583 (-5.9910) Angle: 0.0003 (-3.3617) Dihedral: 0.0057 (-2.0029) Anchor: 0.0000 (+0.0000) Morse: 0.0000 (+0.0000) 
max(dx) 0.001377 (new) 0.007994 (old) 0.172266[0m (ratio)
Cnvgd (fev=16) : LSq: 0.2730 (-11.4507) Distance: 0.2668 (-6.3508) Angle: 0.0004 (-3.0839) Dihedral: 0.0058 (-2.0160) Anchor: 0.0000 (+0.0000) Morse: 0.0000 (+0.0000) 
max(dx) 0.001379 (new) 0.007978 (old) 0.172786[0m (ratio)
Cnvgd (fev=17) : LSq: 0.2820 (-11.6236) Distance: 0.2756 (-6.7688) Angle: 0.0004 (-2.8242) Dihedral: 0.0060 (-2.0307) Anchor: 0.0000 (+0.0000) Morse: 0.0000 (+0.0000) 
max(dx) 0.001387 (new) 0.007963 (old) 0.174124[0m (ratio)
Cnvgd (fev=17) : LSq: 0.2912 (-11.8722) Distance: 0.2846 (-7.2421) Angle: 0.0004 (-2.5833) Dihedral: 0.0062 (-2.0468) Anchor: 0.0000 (+0.0000) Morse: 0.0000 (+0.0000) 
max(dx) 0.001397 (new) 0.007948 (old) 0.175729[0m (ratio)
Cnvgd (fev=17) : LSq: 0.3007 (-12.1940) Distance: 0.2938 (-7.7680) Angle: 0.0005 (-2.3616) Dihedral: 0.0064 (-2.0644) Anchor: 0.0000 (+0.0000) Morse: 0.0000 (+0.0000) 
max(dx) 0.001461 (new) 0.007934 (old) 0.184202[0m (ratio)
Cnvgd (fev=18) : LSq: 0.3105 (-12.5871) Distance: 0.3032 (-8.3436) Angle: 0.0005 (-2.1600) Dihedral: 0.0067 (-2.0835) Anchor: 0.0000 (+0.0000) Morse: 0.0000 (+0.0000) 
max(dx) 0.001570 (new) 0.007920 (old) 0.198215[0m (ratio)
Cnvgd (fev=21) : LSq: 0.3205 (-13.0493) Distance: 0.3128 (-8.9664) Angle: 0.0006 (-1.9788) Dihedral: 0.0071 (-2.1041) Anchor: 0.0000 (+0.0000) Morse: 0.0000 (+0.0000) 
max(dx) 0.001687 (new) 0.007906 (old) 0.213364[0m (ratio)
Cnvgd (fev=18) : LSq: 0.3307 (-13.6641) Distance: 0.3226 (-9.7914) Angle: 0.0006 (-1.7430) Dihedral: 0.0075 (-2.1297) Anchor: 0.0000 (+0.0000) Morse: 0.0000 (+0.0000) 
max(dx) 0.001813 (new) 0.007916 (old) 0.229013[0m (ratio)
Cnvgd (fev=18) : LSq: 0.3411 (-14.7449) Distance: 0.3325 (-11.2535) Angle: 0.0007 (-1.3225) Dihedral: 0.0079 (-2.1689) Anchor: 0.0000 (+0.0000) Morse: 0.0000 (+0.0000) 
Working on frame 100 / 272 
max(dx) 0.001961 (new) 0.007763 (old) 0.252591[0m (ratio)
Cnvgd (fev=19) : LSq: 0.3516 (-16.6171) Distance: 0.3425 (-13.4958) Angle: 0.0007 (-0.8988) Dihedral: 0.0084 (-2.2225) Anchor: 0.0000 (+0.0000) Morse: 0.0000 (+0.0000) 
max(dx) 0.002126 (new) 0.007515 (old) 0.282929[0m (ratio)
Cnvgd (fev=22) : LSq: 0.3623 (-19.0798) Distance: 0.3526 (-16.0359) Angle: 0.0008 (-0.7639) Dihedral: 0.0090 (-2.2800) Anchor: 0.0000 (+0.0000) Morse: 0.0000 (+0.0000) 
max(dx) 0.002310 (new) 0.007489 (old) 0.308530[0m (ratio)
Cnvgd (fev=22) : LSq: 0.3731 (-22.1646) Distance: 0.3627 (-18.8630) Angle: 0.0009 (-0.9600) Dihedral: 0.0095 (-2.3416) Anchor: 0.0000 (+0.0000) Morse: 0.0000 (+0.0000) 
max(dx) 0.002522 (new) 0.007468 (old) 0.337742[0m (ratio)
Cnvgd (fev=24) : LSq: 0.3839 (-24.5130) Distance: 0.3728 (-20.8448) Angle: 0.0009 (-1.2892) Dihedral: 0.0101 (-2.3789) Anchor: 0.0000 (+0.0000) Morse: 0.0000 (+0.0000) 
max(dx) 0.002756 (new) 0.005104 (old) 0.539962[0m (ratio)
Cnvgd (fev=25) : LSq: 0.3946 (-25.1343) Distance: 0.3829 (-21.3630) Angle: 0.0010 (-1.3937) Dihedral: 0.0107 (-2.3776) Anchor: 0.0000 (+0.0000) Morse: 0.0000 (+0.0000) 
max(dx) 0.003026 (new) 0.005687 (old) 0.532007[0m (ratio)
Cnvgd (fev=27) : LSq: 0.4052 (-25.8503) Distance: 0.3928 (-21.9645) Angle: 0.0011 (-1.5086) Dihedral: 0.0113 (-2.3773) Anchor: 0.0000 (+0.0000) Morse: 0.0000 (+0.0000) 
max(dx) 0.003367 (new) 0.005643 (old) 0.596616[0m (ratio)
Cnvgd (fev=29) : LSq: 0.4154 (-26.6704) Distance: 0.4026 (-22.6565) Angle: 0.0011 (-1.6356) Dihedral: 0.0117 (-2.3784) Anchor: 0.0000 (+0.0000) Morse: 0.0000 (+0.0000) 
max(dx) 0.003824 (new) 0.005599 (old) 0.683087[0m (ratio)
Cnvgd (fev=32) : LSq: 0.4252 (-27.5940) Distance: 0.4120 (-23.4377) Angle: 0.0012 (-1.7754) Dihedral: 0.0120 (-2.3809) Anchor: 0.0000 (+0.0000) Morse: 0.0000 (+0.0000) 
max(dx) 0.004458 (new) 0.005552 (old) 0.802905[0m (ratio)
Cnvgd (fev=40) : LSq: 0.4342 (-28.6182) Distance: 0.4210 (-24.3051) Angle: 0.0013 (-1.9281) Dihedral: 0.0119 (-2.3850) Anchor: 0.0000 (+0.0000) Morse: 0.0000 (+0.0000) 
max(dx) 0.005369 (new) 0.005504 (old) 0.975391[0m (ratio)
Cnvgd (fev=42) : LSq: 0.4420 (-29.7405) Distance: 0.4294 (-25.2556) Angle: 0.0013 (-2.0939) Dihedral: 0.0113 (-2.3910) Anchor: 0.0000 (+0.0000) Morse: 0.0000 (+0.0000) 
Working on frame 110 / 272 
max(dx) 0.006620 (new) 0.005454 (old) 1.213742[0m (ratio)
Cnvgd (fev=42) : LSq: 0.4481 (-30.9580) Distance: 0.4366 (-26.2862) Angle: 0.0012 (-2.2731) Dihedral: 0.0103 (-2.3987) Anchor: 0.0000 (+0.0000) Morse: 0.0000 (+0.0000) 
max(dx) 0.007773 (new) 0.005402 (old) 1.438927[0m (ratio)
Cnvgd (fev=38) : LSq: 0.4521 (-34.9509) Distance: 0.4417 (-29.6572) Angle: 0.0011 (-2.8247) Dihedral: 0.0093 (-2.4691) Anchor: 0.0000 (+0.0000) Morse: 0.0000 (+0.0000) 
max(dx) 0.007632 (new) 0.005396 (old) 1.414465[0m (ratio)
Cnvgd (fev=32) : LSq: 0.4541 (-38.7773) Distance: 0.4443 (-32.6743) Angle: 0.0009 (-3.5088) Dihedral: 0.0089 (-2.5942) Anchor: 0.0000 (+0.0000) Morse: 0.0000 (+0.0000) 
max(dx) 0.006411 (new) 0.007059 (old) 0.908100[0m (ratio)
Cnvgd (fev=29) : LSq: 0.4547 (-43.1833) Distance: 0.4450 (-36.0168) Angle: 0.0008 (-4.4391) Dihedral: 0.0089 (-2.7275) Anchor: 0.0000 (+0.0000) Morse: 0.0000 (+0.0000) 
max(dx) 0.005241 (new) 0.007026 (old) 0.745949[0m (ratio)
Cnvgd (fev=28) : LSq: 0.4541 (-48.2321) Distance: 0.4443 (-39.6824) Angle: 0.0007 (-5.6804) Dihedral: 0.0091 (-2.8694) Anchor: 0.0000 (+0.0000) Morse: 0.0000 (+0.0000) 
max(dx) 0.004421 (new) 0.006993 (old) 0.632286[0m (ratio)
Cnvgd (fev=26) : LSq: 0.4526 (-54.0065) Distance: 0.4425 (-43.6688) Angle: 0.0006 (-7.3177) Dihedral: 0.0095 (-3.0201) Anchor: 0.0000 (+0.0000) Morse: 0.0000 (+0.0000) 
max(dx) 0.003851 (new) 0.006958 (old) 0.553462[0m (ratio)
Cnvgd (fev=30) : LSq: 0.4503 (-57.3107) Distance: 0.4399 (-46.3186) Angle: 0.0005 (-7.9172) Dihedral: 0.0099 (-3.0749) Anchor: 0.0000 (+0.0000) Morse: 0.0000 (+0.0000) 
max(dx) 0.003423 (new) 0.006285 (old) 0.544649[0m (ratio)
Cnvgd (fev=22) : LSq: 0.4474 (-60.5001) Distance: 0.4366 (-48.9222) Angle: 0.0004 (-8.4482) Dihedral: 0.0104 (-3.1237) Anchor: 0.0000 (+0.0000) Morse: 0.0000 (-0.0061) 
max(dx) 0.003103 (new) 0.006784 (old) 0.457486[0m (ratio)
Cnvgd (fev=21) : LSq: 0.4440 (-63.8165) Distance: 0.4327 (-51.6124) Angle: 0.0004 (-8.9920) Dihedral: 0.0108 (-3.1726) Anchor: 0.0000 (+0.0000) Morse: 0.0000 (-0.0394) 
max(dx) 0.002852 (new) 0.006720 (old) 0.424375[0m (ratio)
Cnvgd (fev=21) : LSq: 0.4401 (-67.3769) Distance: 0.4285 (-54.4542) Angle: 0.0003 (-9.5743) Dihedral: 0.0113 (-3.2231) Anchor: 0.0000 (+0.0000) Morse: 0.0000 (-0.1254) 
Working on frame 120 / 272 
max(dx) 0.002647 (new) 0.006665 (old) 0.397152[0m (ratio)
Cnvgd (fev=22) : LSq: 0.4358 (-70.7730) Distance: 0.4238 (-57.3796) Angle: 0.0003 (-9.9584) Dihedral: 0.0118 (-3.1667) Anchor: 0.0000 (+0.0000) Morse: 0.0000 (-0.2683) 
max(dx) 0.002479 (new) 0.006552 (old) 0.378448[0m (ratio)
Cnvgd (fev=20) : LSq: 0.4313 (-66.5632) Distance: 0.4188 (-57.3069) Angle: 0.0003 (-7.2174) Dihedral: 0.0122 (-1.8304) Anchor: 0.0000 (+0.0000) Morse: 0.0000 (-0.2085) 
max(dx) 0.002336 (new) 0.004871 (old) 0.479534[0m (ratio)
Cnvgd (fev=24) : LSq: 0.4264 (-59.3530) Distance: 0.4136 (-55.6304) Angle: 0.0002 (-3.2286) Dihedral: 0.0126 (-0.4395) Anchor: 0.0000 (+0.0000) Morse: 0.0000 (-0.0545) 
max(dx) 0.002212 (new) 0.007530 (old) 0.293799[0m (ratio)
Cnvgd (fev=18) : LSq: 0.4213 (-55.4486) Distance: 0.4081 (-54.3150) Angle: 0.0002 (-0.5884) Dihedral: 0.0131 (-0.5421) Anchor: 0.0000 (+0.0000) Morse: 0.0000 (-0.0031) 
max(dx) 0.002111 (new) 0.008216 (old) 0.256917[0m (ratio)
Cnvgd (fev=21) : LSq: 0.4160 (-55.4565) Distance: 0.4024 (-53.9643) Angle: 0.0002 (-0.5840) Dihedral: 0.0134 (-0.9081) Anchor: 0.0000 (+0.0000) Morse: 0.0000 (+0.0000) 
max(dx) 0.002021 (new) 0.008730 (old) 0.231503[0m (ratio)
Cnvgd (fev=22) : LSq: 0.4105 (-56.8970) Distance: 0.3965 (-54.2979) Angle: 0.0001 (-1.4663) Dihedral: 0.0138 (-1.1328) Anchor: 0.0000 (+0.0000) Morse: 0.0000 (+0.0000) 
max(dx) 0.001940 (new) 0.008852 (old) 0.219183[0m (ratio)
Cnvgd (fev=18) : LSq: 0.4048 (-58.0212) Distance: 0.3906 (-54.9290) Angle: 0.0001 (-1.8383) Dihedral: 0.0141 (-1.2539) Anchor: 0.0000 (+0.0000) Morse: 0.0000 (+0.0000) 
max(dx) 0.001867 (new) 0.008050 (old) 0.231938[0m (ratio)
Cnvgd (fev=18) : LSq: 0.3990 (-58.1223) Distance: 0.3845 (-55.3070) Angle: 0.0001 (-1.4762) Dihedral: 0.0144 (-1.2826) Anchor: 0.0000 (+0.0000) Morse: 0.0000 (-0.0565) 
max(dx) 0.001797 (new) 0.006233 (old) 0.288381[0m (ratio)
Cnvgd (fev=18) : LSq: 0.3930 (-57.3771) Distance: 0.3783 (-54.9288) Angle: 0.0001 (-0.9479) Dihedral: 0.0147 (-1.2375) Anchor: 0.0000 (+0.0000) Morse: 0.0000 (-0.2630) 
max(dx) 0.001732 (new) 0.006738 (old) 0.257033[0m (ratio)
Cnvgd (fev=19) : LSq: 0.3870 (-55.8047) Distance: 0.3720 (-53.4114) Angle: 0.0001 (-0.8061) Dihedral: 0.0149 (-1.2139) Anchor: 0.0000 (+0.0000) Morse: 0.0000 (-0.3733) 
Working on frame 130 / 272 
max(dx) 0.001675 (new) 0.004392 (old) 0.381282[0m (ratio)
Cnvgd (fev=22) : LSq: 0.3808 (-53.1664) Distance: 0.3656 (-50.9782) Angle: 0.0001 (-0.6986) Dihedral: 0.0151 (-1.2911) Anchor: 0.0000 (+0.0000) Morse: 0.0000 (-0.1984) 
max(dx) 0.001625 (new) 0.004918 (old) 0.330423[0m (ratio)
Cnvgd (fev=20) : LSq: 0.3746 (-50.6873) Distance: 0.3593 (-48.6230) Angle: 0.0001 (-0.6076) Dihedral: 0.0153 (-1.3730) Anchor: 0.0000 (+0.0000) Morse: 0.0000 (-0.0836) 
max(dx) 0.001579 (new) 0.005021 (old) 0.314407[0m (ratio)
Cnvgd (fev=19) : LSq: 0.3683 (-48.3687) Distance: 0.3528 (-46.3531) Angle: 0.0000 (-0.5333) Dihedral: 0.0154 (-1.4598) Anchor: 0.0000 (+0.0000) Morse: 0.0000 (-0.0225) 
max(dx) 0.001533 (new) 0.005118 (old) 0.299442[0m (ratio)
Cnvgd (fev=16) : LSq: 0.3619 (-46.1678) Distance: 0.3464 (-44.1414) Angle: 0.0000 (-0.4729) Dihedral: 0.0155 (-1.5518) Anchor: 0.0000 (+0.0000) Morse: 0.0000 (-0.0018) 
max(dx) 0.001488 (new) 0.005210 (old) 0.285586[0m (ratio)
Cnvgd (fev=16) : LSq: 0.3556 (-43.6409) Distance: 0.3399 (-41.5848) Angle: 0.0000 (-0.4043) Dihedral: 0.0156 (-1.6519) Anchor: 0.0000 (+0.0000) Morse: 0.0000 (+0.0000) 
max(dx) 0.001468 (new) 0.005284 (old) 0.277733[0m (ratio)
Cnvgd (fev=16) : LSq: 0.3492 (-40.3172) Distance: 0.3335 (-38.3204) Angle: 0.0000 (-0.3134) Dihedral: 0.0156 (-1.6835) Anchor: 0.0000 (+0.0000) Morse: 0.0000 (+0.0000) 
max(dx) 0.001512 (new) 0.007254 (old) 0.208504[0m (ratio)
Cnvgd (fev=17) : LSq: 0.3428 (-37.4799) Distance: 0.3271 (-35.2214) Angle: 0.0000 (-0.5508) Dihedral: 0.0157 (-1.7076) Anchor: 0.0000 (+0.0000) Morse: 0.0000 (+0.0000) 
max(dx) 0.001556 (new) 0.008231 (old) 0.189017[0m (ratio)
Cnvgd (fev=18) : LSq: 0.3364 (-35.1849) Distance: 0.3207 (-32.3913) Angle: 0.0000 (-1.0610) Dihedral: 0.0157 (-1.7326) Anchor: 0.0000 (+0.0000) Morse: 0.0000 (+0.0000) 
max(dx) 0.001598 (new) 0.008299 (old) 0.192571[0m (ratio)
Cnvgd (fev=17) : LSq: 0.3301 (-33.3793) Distance: 0.3143 (-29.8393) Angle: 0.0000 (-1.7807) Dihedral: 0.0158 (-1.7593) Anchor: 0.0000 (+0.0000) Morse: 0.0000 (+0.0000) 
max(dx) 0.001639 (new) 0.008354 (old) 0.196224[0m (ratio)
Cnvgd (fev=17) : LSq: 0.3238 (-31.4698) Distance: 0.3080 (-27.1977) Angle: 0.0000 (-2.4166) Dihedral: 0.0159 (-1.8555) Anchor: 0.0000 (+0.0000) Morse: 0.0000 (+0.0000) 
Working on frame 140 / 272 
max(dx) 0.001687 (new) 0.007543 (old) 0.223673[0m (ratio)
Cnvgd (fev=16) : LSq: 0.3177 (-30.4802) Distance: 0.3017 (-25.9370) Angle: 0.0000 (-2.5556) Dihedral: 0.0160 (-1.9875) Anchor: 0.0000 (+0.0000) Morse: 0.0000 (+0.0000) 
max(dx) 0.001732 (new) 0.005274 (old) 0.328455[0m (ratio)
Cnvgd (fev=14) : LSq: 0.3117 (-29.5578) Distance: 0.2955 (-24.7252) Angle: 0.0000 (-2.6997) Dihedral: 0.0162 (-2.1329) Anchor: 0.0000 (+0.0000) Morse: 0.0000 (+0.0000) 
max(dx) 0.001775 (new) 0.005294 (old) 0.335359[0m (ratio)
Cnvgd (fev=14) : LSq: 0.3059 (-28.7088) Distance: 0.2894 (-23.5678) Angle: 0.0000 (-2.8487) Dihedral: 0.0165 (-2.2924) Anchor: 0.0000 (+0.0000) Morse: 0.0000 (+0.0000) 
max(dx) 0.001816 (new) 0.005316 (old) 0.341707[0m (ratio)
Cnvgd (fev=14) : LSq: 0.3003 (-27.9391) Distance: 0.2833 (-22.4697) Angle: 0.0000 (-3.0025) Dihedral: 0.0170 (-2.4669) Anchor: 0.0000 (+0.0000) Morse: 0.0000 (+0.0000) 
max(dx) 0.001855 (new) 0.005339 (old) 0.347417[0m (ratio)
Cnvgd (fev=13) : LSq: 0.2949 (-27.2541) Distance: 0.2774 (-21.4357) Angle: 0.0000 (-3.1610) Dihedral: 0.0176 (-2.6574) Anchor: 0.0000 (+0.0000) Morse: 0.0000 (+0.0000) 
max(dx) 0.001890 (new) 0.005363 (old) 0.352399[0m (ratio)
Cnvgd (fev=13) : LSq: 0.2899 (-26.0098) Distance: 0.2716 (-19.5886) Angle: 0.0000 (-3.5280) Dihedral: 0.0183 (-2.8932) Anchor: 0.0000 (+0.0000) Morse: 0.0000 (+0.0000) 
max(dx) 0.001920 (new) 0.006715 (old) 0.285951[0m (ratio)
Cnvgd (fev=12) : LSq: 0.2853 (-24.2469) Distance: 0.2659 (-16.8479) Angle: 0.0000 (-4.2616) Dihedral: 0.0194 (-3.1374) Anchor: 0.0000 (+0.0000) Morse: 0.0000 (+0.0000) 
max(dx) 0.001942 (new) 0.007760 (old) 0.250314[0m (ratio)
Cnvgd (fev=12) : LSq: 0.2811 (-22.8144) Distance: 0.2604 (-14.3761) Angle: 0.0000 (-5.0522) Dihedral: 0.0207 (-3.3861) Anchor: 0.0000 (+0.0000) Morse: 0.0000 (+0.0000) 
max(dx) 0.001954 (new) 0.007793 (old) 0.250777[0m (ratio)
Cnvgd (fev=12) : LSq: 0.2773 (-21.7405) Distance: 0.2550 (-12.2338) Angle: 0.0001 (-5.8647) Dihedral: 0.0223 (-3.6420) Anchor: 0.0000 (+0.0000) Morse: 0.0000 (+0.0000) 
max(dx) 0.001953 (new) 0.007789 (old) 0.250708[0m (ratio)
Cnvgd (fev=12) : LSq: 0.2741 (-21.0727) Distance: 0.2498 (-10.5500) Angle: 0.0001 (-6.6467) Dihedral: 0.0243 (-3.8760) Anchor: 0.0000 (+0.0000) Morse: 0.0000 (+0.0000) 
Working on frame 150 / 272 
max(dx) 0.001938 (new) 0.007550 (old) 0.256745[0m (ratio)
Cnvgd (fev=12) : LSq: 0.2714 (-20.9200) Distance: 0.2448 (-10.2179) Angle: 0.0001 (-7.0445) Dihedral: 0.0266 (-3.6576) Anchor: 0.0000 (+0.0000) Morse: 0.0000 (+0.0000) 
max(dx) 0.001943 (new) 0.008171 (old) 0.237842[0m (ratio)
Cnvgd (fev=12) : LSq: 0.2693 (-20.3403) Distance: 0.2400 (-10.0879) Angle: 0.0001 (-7.3053) Dihedral: 0.0292 (-2.9471) Anchor: 0.0000 (+0.0000) Morse: 0.0000 (+0.0000) 
max(dx) 0.001950 (new) 0.008294 (old) 0.235137[0m (ratio)
Cnvgd (fev=29) : LSq: 11.4331 (-7.5601) Distance: 9.0410 (-1.1841) Angle: 2.0276 (-5.4466) Dihedral: 0.3645 (-0.9294) Anchor: 0.0000 (+0.0000) Morse: 0.0000 (+0.0000) 
jump 9.178982 max(dx) 0.076140, trying anchor = 0.017342 Cnvgd (fev=38) : LSq: nan (+nan) Distance: nan (+nan) Angle: nan (+nan) Dihedral: nan (+nan) Anchor: nan (+nan) Morse: nan (+nan) 
Interpolator failed due to error - copying input to output instead.
